0 6 2.810000 24.815220 4.200000 20.000000
50 7 2.841243 24.992141 4.406681 166.045161
100 6 2.432521 24.644390 4.364587 189.945799
150 6 2.161497 24.779645 4.365118 185.310414
200 4 2.166448 25.339757 4.488069 230.475837
250 5 1.969262 25.298028 4.671080 193.392708
300 3 1.914115 25.339622 4.863923 250.038678
350 4 1.700718 25.439637 5.016703 215.342041
400 3 1.664605 25.198099 5.026044 222.291107
450 4 1.598366 24.562174 4.825313 196.149061
500 4 1.569799 25.103910 4.860253 169.770388
550 4 1.599401 25.060719 4.848847 226.228799
600 4 1.651607 25.639817 4.885782 200.771652
650 7 1.533028 24.884151 4.422245 185.120289
700 6 1.599427 26.659694 4.361820 199.269021
750 6 1.640799 27.492548 4.314789 183.642966
800 5 1.532091 26.947937 4.553466 198.715776
850 6 1.222434 27.711250 4.745988 177.336806
900 7 1.070667 28.262294 4.486305 214.027738
950 10 1.161935 27.693190 4.470872 190.054413
1000 8 1.055224 27.506041 4.560215 179.237003
1050 6 1.175746 28.045382 4.581307 251.155492
1100 5 1.840789 24.881622 4.777959 149.113344
1150 4 2.092291 26.880046 4.693357 250.897028
1200 5 1.560881 25.385587 4.664143 254.894012
1250 7 0.893736 25.711949 4.632804 284.969023
1300 7 1.357705 25.582483 4.809633 184.722189
1350 3 1.689375 26.711475 4.577425 252.603534
1400 6 1.733497 25.201751 4.569767 210.594744
1450 6 1.444177 25.453852 4.260854 240.107440
1500 5 1.405682 26.204966 4.597220 267.630150
1550 6 1.641881 26.218348 4.713969 201.113020
1600 2 1.110657 25.913699 5.083584 212.838667
1650 7 1.247728 25.732375 4.577771 265.075158
1700 5 0.975500 26.584003 5.058005 143.762105
1750 2 1.004065 26.478649 5.332112 208.234297
1800 3 0.880266 26.244362 5.601332 192.893302
1850 4 1.197768 26.870142 5.781837 106.116307
1900 2 1.194204 25.903530 5.527966 183.112344
1950 3 1.185782 26.349667 5.418810 235.612990
2000 2 1.102008 24.040477 5.422013 243.477030
2050 4 1.156803 26.188596 5.128059 214.206402
2100 5 1.210708 25.313434 5.242968 200.161035
2150 3 1.337720 23.968776 5.243550 192.756324
2200 2 1.357820 23.943036 4.946897 197.487615
2250 4 1.473926 23.853240 4.669451 206.355521
2300 5 1.478949 24.435341 4.684247 192.358784
2350 3 1.518716 24.475734 4.691498 187.468326
2400 7 1.385877 23.891257 4.366048 194.059976
2450 6 1.540056 23.975484 4.307259 207.178470
2500 7 1.461919 23.504018 4.244758 215.945391
2550 4 1.385593 24.539543 4.464370 225.233726
2600 4 1.420739 23.680455 4.742392 202.194868
2650 6 1.383979 24.998054 4.733460 183.220211
2700 3 1.473565 24.785098 5.202716 146.990801
2750 2 1.002641 27.213409 5.235134 240.945711
2800 3 0.959171 26.791809 5.269772 235.375363
2850 4 1.177324 27.878237 5.046765 209.829431
2900 5 1.330609 26.003201 5.001803 146.283050
2950 4 1.164868 24.950491 5.292224 268.858336
3000 4 1.334589 25.136795 5.508825 261.848685
3050 3 1.418896 24.813321 5.201944 255.086312
3100 3 1.113849 23.339422 5.429249 178.813827
3150 4 0.952750 25.327573 5.431843 141.573951
3200 1 1.098914 22.913470 5.227677 219.457225
3250 4 0.941374 24.084184 5.077344 203.267209
3300 3 0.948438 25.225386 5.433353 204.858240
3350 7 1.070974 25.320188 5.303701 227.130232
3400 7 0.963675 22.880371 5.104501 197.521091
3450 6 1.173228 20.562723 5.312808 180.154943
3500 4 0.924746 22.785541 5.427685 182.589947
3550 5 0.784620 22.433677 5.066412 207.058452
3600 5 0.907583 21.459762 5.177978 206.104763
3650 4 0.995806 24.880431 5.809243 199.137927
3700 4 0.750597 24.546010 5.192012 196.168528
3750 7 0.667784 25.421853 5.081886 162.024701
3800 9 0.789617 24.202668 5.192316 177.070769
3850 6 0.791363 19.645012 5.078271 234.379802
3900 4 0.472464 21.953096 5.133020 217.354804
3950 2 0.677775 23.242520 5.619504 175.623065
4000 2 0.494610 28.904639 5.657495 219.519965
4050 4 0.519247 30.351805 5.634850 199.767729
4100 1 0.535602 19.763317 5.513799 242.237577
4150 5 0.826626 27.240496 5.298977 209.227893
4200 2 0.753293 23.342273 5.422758 202.467651
4250 2 0.903338 17.186094 5.581196 204.765590
4300 2 0.804566 18.167325 5.633936 205.000215
4350 2 0.881914 16.433472 5.586631 202.594870
4400 3 0.917303 23.906064 5.347471 206.344001
4450 2 0.974230 21.861606 5.217889 197.035971
4500 1 0.862171 21.980174 5.381153 199.707931
4550 4 0.811017 23.639116 5.292182 200.002375
4600 3 0.707265 25.924515 5.457766 219.062341
4650 3 0.818166 23.144128 5.679918 205.815167
4700 2 0.725400 22.840130 5.606224 233.529655
4750 2 0.739130 24.421516 5.525282 209.376911
4800 2 0.762021 22.241503 5.687566 200.131370
4850 5 0.750519 21.663365 5.316661 195.201508
4900 4 0.771130 23.461728 5.302389 197.538141
4950 5 0.663982 24.134607 5.060505 193.692454
5000 5 0.791928 23.515455 5.586091 195.024844
5050 4 0.766121 25.532875 5.688810 212.448518
5100 8 0.484525 27.263195 5.531387 193.077776
5150 4 0.314874 26.644340 5.458488 161.087226
5200 10 0.278496 28.382062 5.407069 189.322839
5250 5 0.470003 29.564121 5.351467 295.138856
5300 5 0.358963 29.793179 5.734373 233.802045
5350 5 0.193683 30.939328 5.769207 188.416470
5400 6 0.310978 30.904449 5.758044 178.542590
5450 4 0.187876 29.745497 5.582289 213.949405
5500 8 0.057199 31.910905 5.317036 212.913223
5550 5 0.043652 31.595820 5.664044 232.521115
5600 7 0.051066 31.861250 5.210877 205.939939
5650 3 0.043047 30.328354 5.835651 305.116696
5700 5 0.226388 30.040596 5.438083 299.679562
5750 6 0.239299 29.258272 5.624070 124.026967
5800 5 0.257182 27.951946 5.843059 190.106412
5850 3 0.034780 31.050482 5.586847 195.720096
5900 9 0.292189 31.987358 5.585507 173.425276
5950 8 0.109666 31.888795 5.559369 173.376369
6000 8 0.888184 32.949849 4.682380 196.971898
6050 9 1.027648 32.776255 4.843058 260.358782
6100 5 1.189313 35.609148 4.884236 233.074502
6150 6 1.205052 35.933949 4.210921 280.289271
6200 8 0.962972 35.231525 4.259403 254.805217
6250 8 1.258709 35.392083 4.343380 201.689202
6300 7 1.216689 36.236184 4.717621 223.468500
6350 8 1.088074 36.484980 4.558224 233.053693
6400 9 1.053595 38.074237 4.288851 236.525897
6450 13 1.136744 37.803121 4.392254 142.739325
6500 8 1.135750 36.776184 4.482641 189.030016
6550 6 0.992384 37.039984 4.997158 218.683456
6600 4 0.900681 38.654540 5.202493 174.773036
6650 5 0.900052 38.610904 5.259873 182.728786
6700 2 0.835905 36.503740 5.495526 213.972178
6750 6 0.577371 38.163452 5.222850 197.874729
6800 6 0.512095 39.199611 5.318793 215.875843
6850 4 0.654556 39.827833 5.359494 225.271347
6900 9 0.796055 38.400967 4.472958 302.220486
6950 6 0.695965 39.761361 5.295916 223.509959
7000 5 1.217520 37.805389 5.107148 214.051297
7050 6 1.163071 35.167682 5.003446 209.145584
7100 5 1.120494 34.188682 5.072252 260.910902
7150 5 0.883080 33.499617 5.380082 268.646398
7200 10 0.814838 35.844737 4.642206 125.040549
7250 5 1.033756 35.695947 5.051105 203.093801
7300 3 1.358498 35.069375 4.964087 182.261824
7350 2 1.157995 35.909008 5.532000 206.196437
7400 2 1.538427 35.986120 5.320915 198.600027
7450 4 1.349097 33.967470 5.181154 248.759073
7500 2 1.428853 34.740863 5.122143 188.957906
7550 3 1.203003 37.420532 5.427303 228.797571
7600 2 0.866400 35.675747 5.609136 116.904620
7650 5 1.048553 38.280644 5.450969 196.107310
7700 7 0.881197 39.170996 5.061641 160.561677
7750 12 0.592992 38.700090 4.385586 268.163556
7800 11 0.680384 38.530983 5.033354 203.016471
7850 12 0.775388 38.015116 4.857762 168.426816
7900 10 1.058503 37.449609 4.993551 172.111293
7950 4 0.950677 37.735312 5.193764 174.470283
8000 4 0.869412 38.710358 5.353423 236.530665
8050 8 1.004044 37.207227 4.701223 180.849839
8100 6 0.727596 38.418605 5.451868 164.969749
8150 4 0.807916 40.406359 5.634095 180.555580
8200 7 0.833463 39.654468 5.507689 184.541101
8250 9 0.458859 38.696309 5.227629 190.492233
8300 10 0.477360 37.769255 5.564821 176.012163
8350 9 0.208791 39.903000 5.566327 187.151765
8400 4 0.414081 38.582053 5.560288 200.969078
8450 4 0.231833 43.056928 5.370254 261.240723
8500 4 0.567563 43.136162 5.541135 233.385438
8550 7 0.269364 44.091255 5.616888 205.147085
8600 8 0.114710 45.106467 5.306712 278.584688
8650 14 0.348557 44.957671 4.881680 179.659983
8700 7 0.345493 45.961026 5.231713 198.857919
8750 8 0.182359 44.315824 5.454546 198.544109
8800 4 0.501529 44.054445 5.383045 211.925902
8850 3 0.382079 44.086836 5.501709 191.668805
8900 6 0.729243 48.925013 5.253051 211.508603
8950 6 0.672091 48.200434 5.235295 184.981667
9000 7 0.589483 46.283845 5.553163 236.356473
9050 5 0.508210 47.175209 5.380596 220.475738
9100 8 0.613242 49.857729 4.983946 193.446731
9150 1 0.649656 49.249549 5.825619 197.353478
9200 8 0.599166 48.865707 5.498153 204.897562
9250 5 0.398704 48.416666 5.247064 215.855075
9300 6 0.495961 48.341012 5.520055 223.595160
9350 4 0.491320 46.979987 5.081341 219.880207
9400 3 0.573241 47.516346 5.615757 202.258220
9450 3 0.486750 45.513786 5.527263 138.511547
9500 2 0.755222 46.878411 5.283513 193.157511
9550 5 0.466067 47.264741 5.138767 226.596330
9600 3 0.266005 44.802948 5.340503 225.050997
9650 8 0.270879 47.158327 5.406240 223.427596
9700 6 0.262010 45.843963 5.292691 187.571309
9750 8 0.228561 45.584120 5.375783 254.756871
9800 12 0.290741 45.856387 5.028657 223.565668
9850 9 0.701913 44.726039 5.117693 139.040809
9900 6 0.591160 44.599006 5.142784 187.728491
9950 11 0.351446 44.507378 5.070563 220.523521
10000 7 0.470672 45.481575 5.039521 224.031074
10050 3 0.188051 44.835688 5.784103 196.632442
10100 4 0.728372 45.981857 5.315910 206.813459
10150 2 0.892474 46.072679 5.563606 201.392419
10200 4 1.221547 44.872287 5.373759 171.352046
10250 6 0.948396 44.402391 5.217262 186.408527
10300 2 0.806112 44.564178 5.317973 204.484356
10350 7 0.752166 45.359104 4.874602 208.355618
10400 13 0.620359 44.839842 4.977113 176.681325
10450 11 0.911197 43.531927 4.769561 183.667242
10500 6 1.069856 41.437110 5.095909 196.073988
10550 3 0.733220 42.840691 5.861960 185.463962
10600 5 0.540927 44.649686 5.322915 190.533701
10650 7 0.703977 43.397433 5.142206 180.403335
10700 7 0.905706 41.252913 4.879512 225.436963
10750 5 0.657411 41.539442 5.348248 264.677774
10800 11 0.468732 42.277664 5.443653 224.930631
10850 11 0.400874 43.808211 5.315595 225.358951
10900 13 0.257698 42.777635 5.261495 205.368458
10950 2 0.435232 43.085435 5.688893 215.093651
11000 3 0.592277 42.616280 5.530938 284.666300
11050 10 0.465386 45.390453 5.044718 208.586011
11100 10 0.214086 46.783080 5.618287 239.777952
11150 11 0.058091 45.425317 5.484272 170.615584
11200 6 0.486212 45.489028 5.701478 226.582958
11250 13 0.575552 45.829908 4.944627 160.225370
11300 6 0.690470 48.618932 5.106027 158.539478
11350 14 0.611046 47.398109 4.585658 207.591385
11400 4 0.634716 45.838589 5.116584 196.630494
11450 2 0.464568 45.537159 5.709401 201.407003
11500 4 0.437685 45.963612 5.547152 238.086720
11550 5 0.509811 44.900832 5.728127 234.495103
11600 9 0.492212 43.351968 5.432899 160.759310
11650 10 0.573835 44.450195 5.002729 233.858584
11700 7 0.354476 41.584736 5.753139 214.690969
11750 11 0.547872 42.108055 5.082243 197.972939
11800 10 0.617618 38.832673 5.023011 222.520905
11850 10 0.222500 39.635443 5.431489 175.612219
11900 9 0.362176 36.732087 5.205233 196.224214
11950 9 0.537378 39.428811 5.616518 193.411780
12000 7 0.132852 42.458456 5.474532 184.882048
12050 10 0.084925 41.158251 5.859933 225.170444
12100 5 0.410048 39.509970 5.502329 196.130767
12150 11 0.308270 38.567116 5.603574 234.083666
12200 15 0.056858 42.520278 5.622457 219.728466
12250 10 0.281907 40.243362 5.518915 291.970401
12300 5 0.627267 43.573358 5.802882 213.408136
12350 8 0.555497 40.509361 5.137613 237.905982
12400 10 0.488303 40.610995 4.967087 198.762138
12450 12 0.615753 43.691654 5.163189 119.810075
12500 14 0.669462 40.626173 4.653700 188.223068
12550 14 0.516270 39.609824 4.769928 230.831468
12600 13 0.424470 41.955686 4.949415 223.553838
12650 13 0.170506 40.942395 5.371156 143.708659
12700 13 0.259880 39.370616 5.168750 226.929994
12750 5 0.667905 36.031349 5.119013 182.490789
12800 8 0.595507 41.855585 5.066470 192.141786
12850 12 0.750393 39.331576 4.993350 197.860957
12900 8 0.619658 38.806817 5.242227 204.367027
12950 10 0.794336 41.903645 4.733005 202.167454
13000 8 0.927567 39.592755 4.879228 208.039167
13050 14 1.015392 41.965656 4.180371 229.407556
13100 4 1.197380 40.502087 5.321802 210.742971
13150 3 1.234902 40.700738 4.967895 246.301280
13200 7 1.008493 42.536200 4.772454 281.663265
13250 6 0.939857 42.753435 5.151164 184.657440
13300 5 1.047988 43.936867 5.115005 298.408208
13350 4 0.626749 41.415588 5.565732 236.576092
13400 3 0.461012 42.726041 5.663413 200.412273
13450 3 0.446822 42.480946 5.478765 196.304458
13500 3 0.671993 42.485456 5.363959 211.965798
13550 8 0.454059 42.057578 5.363959 211.965798
13600 5 0.181511 44.608370 5.363959 211.965798
13650 5 0.413913 46.079107 5.363959 211.965798
13700 5 0.511180 44.610893 5.363959 211.965798
13750 3 0.901351 39.758199 5.334241 207.284983
13800 9 0.333287 41.612733 5.732187 205.622868
13850 5 0.332408 42.094845 5.481022 193.952895
13900 8 0.149136 40.314535 5.333101 176.257380
13950 3 0.183161 38.341242 5.698618 167.565559
14000 13 0.423922 36.594468 5.186110 225.732513
14050 6 0.472269 37.535601 5.186348 238.684185
14100 5 0.441013 37.976498 5.332060 208.165695
14150 8 0.200171 42.267119 5.462816 197.544472
14200 7 0.404950 42.363015 5.519668 196.422984
14250 5 0.090065 43.338077 5.681570 210.750971
14300 2 0.171687 44.693297 5.736401 218.111446
14350 2 0.364495 43.278987 5.748288 194.539419
14400 4 0.028037 48.357583 5.607550 190.370472
14450 7 0.184053 45.446060 5.036100 204.396383
14500 7 0.424500 42.679647 5.374354 252.948079
14550 3 0.471719 40.190151 5.344514 233.578005
14600 7 0.580372 43.336341 5.318573 214.717191
14650 5 0.453372 43.316404 5.247090 183.911374
14700 8 0.496689 43.680394 5.061977 172.970455
14750 5 0.528961 42.022967 5.599204 184.662758
14800 10 0.412585 41.990592 5.418995 205.178643
14850 11 0.271972 41.475527 5.492195 207.748344
14900 6 0.255313 45.307449 5.586316 204.273428
14950 10 0.137203 43.639225 5.385882 206.877358
15000 11 0.105597 38.591125 5.385882 206.877358
15050 4 0.217870 42.054774 5.667921 213.330561
15100 8 0.221707 39.661238 5.457565 215.366841
15150 10 0.073105 41.661067 5.541831 195.799764
15200 5 0.338847 36.930755 5.452014 186.090218
15250 2 0.362330 37.160664 5.639257 216.719762
15300 5 0.020958 39.851327 5.400289 184.702321
15350 4 0.360283 39.164714 5.429016 196.260484
15400 8 0.247922 39.116889 5.473853 216.855356
15450 15 0.271591 38.486264 5.141028 204.806185
15500 7 0.320077 37.964725 5.289503 228.578712
15550 5 0.473985 39.754375 5.621442 184.084361
15600 3 0.025687 34.732875 5.509135 201.719182
15650 5 0.360619 37.813852 5.825789 200.666906
15700 4 0.322062 35.058771 5.384598 173.746162
15750 1 0.217775 32.051958 5.685717 114.609078
15800 5 0.311055 34.955931 5.760735 250.742068
15850 4 0.429828 36.842962 5.621047 182.724351
15900 11 0.410297 34.111190 5.555047 260.624507
15950 4 0.812349 35.367385 5.379590 221.680576
16000 9 0.512365 36.056819 5.066730 189.977005
16050 7 0.493256 34.869155 4.950201 208.914190
16100 2 0.721658 34.869890 5.765892 119.614208
16150 4 0.547514 35.182984 5.674470 193.871529
16200 6 0.452418 31.904052 5.622065 177.952725
16250 9 0.555112 30.782208 5.351722 179.578459
16300 3 0.527954 32.472676 5.618788 197.043570
16350 10 0.515704 35.901005 5.386490 195.170319
16400 3 0.129794 33.121878 5.577742 199.751678
16450 1 0.201065 35.416889 5.799363 205.418418
16500 2 0.222814 33.305720 5.780184 201.853957
16550 3 0.291232 32.607616 5.982692 212.891439
16600 6 0.416574 33.694043 5.855490 215.389080
16650 3 0.420409 33.507370 5.949040 212.305699
16700 5 0.113719 35.139211 5.949040 212.305699
16750 2 0.466535 31.684016 6.151702 212.538991
16800 2 0.521903 33.207264 5.914119 213.699083
16850 6 0.336185 28.926401 5.914119 213.699083
16900 7 0.224941 27.145485 5.914119 213.699083
16950 4 0.324095 25.872541 6.023801 213.991527
17000 6 0.639551 31.503941 6.023801 213.991527
17050 2 0.344156 32.419887 6.176112 213.427399
17100 2 0.500746 27.748708 6.176112 213.427399
17150 5 0.499514 32.858713 6.176112 213.427399
17200 4 0.550227 29.991056 6.302433 213.900141
17250 3 0.599971 25.763029 5.926284 211.774476
17300 3 0.880569 25.159973 5.392103 214.267055
17350 4 0.766237 24.910921 5.468399 211.976892
17400 5 0.721252 19.968617 5.468399 211.976892
17450 2 0.536002 19.450835 5.418873 181.550269
17500 5 0.511937 21.735728 5.511414 261.077560
17550 13 0.356217 23.061742 5.183891 216.845984
17600 14 0.449144 25.210708 5.129171 207.133794
17650 5 0.953391 26.647387 4.970720 205.304962
17700 8 0.629464 26.339407 5.529879 185.144083
17750 3 0.804812 22.707469 5.228082 214.840172
17800 4 0.887261 22.325139 5.247738 176.749336
17850 6 0.560947 22.626760 5.671228 223.511448
17900 6 0.634542 21.981793 5.165244 197.586936
17950 2 0.601511 22.246180 5.524650 248.545173
18000 9 0.275882 24.574464 5.591070 193.565190
18050 5 0.169167 24.578156 5.321970 251.772342
18100 11 0.538280 23.845114 4.841640 253.458565
18150 9 0.640192 25.872156 4.949101 253.246699
18200 8 0.733182 22.278523 5.139078 198.209118
18250 5 0.898616 19.688405 5.124313 232.573760
18300 4 0.992998 18.065622 5.272379 176.308685
18350 4 1.186657 22.463343 4.943432 233.746745
18400 3 0.918330 25.536210 6.136675 173.694749
18450 4 0.607145 23.157274 5.752059 125.453608
18500 9 0.652786 25.955771 4.897941 235.670406
18550 4 0.756836 28.158669 5.424610 195.611981
18600 4 0.581547 29.181929 5.301907 227.196468
18650 2 0.533129 25.458698 5.364217 245.901611
18700 3 0.530247 24.475225 5.489675 278.600549
18750 3 0.811278 26.955674 5.467784 244.798618
18800 8 0.776982 28.474767 4.943904 175.369362
18850 6 0.745365 24.721138 5.338922 185.226283
18900 3 0.694652 24.011907 5.503268 211.840812
18950 6 0.656610 26.237362 5.126809 248.303194
19000 5 0.407089 24.273125 5.196677 272.799262
19050 9 0.423616 24.950305 5.380986 144.167006
19100 7 0.338781 22.597817 5.565936 206.227229
19150 4 0.333889 26.302606 5.481486 194.901220
19200 8 0.136643 23.687414 5.348816 208.703175
19250 2 0.430389 25.608489 5.929866 204.308157
19300 5 0.589278 23.906930 5.680485 193.959123
19350 4 0.501209 23.465324 5.680485 193.959123
19400 7 0.001127 22.547716 5.577128 193.997881
19450 6 1.040991 22.344220 5.041911 205.192573
19500 6 1.068207 23.190534 4.904788 184.937976
19550 4 0.922961 20.994412 5.093638 231.590664
19600 5 0.686564 23.419641 5.306030 164.809977
19650 8 0.453294 24.838171 5.160275 220.063694
19700 5 0.689434 23.972671 5.313584 205.287825
19750 6 0.503736 24.502899 5.549517 185.742874
19800 9 0.195794 19.379290 5.581084 227.244308
19850 14 0.347465 24.182859 5.393450 205.085092
19900 8 0.205844 23.454862 5.921885 253.303717
19950 14 0.101509 25.377661 5.401071 181.497765
20000 4 0.175640 29.225726 6.151694 220.493159
20050 18 0.182642 28.145470 5.399182 208.216376
20100 14 0.019909 25.930798 5.578804 195.734125
20150 7 0.455048 29.497811 5.244003 227.937350
20200 3 0.457052 27.616719 5.346850 191.069334
20250 5 0.753828 25.960073 5.660184 147.511378
20300 5 0.708161 22.245796 5.287053 231.047324
20350 4 0.582415 24.607861 5.589889 228.442994
20400 3 0.662394 24.288199 6.151430 214.819063
20450 1 0.549239 24.974505 5.835236 200.254233
20500 4 0.596703 21.405829 5.547047 217.940679
20550 5 0.640487 20.821124 5.885697 199.598850
20600 1 0.670476 26.547568 5.716211 200.844027
20650 5 0.495137 26.824898 5.636029 214.048586
20700 4 0.507077 26.336962 5.371781 205.578765
20750 7 0.524833 24.809239 5.320550 218.025580
20800 6 0.595366 27.124821 5.802151 195.708213
20850 6 0.489429 25.996029 5.244044 222.165405
20900 3 0.469771 25.543007 5.709335 362.081989
20950 6 0.452865 22.846785 5.513527 231.273697
21000 7 0.501641 25.628428 5.358370 195.779578
21050 5 0.729995 20.196853 5.233146 217.696573
21100 4 0.842947 23.865186 5.707911 226.580707
21150 5 0.525162 17.460627 5.613020 231.699250
21200 4 0.655642 19.534003 5.097064 210.656353
21250 3 0.630976 18.599412 5.024376 188.415771
21300 4 0.650162 19.007231 5.532912 245.208102
21350 2 0.572778 17.818429 5.752669 190.176014
21400 4 0.662311 21.196128 5.386949 183.251530
21450 5 0.589308 20.190047 5.051956 237.275445
21500 6 0.595761 19.289394 4.887409 220.094885
21550 3 0.646134 17.525523 5.593173 260.790512
21600 3 0.679053 16.733672 5.214702 184.200828
21650 2 0.596691 17.035783 5.413425 235.456453
21700 5 0.736291 19.206278 5.246873 239.392302
21750 3 0.633465 17.847674 5.618356 247.584256
21800 2 0.432191 13.592164 5.497445 211.951062
21850 3 0.535658 12.713760 5.349617 211.841712
21900 1 0.365901 12.212866 5.626478 200.411031
21950 1 0.655112 17.390736 5.106816 219.757987
22000 5 0.765454 13.955374 5.164016 216.443453
22050 5 0.696258 14.657778 5.680769 208.481968
22100 6 0.656508 14.188043 5.545582 222.454756
22150 4 0.599161 12.146623 5.452393 174.376945
22200 4 0.573484 9.439305 5.388651 237.268860
22250 4 0.547377 10.731726 5.608764 154.588876
22300 4 0.610336 8.805922 5.364139 155.300329
22350 4 0.458889 9.963519 5.501837 187.526332
22400 3 0.382519 9.660878 5.901576 199.236592
22450 3 0.569488 10.038288 5.301451 235.423315
22500 1 0.589762 14.153333 5.611821 228.826718
22550 7 0.542543 15.502842 5.178805 191.337599
22600 5 0.492958 14.927398 5.361748 205.428779
22650 6 0.761270 12.480275 5.295024 180.551562
22700 4 0.637212 14.418740 5.546329 192.696720
22750 5 0.525514 15.972207 5.237481 195.158394
22800 5 0.482179 14.340272 5.348830 198.537231
22850 2 0.565103 12.723146 5.539171 184.213055
22900 3 0.493510 12.942366 5.665910 189.233957
22950 1 0.441025 14.254688 5.562961 189.464286
23000 2 0.713366 12.875183 5.572948 226.658743
23050 3 0.729322 14.187362 5.469234 204.501624
23100 5 0.635529 11.628510 5.345279 272.120636
23150 1 0.739202 17.050634 5.770381 197.092439
23200 9 0.669576 12.254373 5.420040 205.213307
23250 4 0.728608 11.753791 5.123896 111.805511
23300 7 0.655816 13.927550 4.923325 229.093833
23350 7 0.627067 17.615622 5.116299 190.765597
23400 5 0.647821 19.433674 5.127851 226.822110
23450 5 0.794680 19.993189 5.226825 218.620648
23500 4 0.810821 19.304771 5.516031 168.455178
23550 6 1.316987 20.618746 4.940673 184.687596
23600 3 1.171008 19.759912 5.508529 194.326952
23650 5 0.876770 16.561403 5.509340 202.223773
23700 1 0.382301 16.184131 5.821600 184.933916
23750 2 0.342857 18.590161 5.776939 186.691433
23800 2 0.386106 18.814231 5.721231 207.477448
23850 6 0.511020 19.614754 5.664487 233.698759
23900 4 0.406288 16.900649 5.706263 246.489203
23950 3 0.323247 17.418184 5.694082 213.488422
24000 3 0.455165 20.972699 5.533296 214.493367
24050 2 0.278924 16.347141 5.597805 217.643348
24100 6 0.594292 22.319351 5.202722 213.437025
24150 5 0.522212 22.270167 5.152355 214.443455
24200 4 0.538995 23.743182 5.095090 208.365798
24250 7 0.692739 21.331388 4.770466 259.683079
24300 8 0.722405 22.731103 4.836605 195.638346
24350 7 0.659013 22.218046 5.405204 186.708490
24400 4 0.988791 22.877231 5.010388 159.098415
24450 6 1.583965 20.057802 4.577894 141.906970
24500 5 1.728983 19.314386 4.733122 169.819398
24550 6 1.697832 18.800627 4.431450 223.491778
24600 7 1.318202 18.952441 4.577602 176.244905
24650 5 1.343577 21.323162 4.943330 191.205569
24700 3 1.505661 19.475606 5.383682 181.095608
24750 5 0.871666 16.573027 4.996237 187.955627
24800 5 0.516739 18.727558 5.260347 206.361178
24850 8 0.591334 20.830486 4.845601 203.396514
24900 7 0.541553 19.233019 5.046488 182.110194
24950 3 0.606458 20.034416 5.349471 199.485481
25000 3 0.688655 17.542756 5.299277 224.598493
25050 6 0.579415 13.770035 4.908253 320.343808
25100 4 0.772896 16.279432 5.522534 286.725369
25150 4 0.901921 15.390531 5.748017 247.066940
25200 1 1.300582 19.733053 5.772013 173.603955
25250 4 1.110479 22.258527 5.162608 191.279223
25300 4 0.849126 18.942338 5.366171 213.299315
25350 4 0.742002 16.359415 5.288759 212.820650
25400 3 0.467835 16.906475 5.393087 216.501377
25450 5 0.549443 17.434386 5.614674 193.363784
25500 4 0.432258 20.532101 5.490442 197.353370
25550 2 0.349394 16.897077 5.440194 197.137631
25600 6 0.452111 15.150388 5.797208 184.362745
25650 8 0.366371 17.349559 5.418354 201.635261
25700 2 0.336123 15.854902 5.528653 247.179209
25750 10 0.425779 15.608110 5.079137 174.424381
25800 4 0.619410 16.615358 5.673854 157.151340
25850 7 0.548785 16.417992 5.282983 189.572294
25900 6 0.553933 18.578155 5.238737 213.979614
25950 3 0.358240 17.774741 5.870759 207.754821
26000 6 0.446107 18.490029 5.237830 223.298811
26050 8 0.237718 18.485653 5.312336 211.233886
26100 9 0.497175 18.537741 5.592619 207.669680
26150 10 0.468484 18.059723 5.523910 178.674731
26200 12 0.237733 17.682097 5.395621 150.244549
26250 11 0.421964 17.430234 5.161306 192.981824
26300 5 0.639996 17.555667 5.481963 259.133581
26350 8 0.226640 17.866686 5.587327 223.807318
26400 9 0.531049 21.762845 5.158384 214.339274
26450 4 0.645199 20.777002 5.160870 187.346200
26500 5 0.838900 22.141453 5.474961 137.873990
26550 6 0.842432 21.500825 5.475198 229.930975
26600 10 0.512522 17.160764 5.156662 195.749367
26650 10 0.621608 20.066239 5.132100 197.572364
26700 9 0.501243 19.251259 5.125650 204.500829
26750 17 0.257923 19.203793 5.236588 205.786733
26800 28 0.185070 18.265860 5.018514 254.980601
26850 16 0.353060 18.948714 4.776019 240.170576
26900 22 0.235520 18.539351 4.915362 201.386373
26950 9 0.442995 20.122933 5.357587 234.251871
27000 7 0.595995 19.748282 5.253693 222.362590
27050 11 0.437547 17.509439 5.252363 207.183297
27100 12 0.429320 15.909560 5.344121 295.203324
27150 7 0.233696 17.836511 5.181887 204.730713
27200 10 0.247542 20.814196 6.075934 150.901083
27250 4 0.212705 19.455249 5.680591 252.974605
27300 6 0.259703 19.021953 5.457569 206.845592
27350 8 0.485610 18.456173 5.484753 221.460033
27400 5 0.485541 21.307183 5.489252 223.030145
27450 1 0.475891 18.901740 5.974101 162.430488
27500 2 0.488772 15.533387 5.208710 199.144598
27550 6 0.449222 14.794047 5.002817 211.796367
27600 2 0.475967 16.451597 5.756970 204.904281
27650 5 0.428483 17.727908 5.419798 196.304891
27700 5 0.524879 17.913703 5.287523 243.613139
27750 2 0.547609 17.800111 5.699103 177.181986
27800 4 0.548016 23.089647 5.474715 237.318820
27850 5 0.566411 20.576183 5.400096 190.271337
27900 9 0.675224 24.250828 4.717461 204.195729
27950 6 0.947165 19.950301 5.177470 198.084868
28000 5 0.710272 18.258025 5.223575 214.189679
28050 6 0.706155 18.292638 5.325891 214.039646
28100 6 0.359916 17.508071 5.430361 240.039278
28150 8 0.597609 16.397731 5.275696 186.697521
28200 6 0.130885 17.250616 5.445557 185.424778
28250 8 0.630612 19.748658 5.297176 193.521318
28300 6 0.323660 18.480183 5.733845 205.924203
28350 16 0.197172 18.593025 5.517186 202.891590
28400 6 0.272377 20.886403 5.627878 203.458210
28450 14 0.276334 17.548206 5.614679 203.778677
28500 7 0.443789 24.195909 5.545022 199.678639
28550 8 0.420036 22.221883 5.545022 199.678639
