0 2.853413 25.054307 0.002948 0.001210 0.451926 0.490946 0.492819 4.188754 37.923410 0.501751 10.000000 0.191064
50 2.471348 24.988572 0.032155 0.015065 0.489095 0.413479 0.354347 4.343417 187.160359 0.050781 28.394880 0.175983
100 2.237845 24.668381 0.016413 0.000344 0.642814 0.458479 0.131698 4.368030 186.479602 0.023370 37.191993 0.177004
150 2.201602 24.798847 0.003569 -0.003110 0.824453 0.339326 0.280834 4.369898 201.168024 0.024543 47.281557 0.157014
200 2.135302 25.091743 0.003101 0.001765 1.182079 0.437151 0.100205 4.478041 201.060854 0.038524 42.971936 0.158323
250 1.966958 24.462220 0.003062 -0.001099 1.518729 0.964278 0.101382 4.493660 208.335633 0.061034 40.344317 0.167608
300 1.911202 25.190388 0.002060 -0.000979 1.724272 0.911881 0.157910 4.520843 204.100391 0.227971 48.157501 0.172984
350 1.734601 24.843309 0.001549 0.000806 1.377302 0.829538 0.142903 4.537542 196.234990 0.345703 49.140999 0.177810
400 1.769326 24.630938 0.003598 -0.001008 1.099867 0.659217 0.294503 4.772935 193.659205 0.279602 48.363216 0.185188
450 1.653551 24.826814 0.003078 -0.000205 1.108946 0.482429 0.266798 4.739467 201.999079 0.129650 45.606279 0.169969
500 1.600826 25.181125 0.008747 -0.003159 0.885827 0.280808 0.354880 4.746868 187.043677 0.090361 37.581460 0.175429
550 1.633459 25.100358 0.009965 -0.004696 1.552163 0.514654 0.635535 4.810847 207.031080 0.179808 47.803535 0.176126
600 1.644252 25.679063 0.002908 0.000696 1.483843 0.366385 0.808372 4.765202 205.765019 0.153269 47.360451 0.178307
650 1.523856 25.326755 0.005613 0.000215 1.134362 0.368451 0.910394 4.828624 190.000953 0.258738 30.995543 0.170746
700 1.564810 26.686926 0.006290 -0.003355 1.217306 0.225925 1.044694 4.611632 198.577666 0.277851 16.048724 0.178952
750 1.314251 27.487175 0.047270 -0.018178 1.568080 0.128262 1.166419 4.871942 187.779073 0.622423 14.300842 0.161175
800 1.273216 27.009981 0.132025 0.024215 1.165743 0.109280 1.383024 4.754063 189.323388 0.310555 4.412719 0.171291
850 1.280184 27.586919 0.051101 -0.019412 0.900783 0.176340 1.730879 4.598181 187.012232 0.305833 8.649062 0.164096
900 1.225010 27.889849 0.019910 -0.002931 1.642295 0.155831 1.966665 4.837593 209.832817 0.296376 9.556875 0.162382
950 1.134687 27.487779 0.010760 -0.004471 1.384137 0.144155 2.016420 4.552388 202.462660 0.492135 27.700762 0.160262
1000 1.097167 27.726702 0.003147 -0.001452 0.802418 0.336474 2.063316 4.626174 205.443410 0.391078 21.776082 0.165714
1050 1.066018 28.060278 0.043882 0.008405 1.073817 0.479003 1.444655 4.465887 202.206864 0.598193 24.383235 0.168051
1100 1.157045 27.065228 0.140076 0.051882 1.042259 0.262386 1.272418 4.895155 197.518969 0.561594 34.528194 0.169758
1150 1.157981 27.094645 0.302066 0.041193 1.014267 0.179793 0.985761 4.637550 202.532634 0.326145 28.075471 0.165222
1200 1.134117 25.723412 0.062737 -0.019486 0.946844 0.240132 1.291490 4.733388 209.107074 0.275304 44.381520 0.169226
1250 1.070757 25.245489 0.189043 -0.002268 1.786662 0.340249 1.184062 4.900831 210.526913 0.458695 40.768186 0.171024
1300 1.120374 25.676392 0.149225 0.049905 1.506883 0.484658 1.413103 4.867016 204.560504 0.188962 46.795680 0.172723
1350 1.287393 26.205466 0.137670 0.043001 1.772903 0.386963 1.186436 4.932878 203.476497 0.373381 46.596554 0.173062
1400 1.366214 26.351698 0.180044 0.123755 2.390683 0.305837 1.168867 4.888220 187.861946 0.419253 46.503208 0.185718
1450 1.408576 26.402539 0.002936 0.001681 2.078288 0.277384 1.129988 4.913903 193.051040 0.547565 43.843562 0.175854
1500 1.363381 26.276576 0.005919 0.000432 1.626447 0.332117 1.049757 5.206492 195.713506 0.536917 39.763820 0.160446
1550 1.370048 26.236900 0.029606 -0.014934 1.572281 0.386614 1.079562 4.659845 202.199968 0.523412 48.027573 0.171998
1600 1.250309 26.141848 0.013529 -0.011306 2.374318 0.179052 0.898188 4.909765 196.464800 0.917756 34.005425 0.167293
1650 1.246297 26.305991 0.013785 -0.004626 2.522647 0.135170 1.180520 4.687244 201.013482 0.541648 47.726361 0.177256
1700 1.135459 26.336786 0.011569 0.010410 2.099501 0.129187 0.939177 4.859465 212.510125 0.435068 34.933078 0.169557
1750 1.125331 25.372130 0.018831 0.010203 1.588307 0.187384 0.714623 5.278316 189.907603 0.501054 36.329180 0.171734
1800 1.101865 27.393905 0.029273 0.030961 1.189047 0.125386 0.886382 5.182414 207.758370 0.610776 41.540759 0.173889
1850 1.177575 26.708141 0.004537 0.001562 1.179223 0.197602 0.604264 5.016567 208.648120 0.456293 47.507348 0.167049
1900 1.172572 26.193148 0.034616 0.024746 1.066763 0.429546 0.362635 4.871435 187.773140 0.494032 46.210833 0.162523
1950 1.169569 24.631046 0.001332 0.000874 0.702657 0.330288 0.908883 4.911866 183.556250 0.421297 34.944048 0.162606
2000 1.084688 24.210842 0.001576 0.000133 0.851179 0.468339 0.567372 5.226255 202.930615 0.457170 35.411167 0.182467
2050 1.237779 25.358517 0.002222 -0.003307 0.667850 1.010823 0.423115 4.825821 201.928134 0.489542 29.806803 0.166561
2100 1.262001 24.919864 0.002032 -0.001960 0.513766 0.673915 0.841422 5.080299 187.829238 0.488611 18.464904 0.163659
2150 1.391329 24.561566 0.001823 -0.002047 0.528798 0.444117 0.610141 5.019087 191.046675 0.684825 9.271059 0.177858
2200 1.370061 24.889591 0.001541 -0.000327 0.106581 0.349584 0.483396 5.252722 201.066753 0.443127 3.636443 0.158039
2250 1.388718 24.916067 0.003105 0.000170 0.067194 0.623604 0.211495 4.680313 188.912368 0.670892 12.338400 0.156793
2300 1.452829 24.645650 0.001710 -0.001484 0.134875 0.398683 0.525137 4.946118 196.970929 0.859461 2.864955 0.155430
2350 1.427492 23.622290 0.004285 0.002307 0.382383 0.435721 0.118754 4.955770 197.715214 0.712571 6.769415 0.175781
2400 1.366550 23.751196 0.001172 0.000328 0.271817 0.555567 0.308936 4.940309 196.700455 0.539702 11.860735 0.164528
2450 1.333751 23.832934 0.014512 0.016603 0.104489 0.118111 0.440639 4.914646 196.301346 0.322302 16.137138 0.165947
2500 1.298584 24.772647 0.048967 0.018199 0.385319 0.172447 0.388982 5.059501 209.746633 0.759968 16.929511 0.158847
2550 1.112786 25.201777 0.012778 0.017493 0.700236 0.114218 0.431832 4.908518 195.718757 0.770140 19.477818 0.169764
2600 1.023121 25.150677 0.029223 0.024480 0.960669 0.126158 0.709946 4.376998 197.553363 0.989172 46.069954 0.179967
2650 1.201665 25.450375 0.043598 0.057224 0.657039 0.173454 0.644910 4.703207 219.025507 0.675722 42.384359 0.168060
2700 1.220669 25.716981 0.107253 0.108489 0.845345 0.104413 0.885891 5.024080 201.784008 0.702947 45.349954 0.169720
2750 1.075715 26.228155 0.021666 0.018446 1.213993 0.155563 1.200915 5.363946 194.427912 0.557775 44.346106 0.181236
2800 1.126459 26.984241 0.045030 0.012721 0.693406 0.155127 1.337779 5.218586 200.147687 0.365430 36.869106 0.173862
2850 1.208995 26.692519 0.004530 0.001529 0.353178 0.111984 1.482283 5.016319 190.570544 0.399371 37.311093 0.157273
2900 1.260865 26.567162 0.007923 -0.003825 0.418381 0.180704 1.370290 5.062895 198.888148 0.466864 39.853307 0.175915
2950 1.239411 24.499774 0.005340 0.003198 1.083897 0.195536 1.389276 5.076264 216.963918 0.987369 28.866783 0.169848
3000 1.261085 25.496451 0.003109 -0.001682 1.075317 0.339397 2.189829 5.341093 196.841450 0.640535 35.725533 0.176185
3050 1.359090 24.973773 0.023562 0.010596 1.500643 0.121194 1.897388 4.933708 202.857384 0.667045 33.349098 0.166781
3100 1.178832 24.742021 0.020040 0.011070 2.008253 0.238333 1.046578 5.000017 175.945680 0.527504 26.189893 0.163805
3150 1.091209 23.382833 0.003179 -0.000883 1.692216 0.311199 1.166074 4.681491 213.374929 0.422211 39.401497 0.164207
3200 0.996822 23.016730 0.004572 0.001661 1.522973 0.158456 0.761888 4.854761 209.013900 0.340598 25.468870 0.169265
3250 1.045078 22.989313 0.003241 0.001882 1.489383 0.146465 1.537669 5.166176 198.994088 0.840604 9.454972 0.166813
3300 0.946225 24.376033 0.003138 -0.000933 1.341901 0.133515 1.670657 4.798275 193.615661 0.357738 9.491142 0.166224
3350 0.888796 25.646538 0.016700 -0.003014 1.548198 0.176300 1.882267 4.786011 221.795427 0.409313 7.228859 0.162463
3400 0.871148 22.003854 0.040409 0.007761 1.953863 0.100695 1.826004 4.890048 186.229751 0.633912 8.017241 0.164587
3450 0.819331 21.553874 0.063340 0.029078 2.228718 0.120404 1.508594 4.881807 194.930316 0.709091 21.335861 0.169945
3500 0.916304 23.971884 0.029063 -0.000838 1.949681 0.104108 1.312748 4.635187 182.597239 0.766866 23.119606 0.182407
3550 1.000438 22.491646 0.073164 -0.011799 2.505642 0.109481 1.141817 5.090102 197.643127 0.794356 24.459752 0.182183
3600 0.929133 21.882784 0.031196 0.000758 2.314783 0.137809 1.616187 5.219360 201.110423 0.739228 23.329429 0.173189
3650 0.947417 25.167719 0.014394 -0.003815 2.284557 0.109802 1.303070 4.756985 200.682001 0.441501 12.044756 0.165667
3700 0.773444 25.103749 0.041596 0.019650 2.331517 0.128338 1.518949 5.071234 202.301968 0.407952 19.278861 0.173628
3750 0.727782 25.464701 0.003573 0.000033 2.332747 0.355831 1.938797 5.018738 180.169970 0.420016 26.404688 0.174828
3800 0.779738 23.502516 0.002813 -0.002238 2.579737 0.104724 1.748276 4.689642 207.875432 0.771762 24.305479 0.158509
3850 0.803823 23.569909 0.002174 -0.002839 3.237010 0.117005 3.119613 4.953253 213.641957 0.432806 49.866131 0.166840
3900 0.636086 23.219836 0.025044 -0.010035 2.912481 0.304264 3.589956 5.209722 201.322529 0.553389 48.268497 0.162091
3950 0.712748 23.457005 0.002103 -0.007949 2.801827 0.252840 3.063689 4.916447 197.455895 0.590506 32.253812 0.177759
4000 0.711385 26.582434 0.012941 -0.021486 2.736480 0.266328 2.748562 5.539761 213.545035 0.431193 8.839181 0.168855
4050 0.754255 26.286090 0.011702 -0.026748 3.085201 0.339432 2.353457 5.333212 201.146563 1.014540 14.803513 0.165195
4100 0.725227 20.451933 0.005979 -0.007321 2.053187 0.397970 3.960270 5.356416 206.481890 0.463494 19.238948 0.164363
4150 0.751291 25.346077 0.005155 -0.000306 2.681411 0.375635 3.922578 5.517014 204.305606 0.514869 6.515058 0.170546
4200 0.805348 22.442626 0.001772 0.000053 2.508143 0.206529 4.465521 5.290391 201.009001 0.306098 2.895772 0.164876
4250 0.818699 19.856295 0.004870 0.003095 2.352602 0.214204 4.240838 5.017598 204.952501 0.542409 2.094513 0.160442
4300 0.811591 19.215204 0.000867 0.000103 2.853573 0.184722 4.545002 4.986858 204.219700 0.358025 2.492486 0.167861
4350 0.794893 20.396899 0.005300 0.002250 2.606678 0.358273 4.743225 5.323262 203.616684 0.690021 2.945260 0.168826
4400 0.922437 22.321816 0.000817 -0.000237 2.445041 0.517504 4.918459 5.172231 205.489356 0.579241 4.414047 0.174028
4450 0.906139 20.610302 0.002787 -0.001082 2.553024 0.258469 3.877142 4.931048 196.996552 0.686834 6.689691 0.166892
4500 0.884834 23.715671 0.002738 0.000673 3.258403 0.527512 4.212729 5.058722 202.486281 0.364865 6.137635 0.173918
4550 0.817162 24.477289 0.002367 -0.000014 3.097992 0.205780 6.105983 5.184943 195.105504 0.711882 10.517019 0.169385
4600 0.724188 23.556358 0.003828 0.000511 3.252589 0.127603 6.332846 5.084558 199.489569 0.355024 10.468823 0.159347
4650 0.609714 25.159050 0.029373 0.002059 3.456816 0.195777 5.487401 5.323567 207.211680 0.387810 4.134150 0.161239
4700 0.787906 23.751540 0.003691 -0.002070 3.519672 0.434473 4.903926 5.301317 213.483228 0.318662 12.547710 0.161764
4750 0.730951 22.337836 0.005879 -0.000065 3.657771 0.193312 6.533029 5.223974 202.296936 0.434423 11.940175 0.155994
4800 0.815664 23.050968 0.004131 0.002964 3.472418 0.315013 8.639563 4.789526 199.553311 0.537837 9.660926 0.161194
4850 0.696714 21.442830 0.008207 0.001850 3.265117 0.327414 7.491626 5.041823 195.350621 0.259386 4.436673 0.163792
4900 0.756770 22.561178 0.002174 0.000099 2.811775 0.408188 6.074918 4.915000 193.304881 0.375128 2.736620 0.170096
4950 0.841317 23.928678 0.010051 -0.000756 2.741169 0.204773 6.396921 4.952715 188.457072 0.373014 18.998391 0.171093
5000 0.699152 23.157714 0.004624 0.001827 2.539540 0.142643 6.962514 5.362087 193.325238 0.806821 10.905512 0.165415
5050 0.688445 25.224493 0.006497 0.005707 2.974404 0.131837 6.463559 5.416924 201.899195 0.454006 23.114399 0.160678
5100 0.571736 27.201413 0.004978 0.000983 3.189487 0.169231 6.234307 4.958667 184.541574 0.735768 8.193778 0.157226
5150 0.496951 26.426664 0.026197 0.013182 3.499542 0.177754 8.024407 4.533437 206.387182 0.949685 28.683580 0.154180
5200 0.301489 28.244772 0.028235 0.000721 3.592885 0.129232 10.255868 5.136771 188.825279 0.559739 31.579117 0.163865
5250 0.330918 30.055974 0.030922 -0.020066 3.577339 0.147335 8.112487 5.072518 219.189831 0.772587 40.324419 0.156294
5300 0.266305 30.334180 0.010112 0.000346 3.027983 0.139135 5.941720 5.068453 187.970366 0.499352 29.106312 0.171094
5350 0.294577 30.206721 0.011734 -0.005540 2.788536 0.155337 7.935757 4.746447 185.607562 0.634632 13.782817 0.165565
5400 0.336963 31.803470 0.001308 -0.000065 2.760613 0.121609 9.256766 5.385237 187.452711 0.620992 18.587608 0.157725
5450 0.364929 30.042206 0.014376 -0.007369 2.788105 0.115412 7.423228 5.513461 187.249140 0.817897 17.296164 0.172993
5500 0.425703 32.475627 0.043269 -0.005081 2.800552 0.210990 9.140969 5.193543 203.214627 0.649893 26.198711 0.175379
5550 0.503084 31.679869 0.026358 -0.018786 3.134453 0.191179 8.921419 5.034203 206.114734 0.497927 45.774417 0.159263
5600 0.529581 31.981236 0.022203 -0.021546 3.482571 0.286969 9.716118 4.873837 202.438170 0.667207 29.959040 0.170918
5650 0.514305 30.928260 0.122603 -0.068836 3.638723 0.107657 12.560232 4.811279 208.423492 0.484386 42.242162 0.157394
5700 0.398542 29.948927 0.019049 -0.023109 3.595978 0.104481 11.086088 5.081598 193.277457 0.397258 38.829166 0.165289
5750 0.610542 29.381705 0.187109 -0.040472 3.367953 0.147113 10.857852 5.340223 203.099164 0.446923 37.685402 0.161725
5800 0.683783 27.788569 0.037753 -0.011187 3.356928 0.151832 9.131497 5.118563 210.142314 0.407496 17.768158 0.172043
5850 0.541553 30.889225 0.085282 0.042539 2.952054 0.242351 11.797629 5.078409 202.926389 0.432806 7.690989 0.176118
5900 0.641021 31.592028 0.179361 0.104267 3.332261 0.125686 11.463765 5.076972 184.067664 0.370681 22.420428 0.155515
5950 0.556360 31.400913 0.139964 0.078992 3.127614 0.139138 11.897985 5.032610 198.635977 0.413145 47.196047 0.161125
6000 0.620952 32.712352 0.036742 0.003571 2.987064 0.159678 10.845781 4.749212 199.121632 0.284145 47.260355 0.173187
6050 0.570772 34.000239 0.081596 0.049787 2.790905 0.103258 11.067289 4.857892 195.675611 0.390722 41.146674 0.172160
6100 0.636344 35.113542 0.168971 -0.009453 2.905098 0.113013 7.369332 4.019359 211.392010 0.712403 34.230927 0.171631
6150 0.798724 36.303301 0.027471 0.030563 3.166433 0.156397 4.763342 4.823281 207.965983 0.361665 45.732463 0.156008
6200 0.814872 35.429873 0.009752 0.020161 3.053922 0.325352 4.136799 4.438069 211.696369 0.878433 35.158435 0.162444
6250 0.729722 35.272618 0.061292 0.037278 2.985727 0.182309 4.398636 4.990843 209.204310 0.614240 21.246737 0.172939
6300 0.825733 36.190300 0.052731 0.061935 3.083306 0.123982 3.607749 4.876730 206.986375 0.378786 38.305522 0.161938
6350 0.732283 36.735942 0.020255 0.035123 3.086838 0.107945 5.967960 4.730294 209.411089 0.386981 31.190531 0.168604
6400 0.718848 37.575052 0.057295 0.070703 2.952912 0.123189 6.398081 4.589163 213.228670 0.663804 35.911107 0.180766
6450 0.648920 37.661300 0.066278 0.059538 2.921295 0.139018 7.990982 4.950919 187.644115 0.529304 27.059390 0.173625
6500 0.622903 37.029859 0.056047 0.036369 2.779334 0.162210 7.891377 4.883691 200.369810 0.555833 27.149811 0.168793
6550 0.540064 37.037446 0.097725 0.050535 2.349483 0.143959 6.174833 4.904592 198.193672 0.314492 19.361962 0.171023
6600 0.656008 38.272002 0.076175 0.004387 2.389398 0.303475 7.592548 4.795678 192.022258 0.573337 11.356901 0.171623
6650 0.586461 38.108725 0.062055 -0.028305 2.442112 0.218875 8.248993 4.921275 202.702834 0.466746 18.672636 0.166542
6700 0.484521 37.008943 0.013665 -0.004993 2.308419 0.102199 3.833690 5.066222 215.226632 0.325834 11.765351 0.159607
6750 0.465258 38.266149 0.021692 -0.014568 2.429210 0.102055 3.390398 4.929505 198.131036 0.575427 6.386975 0.169411
6800 0.480679 38.285036 0.050021 -0.019019 2.363952 0.150411 4.107189 5.114481 210.976743 0.598636 16.705562 0.161631
6850 0.610883 38.615554 0.065043 -0.003536 2.349598 0.136465 4.841282 4.849855 220.085524 0.470334 12.086388 0.169472
6900 0.657231 39.140629 0.022665 -0.016777 2.416974 0.108918 9.961139 4.963544 203.226015 0.382235 31.237627 0.169653
6950 0.732294 37.865086 0.019137 -0.001147 2.163824 0.196857 9.574118 5.039477 219.113093 0.416173 22.300579 0.166867
7000 0.708646 37.618823 0.152746 0.031471 2.293204 0.228069 5.966447 5.166071 207.760025 0.363275 45.482917 0.167574
7050 0.758466 35.497303 0.156970 0.042286 2.257400 0.225218 6.447330 4.786377 194.776132 0.524945 19.992160 0.171881
7100 0.780365 37.139352 0.080325 0.032693 2.191043 0.209242 3.700821 4.952916 194.643838 0.323824 34.912624 0.174238
7150 0.704925 34.904201 0.067909 0.022988 2.244802 0.317730 2.729148 4.761962 219.548532 0.390978 31.988983 0.171733
7200 0.600484 35.230949 0.034791 0.013710 2.223988 0.116143 2.947924 4.792352 195.078039 0.204043 46.891559 0.165770
7250 0.656246 35.871210 0.034571 0.015917 2.202165 0.130483 3.960621 4.743910 197.388134 0.517763 41.431781 0.177426
7300 0.609915 34.827195 0.066818 0.027939 2.140263 0.150722 5.179088 5.331303 181.378099 0.463989 20.800847 0.167132
7350 0.682733 35.844957 0.063250 0.008728 2.143277 0.132346 2.126304 5.196307 192.840076 0.602565 32.770886 0.166787
7400 0.794532 34.920958 0.090834 0.015794 2.276906 0.224876 3.960276 5.045026 198.035863 0.415758 31.794536 0.166709
7450 0.705460 33.870560 0.075669 0.013554 2.468744 0.184924 1.277709 5.124215 212.723855 0.484843 42.280602 0.168356
7500 0.528070 34.839407 0.079642 0.026180 2.468890 0.214520 1.085245 5.318362 187.564670 0.472078 37.062999 0.177048
7550 0.407709 37.145486 0.122031 0.046395 2.658630 0.123816 1.076857 5.037847 193.432818 0.460118 43.448520 0.161063
7600 0.421594 36.413387 0.045597 0.018021 2.897209 0.111114 0.704430 5.156887 206.241964 0.513359 43.199119 0.170506
7650 0.587468 36.541675 0.078968 0.026259 2.842386 0.179731 1.429977 5.145335 195.594524 0.634262 37.736776 0.168763
7700 0.672078 37.962038 0.026211 0.016404 2.840363 0.200589 0.366040 4.864203 205.520114 0.907989 41.488389 0.179444
7750 0.495065 38.305667 0.046126 0.022455 3.031557 0.154797 0.275680 4.586358 180.340855 0.599198 46.449933 0.165128
7800 0.429600 39.396087 0.014779 0.009574 3.217511 0.112609 0.343137 5.021523 199.507497 0.488207 11.794530 0.179472
7850 0.385569 38.436037 0.040447 0.011320 3.154362 0.113612 0.339290 4.904985 190.039368 0.483571 19.706548 0.177651
7900 0.448919 39.142905 0.074283 0.019424 2.965146 0.192375 0.255483 4.796903 190.679739 0.320335 13.887614 0.173187
7950 0.565658 38.613634 0.118817 0.084498 2.974791 0.106971 0.307106 4.963014 199.115101 0.271435 18.177754 0.156458
8000 0.668686 39.006603 0.032141 0.013965 2.679998 0.103202 0.564478 5.008301 193.345068 0.342364 37.338875 0.170329
8050 0.654668 38.250581 0.103843 0.050719 2.769209 0.157305 0.529835 4.897681 178.667278 0.369519 16.357924 0.166649
8100 0.639087 38.994233 0.015954 0.013731 2.753512 0.108134 0.565333 4.897593 196.822493 0.516158 37.532193 0.166652
8150 0.662140 39.447394 0.019413 0.031930 2.837272 0.100185 1.754401 5.035270 210.492373 0.659460 32.878471 0.164505
8200 0.538820 39.689497 0.044204 0.017604 2.795477 0.146436 2.143750 5.197654 174.668417 0.425492 14.751037 0.158617
8250 0.451972 38.707226 0.007706 -0.005761 2.932958 0.132487 2.141666 5.017453 195.177477 0.397685 14.688329 0.175754
8300 0.427272 38.240832 0.004431 -0.003304 3.213446 0.310789 2.933099 5.112594 190.197056 0.542402 14.917937 0.163400
8350 0.373252 39.338197 0.037675 -0.003111 3.198800 0.134609 1.376558 5.273168 213.040540 0.562072 18.901209 0.172524
8400 0.335162 39.189522 0.050379 -0.017988 3.294020 0.139577 3.376214 4.771840 199.177013 0.734413 20.910060 0.164974
8450 0.258093 42.062582 0.043866 0.004232 3.195951 0.125997 2.414202 5.098968 220.390052 0.402280 35.874784 0.170724
8500 0.381211 42.642538 0.244538 0.040672 3.451782 0.209883 3.214287 5.218951 196.469396 0.232977 36.815506 0.167578
8550 0.278469 43.431408 0.084010 -0.018194 3.374377 0.103789 3.038604 5.340149 195.882954 0.566952 31.898527 0.168282
8600 0.384970 44.532996 0.117828 -0.042775 3.340117 0.101933 1.303485 4.802647 206.095960 0.402872 46.609038 0.166345
8650 0.393494 44.550335 0.059701 -0.010564 3.276337 0.129332 1.564486 4.813440 197.458813 0.583924 19.953786 0.167667
8700 0.427450 45.741199 0.029824 -0.014558 3.288713 0.175188 6.271746 4.788273 202.856314 0.335607 11.246304 0.170929
8750 0.394393 45.234294 0.041711 -0.005483 3.347352 0.122072 5.166423 4.918546 197.364066 0.498526 20.962133 0.168671
8800 0.494701 45.669721 0.010898 -0.007132 3.476412 0.211779 8.927938 5.379170 208.102509 0.316994 17.356227 0.165941
8850 0.624560 45.724884 0.017313 -0.002639 3.442853 0.122899 8.303682 4.889385 205.947326 0.600199 43.627664 0.168053
8900 0.572977 48.040581 0.016296 -0.007366 3.398679 0.224858 8.147230 4.955736 206.006075 0.746227 20.916950 0.170136
8950 0.569943 46.289041 0.004280 -0.004509 3.363135 0.213156 10.616238 4.916879 190.271144 0.459449 15.843384 0.170887
9000 0.560166 47.237428 0.002964 0.000100 3.404197 0.319676 13.457755 5.049060 199.068358 0.559087 37.187716 0.154587
9050 0.472151 48.170214 0.001856 -0.003111 3.425679 0.459827 11.059984 5.198046 216.734648 0.376776 21.749709 0.165036
9100 0.552123 49.711237 0.010765 0.005870 3.396862 0.370020 8.806625 5.328858 192.115763 0.652531 20.989145 0.173969
9150 0.585041 47.861420 0.003134 -0.003497 3.548369 0.439402 7.289744 5.377441 205.204135 0.598109 28.472429 0.163736
9200 0.568113 47.671244 0.010151 -0.001503 3.333966 0.191122 8.607464 4.881389 201.200786 0.610502 4.657415 0.167344
9250 0.532311 48.891657 0.015653 0.000958 3.309770 0.203749 5.139519 4.887319 216.229829 0.662111 5.151265 0.161679
9300 0.522685 45.975480 0.022590 0.000174 3.430326 0.114077 6.985942 4.743036 207.813944 0.576913 11.802888 0.179222
9350 0.543333 48.773718 0.008567 0.000125 3.494960 0.204705 2.665941 5.163338 179.559340 0.795095 34.831509 0.169520
9400 0.519639 46.835165 0.007890 -0.000554 3.592642 0.194724 2.417831 5.118836 201.588833 0.791854 20.569784 0.161787
9450 0.426451 45.392193 0.001411 -0.000530 3.756626 0.247610 0.922847 5.268858 204.160919 0.453114 28.318365 0.162151
9500 0.385649 45.893899 0.035379 -0.003173 3.802019 0.249805 1.766627 5.055499 204.957572 0.436870 17.275610 0.161350
9550 0.326752 46.396494 0.075760 0.032612 3.817063 0.443484 0.716364 4.804094 220.580536 0.540745 11.394938 0.168903
9600 0.186610 45.950466 0.007392 0.001797 3.738513 0.235757 0.573839 5.185892 224.598532 0.363658 13.572649 0.162006
9650 0.184742 46.106464 0.007586 0.003204 3.844684 0.199747 0.405636 5.172689 219.001243 0.467212 42.202289 0.177724
9700 0.226221 45.370624 0.021400 -0.002165 3.828910 0.127516 0.378076 5.080835 206.598319 0.451799 35.024758 0.163531
9750 0.169470 45.721485 0.043299 -0.038460 3.835029 0.132323 0.415944 4.976839 207.097896 0.390330 39.682282 0.166370
9800 0.254025 45.994216 0.008102 0.003463 3.876517 0.127866 0.411663 5.070149 208.716887 0.301115 43.362076 0.156951
9850 0.330018 45.315029 0.038541 0.019164 3.867753 0.108704 0.496742 4.997098 212.595351 0.530872 38.281690 0.162784
9900 0.361038 45.405265 0.070580 0.008992 3.830778 0.118611 0.459415 5.190425 212.463267 0.451259 47.235433 0.171123
9950 0.393451 45.033373 0.082216 -0.013735 4.025729 0.101041 0.568925 5.030043 208.021759 0.698430 16.451896 0.154036
10000 0.381164 45.298789 0.158550 -0.061612 4.020587 0.107138 1.184752 5.215742 205.295288 0.570911 19.222629 0.163638
10050 0.428102 45.006478 0.089204 -0.020982 4.148326 0.103879 2.852890 5.052855 184.131754 0.723073 35.895588 0.169313
10100 0.668375 46.123662 0.074883 -0.008867 4.066916 0.129290 4.909733 4.889837 216.043112 0.556045 14.397289 0.169734
10150 0.634332 45.746464 0.032792 0.011947 4.065297 0.194756 7.736567 5.264896 203.935633 0.736738 10.387183 0.169795
10200 0.773984 45.357672 0.136947 0.062053 4.088875 0.154946 2.986992 5.195004 185.582404 0.266733 31.506674 0.170742
10250 0.620125 44.860160 0.031654 0.023406 4.087338 0.277102 3.584647 5.143583 188.596043 0.585024 10.760057 0.174820
10300 0.603942 45.235488 0.019848 0.012625 3.993364 0.133946 2.768733 5.291048 199.301757 0.663814 10.237738 0.183952
10350 0.625550 45.345537 0.027285 0.004105 3.958444 0.190712 1.918631 4.637186 196.495587 0.789621 12.485902 0.159335
10400 0.556172 44.549051 0.027190 0.023831 3.856537 0.158421 1.822760 5.015026 171.816002 0.428591 4.847660 0.175838
10450 0.529605 43.791820 0.017459 -0.000506 3.861715 0.111455 2.022224 4.728224 188.895609 0.685854 10.513199 0.165936
10500 0.493846 42.092542 0.026880 0.000324 3.814172 0.145847 2.321698 5.178902 188.549880 0.600204 30.240818 0.170766
10550 0.408070 43.646715 0.106086 0.067297 3.868989 0.329560 1.766536 5.355052 176.166945 0.498222 12.157154 0.168101
10600 0.373824 43.932532 0.089277 0.075898 3.890159 0.334006 0.951201 4.863745 181.190438 0.836483 8.591638 0.161730
10650 0.467480 42.949200 0.013989 -0.001318 3.966397 0.422022 1.433790 4.736742 203.036114 0.421308 35.169633 0.173210
10700 0.565039 41.627457 0.057213 0.036010 3.933177 0.255899 2.696355 5.308721 200.111434 0.482172 39.393088 0.171764
10750 0.518265 42.318149 0.009318 0.012868 3.817570 0.115461 4.543533 4.888968 208.275512 0.404842 44.233588 0.157502
10800 0.549000 41.781676 0.007519 0.001859 3.915763 0.123659 6.014997 5.215407 213.146795 0.451427 36.236347 0.170175
10850 0.508422 42.490150 0.077374 0.008022 3.899667 0.101772 4.440377 5.056599 215.477775 0.386113 36.478460 0.173569
10900 0.439691 43.056018 0.047908 -0.018136 4.053944 0.126510 4.014780 4.528646 198.026280 0.982454 48.038989 0.168247
10950 0.520135 41.984446 0.026061 -0.005708 4.015977 0.280751 6.808589 5.133358 209.866523 0.592128 24.294682 0.157378
11000 0.444940 43.120022 0.006388 -0.007252 3.970714 0.342971 4.735653 5.223584 204.708778 0.506667 46.344946 0.166866
11050 0.360637 45.064646 0.006352 -0.002562 3.914170 0.281754 5.346566 5.172512 203.922892 0.565298 17.673951 0.162200
11100 0.266818 46.607696 0.006340 0.002551 3.944762 0.357421 6.086079 5.008965 212.452934 0.371481 47.538443 0.161282
11150 0.204846 45.336689 0.017643 0.005112 4.085596 0.176829 5.650469 5.056775 203.943890 0.370633 42.733324 0.180413
11200 0.323704 45.034922 0.010628 -0.006814 4.090872 0.127535 2.706013 5.073354 202.459710 0.579689 18.355340 0.163034
11250 0.345774 46.029525 0.025362 0.014977 4.111198 0.129585 6.221604 4.870900 195.236894 0.449770 21.325424 0.167962
11300 0.412593 47.942472 0.060315 0.057801 4.173585 0.146122 7.352255 5.398087 196.948420 0.484165 27.387745 0.163917
11350 0.364104 47.602589 0.013940 0.016993 4.112855 0.333986 5.544343 4.945806 196.522957 0.758594 5.406912 0.170462
11400 0.568360 45.747011 0.004120 0.003507 4.216202 0.458456 4.782250 4.969285 188.957961 0.579960 8.395405 0.166890
11450 0.454805 46.300692 0.001404 0.000128 4.146452 0.199570 3.282817 4.891220 197.308696 0.598787 21.862689 0.164404
11500 0.482626 45.581704 0.007263 0.000544 4.086892 0.184564 3.848374 5.134650 180.843639 0.511090 47.426456 0.163021
11550 0.434956 45.590349 0.003664 -0.000393 4.196249 0.439675 5.888621 5.399398 210.225168 0.574675 30.321715 0.166686
11600 0.395133 44.248230 0.015678 -0.002643 4.176410 0.109454 8.916428 5.069704 183.370825 0.277226 34.546737 0.173924
11650 0.411296 44.319415 0.011281 0.002207 4.246258 0.159250 14.840202 5.129738 219.541123 0.764695 32.513640 0.167371
11700 0.283547 42.109395 0.017959 -0.001229 4.195342 0.210886 15.740660 4.828977 178.236513 0.833889 34.544938 0.161326
11750 0.275554 41.074166 0.020454 -0.000155 4.203554 0.146243 16.423073 4.812370 204.051266 0.201147 17.520598 0.167570
11800 0.198734 39.204990 0.028190 0.000236 4.172965 0.289589 20.236377 4.766658 188.917254 0.524095 27.317480 0.170551
11850 0.186311 38.707320 0.035759 -0.009758 4.245096 0.222968 22.414578 5.074782 206.605210 0.436771 47.315700 0.165695
11900 0.207870 37.424347 0.021293 -0.006239 4.253554 0.180617 23.517421 5.277399 213.108087 0.415970 39.632145 0.158451
11950 0.253443 38.738850 0.017901 -0.002553 4.258083 0.203848 22.295914 4.905633 192.252152 0.458402 29.642390 0.169728
12000 0.280859 41.106376 0.049270 0.018403 4.314365 0.268051 15.847755 4.841394 196.621219 0.495804 23.709957 0.163234
12050 0.296174 41.492205 0.049442 0.010742 4.252653 0.146778 16.545042 5.071245 201.956193 0.476610 41.806160 0.182451
12100 0.315013 39.724800 0.012360 -0.011004 4.271479 0.168927 19.095866 5.581267 198.977087 0.800968 33.561376 0.160672
12150 0.247620 39.642562 0.010661 -0.003608 4.338797 0.150960 15.658348 5.120073 207.702682 0.417076 22.270458 0.169156
12200 0.277653 42.876282 0.017605 0.007036 4.362426 0.116243 11.752451 4.957538 190.927470 0.645162 16.017537 0.154225
12250 0.310335 39.916818 0.044041 0.009119 4.392750 0.148914 11.826894 4.960978 205.552052 0.433371 48.188374 0.188786
12300 0.361145 42.063738 0.035716 0.022985 4.366104 0.121619 7.105708 5.472489 191.722933 0.581774 29.607494 0.170834
12350 0.379648 40.208458 0.034287 0.037391 4.324222 0.154229 5.539904 5.083392 212.989173 0.893511 16.826275 0.161925
12400 0.304023 41.457611 0.059248 0.107403 4.366142 0.104258 9.259431 4.946531 201.924575 0.741144 16.612944 0.178911
12450 0.332255 43.570227 0.033255 0.064240 4.301158 0.102871 5.849827 4.830978 184.562138 0.759767 42.092308 0.156038
12500 0.345790 41.603621 0.038683 0.081314 4.311511 0.102227 7.486744 4.746830 190.895301 0.565579 4.522609 0.172714
12550 0.404295 39.890196 0.035401 0.035365 4.337578 0.104321 6.371883 4.339360 197.516147 0.572306 22.758689 0.161261
12600 0.307309 40.542569 0.017861 0.027307 4.409675 0.116409 4.636873 4.649469 196.665034 0.197965 47.055804 0.172420
12650 0.294296 39.213185 0.023527 -0.059131 4.422869 0.146058 4.571011 4.942020 199.568127 0.376026 49.939606 0.166188
12700 0.458545 39.941794 0.039838 -0.036561 4.475449 0.160798 6.444720 4.953852 215.660163 0.255168 18.608743 0.168318
12750 0.482412 37.169484 0.017549 0.009462 4.530517 0.167358 17.975698 4.998872 205.470199 0.289284 30.394077 0.167759
12800 0.415103 40.869095 0.018777 0.029951 4.533953 0.162893 16.461115 4.854587 199.449004 0.432622 12.076485 0.170917
12850 0.411540 39.316670 0.034436 0.044096 4.561971 0.165966 23.450161 4.727026 192.815360 0.415865 11.758314 0.166267
12900 0.422854 38.303683 0.026618 0.075408 4.497711 0.146501 25.857461 4.963231 199.546051 0.275259 29.919151 0.160281
12950 0.464545 39.566710 0.049148 0.034928 4.463292 0.107592 25.809191 4.279359 197.950562 0.571215 14.722264 0.162095
13000 0.586497 39.691653 0.057019 0.128092 4.488889 0.108556 25.351326 4.612544 201.121941 0.359753 32.394239 0.164667
13050 0.523497 41.255530 0.085411 0.119924 4.443287 0.108270 19.977293 4.557456 195.160568 0.285988 25.012148 0.162207
13100 0.515929 41.740251 0.067561 0.108805 4.430287 0.200474 29.267364 5.113528 200.331827 0.566653 30.737119 0.160984
13150 0.617203 41.043057 0.179435 0.267056 4.501452 0.122767 12.856432 4.881085 196.182648 0.436177 49.292653 0.168642
13200 0.500302 41.556883 0.071814 0.127377 4.580097 0.247767 19.698175 4.878392 209.013787 0.374453 44.845480 0.167513
13250 0.451677 42.360136 0.083431 0.125430 4.580801 0.110418 19.531499 4.743178 210.083012 0.446914 22.210584 0.163704
13300 0.496216 43.252930 0.043342 0.055793 4.617642 0.120058 15.411732 5.493122 210.690444 0.436335 48.323928 0.169536
13350 0.424992 41.947774 0.082739 0.149852 4.653232 0.144100 17.083536 5.167122 204.674901 0.363360 19.075134 0.169008
13400 0.421956 42.201843 0.051934 0.063641 4.691912 0.114867 20.197271 5.247094 195.833362 0.220947 9.330776 0.156894
13450 0.345808 42.618495 0.114089 0.174293 4.700871 0.141229 13.952762 5.096553 207.308092 0.455431 7.867907 0.167647
13500 0.370614 42.702108 0.027252 0.030991 4.780738 0.201438 7.981142 5.318932 208.670089 0.350684 3.581059 0.167091
13550 0.338037 43.279906 0.004620 0.000716 4.663519 0.232666 6.335072 5.111953 212.042222 0.451186 2.042673 0.179096
13600 0.296977 45.112839 0.016276 -0.005206 4.654509 0.190691 4.114719 5.169540 209.856795 0.330712 1.883697 0.154175
13650 0.275620 46.611705 0.030562 0.003010 4.694618 0.205703 5.979512 5.284895 212.291308 0.347029 1.277678 0.175900
13700 0.416915 43.991310 0.028623 -0.004585 4.664987 0.141736 7.272122 5.015905 212.787522 0.498772 6.423096 0.173008
13750 0.393248 40.045953 0.042783 -0.002745 4.659321 0.212107 16.822518 5.201591 209.544810 0.520608 3.545154 0.165183
13800 0.253129 41.186172 0.011038 -0.004370 4.625156 0.109503 9.030166 5.021109 204.541324 0.568541 3.654438 0.165411
13850 0.311623 41.810104 0.021885 0.000449 4.582147 0.104495 13.164683 4.699381 201.913445 1.001538 5.697387 0.171010
13900 0.362243 38.619439 0.068223 0.065448 4.653058 0.100046 15.167389 4.923262 191.603188 0.796032 23.042716 0.158776
13950 0.438387 38.336496 0.041691 0.062164 4.590704 0.157152 17.365969 4.991021 191.971477 0.874580 45.250933 0.167165
14000 0.441586 37.133760 0.007984 -0.010334 4.599615 0.107482 11.910077 4.898781 222.553606 0.444002 9.565907 0.173134
14050 0.471891 36.689507 0.011139 0.026216 4.560436 0.132281 14.257402 4.907642 215.464224 0.566116 17.161103 0.162705
14100 0.416202 37.523888 0.018113 0.006196 4.562357 0.311982 24.221122 4.624933 203.156706 0.755192 10.512600 0.176569
14150 0.332893 41.363069 0.011093 -0.008503 4.558810 0.140084 15.019823 4.998569 201.663402 0.512086 6.849389 0.168339
14200 0.440250 42.236666 0.011065 0.038043 4.530978 0.118693 12.954010 4.895628 201.356780 0.712503 5.374094 0.177137
14250 0.428770 44.687352 0.043013 0.073477 4.546410 0.213971 20.082169 4.770443 201.220231 0.929941 12.142881 0.164853
14300 0.463107 42.253041 0.034811 0.047911 4.592867 0.306727 34.618148 5.814454 207.628589 1.495987 25.665219 0.175706
14350 0.528523 42.452132 0.011911 0.020974 4.577887 0.302177 24.588287 5.151499 190.436597 0.709651 37.557901 0.166903
14400 0.501812 45.367149 0.047950 0.029986 4.525728 0.230623 20.324528 5.017786 189.764675 0.691828 24.156039 0.159990
14450 0.437957 44.928927 0.049455 0.110120 4.551360 0.214205 26.650088 5.221274 204.117649 0.636065 13.468526 0.162539
14500 0.399255 42.423173 0.030708 0.061190 4.592850 0.138018 28.775923 4.958765 194.860481 0.849780 33.729378 0.165888
14550 0.434011 42.665874 0.009824 0.023290 4.539834 0.238655 35.184838 4.960712 213.095379 0.682927 25.265149 0.168135
14600 0.464541 44.353675 0.029340 0.045665 4.520989 0.211393 16.464965 5.166042 201.497419 0.365873 41.487239 0.161479
14650 0.480381 44.417455 0.012488 0.020044 4.482288 0.113465 14.329635 5.070004 193.602705 0.362772 44.317627 0.173014
14700 0.513292 42.657507 0.002462 0.000746 4.535378 0.229427 11.594065 4.981134 176.397847 0.494853 26.158534 0.162988
14750 0.240787 42.525791 0.046422 0.013011 4.529183 0.233110 6.793229 5.063115 211.534114 0.367629 12.646739 0.158418
14800 0.334741 41.779222 0.006573 0.001341 4.591776 0.126161 6.138015 5.285519 209.106349 0.559703 5.072170 0.165646
14850 0.337405 43.686084 0.004505 -0.002983 4.587247 0.119987 13.372500 5.025632 206.007667 0.442624 2.110820 0.175371
14900 0.326557 44.291929 0.025015 -0.012987 4.540266 0.138249 22.690984 4.969770 205.960046 0.809844 2.585642 0.167687
14950 0.177174 43.189906 0.004050 0.001074 4.512702 0.164034 27.998575 4.890544 204.884015 0.621943 3.402736 0.171536
15000 0.274003 41.454479 0.043647 -0.012793 4.410431 0.185191 18.623038 5.116344 208.153507 0.595371 2.946922 0.171480
15050 0.277839 42.478481 0.007941 -0.006420 4.412836 0.101811 10.403470 5.031154 217.432238 0.609168 3.873766 0.169686
15100 0.265622 40.086301 0.006434 0.000257 4.409951 0.108953 18.867887 5.304228 209.699443 0.695069 6.976090 0.181545
15150 0.225060 40.084163 0.007048 0.000767 4.449605 0.101371 23.134846 5.353977 189.899914 1.028747 47.011360 0.156186
15200 0.323137 36.746991 0.011938 0.003728 4.508485 0.139676 21.422937 5.357625 202.899743 0.513049 37.494588 0.171247
15250 0.360234 36.596623 0.010832 0.003845 4.476467 0.137326 20.962204 5.006340 218.232368 0.417704 13.905557 0.173652
15300 0.315183 39.380797 0.101715 0.190177 4.462859 0.265820 18.001818 5.252218 209.476906 0.744526 17.466849 0.164163
15350 0.215698 38.799206 0.013134 0.013003 4.477978 0.199658 10.170632 4.952153 215.938603 0.843683 37.532089 0.173025
15400 0.283288 38.163633 0.016289 0.019614 4.450333 0.121777 8.468903 4.758678 206.022935 0.375995 19.281889 0.172607
15450 0.319178 39.141596 0.048957 0.067832 4.419531 0.101176 13.168740 4.901111 199.953475 0.753105 7.958654 0.168558
15500 0.319477 38.116918 0.010905 0.011871 4.417289 0.103191 11.028695 5.049225 187.283720 0.509593 49.905526 0.174224
15550 0.304812 38.820671 0.031665 0.004348 4.465504 0.134910 19.540586 5.493608 201.833154 0.550865 39.118678 0.178864
15600 0.171864 36.857653 0.015831 0.005257 4.457374 0.108001 20.438135 5.238431 199.011951 0.187564 49.885147 0.172574
15650 0.288791 35.530840 0.009108 -0.004912 4.462333 0.231550 17.460907 5.400651 193.191807 0.614946 36.873769 0.160074
15700 0.238909 35.064881 0.009231 0.007883 4.452573 0.108127 8.725075 5.166528 195.682425 0.501813 13.452524 0.170512
15750 0.273236 32.448874 0.003258 0.012285 4.423159 0.180569 8.226883 5.649641 208.260807 0.431637 49.838957 0.173109
15800 0.300000 35.173464 0.009518 0.010344 4.435140 0.109535 21.899250 5.211452 202.162701 0.866082 29.240769 0.166663
15850 0.382904 36.249766 0.007609 0.004379 4.400183 0.142566 16.647715 5.253338 207.741853 0.441431 34.957025 0.164283
15900 0.337452 35.650746 0.033073 0.004153 4.384109 0.143921 21.759411 5.006699 217.890186 0.377806 16.189844 0.163887
15950 0.438627 36.794479 0.036686 0.020019 4.355353 0.113752 28.570725 5.234958 204.922909 0.284116 10.738636 0.178843
16000 0.472328 36.637235 0.064711 0.052762 4.367044 0.268239 19.322374 5.020435 199.049790 0.358335 11.933333 0.165253
16050 0.415093 35.372030 0.110330 0.100259 4.398580 0.173979 10.126104 5.109325 203.337600 0.430107 15.529693 0.170813
16100 0.430549 35.681166 0.097460 0.118618 4.402014 0.264247 12.577372 5.356980 200.169450 0.458631 42.403135 0.168921
16150 0.408034 32.865059 0.020407 0.021071 4.374555 0.387274 11.399071 5.278445 184.335283 0.429981 11.777495 0.169587
16200 0.225893 31.825836 0.028734 0.057461 4.369089 0.186116 11.044773 5.085836 182.739344 0.568398 8.251407 0.172026
16250 0.438369 31.270358 0.074550 0.006001 4.334893 0.164010 32.687565 4.954260 193.878823 0.317058 9.421799 0.177350
16300 0.341817 31.936163 0.066040 -0.031282 4.360213 0.118484 54.919589 5.078227 199.994857 0.494838 3.070751 0.171034
16350 0.288990 33.049370 0.028120 -0.035671 4.368594 0.140680 27.853944 5.116041 196.996226 0.727588 4.884448 0.176361
16400 0.182067 32.004862 0.038765 -0.051855 4.392246 0.130555 9.028804 5.382728 201.061814 0.850535 4.456162 0.168342
16450 0.183524 33.311043 0.011496 -0.019738 4.393153 0.144605 12.237431 5.330158 207.277828 0.376127 4.958792 0.170637
16500 0.208794 34.219725 0.005047 0.007331 4.399041 0.146027 27.716111 5.168729 209.387185 0.407966 5.674140 0.157619
16550 0.220853 33.506596 0.016831 0.028358 4.397998 0.155362 10.865184 5.313533 212.054789 0.577844 5.620987 0.172189
16600 0.278636 33.100920 0.033109 0.054726 4.396087 0.171080 8.561040 5.378332 211.124193 0.824889 3.229279 0.170082
16650 0.347874 34.090718 0.007264 0.013395 4.378660 0.267340 18.607747 5.207491 212.056047 0.572732 2.470084 0.166419
16700 0.371022 33.589545 0.028093 0.031480 4.359428 0.161375 23.695344 5.216928 213.376863 1.061902 1.362352 0.177186
16750 0.428702 31.427628 0.011053 0.009456 4.393895 0.182031 29.008592 5.441621 213.739792 0.667436 0.802326 0.164454
16800 0.532067 32.012082 0.002425 -0.005660 4.388618 0.412614 32.167045 5.287688 212.960125 0.886573 0.560070 0.173813
16850 0.478581 30.084765 0.011030 -0.001153 4.375148 0.239481 61.522940 5.009149 213.228224 0.471780 1.181710 0.170468
16900 0.473597 26.065005 0.034229 -0.009171 4.397494 0.165414 58.009325 5.109667 214.164652 0.752340 0.564788 0.171685
16950 0.349292 27.846039 0.007079 0.009203 4.398846 0.197196 38.655489 5.095661 213.540731 0.956569 0.615294 0.170943
17000 0.526419 28.974699 0.009391 -0.002579 4.389732 0.108689 38.833455 5.219202 213.594407 0.741519 0.615294 0.173336
17050 0.482303 30.833576 0.010759 -0.008421 4.387034 0.220496 17.293009 5.432780 213.037989 0.699206 0.558405 0.167507
17100 0.471297 28.472456 0.021335 -0.031238 4.398885 0.187579 16.674458 5.301300 213.822521 0.727366 0.558405 0.179406
17150 0.482589 29.362724 0.003821 -0.005810 4.410543 0.116091 25.463599 5.434478 213.159370 0.663663 1.931411 0.162696
17200 0.418645 31.083899 0.018440 0.020386 4.438735 0.126857 52.902932 5.224883 212.639570 0.556248 2.276738 0.168008
17250 0.532440 26.758393 0.029020 0.006044 4.456862 0.149942 70.077777 5.408410 208.677044 0.639668 4.837978 0.167442
17300 0.605343 25.716556 0.046337 0.011807 4.472152 0.225547 25.577436 5.088414 212.468747 0.423783 4.227432 0.159689
17350 0.587533 23.652795 0.025672 -0.001569 4.485702 0.121367 13.486179 4.933498 208.640519 0.458364 2.709719 0.176892
17400 0.495049 21.646731 0.005845 0.001393 4.503043 0.266025 18.882442 4.738444 208.959218 0.591938 2.317667 0.163210
17450 0.486170 21.923023 0.002157 -0.000788 4.519787 0.291025 32.127925 5.176614 207.696782 0.455060 17.384353 0.165077
17500 0.449834 21.823522 0.005021 0.001680 4.475212 0.167306 32.799608 5.409335 207.702548 0.855398 43.957748 0.160077
17550 0.350545 23.553774 0.021088 0.001658 4.456588 0.226769 20.982211 5.166056 225.660030 0.599016 22.283230 0.177541
17600 0.354130 23.492645 0.028251 -0.013751 4.442578 0.190196 15.948349 4.757022 201.656696 0.436465 45.681622 0.165902
17650 0.447685 25.238500 0.052627 0.045223 4.429745 0.152749 13.921708 4.969375 199.895557 0.531124 39.571848 0.164449
17700 0.555509 25.957760 0.070558 0.097451 4.436842 0.132797 15.990425 5.007007 195.247899 0.417776 13.531962 0.168237
17750 0.642980 24.362999 0.125246 0.038539 4.432354 0.251814 15.562508 5.110985 201.725218 0.454106 13.563981 0.169829
17800 0.665646 22.095799 0.090752 -0.029021 4.429405 0.119671 9.923999 5.059594 203.202255 0.352113 32.467663 0.161931
17850 0.636881 22.348607 0.027168 0.000386 4.445330 0.117472 7.986179 5.529422 202.893346 1.066763 22.540664 0.171136
17900 0.754145 22.142564 0.014111 -0.007770 4.428274 0.145268 14.329985 5.023613 207.272292 0.740907 18.911856 0.161546
17950 0.712902 21.139278 0.038962 -0.004534 4.412837 0.200194 13.808749 4.899158 202.619696 1.074647 45.599385 0.161234
18000 0.623366 24.013442 0.033481 0.006963 4.379767 0.150267 11.666758 4.975391 181.157338 0.483707 49.901629 0.164924
18050 0.431469 24.359122 0.053480 0.024848 4.359323 0.144573 13.372818 4.930615 213.546726 0.549115 25.502199 0.177536
18100 0.464986 23.465541 0.007988 0.011450 4.361897 0.106734 14.767822 5.167230 214.455030 0.344349 40.101911 0.168038
18150 0.521629 25.034523 0.003748 -0.004012 4.350453 0.141617 23.010882 5.055392 203.625800 0.321395 47.473528 0.159137
18200 0.564436 23.620304 0.052641 0.039118 4.358120 0.255604 22.253532 4.931907 208.588544 0.564524 8.742983 0.166225
18250 0.428770 20.339821 0.060075 0.058095 4.353658 0.102332 11.515529 5.027042 206.553388 0.311297 46.919196 0.164156
18300 0.532037 19.449584 0.055429 0.039679 4.373701 0.100083 37.596083 4.956704 192.490137 0.559304 31.409150 0.171325
18350 0.770658 22.207654 0.090124 0.044445 4.364760 0.172763 40.238400 5.053307 220.448984 0.583727 34.420326 0.168986
18400 0.735370 24.296643 0.044949 0.037572 4.353783 0.279921 19.948329 4.950810 207.136157 0.666857 38.148882 0.169512
18450 0.619377 25.908759 0.004416 0.001653 4.352116 0.271871 43.015939 5.176275 189.562215 0.595682 47.816022 0.163329
18500 0.619568 23.882933 0.002422 -0.001019 4.340617 0.130076 95.801050 5.322819 207.723495 0.787126 43.414738 0.170139
18550 0.592794 27.000753 0.013215 0.004674 4.368434 0.175566 97.985765 5.111461 191.824083 0.377320 20.974994 0.177738
18600 0.602341 27.268016 0.012558 0.008569 4.355794 0.250480 68.899724 5.228986 211.177791 0.427737 23.757809 0.173749
18650 0.657221 25.114841 0.012345 0.006889 4.361019 0.362081 61.016853 5.311000 212.099401 0.528552 24.317819 0.164490
18700 0.628315 24.867330 0.014544 0.006144 4.364902 0.279037 19.357033 5.444882 203.996854 0.432514 37.886748 0.156887
18750 0.729355 26.034819 0.003325 -0.000149 4.371912 0.554310 21.377778 4.739451 213.157336 0.629246 20.807587 0.164403
18800 0.807956 28.214500 0.001014 -0.000253 4.346907 0.315766 15.186141 4.637146 197.561143 0.546010 35.073251 0.169295
18850 0.711310 26.369380 0.002456 -0.000712 4.322430 0.359732 11.481968 5.218894 191.019073 1.252717 28.336673 0.181714
18900 0.695005 24.210109 0.004388 0.000660 4.301106 0.333999 3.515231 5.131519 192.406195 0.448617 23.218006 0.162643
18950 0.658964 25.697186 0.004859 0.000542 4.284994 0.179172 3.958750 5.012622 210.064640 0.386951 18.457540 0.176905
19000 0.579357 23.325298 0.026201 -0.000553 4.279190 0.161611 3.788698 4.606065 221.647232 0.327800 31.577001 0.169039
19050 0.521071 24.289367 0.037293 -0.010038 4.265052 0.103276 4.183064 5.141913 210.494124 0.521851 36.324462 0.170081
19100 0.634998 22.242494 0.071871 0.021731 4.282888 0.114619 4.183064 5.005232 213.039732 0.267622 14.945097 0.160435
19150 0.566147 25.157973 0.023487 0.016650 4.301829 0.118246 2.610349 5.515373 191.066296 1.052946 16.189928 0.167606
19200 0.428739 24.804106 0.056874 0.031122 4.290866 0.213270 2.578224 4.893059 203.141183 0.811499 31.545427 0.161787
19250 0.704612 24.735807 0.104246 0.001887 4.291122 0.202839 2.410871 4.833991 191.502131 0.503130 5.703296 0.160413
19300 0.643686 24.178438 0.005171 0.002555 4.277560 0.391652 3.263355 4.932723 188.933233 0.415174 3.627714 0.177410
19350 0.539278 22.721520 0.005427 0.000266 4.284491 0.182640 4.856933 4.843542 189.194675 0.364459 3.191267 0.165695
19400 0.562262 25.088647 0.052285 -0.000540 4.306400 0.281076 6.112125 5.101526 194.971195 0.622108 7.182806 0.179507
19450 0.546964 24.612385 0.042209 0.016637 4.289799 0.278249 6.112125 5.095055 207.095453 0.540024 16.673932 0.167807
19500 0.460198 22.369312 0.041671 0.000534 4.295768 0.135931 6.368576 4.967513 196.877272 0.332746 38.078051 0.172454
19550 0.513160 22.074334 0.074936 0.008818 4.284334 0.172177 4.821035 4.771894 204.979609 0.391519 40.822984 0.179314
19600 0.516176 21.652764 0.055024 -0.015617 4.274501 0.174009 3.986690 4.952809 188.744149 0.555921 15.947292 0.159773
19650 0.577537 24.050880 0.092732 -0.014379 4.271107 0.125702 3.986690 5.098709 212.736617 0.467927 21.873116 0.165462
19700 0.557638 22.995233 0.007594 0.004586 4.274288 0.138938 3.378167 5.240735 216.439285 0.454249 33.971632 0.166458
19750 0.475357 25.696561 0.025971 -0.002545 4.287818 0.171700 4.130399 5.176308 195.603453 0.605554 34.232256 0.160570
19800 0.283368 22.130231 0.011910 0.006184 4.284279 0.143597 3.797290 5.186454 184.581421 0.828385 43.605579 0.170122
19850 0.261185 22.914876 0.007810 0.002625 4.276882 0.168103 3.579699 4.749915 195.097121 1.152809 41.603606 0.168405
19900 0.209313 23.929658 0.020515 0.012438 4.278511 0.201060 3.579699 5.146790 202.601607 0.604453 34.304836 0.166832
19950 0.263565 26.741905 0.018528 0.009336 4.277819 0.132287 3.579699 5.013051 197.355939 0.788339 44.354343 0.170706
20000 0.282237 28.719427 0.023244 -0.004080 4.249013 0.108646 3.856373 4.832070 214.832143 0.636410 13.239790 0.159646
20050 0.313864 27.105621 0.037972 0.017716 4.261380 0.119940 3.404861 4.773840 216.026707 0.564555 25.013359 0.169747
20100 0.273915 25.791562 0.021752 0.004340 4.258717 0.108638 2.896265 4.798645 211.678751 0.569899 47.963143 0.168456
20150 0.396057 28.219441 0.036089 0.005263 4.275221 0.100255 3.192837 4.951175 203.477637 0.318475 25.917082 0.169630
20200 0.425770 28.243554 0.044695 -0.005322 4.274678 0.127010 10.335724 4.917336 195.378430 0.520779 19.293693 0.161725
20250 0.471821 25.718707 0.065052 0.032239 4.265085 0.126163 12.550056 5.190064 186.754092 0.654748 18.355917 0.174490
20300 0.655723 26.620403 0.013878 0.009345 4.263326 0.271240 27.019416 5.295639 205.508915 0.609176 26.314541 0.168531
20350 0.580509 24.203876 0.001261 -0.001467 4.238404 0.144291 28.970499 5.172607 216.876644 0.468408 18.198529 0.160269
20400 0.576570 23.749903 0.006290 -0.000003 4.245542 0.222340 83.694208 5.232333 218.203200 0.392416 5.412041 0.164820
20450 0.558381 24.988404 0.001126 -0.000528 4.246824 0.386065 48.506312 5.447246 207.000627 0.696390 5.155670 0.158145
20500 0.612508 22.488449 0.002583 -0.000610 4.241589 0.124683 21.191555 5.359748 212.209969 0.442857 3.947435 0.176782
20550 0.652374 22.076847 0.002425 -0.001549 4.230674 0.138693 10.683235 4.857734 205.994780 0.817408 7.323380 0.164245
20600 0.552499 24.672864 0.003507 -0.000345 4.248684 0.185939 13.997067 5.063030 208.002200 0.469362 3.512829 0.171551
20650 0.598189 25.947271 0.035253 -0.009539 4.236780 0.249417 17.769917 5.126271 211.572237 0.699930 3.512829 0.169316
20700 0.418141 25.107428 0.007826 -0.000125 4.239507 0.204204 9.412887 5.121912 208.404001 0.751223 8.700695 0.176903
20750 0.505922 25.947374 0.002796 -0.001707 4.259995 0.191683 10.011225 5.199904 200.592128 0.711088 12.662200 0.164601
20800 0.560065 27.682531 0.002785 0.001122 4.263076 0.307682 12.946937 5.098750 179.266342 0.645562 39.529144 0.171332
20850 0.487909 26.448993 0.002651 0.000028 4.262010 0.200754 10.680465 5.249215 205.937779 0.646680 17.675283 0.169922
20900 0.447039 25.222541 0.002183 -0.000179 4.259896 0.291876 2.340321 5.274728 201.907420 0.554875 48.442518 0.175369
20950 0.431291 23.339787 0.006505 0.000063 4.257453 0.145887 2.578338 5.025632 203.625552 0.373329 27.867628 0.188861
21000 0.561284 22.922876 0.004122 -0.000465 4.261375 0.130129 2.471834 5.108931 179.157835 0.446379 26.718571 0.168829
21050 0.588399 19.426781 0.012117 0.011344 4.276937 0.188057 8.175740 5.126538 178.252438 0.387952 46.071863 0.175145
21100 0.599952 21.885602 0.096913 0.045793 4.276666 0.171619 19.093998 4.887640 219.491632 0.772789 11.244764 0.172559
21150 0.593128 20.514659 0.100995 0.019810 4.279224 0.254126 6.691614 5.221063 191.482325 0.453501 37.498793 0.151934
21200 0.668700 19.514399 0.078819 0.043183 4.290755 0.515016 10.076240 4.955282 221.578701 0.617117 41.999405 0.160756
21250 0.701430 18.440913 0.026571 0.013921 4.292203 0.274797 7.115134 4.987980 211.088374 0.260200 28.389938 0.171297
21300 0.567097 19.194933 0.023090 0.014070 4.297386 0.321015 9.893490 5.146573 198.984081 0.430531 30.915866 0.176925
21350 0.600139 19.765216 0.000629 -0.000078 4.304809 0.348857 17.224056 5.265281 209.466577 0.252443 28.622983 0.168341
21400 0.620856 22.105304 0.003220 -0.000172 4.295692 0.335163 51.894421 5.159526 185.410234 0.898686 22.305502 0.166123
21450 0.595825 21.178019 0.007247 -0.002942 4.303718 0.107547 69.170436 5.327305 198.396772 0.475859 49.187652 0.173070
21500 0.514589 19.107323 0.024488 -0.022841 4.303558 0.116976 99.841299 5.147678 204.608160 0.576467 34.772138 0.173218
21550 0.602227 17.747330 0.013669 -0.009512 4.300600 0.221785 76.771054 4.593652 209.164336 1.109792 39.587016 0.170164
21600 0.628581 18.672053 0.001960 0.001024 4.297419 0.223238 90.574710 5.213439 203.599388 0.336210 22.662688 0.164819
21650 0.647150 18.056671 0.002284 -0.001848 4.297267 0.218702 83.321196 5.376261 202.779425 0.756593 39.872872 0.174717
21700 0.643850 17.979857 0.002965 0.001956 4.306458 0.308088 9.006435 5.279353 205.387894 0.595863 31.651421 0.176251
21750 0.602223 17.327681 0.005193 -0.004765 4.289395 0.206770 11.630880 5.220809 209.552896 0.572414 33.852764 0.166194
21800 0.597742 14.601720 0.008566 -0.002718 4.285083 0.249610 28.598779 5.129724 204.690725 0.686066 43.009340 0.166085
21850 0.526388 11.976192 0.008581 -0.002418 4.287909 0.440947 48.354587 5.535388 190.397327 0.922165 43.562197 0.176047
21900 0.610897 12.712946 0.022037 0.003171 4.279442 0.537229 87.332255 5.296392 186.438927 0.657737 19.753065 0.173998
21950 0.674193 15.792002 0.007654 -0.002505 4.264648 0.650567 88.396949 5.041015 195.261187 0.273032 47.318112 0.172670
22000 0.681519 15.676915 0.004756 -0.000026 4.257415 0.556289 77.499856 5.143145 200.199652 0.338790 29.129098 0.161693
22050 0.661551 13.562410 0.005353 0.005114 4.252144 0.191040 56.515764 5.049810 219.594729 0.601199 45.198176 0.160206
22100 0.657911 12.934135 0.009377 0.000451 4.248461 0.351796 98.169293 4.503651 195.540144 0.746813 33.415255 0.169867
22150 0.546481 12.236601 0.002183 0.000861 4.239991 0.335886 80.164657 5.275168 201.754378 0.391218 39.347412 0.166146
22200 0.528255 7.436292 0.003417 -0.001929 4.248567 0.149949 78.642997 5.155097 200.221605 0.341448 35.768063 0.163091
22250 0.569883 9.821231 0.005022 -0.000918 4.237202 0.388834 84.475044 5.044988 206.786238 0.631099 44.865366 0.169519
22300 0.628255 10.407760 0.004201 0.000454 4.234812 0.126017 54.488219 4.947338 203.948857 0.429373 37.786807 0.170047
22350 0.523018 10.809382 0.006214 0.004688 4.244077 0.153703 41.115415 5.130557 190.706410 0.559754 23.551016 0.174118
22400 0.499817 10.448928 0.009080 -0.005044 4.244746 0.346714 64.499127 5.208989 198.307692 0.342708 23.943251 0.167948
22450 0.557729 11.398395 0.009189 0.005146 4.230798 0.218410 85.968731 5.195980 197.542190 0.451909 49.345194 0.173812
22500 0.576335 14.569219 0.004695 0.002318 4.225263 0.355713 85.468262 5.507675 213.711445 0.829848 33.191729 0.161939
22550 0.557040 16.390129 0.001956 -0.000639 4.220308 0.145478 73.273969 5.283383 193.793693 0.498503 11.814964 0.162183
22600 0.640977 13.066611 0.009222 0.007823 4.214805 0.312881 94.495692 5.086384 193.920208 0.573574 5.306364 0.163599
22650 0.688362 13.755880 0.021023 0.013056 4.216189 0.202819 59.471871 4.698117 177.922626 0.547721 10.872222 0.167025
22700 0.607225 13.491234 0.009392 0.010202 4.209688 0.147627 54.104720 5.069642 188.205695 0.643752 5.428781 0.177885
22750 0.546631 14.299050 0.000779 -0.001589 4.205162 0.381689 11.080539 4.881389 191.987514 0.520025 6.804630 0.160646
22800 0.520487 12.766351 0.003057 -0.002195 4.213262 0.410013 6.191186 4.968758 193.022721 0.518554 4.689540 0.166371
22850 0.463331 12.089993 0.004366 0.001126 4.211648 0.224099 9.061156 5.149927 191.483417 0.434029 3.528834 0.164346
22900 0.480512 10.794530 0.006645 0.000344 4.208711 0.117260 16.074852 5.289973 195.335517 0.627862 3.443128 0.169661
22950 0.517235 13.405662 0.003124 0.004431 4.206537 0.477226 7.687243 5.165751 215.753155 0.689269 16.188799 0.171231
23000 0.612990 11.868089 0.005984 -0.001123 4.204783 0.172828 6.589193 5.023353 214.392671 0.463014 46.631432 0.169210
23050 0.683433 12.379709 0.003796 -0.000936 4.210904 0.368260 5.974750 5.109291 198.109791 0.434000 46.824040 0.160069
23100 0.679075 11.463093 0.001443 0.000094 4.204096 0.498072 6.980915 4.934311 203.284137 0.844941 40.319647 0.170384
23150 0.679144 15.161600 0.001155 0.000150 4.210035 0.157248 67.424160 5.376592 214.461580 0.656294 30.344228 0.166007
23200 0.699257 15.781158 0.002667 0.000357 4.212118 0.408251 77.946287 5.291738 180.351996 0.598905 32.892042 0.181598
23250 0.702032 12.361874 0.001401 -0.000378 4.217654 0.346419 75.739483 5.352012 204.528456 0.508566 44.191798 0.164311
23300 0.693939 14.184176 0.009313 -0.004231 4.225377 0.315981 97.774977 4.578640 194.241735 0.641958 35.902913 0.163397
23350 0.679495 17.733682 0.003963 0.003206 4.234110 0.118500 84.324321 5.246634 195.258127 0.681516 17.752185 0.176320
23400 0.664561 22.174183 0.006861 0.003609 4.238067 0.121995 77.487345 4.609271 202.317756 1.094451 9.728114 0.166126
23450 0.658426 20.148306 0.058751 0.029845 4.239691 0.243890 89.049803 4.970112 219.324995 0.528261 28.193691 0.160792
23500 0.652514 19.586152 0.011784 0.000709 4.242881 0.116256 78.822123 5.294066 178.654112 0.424065 42.051532 0.164614
23550 0.673911 21.056632 0.046573 0.001213 4.240441 0.162295 41.946848 5.025299 194.543803 0.381160 29.227305 0.175364
23600 0.737937 18.360261 0.048253 0.008508 4.238488 0.130758 88.517205 5.491598 199.922104 0.533061 15.965872 0.176677
23650 0.797264 18.093058 0.044118 0.001859 4.246972 0.368083 26.297670 5.138416 201.713404 0.371906 20.983411 0.168743
23700 0.496705 16.242309 0.007789 0.000287 4.251482 0.317651 73.723162 5.439040 183.306851 0.433166 17.555423 0.171324
23750 0.361391 17.987488 0.003765 0.002911 4.249117 0.312657 90.433897 5.045098 177.751334 0.415911 23.704547 0.170392
23800 0.390514 18.997498 0.002323 0.000684 4.253055 0.115230 53.740706 5.366408 186.529726 0.492286 24.520045 0.169899
23850 0.439782 19.479663 0.010200 -0.003613 4.249837 0.142259 14.116282 5.388070 200.847977 0.400297 42.384595 0.160840
23900 0.365103 18.734877 0.004228 0.000717 4.253610 0.145586 10.236957 5.218584 209.245805 0.444795 20.937951 0.172109
23950 0.326905 18.549134 0.001926 0.000457 4.258525 0.265045 7.929835 5.090670 198.369743 0.582247 12.973153 0.168368
24000 0.423990 19.335624 0.020650 0.007120 4.255928 0.284574 9.382682 5.119273 213.185758 0.424283 4.643617 0.172713
24050 0.472091 16.048311 0.031425 0.012792 4.258141 0.405662 12.741485 5.172512 214.755178 0.688091 4.514766 0.170599
24100 0.578939 22.033912 0.005640 0.002547 4.259121 0.355015 13.643389 4.975739 216.655186 0.415017 6.656008 0.175411
24150 0.506761 23.563650 0.002554 0.003739 4.253829 0.591601 13.901738 5.032174 218.718241 0.636648 7.961775 0.151659
24200 0.539371 23.380036 0.007501 0.003022 4.253826 0.260730 9.669611 5.055919 218.163943 0.444282 12.276856 0.162785
24250 0.622768 21.392849 0.007379 -0.002657 4.254539 0.140194 20.468126 4.964534 195.161672 0.411626 22.612680 0.177021
24300 0.535868 21.473488 0.069584 0.012617 4.260344 0.148708 20.433982 5.150213 210.849717 0.457419 23.201450 0.160429
24350 0.649762 21.826143 0.023262 0.009603 4.261317 0.114748 18.993790 5.143109 195.588981 0.313476 11.443271 0.171375
24400 0.749405 21.290688 0.011823 0.003724 4.257446 0.197544 11.558246 4.990200 184.761658 0.411663 37.135641 0.171765
24450 0.806407 19.621274 0.221882 0.083594 4.258639 0.302081 11.910774 5.112251 191.477749 0.594601 35.982753 0.168277
24500 0.780842 17.652751 0.297024 0.082540 4.254712 0.395467 6.370116 4.864582 191.458297 0.518860 34.729248 0.179913
24550 0.877721 18.152070 0.155999 0.077504 4.256162 0.128861 10.850044 5.198770 206.504124 0.941197 46.058474 0.176081
24600 0.771536 20.102241 0.078068 0.033587 4.249341 0.161991 14.687423 4.918488 203.669846 0.302681 45.000589 0.160382
24650 0.775904 19.453991 0.052297 0.022047 4.242236 0.109383 10.117899 4.865961 199.083280 0.283766 45.904912 0.171150
24700 0.725027 21.153815 0.159231 0.070781 4.236279 0.132213 10.660148 5.163578 199.646801 0.393665 25.147314 0.157136
24750 0.587761 19.444963 0.056708 0.002433 4.235291 0.218551 13.732683 5.139108 194.572892 0.262302 6.692315 0.172009
24800 0.581312 20.244724 0.016556 -0.004493 4.238792 0.124299 16.513533 5.033563 203.394659 0.392117 13.293365 0.159698
24850 0.541210 18.467791 0.005455 0.003204 4.239683 0.355048 17.699112 5.217323 203.741289 0.547322 23.560509 0.166593
24900 0.478776 20.485221 0.007027 0.007104 4.243296 0.217294 11.521387 5.064047 190.772114 0.546377 12.277914 0.168029
24950 0.486472 18.128535 0.004639 -0.002135 4.245153 0.128442 6.002878 5.260819 196.134412 0.579482 7.030319 0.178534
25000 0.558800 18.159347 0.009860 -0.006005 4.244803 0.101272 6.734651 5.042983 207.516503 0.547186 12.231936 0.165043
25050 0.556163 15.481312 0.009061 0.000078 4.236997 0.135704 7.719118 5.059619 198.450654 0.583161 42.365622 0.157148
25100 0.737574 14.780888 0.061190 0.014217 4.230578 0.142441 10.189864 5.337516 196.941846 0.481939 47.268150 0.178822
25150 0.621700 18.589012 0.026511 0.001630 4.225102 0.171253 25.515850 5.457421 204.675704 0.504294 49.615283 0.175895
25200 0.516810 21.666583 0.137971 0.015406 4.227669 0.137868 21.138206 5.686870 204.038643 0.739899 30.165397 0.167119
25250 0.500860 21.697277 0.103336 -0.007145 4.225814 0.158524 22.082787 5.649520 188.385366 0.910730 44.851827 0.161972
25300 0.504975 16.431475 0.057650 -0.002313 4.223496 0.102465 7.810957 5.158393 186.803147 0.605355 46.015840 0.164035
25350 0.501040 17.562835 0.011993 0.003424 4.231513 0.117467 13.350371 4.729673 204.239605 0.683290 31.468379 0.158953
25400 0.472626 17.859029 0.016177 0.007310 4.227301 0.101064 5.457590 5.170155 208.751441 0.568494 13.992343 0.155129
25450 0.441611 18.854842 0.015917 0.003891 4.224199 0.102658 3.007948 5.170791 208.515716 0.874334 18.222529 0.165434
25500 0.402622 19.752357 0.008827 0.003836 4.221106 0.102323 2.901359 5.141600 192.246056 0.375894 7.845925 0.179046
25550 0.389773 17.378008 0.071360 -0.014901 4.221328 0.102596 2.676797 5.173835 196.311961 0.454777 13.037209 0.170082
25600 0.382022 15.592715 0.016556 0.002031 4.221401 0.119693 2.676797 5.380096 186.341016 0.415747 23.051563 0.172382
25650 0.391278 14.963559 0.017412 0.000735 4.223756 0.176951 2.676797 5.096493 200.531996 0.611042 11.286107 0.164628
25700 0.342249 15.706820 0.007646 -0.002077 4.226890 0.281176 1.585332 5.275863 212.136970 0.650606 45.864118 0.177002
25750 0.344958 18.431245 0.006524 -0.000220 4.227529 0.162054 1.918785 5.140254 200.385508 0.589487 29.608125 0.169147
25800 0.437643 16.793303 0.016109 -0.004259 4.229231 0.107732 1.837509 5.326220 190.852451 0.582740 19.057745 0.161393
25850 0.429351 16.765265 0.029502 0.005741 4.223878 0.152790 1.260573 4.923976 189.488854 0.688099 38.199067 0.167739
25900 0.371443 17.718646 0.017544 0.004649 4.215861 0.103451 1.260573 5.384627 198.027615 0.406205 18.532867 0.162554
25950 0.380599 20.243904 0.013700 0.002083 4.210727 0.297614 1.370628 5.061513 202.499123 0.436590 24.810984 0.167271
26000 0.371288 18.192109 0.014518 0.003184 4.207585 0.250170 1.362445 4.874013 218.480526 0.721726 16.067617 0.160056
26050 0.214927 19.366055 0.013899 0.001701 4.207106 0.279385 1.605575 5.137253 208.403647 0.365400 4.840981 0.160145
26100 0.293971 17.943778 0.021217 -0.010790 4.208799 0.217892 1.605575 5.014043 208.219290 0.469589 3.761782 0.175644
26150 0.274447 20.276904 0.023728 -0.008905 4.211702 0.157077 1.605575 5.072582 194.815597 0.707738 20.817740 0.166530
26200 0.209488 19.629732 0.006176 0.003914 4.213366 0.213969 1.605575 4.648322 190.874588 0.368293 34.551773 0.170928
26250 0.201169 16.793177 0.034103 0.018147 4.215193 0.193681 1.605575 4.688041 201.989176 0.235525 38.569548 0.169087
26300 0.369168 18.679901 0.043442 0.020045 4.215881 0.393905 1.891091 5.193634 205.947060 0.641989 40.180723 0.161083
26350 0.374838 19.380862 0.008927 0.006104 4.213933 0.160583 1.891091 5.228715 203.230834 0.756610 18.914800 0.162884
26400 0.396684 20.205286 0.015179 0.009444 4.211058 0.166854 2.164694 5.018936 200.106151 1.310634 19.201220 0.158546
26450 0.392767 21.431265 0.035280 0.024598 4.214378 0.156077 2.164694 5.151760 194.457648 0.652451 16.720165 0.168018
26500 0.421626 20.469219 0.135510 0.017072 4.212525 0.109043 1.791030 5.179337 189.594136 0.707010 32.203389 0.162273
26550 0.288058 21.639880 0.048019 -0.003263 4.212405 0.112613 1.736690 5.375828 205.835334 0.452716 33.789422 0.163209
26600 0.310401 17.597071 0.019496 -0.008207 4.214956 0.147796 2.266841 4.969761 206.636733 0.972006 27.189860 0.176901
26650 0.298738 20.161043 0.066281 0.012626 4.213059 0.169260 2.266841 5.009271 178.906252 0.872423 26.409861 0.172974
26700 0.302837 18.358083 0.006977 0.003042 4.205920 0.112479 2.266841 4.966035 188.092659 0.512320 11.491201 0.161539
26750 0.346489 20.610661 0.006787 -0.002958 4.208171 0.120420 2.266841 5.050869 206.072560 0.368471 36.641031 0.164555
26800 0.308165 20.668538 0.019772 -0.004285 4.210682 0.110128 2.266841 4.842486 197.966540 0.606476 40.568131 0.176956
26850 0.368337 18.406182 0.016249 0.003557 4.214179 0.127494 2.266841 4.878815 208.410078 0.426199 48.269223 0.168519
26900 0.398109 18.525318 0.015795 -0.000283 4.214358 0.217441 2.266841 4.359367 209.165049 0.432495 25.873867 0.158609
26950 0.508270 18.740043 0.024079 0.001543 4.220348 0.132248 2.266841 4.675795 197.623571 0.470196 46.122736 0.166212
27000 0.457911 18.316725 0.015033 0.003437 4.225512 0.115147 2.266841 4.978330 204.102774 0.985824 13.160735 0.172904
27050 0.412702 18.259042 0.024614 -0.016965 4.221833 0.163868 2.014467 4.276175 209.922686 1.252837 40.465607 0.170051
27100 0.392346 16.655347 0.015205 -0.021006 4.219138 0.295545 2.014467 5.311997 195.853989 0.770501 47.177911 0.171569
27150 0.312854 17.993482 0.037223 0.008056 4.223058 0.130962 2.014467 4.754133 192.363379 0.498879 25.741543 0.156045
27200 0.380078 20.166959 0.055114 0.024799 4.223431 0.166146 2.014467 5.436912 202.030956 0.519304 19.921874 0.157167
27250 0.332100 19.638665 0.019259 -0.000370 4.229303 0.121705 3.282106 4.903260 219.905146 0.868953 21.339049 0.164951
27300 0.417575 20.182729 0.014521 -0.003207 4.231964 0.138345 2.997788 5.142794 202.296190 0.369099 39.910325 0.167943
27350 0.435696 19.175658 0.021110 0.008874 4.230508 0.141940 3.824210 5.242946 213.753423 0.468393 16.038707 0.169602
27400 0.481241 19.364424 0.004919 0.001603 4.227768 0.173368 5.442314 5.221374 196.295047 0.505526 18.097600 0.177640
27450 0.465467 19.102569 0.003372 -0.000440 4.229455 0.597010 7.143311 5.139050 209.405415 0.494746 47.171628 0.162669
27500 0.413885 15.526747 0.002665 -0.000432 4.236293 0.560603 5.767135 4.889478 206.249074 1.051129 20.555693 0.165809
27550 0.435053 14.174590 0.006175 -0.000399 4.239830 0.446803 5.116550 4.775112 209.498923 0.650024 25.694475 0.173300
27600 0.473481 17.527014 0.001768 -0.000656 4.239413 0.255303 7.046293 5.278227 205.941235 0.446159 8.268549 0.162646
27650 0.487625 17.361438 0.015023 -0.004628 4.241587 0.132104 11.804264 5.196339 189.289940 0.453368 16.369114 0.170035
27700 0.564650 19.642137 0.011021 -0.002420 4.239521 0.328523 16.871921 5.031944 210.912880 0.624269 26.038215 0.169021
27750 0.493461 20.414753 0.005716 0.001471 4.240860 0.105607 10.361157 4.825196 206.724710 0.731490 13.352259 0.175713
27800 0.474700 22.482929 0.014540 -0.000636 4.241839 0.118559 7.784091 5.522596 212.945434 0.718665 26.744187 0.169427
27850 0.421822 19.830552 0.003748 -0.003850 4.245175 0.305837 8.463577 4.830912 202.343638 0.491000 10.885770 0.171689
27900 0.591866 20.823524 0.010910 -0.007374 4.248210 0.335469 7.969488 4.442074 197.336179 0.714329 26.095942 0.167331
27950 0.692677 20.085478 0.061435 0.002280 4.239877 0.241221 10.186573 4.900679 203.275071 0.440142 7.151266 0.174814
28000 0.517494 20.524207 0.048570 -0.003079 4.243559 0.153887 9.628793 4.820647 207.131794 0.347018 10.345564 0.162669
28050 0.530360 18.414001 0.024695 0.010129 4.244691 0.165750 7.530915 5.244672 207.800599 0.703622 8.155450 0.171419
28100 0.455979 16.765653 0.058986 0.029012 4.254939 0.184482 6.407714 5.007945 190.908706 0.441990 27.264463 0.170119
28150 0.482879 16.550014 0.044163 0.001995 4.252725 0.185509 4.781780 5.127643 196.136798 0.376994 27.989542 0.178198
28200 0.380942 18.558643 0.034217 0.018918 4.251145 0.159530 6.475025 5.059125 192.094463 0.321472 10.334743 0.177415
28250 0.447641 17.597902 0.031387 0.046890 4.254771 0.106831 4.605697 5.120267 197.382927 0.244173 9.313643 0.160766
28300 0.430139 17.361400 0.042358 0.074817 4.251912 0.168342 5.698949 4.707931 201.894920 0.634100 14.130107 0.164691
28350 0.452939 18.336705 0.019959 0.014045 4.254686 0.103120 5.291203 4.986409 200.288385 0.452848 3.581849 0.170900
28400 0.425482 21.642413 0.017434 0.009990 4.257828 0.103120 6.231811 4.905538 205.061585 0.742398 3.898592 0.163144
28450 0.417563 20.179875 0.017253 -0.000862 4.254724 0.106685 6.505609 4.753846 202.490973 0.659441 2.273184 0.179672
28500 0.483794 21.830176 0.078078 0.006769 4.257263 0.118851 6.811077 5.017157 201.200876 0.839201 0.816385 0.174785
28550 0.523702 23.991428 0.038528 0.000188 4.260021 0.184857 5.619335 4.905258 201.511228 0.646074 0.816385 0.170332
