0 8 2.830000 24.210000 3.683874 49.615784 1.019793 4.917565 
50 14 2.499050 23.716990 3.746865 44.159590 0.408906 8.430281 
100 10 2.626246 24.071045 3.777707 57.325207 0.399937 2.575939 
150 9 2.418639 24.157788 3.779870 41.877033 0.356029 5.299926 
200 11 2.501464 26.259323 3.786969 42.648051 0.206475 6.151261 
250 11 2.429372 25.988769 3.823383 39.555968 0.338159 3.357023 
300 12 2.488060 26.208485 3.843335 45.465733 0.337508 1.313013 
350 13 2.305722 25.302487 3.776708 40.447550 0.328131 1.483925 
400 10 2.418074 25.133693 3.730835 46.661081 0.406414 0.487155 
450 14 2.330160 24.285610 3.762645 46.055085 0.246406 0.320744 
500 10 2.321786 25.293203 3.759176 55.345974 0.173993 0.588417 
550 10 2.287152 25.093056 3.861658 52.279237 0.324078 1.382995 
600 10 2.148939 24.472373 3.820337 56.744776 0.252068 8.621991 
650 12 2.052695 26.260188 3.815585 55.255419 0.308638 10.531547 
700 11 1.946731 27.343543 3.833648 57.857010 0.458483 11.755593 
750 11 2.097268 27.593995 3.835530 56.453475 0.291054 4.275073 
800 10 2.069827 26.408650 3.837665 54.070923 0.333831 3.076057 
850 11 1.945194 26.193613 3.794715 55.313110 0.480872 4.276246 
900 11 1.887036 25.518025 3.794715 55.313110 0.295191 5.063807 
950 11 2.039034 25.782317 3.895849 52.972593 0.278843 1.555046 
1000 11 1.754332 24.926377 3.760481 86.434490 0.330313 1.716307 
1050 12 1.610676 25.331175 3.701265 65.937772 0.379823 2.391326 
1100 13 1.772947 24.621487 3.717024 65.476348 0.296576 3.221628 
1150 13 1.522774 23.668654 3.807417 59.183160 0.351428 1.940778 
1200 10 1.560699 24.126881 3.752329 75.812800 0.323264 1.999890 
1250 14 1.299917 23.800065 3.809421 61.955248 0.293214 2.473908 
1300 13 1.174276 23.989278 3.878634 57.447567 0.338961 2.588788 
1350 14 1.256573 23.673551 3.784946 70.166692 0.239646 3.616168 
1400 14 0.863820 24.513493 3.924955 40.479818 0.238771 6.562847 
1450 12 1.499064 22.153316 3.971568 57.668116 0.277363 9.521061 
1500 12 1.489475 24.398693 4.010842 58.722836 0.248241 7.619431 
1550 9 1.404611 23.187029 4.024587 59.021289 0.309260 5.098626 
1600 12 1.392848 24.390143 4.006082 47.603991 0.252830 5.610283 
1650 15 1.276490 22.578235 3.991958 51.403244 0.322935 4.735330 
1700 12 1.470415 23.453307 3.955251 46.225601 0.407333 1.732481 
1750 10 1.452938 22.800325 3.952552 66.228443 0.306706 2.431410 
1800 12 1.492887 22.925479 3.979168 56.792214 0.223086 4.257456 
1850 13 1.586015 23.191709 3.966854 35.728223 0.279113 5.054280 
1900 9 1.684331 24.135478 4.031162 71.329615 0.256468 7.145007 
1950 10 1.661783 24.873569 3.942005 58.426127 0.228252 3.524757 
2000 13 1.679537 24.380209 4.227768 38.190080 0.163509 0.872852 
2050 12 1.688296 24.260921 4.247862 39.719684 0.245980 1.314695 
2100 11 1.542471 24.382559 4.122834 36.416861 0.167261 2.385848 
2150 14 1.735442 25.060325 4.032716 41.726094 0.129014 3.295746 
2200 13 1.688177 24.784873 4.059264 32.516249 0.137693 2.433890 
2250 13 1.622396 24.895467 4.263012 41.304838 0.166097 3.745950 
2300 13 1.597814 24.825432 4.133023 45.668560 0.195061 5.297460 
2350 13 1.601231 26.478815 4.057527 55.907882 0.217321 19.224394 
2400 13 1.694915 26.046346 3.995509 49.249158 0.264218 17.479203 
2450 13 1.809455 26.511154 3.976361 48.029290 0.239313 16.596889 
2500 13 1.607930 26.425096 3.929704 56.177657 0.262415 6.004780 
2550 12 1.372143 27.494099 4.070456 53.517702 0.193550 7.683522 
2600 15 1.093819 27.539313 4.300030 39.287015 0.272474 5.197385 
2650 14 1.251927 27.295007 4.219565 42.886871 0.216384 13.979884 
2700 10 1.420647 25.999921 4.233508 45.812664 0.224192 11.420777 
2750 13 0.983680 23.118057 4.036552 64.902142 0.193666 11.325982 
2800 13 1.197337 25.210015 4.022162 59.303837 0.203655 11.872408 
2850 11 1.177939 25.200532 4.084620 54.594327 0.222062 21.623743 
2900 11 1.333785 25.216459 4.122124 60.350474 0.219883 26.366948 
2950 14 1.189450 26.102323 4.378691 32.177435 0.167972 28.179880 
3000 13 1.325346 25.544766 4.375986 41.751071 0.267729 33.459513 
3050 12 1.222798 26.265893 4.100906 61.754038 0.340233 23.920514 
3100 13 1.227158 24.808547 4.235026 51.822623 0.192477 30.084274 
3150 13 1.221622 27.534208 4.206999 46.657463 0.183257 17.069714 
3200 11 1.219956 28.172437 4.012217 67.567739 0.358244 48.524522 
3250 12 1.232384 26.681368 4.146825 41.463128 0.297118 92.146527 
3300 14 1.020500 24.223974 4.254673 29.110742 0.202646 55.881537 
3350 14 0.874350 25.596462 4.090239 50.172680 0.273870 93.517150 
3400 14 0.809710 22.261259 4.135950 50.603345 0.581566 81.200519 
3450 16 0.434024 23.604591 4.158459 72.739870 0.289174 111.680763 
3500 15 0.639487 21.488534 4.177552 64.048569 0.276425 56.142488 
3550 10 0.817142 21.314781 4.169083 50.983084 0.217101 59.999114 
3600 11 0.812354 27.434553 4.153691 58.496203 0.328988 51.423682 
3650 13 0.868018 25.222741 4.160152 46.375278 0.261614 54.182682 
3700 12 0.925996 27.275261 4.148161 61.868341 0.316821 57.313632 
3750 13 0.760072 29.621321 4.199933 62.679691 0.410474 57.642530 
3800 9 0.978469 29.077277 4.222427 74.494532 0.336685 83.770733 
3850 13 0.866529 30.715604 4.244912 82.246020 0.297822 137.055575 
3900 11 0.943013 32.729389 4.318191 23.113092 0.400906 224.483681 
3950 13 1.075315 31.064319 4.293870 47.007951 0.256341 1056.258559 
4000 14 0.951640 28.356333 4.328867 56.886058 0.211025 1980.546987 
4050 14 0.624096 22.038831 4.309741 41.264918 0.260362 364.020560 
4100 13 0.389280 24.472152 4.289063 54.169093 0.203408 101.368868 
4150 10 0.671976 22.780861 4.439468 60.805546 0.206502 94.067210 
4200 12 0.772915 23.457482 4.358661 55.348949 0.199132 104.996866 
4250 11 0.870604 24.340065 4.483878 60.154764 0.206536 210.691107 
4300 14 0.658864 22.044059 4.519130 56.208719 0.181277 364.074407 
4350 12 0.635106 24.158236 4.444317 35.718646 0.189163 350.128545 
4400 14 0.709254 30.222323 4.336275 29.355586 0.203141 196.132788 
4450 16 0.741401 26.427325 4.155187 46.532980 0.115664 195.400244 
4500 14 0.724355 27.955595 4.376690 66.195039 0.121694 271.761699 
4550 12 0.777228 34.198267 4.132179 64.649837 0.211149 144.300009 
4600 11 0.745663 31.786295 3.832457 67.207868 0.233265 112.044971 
4650 14 0.539574 33.750259 3.940800 62.584351 0.215403 96.755601 
4700 11 0.504735 34.123586 4.569531 66.047280 0.102428 113.690548 
4750 13 0.595143 33.470052 4.398335 50.238179 0.197324 46.382761 
4800 11 0.623075 29.223460 4.635509 48.640149 0.178806 104.748111 
4850 12 0.715126 28.999278 4.625132 37.923374 0.282602 243.339387 
4900 14 0.693008 28.371857 4.473255 68.048143 0.150304 353.719889 
4950 12 0.469756 29.192727 4.774745 14.896587 0.242619 760.129456 
5000 12 0.516975 27.777239 4.605053 34.398485 0.373321 303.879271 
5050 13 0.478819 27.100815 4.540012 45.865332 0.268239 420.329126 
5100 9 0.590306 25.965013 4.540012 45.865332 0.268710 923.577305 
5150 13 0.775817 24.902054 4.534234 33.184993 0.316557 813.430281 
5200 13 0.677572 25.313380 4.219277 70.201991 0.558489 920.826053 
5250 13 0.610186 24.350165 4.128572 85.316815 0.473817 736.241032 
5300 15 0.433773 23.205388 4.450320 79.188832 0.506854 971.334346 
5350 13 0.250487 25.717534 4.588106 59.818963 0.609223 1268.774107 
5400 12 0.580058 23.528089 4.521187 42.292209 0.485281 1340.097196 
5450 15 0.513711 25.833545 4.560035 48.963035 0.450978 2850.672277 
5500 14 0.769407 24.704975 4.621310 63.760631 0.422985 1788.626432 
5550 13 0.864519 24.446550 4.776876 41.557647 0.351954 4088.587629 
5600 10 0.506831 21.009188 4.635596 49.809613 0.557701 2652.542258 
5650 10 0.606404 19.469654 4.528164 36.435101 0.534702 5294.300445 
5700 12 0.663201 16.933464 4.673548 32.075800 0.485922 4990.920877 
5750 11 0.757751 20.623660 4.545149 44.731676 0.296501 1685.152603 
5800 12 0.574013 18.408192 4.646351 59.024767 0.248956 1859.098740 
5850 13 0.305517 20.041641 4.626738 85.151682 0.467262 1272.401119 
5900 13 0.429671 21.756463 4.222302 85.283593 0.515137 882.337016 
5950 14 0.334620 26.098839 4.487994 62.850208 0.365343 821.740990 
6000 14 0.531888 24.621185 4.550744 43.234918 0.587475 611.820186 
6050 14 0.597880 24.184813 4.518874 26.327029 0.532564 808.340016 
6100 15 0.549204 27.433211 4.609580 22.786033 0.592247 1036.279770 
6150 14 0.223867 28.942040 4.566080 66.692246 0.520391 2808.539487 
6200 14 0.241966 29.807142 4.599939 30.242073 0.337697 3043.099254 
6250 14 0.347426 31.770211 4.586740 54.700975 0.433633 3303.227708 
6300 14 0.140994 31.488981 4.688629 45.998563 0.331298 1980.415251 
6350 14 0.022995 30.782689 4.666436 23.116180 0.484058 2307.047223 
6400 14 0.323486 32.895937 4.764739 48.135784 0.406036 3862.915625 
6450 14 0.299747 32.480855 4.836434 44.428504 0.460053 1448.533024 
6500 10 0.213766 22.203607 4.706008 53.428034 0.537887 537.601033 
6550 12 0.428405 26.529570 4.784390 52.768907 0.409077 817.977441 
6600 11 0.580828 26.084090 4.600146 30.611529 0.283637 982.590933 
6650 16 0.561252 23.642233 4.760174 20.413251 0.390741 970.459867 
6700 13 0.206654 21.925448 4.722754 22.216112 0.514005 1007.635000 
6750 13 0.527843 21.882510 4.520464 69.668685 0.439746 2029.510228 
6800 15 0.514440 25.978162 4.649195 13.968904 0.574215 4043.627200 
6850 11 0.401335 26.329424 4.644764 57.012079 0.408573 1276.897259 
6900 13 0.340603 23.239533 4.323398 49.061784 0.400932 486.481472 
6950 12 0.424083 27.992591 4.007929 114.118862 0.293667 327.010670 
7000 10 0.148085 23.638463 4.651602 87.397883 0.301177 342.429432 
7050 10 0.196729 21.488508 4.683699 69.356336 0.295118 1354.543995 
7100 16 0.154350 26.180800 4.544842 97.042434 0.336105 565.512248 
7150 13 0.231899 23.596515 4.720325 79.196763 0.416667 1122.029994 
7200 13 0.157556 25.072438 4.671011 25.028592 0.486569 3423.349395 
7250 11 0.215232 29.479599 4.742112 40.915762 0.673623 8945.024193 
7300 11 0.166759 24.165784 4.591963 32.661029 0.337018 16662.638758 
7350 14 0.193615 25.110180 4.514806 61.392997 0.284579 7605.743400 
7400 14 0.212624 26.005070 4.695042 51.359070 0.330518 12045.199292 
7450 12 0.251861 25.255755 4.760773 66.465985 0.380223 12436.820265 
7500 17 0.147941 26.986075 4.771810 48.124675 0.250039 13386.019749 
7550 13 0.109963 30.383553 4.864449 47.604359 0.502120 15610.742574 
7600 12 0.228207 25.125158 4.685399 56.703101 0.331505 16461.497545 
7650 14 0.489860 26.440073 4.584645 50.032256 0.517270 37858.275811 
7700 15 0.520106 31.878523 4.546454 38.239459 0.219567 43209.436550 
7750 14 0.468845 34.913370 4.787881 49.422370 0.619462 45847.618087 
7800 16 0.123873 35.656296 4.663902 56.006421 0.542908 60641.418828 
7850 13 0.236132 41.345820 4.500348 62.765777 0.641255 22146.629450 
7900 12 0.231432 44.780237 4.376318 64.723982 0.642322 21343.655433 
7950 14 0.148965 37.346910 4.658413 43.307799 0.369102 12399.830925 
8000 15 0.131830 38.976828 4.473577 63.126837 0.564809 4666.385395 
8050 14 0.323443 39.035659 4.617293 79.347205 0.425179 12846.784122 
8100 12 0.158524 43.380849 4.738362 9.501944 0.427294 44187.896173 
8150 13 0.350790 44.629988 4.934192 38.116209 0.303511 14147.375634 
8200 11 0.314631 38.998221 4.799082 29.611971 0.599403 7367.739467 
8250 13 0.533034 36.081613 4.591429 39.825241 0.616043 21145.983799 
8300 14 0.487196 38.661698 4.464737 41.347401 0.508122 15008.334653 
8350 10 0.417080 33.614058 4.556082 35.973520 0.605530 18691.676431 
8400 16 0.403723 34.930239 4.709006 49.742710 0.504331 16873.635204 
8450 13 0.128844 31.992077 4.523786 97.448541 0.456254 21265.298618 
8500 13 0.203917 36.077949 4.750584 43.836443 0.516751 10290.174642 
8550 13 0.176235 29.831248 4.912536 19.941581 0.513666 19765.655221 
8600 12 0.350465 23.746835 5.007406 28.045732 0.698084 24518.194656 
8650 14 0.325378 30.919394 4.484839 47.188199 0.578626 11221.872018 
8700 15 0.241998 34.276648 4.809337 40.418163 0.643777 20453.530623 
8750 14 0.307174 36.196680 4.723198 20.176772 0.565590 19705.464346 
8800 13 0.179005 31.084922 4.715686 39.813078 0.390811 10205.461703 
8850 16 0.331195 38.061360 4.386216 49.101602 0.371798 3735.382530 
8900 13 0.364440 40.678083 4.617455 37.985076 0.376974 3060.040686 
8950 13 0.230376 40.904105 4.792790 65.073487 0.361185 4062.469248 
9000 11 0.109143 34.746660 4.694336 38.027695 0.296898 1355.987422 
9050 14 0.221073 43.159406 4.801886 22.904218 0.294548 980.354031 
9100 15 0.314435 42.559154 4.751785 44.844137 0.198472 571.254696 
9150 13 0.343466 44.020701 4.601177 40.079817 0.219948 437.272347 
9200 12 0.228910 47.904536 4.884380 55.646460 0.454145 1301.748284 
9250 12 0.260393 48.745766 4.629826 48.173941 0.441308 582.449122 
9300 13 0.131935 37.639506 4.871283 47.595344 0.644029 785.221721 
9350 12 0.165776 36.372637 4.757696 45.157425 0.291802 476.504969 
9400 14 0.179791 36.824815 4.622275 44.039518 0.262617 228.808727 
9450 10 0.141274 41.934568 4.655737 43.914147 0.224871 309.223905 
9500 14 0.155485 40.345013 4.621379 45.661511 0.261457 414.979364 
9550 12 0.127496 40.070244 4.621379 45.661511 0.330198 393.545107 
9600 11 0.238462 41.981429 4.621379 45.661511 0.384036 566.037874 
9650 12 0.163229 44.330109 4.853481 30.780909 0.564762 914.601501 
9700 12 0.311364 38.770668 4.702183 34.557629 0.715237 1552.677155 
9750 10 0.146226 34.647614 4.694717 19.371457 0.758717 2022.441825 
9800 12 0.348904 34.593538 5.089661 5.253408 0.782760 1023.100832 
9850 14 0.349126 31.522060 4.801215 17.370110 0.661758 462.958448 
9900 11 0.473715 36.443698 4.913151 50.644232 0.527682 698.467960 
9950 16 0.446500 38.367518 4.684245 40.204416 0.439628 583.314821 
10000 14 0.563056 39.585650 4.501080 38.626161 0.652851 459.697641 
10050 10 0.419366 40.277189 4.562674 41.932237 0.307938 577.825664 
10100 11 0.370014 44.445531 4.567003 51.458541 0.344650 1773.255112 
10150 13 0.128263 50.231126 4.740333 37.988208 0.287480 5818.830774 
10200 15 0.135486 46.757215 4.837290 34.174356 0.295534 3946.571312 
10250 8 0.106943 44.493818 4.810421 50.424443 0.280518 2113.520844 
10300 12 0.165117 43.186872 4.566451 77.273003 0.367341 3136.753847 
10350 15 0.311571 44.212411 4.520257 87.090306 0.384936 1272.544844 
10400 12 0.235610 44.008720 4.861816 55.510445 0.641225 2096.574748 
10450 12 0.363044 42.501337 4.805885 44.877404 0.401128 2846.397794 
10500 14 0.254517 50.964896 4.482603 50.802298 0.342043 4149.972453 
10550 11 0.198788 44.606545 4.476381 65.334796 0.633890 1411.554423 
10600 14 0.191312 43.933608 4.701009 45.070458 0.424196 1121.237362 
10650 14 0.429097 45.151460 4.782766 28.058499 0.476726 979.794222 
10700 13 0.346693 48.864756 4.644409 10.632910 0.409785 1313.440646 
10750 14 0.458672 41.765556 4.440535 56.399260 0.491125 1180.956444 
10800 13 0.366208 40.898125 4.449084 46.643954 0.412906 2857.593029 
10850 12 0.405018 44.232470 4.725291 50.500574 0.374501 1275.490101 
10900 13 0.359442 46.957297 4.450536 38.463122 0.901300 791.923652 
10950 15 0.279601 38.758207 4.767157 50.894559 0.275849 483.911075 
11000 12 0.514108 41.697913 4.827195 40.834920 0.259192 497.698518 
11050 15 0.414021 36.298328 4.720201 35.050319 0.501170 661.459837 
11100 15 0.360395 36.991523 4.857834 41.922613 0.678886 2274.141875 
11150 12 0.392693 35.861062 4.894673 41.880182 0.544542 2303.478783 
11200 11 0.720717 37.041864 4.871596 41.566789 0.395042 1898.246329 
11250 12 0.328850 36.482073 4.798973 39.085066 0.591372 5916.785070 
11300 14 0.171701 38.497736 4.798973 39.085066 0.528268 3682.363658 
11350 12 0.135602 43.038809 4.719055 37.145180 0.499011 4200.508954 
11400 13 0.414910 38.205356 4.559624 41.596945 0.195988 4718.864877 
11450 12 0.438861 31.649567 4.789294 53.265166 0.316809 4806.886383 
11500 12 0.328840 30.465021 4.786193 31.943805 0.286283 9823.721867 
11550 13 0.421352 29.007988 4.733922 36.688091 0.322050 19895.636386 
11600 12 0.265203 22.012414 4.850262 55.327169 0.732533 25505.301267 
11650 13 0.345482 28.905408 4.625145 63.541402 0.508477 15380.294390 
11700 12 0.405109 30.921656 4.549478 65.394899 0.573054 8110.074801 
11750 14 0.397157 28.474535 4.637438 58.615477 0.935586 16041.244611 
11800 11 0.726112 28.017373 4.700735 51.551490 0.937067 23105.271529 
11850 15 0.558699 28.349336 4.566539 27.823442 0.859898 9401.746693 
11900 16 0.387107 27.634941 4.578651 29.263976 0.754701 3273.187766 
11950 12 0.420321 28.455741 4.814576 44.273943 0.613811 2288.534066 
12000 12 0.385607 31.079978 4.623062 45.060071 0.701273 4843.870975 
12050 15 0.170828 32.110406 4.779497 17.702703 0.790347 15963.359304 
12100 14 0.648324 30.821514 4.683613 20.548673 0.607739 10769.191236 
12150 11 0.531631 28.405138 4.548349 54.091791 1.005517 8623.213911 
12200 14 0.595822 32.982546 4.665938 45.996345 0.838361 8345.593865 
12250 11 0.857003 36.833011 4.576853 38.440250 0.864510 4992.489581 
12300 13 0.814948 35.305221 4.571661 57.889849 0.401421 2444.022495 
12350 11 0.431958 36.549512 4.157732 162.232209 0.506902 1544.205766 
12400 16 0.590479 31.391888 4.140858 50.181705 0.682961 2688.835043 
12450 13 0.808661 43.903688 4.333472 60.893346 1.235654 2707.103159 
12500 11 0.692660 42.953826 4.495498 43.055534 0.948950 5575.236983 
12550 15 1.014623 42.066732 4.496570 30.848642 0.999392 4175.064157 
12600 17 1.060253 42.955699 4.486650 24.859515 1.215951 14607.420788 
12650 12 0.858544 32.688874 4.496934 51.284932 0.949541 6346.715925 
12700 13 1.070453 42.180928 4.610504 32.346546 0.668787 4257.318985 
12750 11 0.935008 45.890996 4.698613 42.293321 0.402886 4022.678403 
12800 15 0.611869 43.190744 4.391932 37.502558 0.525997 16172.711179 
12850 14 0.929253 42.878309 4.064622 61.364537 1.143126 20788.443926 
12900 13 0.998574 38.023088 4.129666 56.522388 0.669633 5583.804972 
12950 12 1.487551 45.871314 4.181674 43.697140 0.821440 9265.381848 
13000 12 1.855791 35.210098 4.406831 36.771385 0.790452 4000.798544 
13050 12 1.545608 39.749579 4.449880 35.733173 1.002538 9358.732446 
13100 14 1.317642 42.198204 4.455001 36.965713 0.498645 4713.645336 
13150 13 1.016301 45.417313 4.530146 35.692539 0.291516 2199.564892 
13200 14 0.756352 38.468149 4.441156 23.974982 0.469988 3946.328779 
13250 12 1.006983 36.302971 4.498598 32.179259 0.441746 6750.238303 
13300 12 0.732733 45.732713 4.603154 28.245206 0.293300 2596.354715 
13350 14 1.043475 37.965449 4.513133 39.798720 0.258680 6554.893512 
13400 16 0.923655 41.864450 4.530585 34.494236 0.326588 18143.269803 
13450 13 1.034856 42.560932 4.254333 37.800557 0.261968 21922.780454 
13500 12 1.145836 43.767782 4.540613 34.928765 0.297710 54820.920880 
13550 14 1.296323 39.997297 4.024599 53.194994 0.311152 32788.870650 
13600 12 1.529582 36.530902 4.056873 37.547235 0.471778 25987.671931 
13650 12 1.135812 39.664352 4.358156 28.508394 0.424874 14621.601311 
13700 13 1.287332 31.982838 3.901890 54.182288 0.340951 5307.400838 
13750 13 1.479971 34.137238 3.813192 56.837201 0.244265 7526.791315 
13800 13 1.465184 40.832269 4.325293 22.584309 0.641648 1356.220488 
13850 11 1.664119 34.026700 4.745402 24.681494 0.595375 788.728929 
13900 12 2.011889 34.457604 4.682052 20.707847 0.516687 950.168075 
13950 15 2.105737 36.963644 4.657283 10.853318 0.394166 1289.129571 
14000 14 1.791193 40.512584 4.647787 7.296406 0.589836 2088.005629 
14050 11 2.149565 40.962193 4.726103 3.984335 0.481162 2710.707057 
14100 11 1.996435 37.023692 4.506629 4.704040 0.603920 2860.084079 
14150 11 1.888802 46.512473 4.281366 57.588016 0.524912 3562.634413 
14200 10 1.286833 42.113946 4.277307 41.335084 0.429807 1214.557429 
14250 12 1.874360 36.187352 4.180046 50.271215 0.518304 990.921436 
14300 12 1.608366 39.208108 4.264560 24.076810 0.321775 700.378118 
14350 14 1.400807 32.639940 4.206543 22.820626 0.335140 2732.487159 
14400 10 1.009365 28.624076 4.614591 33.314231 0.384099 2984.944556 
14450 15 0.681071 28.483484 4.452346 27.359581 0.497525 9912.789252 
14500 13 1.125866 24.595604 4.743192 28.269544 0.455986 17282.386663 
14550 13 0.890563 29.774745 4.674414 32.796467 0.335734 12720.957104 
14600 13 0.534416 31.885691 4.659748 20.856485 0.415526 10287.035595 
14650 13 0.939166 33.372079 4.414806 20.673424 0.344151 6755.290252 
14700 10 1.061986 29.694838 4.584346 34.830586 0.312625 4672.950844 
14750 15 0.748088 25.689655 4.410078 47.786102 0.339705 4178.008392 
14800 12 0.845442 21.718312 4.459274 55.063376 0.501180 3817.902150 
14850 10 1.037142 26.826833 4.287565 52.458018 0.371313 5643.038048 
14900 14 0.822390 27.256370 4.431436 82.227763 0.527657 9143.001327 
14950 14 0.744006 29.534403 4.503215 32.092524 0.492540 3153.790244 
15000 13 0.847139 29.140655 4.457622 66.521307 0.647874 2397.957492 
15050 8 0.830247 29.099555 4.336497 77.593060 0.576109 2734.515013 
15100 12 0.841661 24.921879 4.304192 42.721203 0.553001 8063.351221 
15150 12 1.083659 29.356339 4.420847 35.338285 0.612314 15420.947930 
15200 13 0.891792 31.624079 4.296750 36.098988 0.238560 8153.904459 
15250 14 0.903003 30.816527 4.314161 68.993698 0.227123 12111.040899 
15300 13 0.922815 30.351237 4.325192 60.386796 0.664405 7171.175046 
15350 14 1.065098 30.415726 4.341999 37.246604 0.672360 11164.240604 
15400 11 0.812247 26.940788 4.288507 45.754523 0.872655 5829.213390 
15450 13 0.805345 26.313737 4.339767 63.821737 0.815508 2002.699125 
15500 12 0.838648 19.995789 4.202765 50.790644 0.896993 924.010606 
15550 12 0.767572 21.313426 4.292959 62.090467 0.451339 469.321414 
15600 14 0.856419 23.552751 4.373099 10.297027 0.556745 615.743331 
15650 11 1.380352 24.281724 4.395194 43.533090 0.288908 537.038760 
15700 10 1.268884 26.596040 4.381341 51.955834 0.480624 643.919849 
15750 9 1.686212 26.333589 4.383951 43.612249 0.257425 761.545070 
15800 14 1.408908 28.472320 4.422142 33.383948 0.374445 996.338430 
15850 15 1.263944 28.369836 4.390809 40.457157 0.345072 723.935630 
15900 13 0.995662 28.092751 4.388244 42.594684 0.442592 1744.945167 
15950 12 1.347878 26.629326 4.308229 35.721932 0.366190 959.553565 
16000 13 1.405674 25.266364 4.207457 37.761002 0.314563 798.927153 
16050 14 1.156239 24.658740 4.283244 33.624189 0.222411 1053.497345 
16100 12 1.421527 24.968490 4.409313 37.049284 0.273896 3241.616476 
16150 14 1.255987 25.636065 4.409313 37.049284 0.295173 6894.465063 
16200 12 1.552807 26.136578 4.442962 37.514477 0.464002 7407.436603 
16250 15 1.622238 27.981451 4.442962 37.514477 0.454316 1722.748033 
16300 11 1.058820 27.781375 4.442962 37.514477 0.484076 898.238215 
16350 12 1.028009 26.847259 4.442962 37.514477 0.591649 725.037090 
16400 12 1.255647 27.959532 4.442962 37.514477 0.558975 1089.690358 
16450 9 1.110024 27.705113 4.376419 37.682980 0.283250 1410.263394 
16500 12 1.248479 29.533718 4.397178 39.119623 0.342432 1237.265347 
16550 12 1.246345 27.290102 4.343849 39.078429 0.338740 1770.625424 
16600 13 1.459937 31.262127 4.363555 38.810632 0.402861 2635.118321 
16650 11 1.285369 26.765703 4.363555 38.810632 0.305814 1840.158071 
16700 12 1.427740 26.312742 4.331517 38.376897 0.346232 3756.860962 
16750 13 1.250453 29.002827 4.225083 37.431855 0.343922 2558.627633 
16800 14 1.380510 28.395687 4.218379 38.293501 0.245077 1015.985715 
16850 14 1.099199 27.790858 4.263325 37.590409 0.388410 1455.149865 
16900 12 0.920525 26.655590 4.221294 38.707999 0.420067 1576.046648 
16950 14 1.009415 24.818885 4.360450 37.046514 0.402819 3572.624791 
17000 11 1.276330 26.161229 4.324086 37.745327 0.305027 2243.940511 
17050 14 1.050598 24.102859 4.302469 39.361555 0.243688 3001.113254 
17100 13 0.571163 25.494515 4.311855 36.884538 0.244296 4599.615577 
17150 12 0.869128 26.394556 4.286682 38.551407 0.323007 2216.518438 
17200 15 0.902329 26.649583 4.209864 33.674490 0.254951 3016.014608 
17250 13 1.038001 19.426016 4.416752 33.492210 0.248410 1121.691133 
17300 13 1.178211 18.574081 4.588749 35.210144 0.187704 2787.518322 
17350 14 1.050143 24.039083 4.713626 32.751049 0.407646 3744.414649 
17400 12 0.967055 27.791320 4.694235 34.421569 0.303863 2530.386067 
17450 13 0.996678 28.603579 4.676896 34.424359 0.278247 2868.756875 
17500 13 0.868001 23.694900 4.683264 37.280104 0.313041 1417.423815 
17550 14 0.951135 26.106576 4.504678 37.600274 0.736382 2498.675526 
17600 14 0.723091 34.590636 4.487818 35.298287 0.950875 4352.387774 
17650 14 0.452948 28.224755 4.641871 41.199120 0.531271 5548.917712 
17700 10 0.416363 33.283040 4.503357 64.068874 0.361531 3347.900375 
17750 12 0.672728 28.531393 4.526564 35.717534 0.249697 812.858686 
17800 12 0.779419 25.493787 4.513544 37.803472 0.374119 724.276842 
17850 12 0.773459 25.792534 4.498737 54.683879 0.299840 401.652248 
17900 9 0.686084 25.567577 4.439580 40.690717 0.203383 356.766857 
17950 14 0.683440 27.142790 4.570146 5.491548 0.238698 547.663458 
18000 11 0.409167 27.450788 4.550059 58.528537 0.511117 259.754146 
18050 13 0.643925 19.148400 4.612255 33.874119 0.448777 214.617051 
18100 15 0.626217 23.756306 4.558867 46.063792 0.588646 345.567544 
18150 10 0.926502 28.874443 4.461368 42.612373 0.686593 548.123705 
18200 13 0.564543 27.711304 4.245365 54.983581 0.519672 256.649643 
18250 12 0.712939 25.464972 4.330406 34.670185 0.259421 93.013085 
18300 12 0.629086 28.635290 4.327837 32.660536 0.258490 72.860233 
18350 10 1.080733 30.248706 4.080527 31.098271 0.310543 174.067073 
18400 12 0.885750 33.145511 4.202589 49.619079 0.365610 201.980850 
18450 11 0.985327 28.393446 3.983597 64.883616 0.282891 454.535073 
18500 10 0.887487 28.585790 4.454070 65.913133 0.233975 133.335768 
18550 12 1.043113 33.600397 4.288845 39.899444 0.301753 61.711010 
18600 12 0.963628 26.725675 4.715281 16.414325 0.208125 94.380541 
18650 12 0.689783 32.239908 4.228282 74.029936 0.170369 65.319497 
18700 15 0.932658 36.394725 4.567379 20.229347 0.250365 142.333221 
18750 12 1.086261 32.426553 4.474052 45.468539 0.268495 123.155759 
18800 14 0.926741 28.001181 4.694467 7.934399 0.232347 125.765850 
18850 11 1.076064 32.659778 4.310147 47.717436 0.209827 135.179243 
18900 13 0.864773 37.394363 4.358362 56.759825 0.299053 152.290031 
18950 13 0.966501 37.301170 4.089123 57.060890 0.393057 286.162709 
19000 13 0.908027 36.432397 4.053833 59.207728 0.495562 424.980302 
19050 13 0.810847 35.533412 4.216335 66.559394 0.550730 466.793235 
19100 11 0.931102 30.164936 4.403750 63.151670 0.498928 522.608950 
19150 13 1.100647 33.896146 4.352607 52.405736 0.624901 593.602287 
19200 15 0.647751 39.163633 4.416474 52.529999 0.567628 249.930203 
19250 14 0.916185 37.160205 4.424340 52.278345 0.301350 160.705303 
19300 13 0.892406 36.916691 4.396077 48.575725 0.295396 513.390353 
19350 13 0.748780 31.378290 4.469520 59.541093 0.514083 729.030691 
19400 12 0.622604 36.565515 4.422172 42.781772 0.416701 620.140526 
19450 12 0.560277 34.976735 4.395237 57.904353 0.434568 335.839962 
19500 11 0.579160 34.957831 4.453945 65.459758 0.423763 920.654465 
19550 13 0.629793 36.492654 4.548493 46.784402 0.427218 1428.040741 
19600 12 0.398693 31.631161 4.602895 53.624554 0.513518 1026.335654 
19650 13 0.542383 28.994353 4.609971 31.329375 0.262718 1877.675059 
19700 15 0.307823 35.272370 4.636908 21.970033 0.221227 2588.898349 
19750 13 0.458951 26.538024 4.412987 44.442805 0.374265 1681.725302 
19800 11 0.064678 32.130362 4.436313 45.486990 0.750661 1493.956230 
19850 11 0.076220 30.039876 4.754990 70.084052 1.159184 3403.883823 
19900 12 0.452931 30.495009 4.661580 48.972225 1.028945 3549.773758 
19950 14 0.262457 35.112783 4.651084 54.146241 0.918148 1483.917739 
20000 10 0.251128 33.953595 4.732231 52.743577 0.783981 2465.366553 
20050 15 0.059143 30.430908 4.936129 37.664312 1.133760 2350.800302 
20100 14 0.062182 38.914462 4.813717 79.158970 0.879333 2984.141005 
20150 14 0.381276 35.661356 4.836581 10.855075 0.554133 977.629939 
20200 12 0.191847 36.598961 4.718548 62.138625 0.569928 949.728313 
20250 11 0.368690 35.240671 4.791775 48.990603 0.478946 529.982100 
20300 13 0.464168 34.846050 4.779785 14.546103 0.260293 1276.853261 
20350 15 0.209729 35.878867 4.989502 67.035061 0.217113 1351.137751 
20400 13 0.241511 30.125540 4.947643 30.232533 0.265088 1814.221682 
20450 9 0.308847 32.861215 4.785069 34.307814 0.247950 2841.939076 
20500 15 0.383819 30.511995 4.742916 35.092021 0.443793 4327.149109 
20550 10 0.203469 36.036416 4.804453 36.683753 0.203863 5948.974742 
20600 16 0.161866 32.066257 4.783548 38.809161 0.483299 6681.653500 
20650 11 0.114224 37.380135 4.518461 76.837102 0.321110 3772.595565 
20700 12 0.155834 39.285719 4.731261 29.350580 0.356654 4620.179621 
20750 10 0.178408 32.483754 4.758295 44.189134 0.347417 7744.674107 
20800 14 0.081111 32.678604 4.556451 45.262269 0.248041 3328.522959 
20850 13 0.134423 27.352802 4.694906 51.999007 0.362743 1829.189590 
20900 11 0.165641 32.930421 4.613095 56.417664 0.366698 1684.872016 
20950 10 0.219572 32.842231 4.694743 39.797101 0.431470 1662.841095 
21000 14 0.290136 26.203758 4.762673 48.187680 0.332452 1183.793683 
21050 12 0.238673 25.669959 4.660471 35.477986 0.213005 907.371139 
21100 13 0.159131 28.077411 4.678583 63.107159 0.232242 415.914817 
21150 12 0.264221 29.812725 4.853574 30.196974 0.183513 577.118652 
21200 12 0.253313 29.810685 4.723203 37.257338 0.187111 287.499074 
21250 14 0.090965 30.691881 4.904499 31.993489 0.166101 209.502628 
21300 13 0.049166 32.881226 4.765652 35.715032 0.261157 233.300608 
21350 10 0.228760 37.297244 4.718480 23.639337 0.213924 164.287172 
21400 11 0.268076 32.367933 4.566835 33.625295 0.175801 50.017625 
21450 14 0.423772 27.391264 4.755924 48.801357 0.368804 47.761245 
21500 14 0.253916 27.007830 4.552122 6.706937 0.398280 58.745588 
21550 10 0.435485 28.682896 4.547995 108.329215 0.296602 54.088847 
21600 12 0.414094 28.242925 4.468701 5.443860 0.176829 26.214984 
21650 11 0.468751 25.554013 4.731028 65.882872 0.183701 17.771014 
21700 14 0.418612 21.203949 4.516182 81.214244 0.217548 13.162310 
21750 17 0.479240 30.759369 4.473851 54.404455 0.224282 30.400474 
21800 11 0.467384 25.102258 4.434157 78.992331 0.151010 32.901494 
21850 12 0.655010 23.232219 4.383682 40.207437 0.197688 32.815424 
21900 14 0.491772 26.873122 4.352551 46.966331 0.119040 33.497520 
21950 15 0.652164 24.175291 4.591628 40.497981 0.248257 26.358971 
22000 14 0.708498 25.626837 4.355233 41.854611 0.387660 33.053096 
22050 12 0.764699 22.281089 4.453565 51.298906 0.398848 38.615208 
22100 14 0.517548 18.770782 4.459847 34.677380 0.347743 38.740341 
22150 13 0.454373 20.551851 4.465925 42.169257 0.428546 62.107238 
22200 14 0.414190 22.808896 4.445598 53.451857 0.281939 29.246794 
22250 13 0.273551 24.005269 4.430281 69.572026 0.386279 25.386898 
22300 13 0.392819 20.961011 4.554466 55.657610 0.330268 78.134760 
22350 11 0.331624 20.442887 4.352712 98.476109 0.224392 160.323091 
22400 11 0.187776 22.471822 4.566707 98.685512 0.229750 152.424768 
22450 14 0.099309 19.458235 4.666391 44.169383 0.348548 85.899102 
22500 10 0.232590 14.201319 4.774787 65.920775 0.214062 105.108166 
22550 13 0.275890 20.735668 4.732900 32.901071 0.337860 184.921458 
22600 13 0.275214 25.533212 4.603463 24.437723 0.391226 274.604094 
22650 12 0.305465 22.610971 4.540206 88.839531 0.382418 119.093355 
22700 14 0.351146 17.752665 4.612820 39.974297 0.346863 184.800493 
22750 12 0.165521 22.028036 4.532622 33.967727 0.369223 124.935080 
22800 13 0.127481 25.536629 4.722534 42.334765 0.315316 82.789320 
22850 13 0.132570 24.733083 4.473734 26.892616 0.297179 140.983722 
22900 15 0.073811 21.856011 4.659439 41.625219 0.261089 97.984326 
22950 13 0.025113 25.380671 4.817227 30.089648 0.143556 110.193063 
23000 10 0.154485 23.793002 4.621220 70.712342 0.246218 108.337485 
23050 11 0.188640 18.811252 4.731988 58.546732 0.257302 287.719020 
23100 14 0.128264 23.217128 4.671969 44.834977 0.258964 376.388500 
23150 12 0.275925 25.232670 4.624766 16.081193 0.206656 223.985344 
23200 13 0.185539 26.330087 4.644859 51.998866 0.197422 533.129217 
23250 15 0.051841 25.958175 4.798946 54.611145 0.279153 195.279024 
23300 11 0.269914 23.967782 4.623511 106.052925 0.237957 105.629930 
23350 12 0.174974 20.666271 4.800649 39.628418 0.238749 161.932098 
23400 13 0.218955 27.709599 4.667887 15.778853 0.329472 222.982456 
23450 13 0.010233 25.776852 4.960607 6.433210 0.293015 108.729724 
23500 15 0.043421 36.006522 4.770713 34.636187 0.229139 169.711138 
23550 13 0.137691 33.567625 4.431185 32.400754 0.221226 104.771516 
23600 14 0.106009 24.903845 4.477445 48.178345 0.194110 36.565484 
23650 14 0.065881 30.581610 4.627540 9.233463 0.246419 29.582530 
23700 13 0.133770 28.389507 4.687460 64.912508 0.123642 36.829997 
23750 14 0.069428 20.783714 4.824356 52.884419 0.168505 29.600274 
23800 16 0.062273 27.918776 4.677842 53.036842 0.266028 92.496345 
23850 10 0.232047 22.520735 4.696869 38.383349 0.204895 229.940375 
23900 11 0.174645 23.089114 4.741031 79.717433 0.232319 130.242449 
23950 15 0.208354 29.043979 4.631870 46.946908 0.293549 66.281495 
24000 16 0.163194 28.772903 4.620753 25.871330 0.325700 182.006437 
24050 15 0.133502 24.054770 4.656462 25.233398 0.297382 126.213041 
24100 11 0.164493 25.624971 4.540492 51.805439 0.277426 140.351160 
24150 12 0.179967 28.299165 4.724715 51.181596 0.269952 208.481775 
24200 14 0.077679 27.981464 4.703141 74.501802 0.322019 101.533186 
24250 15 0.157302 27.998725 5.011241 45.536677 0.314756 196.319541 
24300 11 0.096200 30.812457 4.859232 8.225524 0.329528 256.309095 
24350 13 0.035298 31.864831 4.868185 35.772569 0.270587 466.095948 
24400 12 0.191622 25.552141 4.731941 61.711473 0.286325 675.363148 
24450 11 0.092176 25.403174 4.572076 97.479367 0.217753 726.981217 
24500 13 0.119243 23.220218 4.817504 17.559683 0.402996 239.542079 
24550 13 0.301206 19.892576 4.772597 53.779612 0.245215 775.753420 
24600 12 0.212475 12.699184 4.364957 129.815576 0.448271 591.325177 
24650 13 0.235219 20.305940 4.706505 45.024951 0.322061 1027.743212 
24700 14 0.232550 27.266883 4.667992 61.753575 0.407207 713.325676 
24750 12 0.227115 19.781257 4.388418 68.065393 0.289117 827.724339 
24800 13 0.244294 28.916700 4.454031 72.280232 0.443835 489.472288 
24850 13 0.118748 28.648293 4.768596 21.831307 0.424323 927.625041 
24900 12 0.167956 27.409698 4.428343 112.971899 0.365234 1225.061662 
24950 12 0.368405 29.149464 4.993642 44.762796 0.310311 419.079644 
25000 12 0.334436 25.515845 4.288722 39.326902 0.353309 1134.804258 
25050 12 0.250381 31.888528 4.596840 128.690851 0.374825 1695.045858 
25100 13 0.354668 26.693047 4.824454 12.542031 0.211734 1681.071553 
25150 15 0.361526 33.559320 4.670612 66.840995 0.252945 1998.044871 
25200 14 0.459533 33.131481 4.593828 34.869001 0.242060 1590.738803 
25250 14 0.134423 28.281986 4.643094 53.890145 0.218220 3798.856408 
25300 14 0.218676 38.142758 4.627369 46.692986 0.221423 4939.285284 
25350 15 0.265605 38.120234 4.743753 20.495444 0.385104 8851.959538 
25400 12 0.203539 37.680479 4.674735 107.022821 0.239460 3814.458285 
25450 11 0.229601 37.732702 4.787884 50.204878 0.416526 5999.734069 
25500 11 0.066933 31.320454 4.625011 73.206723 0.376562 3534.565905 
25550 12 0.294942 26.708244 4.635162 84.879075 0.307343 4485.416189 
25600 13 0.334389 30.536902 4.498747 41.178295 0.326351 9236.760128 
25650 13 0.411177 22.447541 4.193168 66.822413 0.306560 8981.618869 
25700 12 0.362768 20.156967 4.617914 31.417628 0.312321 17694.506027 
25750 14 0.316155 25.301319 4.647328 41.559196 0.674739 28298.100101 
25800 11 0.364678 28.250197 4.706070 22.004360 0.360161 30069.107916 
25850 13 0.312159 22.789956 4.608458 33.669766 0.433083 13143.631404 
25900 13 0.244690 35.966908 4.679757 37.304434 0.343625 8874.559003 
25950 13 0.322725 43.437619 4.665800 47.184791 0.357255 4024.804171 
26000 11 0.304277 40.201141 4.821068 9.758860 0.445214 10719.671705 
26050 12 0.356768 40.526490 4.328612 57.367534 0.673876 13794.799750 
26100 14 0.423156 41.609056 4.098832 88.814342 0.543727 15102.566102 
26150 16 0.191470 36.688099 4.632521 50.434844 0.811288 10759.229431 
26200 13 0.245481 34.584320 4.610681 48.580027 0.931914 11883.748261 
26250 15 0.251511 40.591370 4.812804 30.383082 0.804200 16468.441538 
26300 15 0.341590 38.965452 4.686212 41.701680 0.450309 73211.302507 
26350 11 0.288341 42.285947 4.690506 65.849578 0.566988 26682.696607 
26400 13 0.540902 45.792285 4.469311 37.019341 0.621311 14374.860940 
26450 11 0.760905 42.658774 4.565846 43.528012 0.391451 14370.670528 
26500 12 0.678878 41.407675 4.556031 28.876947 0.364040 7818.230019 
26550 14 0.668155 45.312586 4.253909 45.754764 0.565905 8172.016062 
26600 12 0.773540 41.498433 4.426487 61.106135 0.558378 3085.775312 
26650 11 0.446368 49.498193 4.618848 42.424004 0.894773 3584.727413 
26700 15 0.725353 48.091961 4.146415 63.145487 0.860754 3802.115606 
26750 14 0.617447 40.803344 4.418596 49.858260 1.035129 4060.102326 
26800 13 0.633591 34.334985 4.417987 53.346329 1.296530 1733.272105 
26850 16 0.663607 36.143232 4.283505 43.814693 1.253744 2897.622061 
26900 14 0.847102 26.556089 4.230830 75.704903 0.944726 5269.601617 
26950 14 0.782740 30.916907 4.117319 55.865305 0.745573 3445.281436 
27000 15 0.777993 26.944832 4.122302 60.200591 0.785989 2561.066601 
27050 13 0.854560 30.547894 4.126569 42.756689 0.962799 3197.130932 
27100 12 0.995918 34.415629 4.151550 60.430919 0.684946 1214.325837 
27150 11 0.911278 33.935284 4.206803 77.629328 0.709079 746.440613 
27200 12 1.067692 37.194459 4.195471 52.594775 0.547673 833.449055 
27250 14 1.260255 27.998252 4.086785 26.612192 0.469939 574.982193 
27300 15 1.153415 30.223386 3.781434 48.819950 0.318466 176.494850 
27350 12 0.992288 32.483950 4.159522 62.239254 0.338835 105.757380 
27400 13 1.142823 33.901375 3.884129 53.283910 0.237385 87.815235 
27450 11 1.096820 31.828735 4.229739 42.725829 0.316886 101.882381 
27500 15 1.171684 32.816396 4.483244 40.530218 0.222774 74.323431 
27550 12 1.231394 31.365801 4.284345 32.524162 0.375738 55.669737 
27600 12 1.088516 31.548372 4.303371 37.403120 0.262637 119.472997 
27650 13 1.127260 40.661997 4.300661 43.243335 0.388846 108.111399 
27700 12 1.231207 43.640486 4.372656 31.548418 0.369850 160.676912 
27750 11 1.187983 39.805587 4.405023 22.017629 0.237070 276.224405 
27800 12 1.184846 43.465199 4.317867 39.527796 0.421630 528.759564 
27850 11 1.477145 39.637124 4.118257 54.349400 0.500380 513.500759 
27900 13 1.150785 32.582533 4.160086 71.018561 0.519471 500.210397 
27950 9 1.185468 38.724669 4.112578 54.682391 0.410722 355.993309 
28000 13 1.067818 39.640264 3.960184 67.300697 0.408065 241.338736 
28050 14 0.787174 31.887297 4.209537 52.480994 0.448023 135.054740 
28100 11 0.658844 36.995694 4.186468 71.395033 0.436633 368.843245 
28150 10 0.605124 35.523804 4.169218 53.235394 0.472941 978.021481 
28200 11 0.465980 40.289058 4.284204 61.913396 0.623354 1883.072599 
28250 15 0.969143 46.977416 4.239792 72.034711 0.493522 1748.690081 
28300 13 0.630947 46.064588 4.189792 65.709302 0.513975 1061.486644 
28350 11 1.117291 45.069658 4.160872 71.420349 0.753001 485.854955 
28400 11 1.151229 38.976923 4.198758 38.821752 0.581642 1131.176689 
28450 15 1.078121 38.060805 4.244522 55.983964 0.745195 1375.802082 
28500 12 0.925477 40.166157 4.131951 49.847364 0.677181 2786.580594 
28550 10 0.868670 37.053880 4.131951 49.847364 0.514342 4490.128227 
