0 7 2.830000 24.210000 3.700000 47.000000 1.019793 4.917565 
50 8 2.800262 24.032066 3.761695 49.560573 0.408906 8.430281 
100 11 2.497999 23.456691 3.754000 45.690270 0.399937 2.575939 
150 12 2.563888 24.341200 3.722085 42.849269 0.356029 5.299926 
200 12 2.502723 25.115483 3.812030 41.016623 0.206475 6.151261 
250 12 2.482798 25.372671 3.789213 39.733098 0.338159 3.357023 
300 10 2.434921 24.576766 3.848551 41.179309 0.337508 1.313013 
350 12 2.389255 24.583474 3.764534 47.712196 0.328131 1.483925 
400 12 2.302053 24.507441 3.764705 41.049464 0.406414 0.487155 
450 9 2.361282 23.783647 3.778982 54.005626 0.246406 0.320744 
500 14 2.342631 24.503613 3.796216 34.717387 0.173993 0.588417 
550 10 2.291141 23.778411 3.808863 42.480957 0.324078 1.382995 
600 11 2.141488 23.462912 3.812871 43.156455 0.252068 8.621991 
650 12 2.159733 23.432668 3.795741 54.589554 0.308638 10.531547 
700 10 2.052787 24.725610 3.822007 55.573668 0.458483 11.755593 
750 10 1.968294 24.787817 3.827142 55.936090 0.291054 4.275073 
800 11 1.993228 24.190373 3.827142 55.936090 0.333831 3.076057 
850 12 1.863609 24.818930 3.794536 54.503764 0.480872 4.276246 
900 11 1.891893 24.772941 3.857353 56.091906 0.295191 5.063807 
950 11 1.741116 25.204565 3.812119 56.966590 0.278843 1.555046 
1000 13 1.720207 24.511624 3.728738 64.331940 0.330313 1.716307 
1050 12 1.600415 24.222198 3.952469 65.774696 0.379823 2.391326 
1100 11 1.647477 24.600735 3.887908 62.873071 0.296576 3.221628 
1150 12 1.714306 23.045964 3.814972 52.566929 0.351428 1.940778 
1200 13 1.636479 22.842472 3.923810 51.462357 0.323264 1.999890 
1250 11 1.452957 23.602450 3.874644 73.368024 0.293214 2.473908 
1300 13 1.553536 22.136508 3.874481 53.999911 0.338961 2.588788 
1350 13 1.414372 22.917946 3.586137 68.553620 0.239646 3.616168 
1400 11 1.648470 21.667566 3.957557 47.654544 0.238771 6.562847 
1450 13 1.383773 21.007268 4.002576 58.265279 0.277363 9.521061 
1500 11 1.504701 22.439943 3.946420 59.361220 0.248241 7.619431 
1550 11 1.467534 21.451896 4.045616 57.683848 0.309260 5.098626 
1600 14 1.278586 23.885749 4.063671 62.793674 0.252830 5.610283 
1650 9 1.408391 25.143578 4.093608 62.315564 0.322935 4.735330 
1700 13 1.681496 25.962281 4.171869 52.742665 0.407333 1.732481 
1750 13 1.431867 25.372581 4.168209 63.551461 0.306706 2.431410 
1800 9 1.940045 25.089533 4.283743 56.809239 0.223086 4.257456 
1850 10 1.589368 23.169033 4.433504 55.814141 0.279113 5.054280 
1900 12 1.543350 25.533518 4.307340 70.001372 0.256468 7.145007 
1950 12 1.655229 23.333951 4.383481 49.018255 0.228252 3.524757 
2000 13 1.656594 23.968388 4.174061 41.785955 0.163509 0.872852 
2050 13 1.653639 24.870679 4.067132 43.473201 0.245980 1.314695 
2100 13 1.649206 23.525167 4.065366 40.047665 0.167261 2.385848 
2150 17 1.605786 25.609625 4.078253 29.535599 0.129014 3.295746 
2200 11 1.719969 24.708458 3.923667 39.954402 0.137693 2.433890 
2250 11 1.661402 24.890554 4.030452 49.874157 0.166097 3.745950 
2300 14 1.812618 25.160971 3.894673 43.275580 0.195061 5.297460 
2350 14 1.490165 25.955334 4.121514 55.143200 0.217321 19.224394 
2400 11 1.518926 26.105965 4.142330 60.231949 0.264218 17.479203 
2450 11 1.775073 26.513288 4.096354 38.357252 0.239313 16.596889 
2500 13 1.268736 26.987463 4.067485 48.345082 0.262415 6.004780 
2550 13 1.465444 26.488050 4.123378 55.266990 0.193550 7.683522 
2600 15 1.638920 28.001013 3.909062 50.458079 0.272474 5.197385 
2650 12 1.801676 26.669179 3.781803 44.577372 0.216384 13.979884 
2700 11 1.861025 25.390582 3.628662 56.954528 0.224192 11.420777 
2750 14 1.364194 25.102213 3.689733 52.140612 0.193666 11.325982 
2800 14 1.259291 24.981746 3.878876 64.738030 0.203655 11.872408 
2850 13 1.273221 25.301221 3.894059 63.494549 0.222062 21.623743 
2900 14 1.313249 24.619940 4.014351 50.151187 0.219883 26.366948 
2950 13 1.303673 24.118693 4.144128 38.274192 0.167972 28.179880 
3000 8 1.296838 24.901244 4.181190 82.412906 0.267729 33.459513 
3050 12 1.366066 26.597059 4.083601 56.706657 0.340233 23.920514 
3100 12 1.485285 25.597583 4.132115 46.623066 0.192477 30.084274 
3150 15 1.257474 27.742799 4.070609 37.856951 0.183257 17.069714 
3200 12 1.298076 25.995673 4.278999 52.059511 0.358244 48.524522 
3250 10 1.298857 24.787877 4.142193 64.441114 0.297118 92.146527 
3300 15 1.060643 24.489586 4.184568 39.591422 0.202646 55.881537 
3350 16 0.815574 24.373528 4.128542 58.604283 0.273870 93.517150 
3400 11 0.869456 25.541324 4.160010 58.514671 0.581566 81.200519 
3450 11 0.971220 23.233654 4.149732 68.818656 0.289174 111.680763 
3500 14 0.613730 26.860027 4.184377 64.809318 0.276425 56.142488 
3550 12 0.795215 28.296054 4.157785 68.058752 0.217101 59.999114 
3600 13 0.744130 30.425181 4.162420 60.338201 0.328988 51.423682 
3650 11 0.981465 29.654125 4.165872 68.323614 0.261614 54.182682 
3700 12 0.788002 28.944216 4.165470 65.389945 0.316821 57.313632 
3750 13 0.878091 30.935464 4.213859 70.297972 0.410474 57.642530 
3800 11 0.952849 28.106645 4.207512 66.432668 0.336685 83.770733 
3850 12 0.782805 29.455596 4.229736 62.898765 0.297822 137.055575 
3900 11 0.947839 21.482773 4.253349 60.832862 0.400906 224.483681 
3950 13 0.791889 26.834538 4.312128 54.810315 0.256341 1056.258559 
4000 13 0.288537 26.839856 4.324889 50.605694 0.211025 1980.546987 
4050 10 0.103826 27.890223 4.312989 61.752349 0.260362 364.020560 
4100 11 0.575866 29.210231 4.327914 58.355169 0.203408 101.368868 
4150 14 0.668728 24.056278 4.311608 60.593183 0.206502 94.067210 
4200 11 0.788810 19.029719 4.320691 57.623825 0.199132 104.996866 
4250 14 0.684941 21.125521 4.434788 59.887114 0.206536 210.691107 
4300 14 0.705753 16.735812 4.435956 73.838383 0.181277 364.074407 
4350 14 0.749688 25.288124 4.542939 36.729910 0.189163 350.128545 
4400 13 0.689687 25.033926 4.260639 73.681067 0.203141 196.132788 
4450 14 0.725003 23.154688 4.097464 71.339365 0.115664 195.400244 
4500 16 0.692110 22.611733 4.246218 71.893081 0.121694 271.761699 
4550 14 0.776380 23.939713 4.287878 57.744533 0.211149 144.300009 
4600 14 0.838115 20.701573 3.857722 79.116020 0.233265 112.044971 
4650 12 0.612914 23.284918 4.480834 38.717838 0.215403 96.755601 
4700 15 0.374243 23.435891 4.527281 48.326602 0.102428 113.690548 
4750 13 0.665260 23.853317 4.447856 34.050571 0.197324 46.382761 
4800 14 0.715431 25.356504 4.704456 39.874987 0.178806 104.748111 
4850 12 0.582122 25.519197 4.434617 86.925226 0.282602 243.339387 
4900 15 0.532654 28.132080 4.248425 72.545523 0.150304 353.719889 
4950 14 0.481313 28.909772 4.450981 47.141173 0.242619 760.129456 
5000 9 0.508112 27.686436 4.704773 51.134644 0.373321 303.879271 
5050 11 0.487855 28.462072 4.926460 42.124732 0.268239 420.329126 
5100 11 0.712000 28.856190 4.876759 44.330377 0.268710 923.577305 
5150 15 0.532084 28.056006 4.562064 44.009563 0.316557 813.430281 
5200 10 0.676990 26.625229 4.664460 33.706788 0.558489 920.826053 
5250 14 0.779618 25.574981 4.140272 70.097680 0.473817 736.241032 
5300 15 0.534950 24.320776 4.308835 66.986572 0.506854 971.334346 
5350 12 0.268410 24.876459 4.341671 42.099145 0.609223 1268.774107 
5400 14 0.572152 22.326535 4.602186 43.116943 0.485281 1340.097196 
5450 14 0.476479 25.958297 4.489545 49.212249 0.450978 2850.672277 
5500 12 0.529841 22.940903 4.590844 50.172361 0.422985 1788.626432 
5550 11 0.657720 15.126119 4.491222 27.790599 0.351954 4088.587629 
5600 11 0.578110 16.397466 4.329082 47.858711 0.557701 2652.542258 
5650 14 0.200828 19.795659 4.569726 40.263981 0.534702 5294.300445 
5700 14 0.494490 16.914940 4.495095 69.503665 0.485922 4990.920877 
5750 11 0.600066 17.314794 4.441425 41.170253 0.296501 1685.152603 
5800 15 0.499110 17.070956 4.453784 31.500779 0.248956 1859.098740 
5850 11 0.551990 22.343389 4.554803 63.161882 0.467262 1272.401119 
5900 13 0.807773 24.168646 4.509450 20.709896 0.515137 882.337016 
5950 11 0.502970 25.817930 4.585732 45.976727 0.365343 821.740990 
6000 11 0.663793 26.880967 4.560368 24.189771 0.587475 611.820186 
6050 12 0.300458 25.013844 4.504456 94.077726 0.532564 808.340016 
6100 16 0.408270 28.343993 4.708699 19.500918 0.592247 1036.279770 
6150 12 0.257013 29.414636 4.720295 33.160280 0.520391 2808.539487 
6200 13 0.624330 28.308520 4.624836 51.261447 0.337697 3043.099254 
6250 13 0.564673 27.343906 4.427669 65.186394 0.433633 3303.227708 
6300 10 0.552130 31.593711 4.484347 57.712173 0.331298 1980.415251 
6350 12 0.506576 29.396541 4.470567 94.627435 0.484058 2307.047223 
6400 10 0.368520 28.265377 4.683694 47.954994 0.406036 3862.915625 
6450 13 0.529720 26.562771 4.677408 48.192053 0.460053 1448.533024 
6500 14 0.407917 25.676425 4.372961 52.019240 0.537887 537.601033 
6550 13 0.444217 27.013407 4.419287 60.803204 0.409077 817.977441 
6600 12 0.530012 30.542827 4.435629 51.057658 0.283637 982.590933 
6650 15 0.500348 22.845166 4.362684 35.712607 0.390741 970.459867 
6700 12 0.589154 27.511782 4.542007 17.724178 0.514005 1007.635000 
6750 14 0.169977 25.632689 4.461709 37.416618 0.439746 2029.510228 
6800 14 0.376104 25.508396 4.532189 60.522721 0.574215 4043.627200 
6850 14 0.383433 22.659745 4.573925 45.045721 0.408573 1276.897259 
6900 15 0.507510 26.916730 4.318534 77.058436 0.400932 486.481472 
6950 12 0.295842 29.056005 4.576460 43.074945 0.293667 327.010670 
7000 13 0.134118 28.941513 4.631790 62.032686 0.301177 342.429432 
7050 13 0.194694 27.638581 4.620732 66.944518 0.295118 1354.543995 
7100 13 0.103783 29.254855 4.636708 101.300303 0.336105 565.512248 
7150 13 0.206290 22.947992 4.579167 61.048645 0.416667 1122.029994 
7200 14 0.051069 25.699247 4.865430 24.060648 0.486569 3423.349395 
7250 15 0.246979 30.477753 4.621009 24.321729 0.673623 8945.024193 
7300 12 0.144868 22.526550 4.280317 53.515622 0.337018 16662.638758 
7350 13 0.223762 20.652962 4.621979 45.793623 0.284579 7605.743400 
7400 13 0.272432 26.663888 4.734002 53.709224 0.330518 12045.199292 
7450 11 0.272797 29.761412 4.754614 43.864858 0.380223 12436.820265 
7500 12 0.167968 29.704315 4.747102 57.281757 0.250039 13386.019749 
7550 13 0.175451 29.038319 4.681386 47.867375 0.502120 15610.742574 
7600 15 0.285066 28.185517 4.347344 50.774533 0.331505 16461.497545 
7650 13 0.423534 31.044730 4.722394 35.954197 0.517270 37858.275811 
7700 13 0.382355 34.402893 4.411539 27.355914 0.219567 43209.436550 
7750 16 0.459068 29.744501 4.342892 67.951859 0.619462 45847.618087 
7800 14 0.300519 40.122194 4.396692 80.616717 0.542908 60641.418828 
7850 12 0.282307 36.644528 4.603242 61.957723 0.641255 22146.629450 
7900 13 0.333470 42.915043 4.402890 70.551893 0.642322 21343.655433 
7950 14 0.093847 35.798175 4.497950 46.358489 0.369102 12399.830925 
8000 15 0.038422 44.918755 4.793880 53.689856 0.564809 4666.385395 
8050 13 0.195785 40.912460 4.572090 75.497677 0.425179 12846.784122 
8100 14 0.195829 40.966145 4.646336 32.435662 0.427294 44187.896173 
8150 10 0.593453 40.846181 4.669858 21.325875 0.303511 14147.375634 
8200 10 0.237891 43.040292 4.827604 36.366761 0.599403 7367.739467 
8250 13 0.434747 37.066747 4.614745 42.129490 0.616043 21145.983799 
8300 12 0.488885 37.075551 4.612853 48.193926 0.508122 15008.334653 
8350 11 0.439381 33.665627 4.413117 34.466690 0.605530 18691.676431 
8400 11 0.385464 26.931919 4.492543 103.705464 0.504331 16873.635204 
8450 14 0.234627 33.443512 4.310526 112.150057 0.456254 21265.298618 
8500 12 0.315983 34.144766 4.554745 91.914661 0.516751 10290.174642 
8550 14 0.264224 32.720096 4.637524 36.933543 0.513666 19765.655221 
8600 10 0.443167 30.647310 4.688675 40.384069 0.698084 24518.194656 
8650 13 0.319441 30.247020 4.534120 47.367122 0.578626 11221.872018 
8700 13 0.316136 35.004803 4.482592 34.847301 0.643777 20453.530623 
8750 14 0.261718 31.024827 4.540584 23.367556 0.565590 19705.464346 
8800 14 0.192083 28.168591 4.615564 36.611833 0.390811 10205.461703 
8850 14 0.197814 31.283879 4.651259 45.288266 0.371798 3735.382530 
8900 12 0.134497 32.840779 4.713849 42.578692 0.376974 3060.040686 
8950 10 0.295838 34.090854 4.740521 59.909346 0.361185 4062.469248 
9000 11 0.178421 41.752526 4.421801 78.676837 0.296898 1355.987422 
9050 13 0.094412 42.058581 4.624809 20.355539 0.294548 980.354031 
9100 12 0.178501 45.100862 4.778976 40.509981 0.198472 571.254696 
9150 13 0.217436 36.964727 4.803945 33.065434 0.219948 437.272347 
9200 13 0.316582 45.218181 4.583363 71.618596 0.454145 1301.748284 
9250 11 0.165307 45.711745 4.571689 45.945052 0.441308 582.449122 
9300 14 0.252247 48.238234 4.379264 46.549662 0.644029 785.221721 
9350 15 0.140682 47.413415 4.779969 39.125304 0.291802 476.504969 
9400 10 0.226021 47.248558 4.634604 44.137182 0.262617 228.808727 
9450 11 0.151626 47.562013 4.457019 47.384472 0.224871 309.223905 
9500 11 0.174008 47.027930 4.402652 43.966554 0.261457 414.979364 
9550 11 0.181235 45.077468 4.539898 42.401330 0.330198 393.545107 
9600 15 0.165465 42.889351 4.539898 42.401330 0.384036 566.037874 
9650 14 0.163396 43.916338 4.631679 67.894781 0.564762 914.601501 
9700 16 0.152959 44.090659 4.835551 32.688251 0.715237 1552.677155 
9750 12 0.288030 38.712421 4.621304 13.645670 0.758717 2022.441825 
9800 15 0.294521 35.557549 4.755671 71.415648 0.782760 1023.100832 
9850 15 0.203689 35.859330 4.662216 46.907080 0.661758 462.958448 
9900 13 0.522308 40.009746 4.521201 66.237616 0.527682 698.467960 
9950 13 0.446259 46.186038 4.519639 47.905963 0.439628 583.314821 
10000 13 0.183394 49.739990 4.488149 22.230422 0.652851 459.697641 
10050 13 0.258459 46.836383 4.451363 54.624354 0.307938 577.825664 
10100 15 0.419169 48.516183 4.357595 57.701547 0.344650 1773.255112 
10150 14 0.269144 52.531972 4.525182 36.720824 0.287480 5818.830774 
10200 10 0.150973 48.930662 4.696626 46.848877 0.295534 3946.571312 
10250 13 0.254869 54.360013 4.593625 48.357072 0.280518 2113.520844 
10300 12 0.283330 50.295277 4.669700 47.573764 0.367341 3136.753847 
10350 15 0.351354 45.492682 4.471721 55.361925 0.384936 1272.544844 
10400 13 0.609258 48.510323 4.454832 64.535687 0.641225 2096.574748 
10450 13 0.472262 49.038388 4.347234 82.891591 0.401128 2846.397794 
10500 13 0.304153 48.320565 4.617346 60.046469 0.342043 4149.972453 
10550 14 0.030555 49.067193 4.670026 39.246409 0.633890 1411.554423 
10600 11 0.039677 48.732832 4.631586 64.925385 0.424196 1121.237362 
10650 13 0.225208 44.317908 4.637423 47.555295 0.476726 979.794222 
10700 15 0.268237 46.936117 4.637956 62.700185 0.409785 1313.440646 
10750 12 0.290261 44.209136 4.722425 62.543871 0.491125 1180.956444 
10800 11 0.316174 47.374161 4.809343 47.195675 0.412906 2857.593029 
10850 15 0.172158 45.949747 4.541222 57.204207 0.374501 1275.490101 
10900 11 0.394961 43.902471 4.646877 38.247612 0.901300 791.923652 
10950 13 0.406175 44.602088 4.456957 37.380560 0.275849 483.911075 
11000 13 0.351730 35.218565 4.497041 41.662481 0.259192 497.698518 
11050 11 0.312066 37.927678 4.584723 41.792356 0.501170 661.459837 
11100 14 0.460234 38.105432 4.797871 41.202922 0.678886 2274.141875 
11150 14 0.480112 40.394973 4.666113 39.661851 0.544542 2303.478783 
11200 13 0.475784 39.911492 4.666113 39.661851 0.395042 1898.246329 
11250 13 0.236334 43.630684 4.666113 39.661851 0.591372 5916.785070 
11300 15 0.717385 40.270955 4.754558 38.483325 0.528268 3682.363658 
11350 12 0.791996 33.866386 4.629393 40.457714 0.499011 4200.508954 
11400 14 0.552225 30.511617 4.593679 34.601990 0.195988 4718.864877 
11450 12 0.383971 35.784024 4.598867 39.318282 0.316809 4806.886383 
11500 13 0.305405 28.775647 4.787284 25.448170 0.286283 9823.721867 
11550 12 0.408814 32.938460 4.458367 54.448542 0.322050 19895.636386 
11600 14 0.325291 28.577309 4.706985 38.183397 0.732533 25505.301267 
11650 12 0.319435 29.265279 4.589124 62.745769 0.508477 15380.294390 
11700 10 0.422551 31.110739 4.601272 99.141465 0.573054 8110.074801 
11750 12 0.394890 25.296834 4.644276 30.659660 0.935586 16041.244611 
11800 12 0.377324 29.972708 4.735566 45.851719 0.937067 23105.271529 
11850 11 0.344034 24.860192 4.948114 27.727887 0.859898 9401.746693 
11900 12 0.481250 24.808560 4.551235 38.840506 0.754701 3273.187766 
11950 10 0.410156 31.296811 4.718512 54.195757 0.613811 2288.534066 
12000 13 0.438282 28.457728 4.796374 11.781066 0.701273 4843.870975 
12050 14 0.289388 38.329556 4.561666 32.978815 0.790347 15963.359304 
12100 12 0.548095 36.132004 4.562407 19.664156 0.607739 10769.191236 
12150 11 0.490202 38.929411 4.513078 70.395119 1.005517 8623.213911 
12200 14 0.582350 36.279531 4.493306 61.799660 0.838361 8345.593865 
12250 13 0.867482 39.077713 4.647407 11.939684 0.864510 4992.489581 
12300 14 0.344401 35.686066 4.386069 100.698968 0.401421 2444.022495 
12350 12 0.598028 34.085261 4.197027 87.652042 0.506902 1544.205766 
12400 14 0.246931 37.126398 4.469140 51.782154 0.682961 2688.835043 
12450 13 0.783685 44.699960 4.528631 29.357479 1.235654 2707.103159 
12500 14 0.404214 42.014013 4.489413 29.073656 0.948950 5575.236983 
12550 13 0.683391 40.793885 4.349732 13.470076 0.999392 4175.064157 
12600 14 0.836561 36.327162 4.900057 35.068715 1.215951 14607.420788 
12650 9 0.495267 37.509853 4.403908 48.212445 0.949541 6346.715925 
12700 14 0.802524 34.037424 4.204342 35.724183 0.668787 4257.318985 
12750 13 0.608969 37.997688 4.581859 32.387289 0.402886 4022.678403 
12800 11 0.838958 41.089902 4.453991 37.507382 0.525997 16172.711179 
12850 12 0.925634 37.038658 4.352816 41.477488 1.143126 20788.443926 
12900 15 0.907133 43.445029 4.504182 27.699729 0.669633 5583.804972 
12950 12 1.087621 38.198496 4.189100 40.487309 0.821440 9265.381848 
13000 12 1.300893 37.043697 4.194013 38.973726 0.790452 4000.798544 
13050 14 1.599653 46.608258 4.368337 34.890126 1.002538 9358.732446 
13100 13 1.432982 30.406254 4.338149 37.029784 0.498645 4713.645336 
13150 11 1.186620 44.522488 4.376848 44.687212 0.291516 2199.564892 
13200 13 1.147402 39.892104 4.270376 37.603910 0.469988 3946.328779 
13250 13 1.359064 39.067840 4.265001 48.254298 0.441746 6750.238303 
13300 13 1.399551 38.157028 4.555846 14.065185 0.293300 2596.354715 
13350 9 0.788786 48.101468 4.524399 35.570244 0.258680 6554.893512 
13400 14 1.122774 43.336106 4.271651 22.980957 0.326588 18143.269803 
13450 12 0.947213 37.682191 4.738127 26.477375 0.261968 21922.780454 
13500 14 1.023082 36.476288 4.484439 34.958528 0.297710 54820.920880 
13550 12 1.337357 37.061779 4.517145 26.971773 0.311152 32788.870650 
13600 16 1.105708 37.110909 4.415205 18.234688 0.471778 25987.671931 
13650 10 1.158943 32.923716 4.524948 26.722004 0.424874 14621.601311 
13700 14 1.153082 36.405560 4.344554 33.759372 0.340951 5307.400838 
13750 14 1.445822 38.207528 4.404913 19.550158 0.244265 7526.791315 
13800 13 1.670901 42.320675 4.251419 33.830840 0.641648 1356.220488 
13850 15 1.813457 38.898966 3.999023 29.014081 0.595375 788.728929 
13900 12 1.807048 38.796616 4.112654 28.624053 0.516687 950.168075 
13950 12 1.625466 49.205707 4.559707 12.905733 0.394166 1289.129571 
14000 12 1.106092 51.592900 4.619091 18.188256 0.589836 2088.005629 
14050 14 1.413917 47.189245 4.484338 16.412223 0.481162 2710.707057 
14100 12 1.080904 38.271929 4.375263 38.144421 0.603920 2860.084079 
14150 14 1.215370 40.107628 4.495784 29.025136 0.524912 3562.634413 
14200 11 1.640577 40.501793 4.529214 19.093186 0.429807 1214.557429 
14250 13 1.723889 50.344804 4.642492 8.349681 0.518304 990.921436 
14300 12 1.757674 45.451610 4.372113 25.811917 0.321775 700.378118 
14350 13 1.833953 33.362362 4.617269 5.397248 0.335140 2732.487159 
14400 14 1.655762 32.191930 4.380233 21.279335 0.384099 2984.944556 
14450 12 0.820469 40.485743 4.428375 27.059491 0.497525 9912.789252 
14500 12 0.718066 37.254747 4.786535 26.525626 0.455986 17282.386663 
14550 12 0.599129 36.135534 4.589310 29.367680 0.335734 12720.957104 
14600 14 1.172389 43.047021 4.494621 32.578840 0.415526 10287.035595 
14650 11 1.303028 42.833289 4.455342 28.344422 0.344151 6755.290252 
14700 13 1.076260 35.325567 4.475962 30.359116 0.312625 4672.950844 
14750 11 0.851473 22.041395 4.440046 54.406008 0.339705 4178.008392 
14800 13 1.025378 24.580311 4.435149 54.668920 0.501180 3817.902150 
14850 9 0.890231 25.454460 4.526008 54.642250 0.371313 5643.038048 
14900 14 1.173367 24.180920 4.372661 24.276856 0.527657 9143.001327 
14950 14 0.798319 30.458273 4.543182 21.916665 0.492540 3153.790244 
15000 12 0.864797 32.088059 4.141774 57.786507 0.647874 2397.957492 
15050 14 0.650180 29.458100 4.231211 69.965310 0.576109 2734.515013 
15100 14 0.922912 32.668685 4.213869 44.991811 0.553001 8063.351221 
15150 12 1.072017 30.544243 4.404905 19.594504 0.612314 15420.947930 
15200 13 0.841254 29.141108 4.337325 61.301823 0.238560 8153.904459 
15250 13 0.789905 32.129301 4.324965 52.915353 0.227123 12111.040899 
15300 12 0.800080 30.770115 4.314826 35.086679 0.664405 7171.175046 
15350 10 0.570749 25.369149 4.324138 57.136487 0.672360 11164.240604 
15400 14 1.118339 27.277237 4.270909 38.216084 0.872655 5829.213390 
15450 14 0.755339 27.410479 4.201181 43.640521 0.815508 2002.699125 
15500 10 0.791180 24.566840 4.272860 46.776434 0.896993 924.010606 
15550 12 0.818692 26.995037 4.323154 34.508711 0.451339 469.321414 
15600 12 0.806917 30.583180 4.387447 69.105989 0.556745 615.743331 
15650 13 0.999868 32.358947 4.411406 44.101088 0.288908 537.038760 
15700 11 0.763401 35.982312 4.288993 70.701708 0.480624 643.919849 
15750 13 1.287262 33.621483 4.269378 37.182118 0.257425 761.545070 
15800 10 1.465491 35.622588 4.597268 18.088135 0.374445 996.338430 
15850 10 1.431050 36.307473 4.533146 30.157571 0.345072 723.935630 
15900 11 1.011998 35.247664 4.308309 37.396221 0.442592 1744.945167 
15950 13 1.181904 34.030431 4.356687 36.080259 0.366190 959.553565 
16000 11 1.488451 34.546093 4.213404 30.846928 0.314563 798.927153 
16050 12 0.932673 36.139703 4.496236 33.278787 0.222411 1053.497345 
16100 11 0.913901 33.711622 4.436939 35.696993 0.273896 3241.616476 
16150 12 0.843789 33.250282 4.396782 37.508946 0.295173 6894.465063 
16200 12 0.947234 30.595172 4.396782 37.508946 0.464002 7407.436603 
16250 14 0.874504 29.515111 4.396782 37.508946 0.454316 1722.748033 
16300 14 0.798949 27.968802 4.396782 37.508946 0.484076 898.238215 
16350 10 1.348849 27.877010 4.399414 37.594160 0.591649 725.037090 
16400 12 1.159835 30.137726 4.399414 37.594160 0.558975 1089.690358 
16450 12 0.902365 28.131442 4.321573 38.068331 0.283250 1410.263394 
16500 11 1.013213 31.837356 4.325612 38.066683 0.342432 1237.265347 
16550 15 0.723702 32.863524 4.340772 37.942868 0.338740 1770.625424 
16600 12 0.589003 35.759567 4.384643 39.350755 0.402861 2635.118321 
16650 14 0.716571 33.036058 4.384643 39.350755 0.305814 1840.158071 
16700 13 1.063513 31.398891 4.312326 38.140176 0.346232 3756.860962 
16750 12 1.321859 26.876138 4.295095 38.268344 0.343922 2558.627633 
16800 14 0.986169 24.140199 4.295095 38.268344 0.245077 1015.985715 
16850 14 1.056752 31.750818 4.279882 37.427185 0.388410 1455.149865 
16900 14 1.087666 32.591198 4.279882 37.427185 0.420067 1576.046648 
16950 16 0.996913 27.634912 4.279882 37.427185 0.402819 3572.624791 
17000 13 1.161122 26.118904 4.240365 38.259304 0.305027 2243.940511 
17050 13 0.905579 27.207393 4.296074 37.979651 0.243688 3001.113254 
17100 13 0.910853 33.219778 4.294411 40.154480 0.244296 4599.615577 
17150 15 0.883447 29.710154 4.277479 37.039533 0.323007 2216.518438 
17200 14 0.957071 34.522568 4.325089 35.072811 0.254951 3016.014608 
17250 13 1.031900 28.898866 4.390784 32.460738 0.248410 1121.691133 
17300 12 0.883315 34.466991 4.471561 32.594751 0.187704 2787.518322 
17350 12 0.980343 36.171255 4.462979 32.144948 0.407646 3744.414649 
17400 12 0.838455 35.881269 4.519348 31.868781 0.303863 2530.386067 
17450 9 0.938149 42.206519 4.474683 33.582278 0.278247 2868.756875 
17500 12 0.920188 29.792369 4.649046 31.119196 0.313041 1417.423815 
17550 11 0.768917 33.552935 4.509056 38.742949 0.736382 2498.675526 
17600 15 0.761086 36.600836 4.623213 22.146388 0.950875 4352.387774 
17650 11 0.490073 37.527954 4.516736 49.974472 0.531271 5548.917712 
17700 10 0.706007 34.120476 4.289999 72.231719 0.361531 3347.900375 
17750 10 0.804017 28.906006 4.519789 29.677397 0.249697 812.858686 
17800 11 0.948711 26.687458 4.414511 26.897969 0.374119 724.276842 
17850 16 0.669806 28.511396 4.502402 21.786218 0.299840 401.652248 
17900 12 0.523429 23.998562 4.339752 75.368305 0.203383 356.766857 
17950 13 0.531610 23.860531 4.321091 72.529401 0.238698 547.663458 
18000 13 0.620669 26.077772 4.408781 83.219938 0.511117 259.754146 
18050 13 0.841063 18.602329 4.514373 48.483548 0.448777 214.617051 
18100 10 0.605739 21.510565 4.532728 54.082225 0.588646 345.567544 
18150 16 0.877090 20.766476 4.331365 48.898388 0.686593 548.123705 
18200 11 0.558551 30.459284 4.519832 45.571401 0.519672 256.649643 
18250 12 0.738320 34.714389 4.323136 34.349817 0.259421 93.013085 
18300 13 0.951972 29.874780 4.416731 40.733054 0.258490 72.860233 
18350 14 0.983020 29.995050 4.140292 58.536429 0.310543 174.067073 
18400 12 1.102492 25.264168 4.454539 36.479215 0.365610 201.980850 
18450 12 0.974167 31.128805 4.356275 51.652293 0.282891 454.535073 
18500 11 0.966610 29.500266 4.427299 43.971423 0.233975 133.335768 
18550 12 0.908656 33.977219 4.320914 46.897502 0.301753 61.711010 
18600 13 0.984909 31.842678 4.424166 38.966892 0.208125 94.380541 
18650 11 0.951620 25.520591 4.649186 46.374609 0.170369 65.319497 
18700 13 0.943739 21.443052 4.602156 28.577341 0.250365 142.333221 
18750 11 0.929380 32.068782 4.760892 21.637541 0.268495 123.155759 
18800 11 1.053004 32.993640 4.730980 9.106339 0.232347 125.765850 
18850 8 1.004751 32.766923 4.760668 38.852290 0.209827 135.179243 
18900 12 0.967550 40.261253 4.388537 54.580668 0.299053 152.290031 
18950 13 0.956924 37.769236 4.219411 68.128521 0.393057 286.162709 
19000 12 0.814199 36.546390 4.150350 50.154523 0.495562 424.980302 
19050 13 0.893773 33.279109 4.412823 58.134148 0.550730 466.793235 
19100 14 0.754933 32.120698 4.402039 23.730736 0.498928 522.608950 
19150 13 0.580220 33.925651 4.395433 41.232772 0.624901 593.602287 
19200 13 0.557041 35.614453 4.536970 41.149677 0.567628 249.930203 
19250 15 0.502114 35.715849 4.428713 27.128759 0.301350 160.705303 
19300 11 0.568992 32.791681 4.432935 52.109094 0.295396 513.390353 
19350 10 0.740402 27.342231 4.461630 55.108082 0.514083 729.030691 
19400 10 0.535872 34.736287 4.438487 30.075565 0.416701 620.140526 
19450 12 0.581433 36.831361 4.396226 72.098147 0.434568 335.839962 
19500 12 0.513022 36.174786 4.507431 74.202444 0.423763 920.654465 
19550 13 0.546413 30.752128 4.453338 31.946077 0.427218 1428.040741 
19600 14 0.694857 32.068139 4.437805 34.208104 0.513518 1026.335654 
19650 13 0.533792 29.119113 4.584596 24.299674 0.262718 1877.675059 
19700 13 0.471591 24.948968 4.663058 48.665616 0.221227 2588.898349 
19750 12 0.151141 29.929295 4.511194 31.036636 0.374265 1681.725302 
19800 15 0.173487 35.010466 4.734091 87.739602 0.750661 1493.956230 
19850 16 0.255791 30.008431 4.595232 61.363510 1.159184 3403.883823 
19900 17 0.349119 21.979097 4.475902 41.798482 1.028945 3549.773758 
19950 14 0.481950 21.474643 4.654314 48.912989 0.918148 1483.917739 
20000 11 0.303516 30.328970 4.725264 52.684259 0.783981 2465.366553 
20050 12 0.149368 32.046672 4.369669 60.972458 1.133760 2350.800302 
20100 13 0.051650 38.454297 4.672700 65.155616 0.879333 2984.141005 
20150 14 0.164616 38.982731 4.419803 37.460711 0.554133 977.629939 
20200 11 0.364234 27.183984 4.992430 9.225148 0.569928 949.728313 
20250 13 0.076016 30.740596 4.724337 31.615609 0.478946 529.982100 
20300 15 0.287271 31.805644 4.641596 47.777184 0.260293 1276.853261 
20350 11 0.269612 32.446874 4.553826 19.461948 0.217113 1351.137751 
20400 12 0.312208 33.345463 4.449776 36.100983 0.265088 1814.221682 
20450 13 0.321406 40.340961 4.578334 31.870040 0.247950 2841.939076 
20500 14 0.329709 32.220001 4.665615 37.941503 0.443793 4327.149109 
20550 10 0.298745 34.695404 4.465851 37.163406 0.203863 5948.974742 
20600 14 0.122868 31.897618 4.316701 50.388791 0.483299 6681.653500 
20650 13 0.168890 26.483412 4.660295 64.340901 0.321110 3772.595565 
20700 16 0.145022 31.428394 4.630211 49.652883 0.356654 4620.179621 
20750 12 0.092819 30.432375 4.655962 37.096412 0.347417 7744.674107 
20800 13 0.213399 34.220059 4.452016 67.960340 0.248041 3328.522959 
20850 13 0.120180 34.721589 4.938834 5.828332 0.362743 1829.189590 
20900 15 0.088143 31.407127 4.729497 62.647677 0.366698 1684.872016 
20950 14 0.128181 30.472209 4.597503 52.342581 0.431470 1662.841095 
21000 11 0.364909 28.819615 4.818692 28.228541 0.332452 1183.793683 
21050 11 0.209075 28.330475 4.612436 57.789876 0.213005 907.371139 
21100 13 0.279397 29.198411 4.852966 83.441903 0.232242 415.914817 
21150 14 0.158436 24.339655 4.785577 31.548114 0.183513 577.118652 
21200 14 0.189955 26.486324 4.806263 37.013145 0.187111 287.499074 
21250 15 0.199389 28.322250 4.494108 40.785615 0.166101 209.502628 
21300 13 0.181195 33.572941 4.655363 36.835962 0.261157 233.300608 
21350 12 0.259405 32.441839 4.714464 23.905737 0.213924 164.287172 
21400 11 0.300953 30.591999 4.725621 39.403576 0.175801 50.017625 
21450 11 0.281424 25.823927 4.649937 55.486270 0.368804 47.761245 
21500 11 0.505242 26.983191 4.687203 13.768707 0.398280 58.745588 
21550 12 0.474263 35.604617 4.659861 26.602898 0.296602 54.088847 
21600 10 0.459699 26.070762 4.456716 39.232814 0.176829 26.214984 
21650 12 0.422220 21.535919 4.610339 50.716482 0.183701 17.771014 
21700 14 0.485491 17.668751 4.516866 12.063991 0.217548 13.162310 
21750 10 0.381543 25.561073 4.430204 67.689600 0.224282 30.400474 
21800 14 0.381939 22.848489 4.463753 36.541878 0.151010 32.901494 
21850 13 0.577262 17.568402 4.455563 94.684002 0.197688 32.815424 
21900 13 0.550920 22.526462 4.318850 106.249742 0.119040 33.497520 
21950 13 0.631135 26.798338 4.317957 67.756193 0.248257 26.358971 
22000 12 0.685052 21.155362 4.375403 43.929913 0.387660 33.053096 
22050 11 0.705157 28.670088 4.435178 41.734886 0.398848 38.615208 
22100 14 0.653977 35.548149 4.469676 50.923860 0.347743 38.740341 
22150 11 0.552051 24.136846 4.498714 22.096282 0.428546 62.107238 
22200 11 0.477291 24.123474 4.355216 59.143610 0.281939 29.246794 
22250 13 0.285461 23.299001 4.427853 102.639396 0.386279 25.386898 
22300 12 0.283854 19.938881 4.587879 59.202251 0.330268 78.134760 
22350 10 0.397071 20.864550 4.569153 71.136813 0.224392 160.323091 
22400 12 0.276006 12.655600 4.352679 63.588375 0.229750 152.424768 
22450 12 0.310532 17.903487 4.559329 32.185376 0.348548 85.899102 
22500 12 0.235359 16.782039 4.532444 28.059230 0.214062 105.108166 
22550 10 0.177847 24.036916 4.923682 13.441923 0.337860 184.921458 
22600 12 0.248811 24.753774 4.705180 36.903615 0.391226 274.604094 
22650 12 0.190677 20.456242 4.382955 90.218768 0.382418 119.093355 
22700 13 0.053781 25.639356 4.664780 35.395391 0.346863 184.800493 
22750 13 0.048044 28.702153 4.550235 64.035089 0.369223 124.935080 
22800 15 0.218874 31.748750 4.828575 36.711059 0.315316 82.789320 
22850 14 0.183978 29.166510 4.709248 17.895506 0.297179 140.983722 
22900 11 0.125969 27.773311 4.536690 40.144281 0.261089 97.984326 
22950 14 0.275848 27.875088 4.614424 51.570676 0.143556 110.193063 
23000 11 0.194331 24.380105 4.667509 66.188721 0.246218 108.337485 
23050 14 0.193118 20.366750 4.583607 67.157295 0.257302 287.719020 
23100 11 0.218837 22.700047 4.548096 41.024058 0.258964 376.388500 
23150 12 0.236094 19.105825 4.681500 40.430672 0.206656 223.985344 
23200 11 0.142205 25.992183 4.476034 41.049295 0.197422 533.129217 
23250 12 0.075737 25.594908 4.851978 45.208176 0.279153 195.279024 
23300 13 0.083193 27.562678 4.758771 52.283448 0.237957 105.629930 
23350 8 0.084358 27.377414 4.625099 44.689592 0.238749 161.932098 
23400 9 0.182231 25.545071 4.565970 22.690660 0.329472 222.982456 
23450 12 0.000947 29.162820 4.845480 28.983308 0.293015 108.729724 
23500 14 0.146184 32.864363 4.871129 35.270181 0.229139 169.711138 
23550 15 0.039808 29.280666 4.751946 36.688755 0.221226 104.771516 
23600 14 0.100480 32.160730 4.778567 40.039641 0.194110 36.565484 
23650 13 0.061752 22.351201 4.861017 38.443591 0.246419 29.582530 
23700 12 0.087532 24.975198 4.643955 119.947905 0.123642 36.829997 
23750 16 0.081054 32.921048 4.624470 52.988744 0.168505 29.600274 
23800 12 0.079963 24.236874 4.722895 43.204241 0.266028 92.496345 
23850 12 0.101418 26.579374 4.762744 15.254226 0.204895 229.940375 
23900 14 0.253403 28.445056 4.154264 136.078799 0.232319 130.242449 
23950 11 0.128361 28.239378 4.682193 21.460977 0.293549 66.281495 
24000 10 0.109101 25.021465 4.780922 61.525989 0.325700 182.006437 
24050 13 0.141360 12.623073 4.638983 74.197508 0.297382 126.213041 
24100 12 0.082369 19.109462 4.647738 39.838009 0.277426 140.351160 
24150 14 0.082486 30.304974 4.695244 39.603769 0.269952 208.481775 
24200 14 0.106339 26.311174 4.657874 27.107441 0.322019 101.533186 
24250 12 0.175781 24.605823 4.630438 60.221413 0.314756 196.319541 
24300 11 0.117660 31.615382 4.776476 6.844236 0.329528 256.309095 
24350 15 0.222052 27.631795 4.660146 70.827911 0.270587 466.095948 
24400 11 0.226717 31.493177 4.323813 39.419158 0.286325 675.363148 
24450 13 0.193903 30.703005 4.616417 44.836673 0.217753 726.981217 
24500 12 0.342308 16.191084 4.528637 34.460501 0.402996 239.542079 
24550 13 0.256278 18.309441 4.700583 25.698047 0.245215 775.753420 
24600 10 0.266666 26.141229 4.648524 47.959446 0.448271 591.325177 
24650 13 0.264009 24.383759 4.521318 32.366129 0.322061 1027.743212 
24700 11 0.429316 19.783171 4.512017 59.029224 0.407207 713.325676 
24750 13 0.204043 20.477121 4.437441 106.018696 0.289117 827.724339 
24800 13 0.314897 25.678260 4.367514 80.242634 0.443835 489.472288 
24850 12 0.141575 24.723654 4.551996 111.145344 0.424323 927.625041 
24900 12 0.355042 30.589036 4.305489 58.527141 0.365234 1225.061662 
24950 11 0.381280 24.788846 4.453573 46.053088 0.310311 419.079644 
25000 12 0.293628 31.239391 4.531163 21.579248 0.353309 1134.804258 
25050 15 0.404397 29.124086 4.221619 109.514900 0.374825 1695.045858 
25100 12 0.337736 31.897049 4.267588 58.147860 0.211734 1681.071553 
25150 12 0.301690 31.089510 4.374670 80.501306 0.252945 1998.044871 
25200 12 0.344684 25.839917 4.552145 48.390352 0.242060 1590.738803 
25250 13 0.180485 27.893827 4.700790 52.746797 0.218220 3798.856408 
25300 13 0.244328 32.620676 4.733323 57.300709 0.221423 4939.285284 
25350 13 0.215309 33.876543 4.455019 42.972141 0.385104 8851.959538 
25400 13 0.294783 36.198687 4.625432 12.295013 0.239460 3814.458285 
25450 12 0.244331 37.670696 4.708263 43.784151 0.416526 5999.734069 
25500 14 0.208742 29.166177 4.710417 26.971874 0.376562 3534.565905 
25550 13 0.131203 33.569404 4.638405 63.811132 0.307343 4485.416189 
25600 11 0.338538 32.952695 4.561945 40.277809 0.326351 9236.760128 
25650 15 0.319989 26.272542 4.465471 66.915627 0.306560 8981.618869 
25700 11 0.279692 19.926858 4.462382 72.134496 0.312321 17694.506027 
25750 16 0.256077 20.100699 4.577344 39.566663 0.674739 28298.100101 
25800 15 0.353432 21.019230 4.485560 34.198890 0.360161 30069.107916 
25850 13 0.269845 24.290448 4.562839 50.465677 0.433083 13143.631404 
25900 15 0.247500 37.018032 4.536197 39.644243 0.343625 8874.559003 
25950 15 0.305343 30.487979 4.350775 43.846667 0.357255 4024.804171 
26000 11 0.343275 36.391761 4.502787 33.735577 0.445214 10719.671705 
26050 13 0.358793 40.312372 4.515288 46.792925 0.673876 13794.799750 
26100 12 0.294232 38.792479 4.827715 40.198672 0.543727 15102.566102 
26150 11 0.344937 43.301055 4.563516 71.345848 0.811288 10759.229431 
26200 14 0.243848 41.705399 4.761025 40.370283 0.931914 11883.748261 
26250 12 0.341556 44.189306 4.670755 36.451125 0.804200 16468.441538 
26300 13 0.473287 38.838411 4.640167 38.802731 0.450309 73211.302507 
26350 15 0.663997 40.577197 4.373443 9.709981 0.566988 26682.696607 
26400 13 0.986125 38.430915 4.443705 32.100962 0.621311 14374.860940 
26450 18 0.650264 45.222947 4.613238 15.471078 0.391451 14370.670528 
26500 14 0.615125 47.252543 4.520133 28.035344 0.364040 7818.230019 
26550 15 0.633288 45.043148 4.469244 48.086541 0.565905 8172.016062 
26600 12 0.620383 50.878201 4.297626 35.819747 0.558378 3085.775312 
26650 12 0.279475 47.197415 4.357761 49.844567 0.894773 3584.727413 
26700 13 0.585120 40.215662 4.273629 52.463745 0.860754 3802.115606 
26750 13 0.669190 38.181605 4.062595 66.306853 1.035129 4060.102326 
26800 13 0.687898 32.835570 4.492303 46.145108 1.296530 1733.272105 
26850 13 0.717069 38.066844 4.398716 38.495009 1.253744 2897.622061 
26900 11 0.884911 37.087955 4.484147 40.158658 0.944726 5269.601617 
26950 10 1.052739 38.724847 4.209742 53.133666 0.745573 3445.281436 
27000 13 1.231077 41.060971 4.060331 64.817018 0.785989 2561.066601 
27050 13 1.206069 31.198035 4.019996 49.571653 0.962799 3197.130932 
27100 11 1.244571 32.502606 4.205092 60.678788 0.684946 1214.325837 
27150 14 1.005740 25.816733 4.160613 58.263001 0.709079 746.440613 
27200 12 0.906642 35.542803 4.160376 53.419727 0.547673 833.449055 
27250 12 1.149852 27.959536 4.222082 52.550528 0.469939 574.982193 
27300 15 1.213937 33.358839 4.016797 32.866258 0.318466 176.494850 
27350 9 1.316287 28.405157 3.921673 67.843551 0.338835 105.757380 
27400 11 1.235178 27.428653 4.361929 38.396754 0.237385 87.815235 
27450 12 1.131771 30.466806 3.786651 71.914653 0.316886 101.882381 
27500 12 1.204598 30.555593 4.178026 51.436878 0.222774 74.323431 
27550 13 1.126112 32.866509 4.439564 39.987792 0.375738 55.669737 
27600 13 1.152851 30.126699 4.262463 46.813047 0.262637 119.472997 
27650 12 1.124743 29.639053 4.205232 42.618926 0.388846 108.111399 
27700 14 1.196138 40.642051 4.174690 42.841470 0.369850 160.676912 
27750 13 1.128918 42.074169 4.468561 20.079329 0.237070 276.224405 
27800 12 1.080550 33.537642 4.655584 39.232325 0.421630 528.759564 
27850 12 1.136724 38.915683 4.227706 37.899900 0.500380 513.500759 
27900 11 1.081995 32.388260 4.389783 42.664063 0.519471 500.210397 
27950 14 1.184819 35.272796 4.064253 57.684395 0.410722 355.993309 
28000 13 1.099271 35.310610 3.961203 41.669975 0.408065 241.338736 
28050 14 0.739992 47.155145 4.427859 49.091841 0.448023 135.054740 
28100 15 0.861483 43.016757 4.104119 53.141403 0.436633 368.843245 
28150 14 0.771182 37.545862 4.125543 51.452473 0.472941 978.021481 
28200 13 0.900215 28.544840 4.276494 56.738745 0.623354 1883.072599 
28250 13 1.170108 44.482110 4.159102 54.608375 0.493522 1748.690081 
28300 14 1.316406 40.908222 4.150260 44.205741 0.513975 1061.486644 
28350 13 1.494577 41.950417 4.140123 19.279035 0.753001 485.854955 
28400 14 1.231027 37.791750 4.227758 34.726326 0.581642 1131.176689 
28450 11 1.100478 38.261229 4.220787 48.955473 0.745195 1375.802082 
28500 14 0.895709 35.260152 4.189328 55.875507 0.677181 2786.580594 
28550 13 0.757338 35.511532 4.177112 44.603838 0.514342 4490.128227 
