0 7 2.810000 25.540385 4.215231 23.256129
50 2 2.507927 24.966481 4.299378 176.832044
100 4 1.998395 24.669363 4.368403 185.320999
150 2 2.164440 24.535419 4.365224 162.912303
200 2 2.209543 24.675352 4.464996 213.959869
250 3 1.900756 24.671105 4.315412 196.217467
300 4 1.853388 24.370811 4.181361 117.427340
350 5 1.754441 24.546524 4.317082 89.564638
400 2 1.755169 24.225491 4.394547 152.589883
450 1 1.628825 25.191100 4.675383 209.411197
500 2 1.494951 25.551638 4.764052 207.009141
550 2 1.652702 24.808848 4.624117 227.977045
600 2 1.607352 25.717985 4.626275 148.410199
650 1 1.613027 24.728475 4.492175 162.653515
700 3 1.606794 26.641753 4.205327 214.393001
750 4 1.333071 26.512092 4.408539 169.548930
800 2 1.185796 26.811638 4.500739 191.809306
850 3 1.139523 26.494904 4.453024 172.499524
900 1 1.334090 28.066719 4.238605 215.547550
950 1 1.114035 27.435987 4.397409 217.584012
1000 3 1.127722 27.764506 4.370441 224.009633
1050 6 1.122490 28.376730 4.557984 221.819369
1100 1 0.737849 27.858542 4.644677 232.954497
1150 3 1.101012 27.373271 4.373656 223.577231
1200 2 1.094347 25.755462 4.418713 361.263218
1250 3 1.454412 24.787900 4.491047 233.928708
1300 1 1.681536 25.918997 4.527344 267.349563
1350 1 1.681228 26.445208 4.489044 152.255012
1400 3 1.808059 26.970229 4.420688 190.497917
1450 2 1.388234 24.895695 4.435868 142.857682
1500 1 1.333265 26.432375 4.520564 164.773996
1550 5 1.324363 26.389092 4.350050 108.616213
1600 3 1.483092 25.888746 4.130062 186.060088
1650 4 1.161355 26.604560 4.102256 168.033590
1700 5 1.156485 25.922728 4.368427 176.825481
1750 1 0.852189 26.885219 4.602324 184.258772
1800 3 1.320378 25.999727 4.602944 213.043486
1850 3 1.139432 25.566771 4.667781 115.240389
1900 4 1.068250 27.019391 4.695270 115.156675
1950 4 1.133091 23.604816 4.557173 168.693833
2000 3 1.109241 24.074309 4.610761 146.311781
2050 2 1.186825 27.124523 4.735939 169.462610
2100 1 1.281055 24.260427 4.716234 175.063114
2150 4 1.450223 23.353322 4.360534 193.617578
2200 3 1.371374 25.791976 4.325116 204.482642
2250 2 1.433195 22.958450 4.318168 174.817103
2300 3 1.407054 23.119384 4.215504 196.934503
2350 4 1.408572 22.544748 4.119767 195.882455
2400 4 1.346236 22.385385 4.196605 163.531144
2450 4 1.415164 24.149285 4.192057 222.473236
2500 5 0.863809 23.330332 4.208474 211.448097
2550 4 1.069641 24.185144 4.220970 196.114445
2600 5 1.229640 24.354083 3.924901 183.752911
2650 2 1.385991 24.118720 4.156168 216.508765
2700 2 1.529004 25.596703 4.317831 161.956418
2750 2 1.093762 26.748717 4.750292 228.894951
2800 2 1.293642 27.370838 4.738654 174.536756
2850 1 1.172523 26.786983 4.746974 227.018052
2900 2 1.190698 26.034469 4.789992 113.858851
2950 3 1.205365 24.771567 4.458939 268.491094
3000 6 1.128042 25.946054 4.159369 206.374222
3050 4 1.565739 24.889301 4.221381 201.811429
3100 2 1.493240 23.508729 4.218074 164.773113
3150 3 1.108997 22.180008 4.464119 217.320779
3200 3 1.010667 25.577331 4.449377 162.175394
3250 5 1.016912 23.930152 4.116231 189.700927
3300 5 0.958040 24.033673 4.128514 183.295296
3350 8 0.848882 24.036781 3.942330 222.478412
3400 4 0.886288 23.032265 4.064020 173.768476
3450 3 1.105411 23.402894 4.409491 196.209892
3500 2 0.991808 24.497826 4.737109 176.112341
3550 2 0.937226 21.487493 4.934206 162.964400
3600 2 0.835794 21.402010 4.747136 198.080213
3650 3 0.667519 24.471964 4.623011 201.110366
3700 4 0.576113 25.269042 4.674204 194.756266
3750 4 0.638870 23.242359 4.284838 169.970557
3800 4 0.782176 22.032832 4.544958 173.856816
3850 3 0.943530 26.841390 4.747474 114.455830
3900 2 0.680879 23.177050 4.975762 215.509614
3950 3 0.775937 19.987797 4.719093 152.941688
4000 1 0.876693 21.466971 4.899545 208.192164
4050 2 0.989672 22.566830 4.551179 201.719993
4100 3 0.575400 21.972583 4.715730 217.480451
4150 3 0.789750 23.019842 4.554578 194.383162
4200 1 0.847361 19.835544 4.611759 203.166574
4250 3 0.848939 19.037110 4.549218 206.971514
4300 3 0.802187 20.670139 4.490667 205.880230
4350 2 0.859507 22.664013 4.450812 205.457586
4400 2 0.926740 18.500728 4.523374 201.528856
4450 2 0.958832 22.615189 4.748213 198.135301
4500 2 0.886421 25.485793 4.576474 197.931362
4550 3 0.800324 25.061109 4.584250 192.019580
4600 2 0.689316 24.862233 4.731862 203.500427
4650 2 0.307423 25.786017 4.952375 205.099543
4700 2 0.854376 21.510363 4.759992 241.286510
4750 2 0.778975 23.258845 4.814619 182.915957
4800 3 0.833306 24.803612 4.524578 204.978869
4850 3 0.591111 21.688496 4.588876 193.523229
4900 1 0.761017 21.480301 4.509859 192.509158
4950 3 0.757037 25.081205 4.691362 188.719649
5000 1 0.639762 24.046977 4.831679 211.683016
5050 6 0.540396 25.892360 4.582492 194.282859
5100 6 0.731663 26.189058 4.163033 198.420268
5150 6 0.381734 27.277071 4.566231 243.292761
5200 3 0.055264 28.696099 4.886623 194.782162
5250 4 0.110733 31.648237 4.994121 251.185898
5300 9 0.225822 30.692418 4.974742 193.180976
5350 2 0.340384 29.454851 4.662658 183.374996
5400 9 0.383800 31.663559 4.319004 189.895585
5450 5 0.549811 29.058528 4.377265 191.257470
5500 4 0.539934 33.595623 4.303568 249.104356
5550 1 0.677278 31.671523 4.613558 116.444560
5600 6 0.632764 32.245136 4.114279 244.255103
5650 7 0.800917 30.854449 4.088003 186.593498
5700 6 0.504400 29.647822 4.937992 186.660325
5750 1 0.912689 30.656252 4.969937 210.954965
5800 3 0.735239 27.172462 4.658343 200.368534
5850 3 0.674282 30.531859 4.706332 197.222366
5900 3 0.779181 31.461177 4.553795 170.003478
5950 4 0.528874 31.899445 4.560244 229.854672
6000 7 0.149420 32.624456 4.937771 202.883792
6050 8 0.173596 34.208828 4.676603 195.058757
6100 9 0.063911 34.598194 4.878230 248.593227
6150 5 0.900516 35.905739 4.561482 117.929974
6200 4 0.725136 35.307914 4.443938 265.083385
6250 2 0.811764 35.271485 4.930486 231.317174
6300 5 0.715317 36.886433 4.487843 209.254887
6350 5 0.700744 36.124325 4.576367 189.987252
6400 1 0.698468 37.643837 4.921968 164.561454
6450 3 0.530348 37.766767 4.839645 216.290303
6500 5 0.279785 36.571382 4.854923 151.139089
6550 4 0.568103 37.194275 4.416748 229.656327
6600 4 0.517998 37.710199 4.609899 185.605152
6650 5 0.532681 38.265365 4.774172 175.021509
6700 6 0.304643 36.708217 4.658098 214.790480
6750 7 0.463175 38.278703 4.583093 196.638176
6800 7 0.476835 38.433732 4.470657 184.762851
6850 5 0.587494 38.950012 4.310308 205.706148
6900 5 0.362099 37.660200 4.664733 201.651729
6950 2 0.615235 36.667223 4.882371 242.357179
7000 5 0.591467 40.795158 4.523390 229.640745
7050 4 0.821934 36.127990 4.470316 234.483726
7100 3 0.702932 37.957471 5.172971 102.789464
7150 7 0.713505 30.681534 4.467658 191.531614
7200 6 0.315650 33.907590 4.473780 191.452051
7250 3 0.411084 36.365789 4.660611 219.477331
7300 3 0.274340 34.874805 4.789187 213.493356
7350 4 0.581479 35.925488 4.690591 216.105298
7400 4 0.710857 35.159302 4.612042 195.577512
7450 1 0.760570 33.982515 4.599942 191.836756
7500 2 0.418174 35.478136 4.818765 194.129917
7550 10 0.339493 36.956364 4.344737 130.113112
7600 1 0.530319 35.461666 4.947156 267.832271
7650 2 0.582753 37.834959 4.927961 172.002219
7700 5 0.717817 38.267679 4.402319 214.170637
7750 4 0.736006 39.818869 4.555576 146.681806
7800 6 0.405634 39.282602 4.285711 176.038350
7850 10 0.303683 39.051461 4.302864 206.123774
7900 4 0.427055 38.961315 4.720755 180.028173
7950 5 0.374917 38.987446 4.699139 168.451578
8000 5 0.296618 38.301055 4.618919 155.291938
8050 7 0.164648 37.488995 4.542266 166.457032
8100 2 0.402009 38.805209 4.837709 205.063513
8150 4 0.742038 39.374100 4.554722 185.303627
8200 3 0.137115 41.074209 4.737716 166.895467
8250 5 0.418925 38.560171 4.465422 192.941505
8300 3 0.445503 38.383560 4.616515 168.181401
8350 7 0.113704 38.796743 4.596981 229.330651
8400 6 0.226954 39.460331 4.575869 192.963025
8450 7 0.083997 39.912388 4.733660 203.041320
8500 7 0.432242 44.598012 4.520813 176.967830
8550 8 0.242537 44.094112 4.944146 170.459483
8600 6 0.215416 44.820227 4.674557 195.079108
8650 10 0.184772 44.044866 4.723929 179.090152
8700 4 0.402532 46.664930 4.707479 207.438588
8750 4 0.724526 44.979363 4.357555 195.433481
8800 1 0.508095 46.449301 5.212191 212.659453
8850 6 0.690054 47.254220 4.484276 126.283427
8900 1 0.739244 46.043786 5.075896 228.537853
8950 4 0.495692 46.445916 4.877575 167.994514
9000 2 0.461288 46.575632 4.803273 195.195643
9050 1 0.469111 48.521960 5.016605 234.930445
9100 4 0.565002 49.823772 4.656391 201.340334
9150 2 0.600654 48.184591 4.691972 214.401938
9200 6 0.626557 50.206294 4.523146 199.335215
9250 1 0.428230 49.093376 4.744619 213.733505
9300 8 0.581566 47.288716 4.382851 213.291077
9350 4 0.802773 47.521915 4.629634 217.895111
9400 2 0.420483 47.222269 4.648605 205.668378
9450 2 0.460669 46.236585 4.926797 250.347120
9500 2 0.599056 46.543924 4.926249 191.427539
9550 5 0.379951 46.150125 4.591028 229.753058
9600 4 0.137769 47.346420 4.880271 206.864850
9650 7 0.277833 45.975472 4.347255 202.497101
9700 7 0.264955 44.967039 4.763312 180.678366
9750 12 0.032052 44.488711 4.560557 165.203052
9800 15 0.020300 44.492055 4.855129 248.382289
9850 7 0.243246 45.563145 4.816572 201.300087
9900 8 0.691179 45.727246 4.192580 217.512036
9950 11 0.747964 46.298694 3.807566 209.448080
10000 9 1.026654 45.006200 3.700231 202.020520
10050 4 0.768018 43.247559 4.658286 151.882346
10100 3 1.103794 47.032569 4.324987 198.153201
10150 1 0.607425 46.405461 4.928294 198.096424
10200 2 0.418767 45.225169 4.753542 146.791361
10250 5 0.509823 45.907978 4.700719 181.354145
10300 6 0.255600 45.173380 4.578582 177.912387
10350 4 0.770760 43.897526 4.230907 215.243733
10400 9 0.715835 44.486851 4.352003 173.062170
10450 6 0.443216 42.669114 4.312298 205.942459
10500 6 0.392933 42.008641 4.607734 160.025018
10550 17 0.055256 43.919014 4.376717 171.214258
10600 7 0.123192 43.966548 4.463454 177.376639
10650 2 0.473300 42.886937 4.386653 216.115709
10700 9 0.199534 42.536443 4.597633 141.063344
10750 2 0.466477 41.619477 4.996237 205.907983
10800 3 0.458838 41.967566 5.223565 228.090592
10850 3 0.150968 44.901365 5.036417 201.782865
10900 10 0.216565 42.960538 4.696314 172.865399
10950 5 0.809836 44.211241 4.448720 172.263133
11000 4 0.502465 42.482483 4.976375 197.048410
11050 1 0.413474 44.242398 5.048175 216.558296
11100 6 0.331436 44.388841 4.585672 214.570435
11150 5 0.076434 42.609919 4.618680 206.107986
11200 6 0.513040 46.502019 4.502459 190.525410
11250 4 0.296541 47.014027 4.563327 195.298228
11300 6 0.523442 47.093813 4.718539 199.094006
11350 5 0.669008 46.586085 4.612875 192.875686
11400 1 0.573320 46.554523 4.758857 198.718819
11450 2 0.389668 46.239340 4.676190 208.211598
11500 5 0.368543 46.166317 4.599765 181.377771
11550 4 0.303854 45.163348 4.535457 262.615420
11600 6 0.423976 43.792021 4.441324 176.196200
11650 7 0.315616 43.965793 4.563335 251.916960
11700 5 0.293374 40.346066 4.584744 181.825554
11750 12 0.060976 41.248151 4.841136 218.207158
11800 9 0.038798 40.206963 4.628888 170.842163
11850 6 0.069512 41.183074 4.550201 330.070196
11900 4 0.014108 35.934138 5.000485 258.576574
11950 7 0.027980 39.350795 4.937442 170.435110
12000 10 0.159881 41.425848 4.319414 217.576244
12050 7 0.106159 39.163654 4.959847 153.268530
12100 9 0.281112 38.767256 4.346186 230.802913
12150 9 0.198475 39.095689 4.666265 217.574950
12200 11 0.333760 41.954497 4.166331 185.322254
12250 6 0.431306 40.324305 4.848455 162.869776
12300 6 0.048239 42.160878 4.717861 180.220121
12350 6 0.261103 40.687125 5.035984 239.555418
12400 12 0.009744 40.997645 4.763267 179.933002
12450 16 0.237645 44.345684 4.077031 156.362880
12500 9 0.443224 41.949082 4.100348 191.706729
12550 11 0.553681 40.124558 3.947829 190.706995
12600 11 0.483212 40.292011 4.345041 119.341260
12650 6 0.331231 39.844963 4.793065 215.731626
12700 6 0.288692 41.766326 4.700375 210.690432
12750 8 0.316485 39.028505 4.594601 197.136630
12800 5 0.453322 40.636908 4.672503 192.128529
12850 11 0.395449 40.721984 4.168960 178.895885
12900 9 0.365678 39.107304 4.436518 177.101153
12950 6 0.699140 39.249370 4.577171 191.728965
13000 5 0.650585 39.206558 4.667208 185.484521
13050 7 0.796469 40.917081 4.304217 198.547280
13100 8 0.490293 42.013985 4.419395 179.932668
13150 3 0.592637 42.931541 4.853456 116.364758
13200 3 0.447489 40.757284 4.719260 223.877452
13250 8 0.397149 40.693567 4.616064 192.716561
13300 3 0.359820 42.024167 5.208482 265.669831
13350 3 0.077724 40.862211 4.959208 185.845658
13400 3 0.197400 42.283990 4.831238 190.323007
13450 2 0.160134 42.525406 4.895048 201.968565
13500 2 0.227142 42.034378 5.041991 210.362997
13550 1 0.366319 43.357872 5.192790 212.088257
13600 4 0.029544 43.652563 5.192790 212.088257
13650 4 0.256592 46.505539 5.192790 212.088257
13700 5 0.480980 43.839264 4.793748 209.097975
13750 2 0.047084 39.460307 4.743313 217.008448
13800 10 0.121926 42.478816 4.425274 197.632133
13850 7 0.264778 41.997228 4.633666 192.703451
13900 4 0.472007 36.652129 4.512411 200.519366
13950 7 0.536086 36.520240 4.604941 270.191300
14000 5 0.318535 38.122209 4.548513 227.086489
14050 3 0.208001 36.988831 5.083557 204.153537
14100 7 0.462949 37.486285 4.718810 216.780351
14150 4 0.428804 42.419084 4.291954 207.432034
14200 3 0.448219 41.221999 4.768521 200.076530
14250 7 0.349558 45.364938 4.702771 191.020902
14300 4 0.651642 40.701158 4.562532 210.515334
14350 6 0.657990 41.178651 4.224145 181.466788
14400 5 0.446563 46.254568 4.708926 158.713331
14450 3 0.203728 43.933102 4.773235 204.761271
14500 4 0.195759 42.763088 4.943292 164.329112
14550 3 0.336978 42.712883 4.763899 195.787904
14600 4 0.564677 43.763378 5.006743 243.557284
14650 2 0.661375 44.370994 4.735871 263.648805
14700 3 0.451950 42.140075 4.660500 209.618298
14750 2 0.274652 42.175440 4.837231 216.850425
14800 8 0.428138 43.369952 4.406595 211.239102
14850 5 0.346437 44.048477 4.729744 205.135833
14900 3 0.120368 42.977424 4.909505 206.301569
14950 6 0.057761 40.262813 4.854697 211.577622
15000 4 0.037708 41.848606 4.854697 211.577622
15050 10 0.275448 41.165519 4.468226 215.768869
15100 5 0.399786 40.916502 4.609138 224.442527
15150 9 0.230760 38.618981 4.540045 139.896596
15200 3 0.416753 37.566089 4.686023 240.627503
15250 2 0.171644 36.328805 4.871021 240.823700
15300 8 0.193498 40.820624 4.584361 209.086722
15350 7 0.034244 39.469012 4.628720 271.332436
15400 7 0.089400 36.082904 4.747140 204.681217
15450 9 0.015193 38.233343 4.947088 206.510492
15500 5 0.164128 37.975636 4.863151 170.478021
15550 5 0.008879 36.968131 4.750563 216.214950
15600 9 0.046902 34.254395 5.156555 171.260466
15650 3 0.290611 37.688307 4.628345 236.629704
15700 3 0.184751 35.612352 5.162618 187.482179
15750 3 0.320804 31.816463 4.868184 188.231502
15800 3 0.282652 36.343818 4.896794 243.140055
15850 6 0.353664 34.569863 4.741730 237.950191
15900 5 0.199694 34.295240 4.911287 199.675097
15950 3 0.057557 34.345354 4.878124 190.577926
16000 2 0.489514 35.662102 4.577698 192.414062
16050 5 0.149852 35.547608 4.604559 206.822735
16100 5 0.209815 35.760682 4.758459 188.358246
16150 4 0.113741 31.167645 4.730480 184.691332
16200 3 0.160495 31.641256 4.826122 185.512140
16250 5 0.032582 31.153919 4.840491 182.464359
16300 6 0.005788 29.224480 4.850132 196.789496
16350 8 0.127823 31.040365 4.689257 201.914376
16400 6 0.070280 30.631958 4.832796 198.288958
16450 3 0.270829 35.624108 4.894743 201.527679
16500 3 0.318615 34.041375 4.869054 210.447513
16550 9 0.136962 32.519422 4.491281 212.028999
16600 7 0.123188 33.300136 4.486148 209.371498
16650 4 0.294553 34.101868 4.486148 209.371498
16700 5 0.389118 32.581456 4.415202 213.598464
16750 3 0.486669 30.600832 4.556320 214.249213
16800 3 0.556746 33.280200 4.556320 214.249213
16850 5 0.512754 30.127455 4.556320 214.249213
16900 2 0.404250 25.096307 4.631612 213.955066
16950 6 0.438974 25.904558 4.631612 213.955066
17000 6 0.399347 28.064566 4.631612 213.955066
17050 1 0.517991 27.815299 4.761198 213.691148
17100 3 0.425511 27.518719 4.761198 213.691148
17150 3 0.479223 28.738980 4.761198 213.691148
17200 1 0.457619 31.410712 4.687582 211.615433
17250 2 0.474045 26.800511 4.896820 213.721141
17300 2 0.595570 25.275434 4.814007 218.613531
17350 1 0.637517 22.734805 4.742649 207.561891
17400 4 0.499061 21.250157 4.930618 207.317621
17450 3 0.523555 22.270646 5.066909 195.674872
17500 4 0.354558 24.220253 4.540759 252.013011
17550 6 0.026105 24.405280 4.809112 239.839681
17600 15 0.340006 24.408905 4.393963 141.942462
17650 5 0.299247 24.777047 4.678879 206.137354
17700 4 0.263035 26.373482 4.900129 233.613027
17750 2 0.799346 26.105232 4.685610 194.395630
17800 2 0.347017 19.227134 4.983119 236.472121
17850 5 0.570333 20.806814 4.277778 216.325838
17900 2 0.859139 21.470500 4.445618 238.204024
17950 2 0.879178 20.055886 4.502320 235.092911
18000 4 1.044004 21.905240 4.412363 115.972394
18050 5 0.774477 23.737462 4.548721 171.850307
18100 1 0.425269 23.750065 4.940171 221.578659
18150 8 0.540230 26.475431 4.448886 168.854715
18200 4 0.011822 23.658676 4.563467 228.863439
18250 3 0.410949 20.118436 4.702791 187.714835
18300 2 0.705601 20.517360 4.950006 178.687700
18350 5 0.972598 21.092575 4.269342 181.273378
18400 4 0.865607 23.747944 4.489691 226.236946
18450 3 0.697558 24.778870 4.234886 196.084311
18500 2 0.571232 25.124759 4.873437 187.883068
18550 3 0.716321 27.629495 4.748662 170.936778
18600 1 0.588330 28.271678 4.811885 199.943169
18650 1 0.770413 26.738808 4.987020 202.483483
18700 4 0.667757 23.708307 4.582002 208.429793
18750 5 0.712242 24.791179 4.132175 223.242719
18800 5 0.780083 27.126474 4.435845 249.426366
18850 1 0.660871 25.937581 4.380378 166.938317
18900 2 0.772047 25.086140 4.466087 189.180544
18950 1 0.657427 24.530864 4.674085 208.281056
19000 5 0.501201 21.306894 4.592830 266.611612
19050 6 0.531189 23.273002 4.488482 201.650661
19100 3 0.310023 24.033901 4.533931 232.646109
19150 14 0.309721 24.115654 4.142517 189.898676
19200 7 0.418074 23.846451 4.542304 212.337670
19250 4 0.639059 23.048313 4.734890 189.679958
19300 3 0.610629 26.824758 4.908211 189.049714
19350 5 0.602828 24.396739 4.534414 190.304009
19400 1 0.601384 25.646799 4.595667 178.166609
19450 3 0.466380 25.845434 4.824833 207.114208
19500 3 0.607587 20.908742 4.967571 194.827951
19550 4 0.050550 23.070060 4.846769 195.137966
19600 3 0.101196 22.255454 4.686557 174.110518
19650 4 0.374156 23.657817 4.651826 198.076714
19700 2 0.508178 21.703726 4.854515 224.075962
19750 4 0.106008 25.528059 4.935924 147.151959
19800 11 0.229661 21.733587 4.534928 138.253012
19850 22 0.304775 23.356406 3.746017 249.475293
19900 21 0.355481 23.560289 3.447181 204.827392
19950 10 0.360100 25.077862 4.682539 150.373913
20000 7 0.326351 30.775950 4.585773 207.982456
20050 10 0.325049 27.651987 4.301997 189.815750
20100 12 0.233170 24.261729 4.277772 233.363972
20150 6 0.272271 24.090164 4.759476 178.218813
20200 5 0.189366 27.034689 4.887633 227.557306
20250 9 0.080616 25.726342 4.768645 188.008183
20300 4 0.636511 28.348464 4.700161 199.372871
20350 1 0.592809 25.312448 5.150150 210.228635
20400 1 0.648930 24.431917 5.212279 213.231730
20450 2 0.563846 23.216201 4.964832 204.889789
20500 4 0.630738 21.344326 4.772861 204.869167
20550 4 0.598205 21.284071 4.411830 206.732039
20600 2 0.613645 23.216194 4.770374 210.964066
20650 4 0.373512 24.802750 4.641815 207.326507
20700 2 0.357280 23.504604 4.702170 208.328800
20750 4 0.550003 25.575329 4.150317 218.631269
20800 3 0.565407 27.676945 4.749223 174.057579
20850 1 0.481294 27.011187 5.118829 230.105564
20900 5 0.461219 24.925869 4.672433 244.766211
20950 4 0.320084 23.230478 4.988464 208.293643
21000 2 0.656537 22.216195 4.935443 116.203627
21050 1 0.429910 21.660351 5.089285 165.199125
21100 3 0.542984 19.561515 4.452303 205.777205
21150 1 0.358259 21.161685 4.885524 199.028674
21200 2 0.445197 19.863647 4.742515 202.632869
21250 2 0.732920 21.082739 5.058071 167.203030
21300 1 0.577824 19.297310 5.116835 199.245403
21350 1 0.620322 19.011981 5.120650 199.798883
21400 3 0.672161 22.574176 5.157732 220.026402
21450 3 0.550085 21.623630 4.814850 229.642082
21500 3 0.366409 20.033845 4.829575 151.338641
21550 3 0.521575 19.141776 4.784566 230.579326
21600 3 0.618415 17.826596 4.971276 244.684715
21650 2 0.669213 19.162327 4.855607 134.525309
21700 2 0.687357 17.299035 4.699553 212.007025
21750 1 0.569995 16.169667 4.818834 231.966460
21800 3 0.774047 15.388359 4.652699 207.109196
21850 5 0.582644 11.001229 4.611776 164.007472
21900 1 0.609776 14.338813 4.644304 218.515271
21950 3 0.646428 16.198519 4.946654 219.827933
22000 2 0.639324 14.979763 4.697911 150.827690
22050 3 0.664319 13.344169 4.332376 190.827328
22100 2 0.523161 12.031712 4.893084 224.394581
22150 2 0.496899 15.656220 5.053292 256.715929
22200 2 0.533086 6.881508 5.037179 221.444530
22250 6 0.517986 8.353874 4.334934 199.796905
22300 7 0.522112 9.982915 4.690274 158.716298
22350 1 0.474132 10.248738 4.723612 147.788301
22400 6 0.439201 9.171847 4.857289 192.899691
22450 5 0.512777 10.145788 4.697850 231.614418
22500 2 0.572418 14.551659 4.475047 233.691651
22550 1 0.636603 17.488147 4.879438 208.616942
22600 4 0.668981 13.658410 4.686597 202.473660
22650 4 0.560995 14.226620 4.460408 177.944661
22700 3 0.569409 13.847987 4.777581 178.960309
22750 6 0.561453 16.576544 4.272309 194.921479
22800 3 0.524958 11.678474 4.526142 186.096674
22850 4 0.427378 11.749226 4.564471 187.028208
22900 2 0.535645 11.012210 4.716613 201.025804
22950 4 0.551085 13.949237 4.636290 197.605695
23000 1 0.614772 11.503722 4.805970 195.551193
23050 2 0.681799 15.505242 4.581974 251.601391
23100 3 0.701817 12.975983 4.925372 182.999806
23150 3 0.646325 13.644473 4.784076 243.869681
23200 1 0.664081 16.531757 4.765181 208.655413
23250 3 0.729227 14.842198 4.745727 187.522561
23300 1 0.826574 14.941280 4.772315 202.496240
23350 3 0.641677 16.605734 4.501046 196.952993
23400 2 0.724609 23.590919 4.902849 192.204236
23450 4 0.458053 20.104183 4.756680 219.533744
23500 1 0.619972 21.969461 5.077914 190.901892
23550 2 0.048227 22.083187 4.721116 222.792968
23600 3 0.342321 18.648789 4.785921 219.809890
23650 6 0.420469 16.719069 4.564146 212.620102
23700 1 0.488678 17.362923 4.888973 159.166048
23750 1 0.448992 18.115147 4.705581 161.878803
23800 3 0.369965 17.159122 4.708400 154.297069
23850 3 0.496985 18.711106 4.898264 157.268948
23900 4 0.281817 16.946929 4.770962 211.193522
23950 3 0.262890 22.701300 4.857406 184.990332
24000 4 0.188308 19.585911 4.600483 198.549268
24050 2 0.256728 16.791913 4.775715 216.203699
24100 3 0.491048 21.669034 4.892197 219.921360
24150 2 0.511994 22.326370 4.833300 228.786102
24200 3 0.574336 24.873218 4.632793 209.370221
24250 3 0.487199 23.434636 4.814550 183.607434
24300 2 0.551417 20.708389 4.897489 175.015882
24350 2 0.593809 20.708782 4.962598 191.083618
24400 4 0.503131 21.304836 4.756334 162.381075
24450 5 0.812781 20.216422 4.718932 164.528163
24500 3 0.697368 17.836321 4.766361 224.692914
24550 2 0.722800 18.583769 4.815271 85.526892
24600 3 0.560258 20.670814 4.936723 210.891558
24650 3 0.807064 20.402655 4.697369 165.026733
24700 3 0.836716 23.213855 4.906782 171.181028
24750 2 0.230721 20.084412 5.018993 188.034902
24800 5 0.472208 24.641385 4.770776 181.172833
24850 6 0.507740 18.437888 4.647645 157.402650
24900 2 0.608940 22.684882 5.022913 191.986734
24950 1 0.373848 17.300064 4.723413 199.590058
25000 4 0.506457 18.099527 4.780725 208.182299
25050 1 0.493212 16.451762 4.694862 199.291529
25100 2 0.731901 14.318570 4.648852 265.935240
25150 3 0.323939 18.890151 4.972959 155.794521
25200 6 0.428199 19.941053 4.389655 226.448142
25250 4 0.301085 19.583312 4.460622 133.020853
25300 3 0.205187 18.053160 4.720272 150.934948
25350 5 0.312367 17.643913 4.918108 204.580694
25400 4 0.533960 17.450963 4.557941 172.181097
25450 5 0.393837 18.380401 4.777377 199.791083
25500 6 0.453581 20.416387 4.660720 197.430011
25550 2 0.461482 17.905716 4.626091 203.985400
25600 3 0.332233 14.844430 4.664569 180.606225
25650 5 0.423741 15.523065 4.787144 202.226802
25700 2 0.307686 13.841682 5.056785 183.979362
25750 5 0.388106 17.549628 4.911491 202.448830
25800 5 0.281339 14.715088 5.120434 190.325147
25850 6 0.194157 17.156125 4.932588 199.165967
25900 3 0.327146 16.760775 4.818107 188.715507
25950 8 0.449950 19.160678 4.564121 142.759596
26000 5 0.350865 17.781475 4.754185 220.684619
26050 7 0.137935 18.758665 4.637729 208.632743
26100 3 0.306795 16.015046 4.637729 208.632743
26150 6 0.585557 20.416887 4.212355 205.030754
26200 11 0.128322 20.282416 4.686456 191.977670
26250 9 0.116462 16.919749 4.347352 194.504811
26300 4 0.566905 17.219948 4.694846 138.109360
26350 10 0.557468 17.839655 4.356855 197.056941
26400 11 0.800638 20.429181 3.925655 174.739621
26450 7 0.397665 21.825438 4.441436 203.124383
26500 3 0.249426 18.370507 4.678293 233.996273
26550 8 0.146421 21.199729 4.576991 242.400547
26600 4 0.041299 18.579712 4.767166 291.177376
26650 12 0.185523 20.527098 4.741388 138.909099
26700 13 0.333033 20.227744 4.251004 193.094783
26750 6 0.328996 19.698426 4.785768 210.740298
26800 19 0.387801 20.785529 4.285535 163.375722
26850 15 0.286216 20.402065 4.239014 154.141494
26900 11 0.389674 18.240881 4.025065 222.087794
26950 5 0.642532 19.151659 4.368297 186.327768
27000 10 0.460379 20.014366 3.975218 190.178599
27050 11 0.425023 19.557836 4.352471 221.740821
27100 9 0.258359 17.286638 4.514219 221.627869
27150 9 0.085636 18.201126 4.635916 209.957636
27200 10 0.067737 21.408868 4.959500 190.630288
27250 5 0.233312 18.204506 4.821586 197.107747
27300 3 0.239312 22.268224 4.915333 164.154975
27350 2 0.559248 18.833807 4.807117 203.265412
27400 2 0.497989 16.961296 4.878305 184.589604
27450 1 0.470381 20.232356 4.493736 271.786273
27500 2 0.344768 14.043966 4.538651 189.514767
27550 4 0.439674 16.125837 4.317470 212.603643
27600 3 0.514011 17.198753 4.392959 196.317341
27650 3 0.656848 19.305191 4.481970 179.468395
27700 5 0.607907 17.813995 4.554527 208.901692
27750 8 0.567077 20.638411 4.452148 189.832426
27800 5 0.709193 24.270368 4.739248 219.572292
27850 7 0.356410 20.975930 4.675779 206.739920
27900 8 0.698715 19.527137 3.978167 244.288669
27950 4 0.672368 19.451933 4.587055 196.811913
28000 4 0.358008 20.224976 4.650407 193.760885
28050 2 0.335477 18.160496 4.998584 195.137225
28100 5 0.427223 16.685976 4.889433 143.845682
28150 8 0.075396 17.912351 4.610145 202.315610
28200 7 0.048725 19.135308 4.717680 204.287834
28250 4 0.443657 15.080562 4.638072 202.094505
28300 6 0.742128 18.457738 3.942160 204.709321
28350 15 0.553683 20.839581 3.960312 197.914494
28400 9 0.478633 21.913566 4.003039 207.556892
28450 11 0.565490 21.918143 3.837216 205.667223
28500 8 0.843774 22.554092 3.496276 201.897076
28550 6 1.078137 24.519932 3.496276 201.897076
