0 9 2.801291 24.210000 3.662592 50.501028 1.019793 4.917565 
50 12 2.705595 23.939979 3.715729 48.093427 0.408906 8.430281 
100 12 2.482042 24.245736 3.797621 53.720765 0.399937 2.575939 
150 14 2.453143 24.876133 3.769201 46.115215 0.356029 5.299926 
200 15 2.506642 24.158813 3.779591 55.732002 0.206475 6.151261 
250 12 2.453779 24.581761 3.815766 62.790456 0.338159 3.357023 
300 15 2.430088 24.474008 3.851048 51.224135 0.337508 1.313013 
350 12 2.466509 25.955462 3.815831 56.853463 0.328131 1.483925 
400 17 2.382320 25.747895 3.776454 51.079978 0.406414 0.487155 
450 14 2.361836 24.811809 3.798751 56.358343 0.246406 0.320744 
500 15 2.192667 24.388736 3.761904 55.490393 0.173993 0.588417 
550 15 2.279722 25.075107 3.813452 41.160166 0.324078 1.382995 
600 11 2.069256 24.811591 3.857776 54.033094 0.252068 8.621991 
650 11 2.127607 24.993418 3.817912 61.639953 0.308638 10.531547 
700 12 1.939705 25.757075 3.843632 55.809327 0.458483 11.755593 
750 14 2.228275 25.300626 3.843632 55.809327 0.291054 4.275073 
800 13 2.104946 24.612094 3.837771 55.809314 0.333831 3.076057 
850 14 1.877112 23.219960 3.868560 54.486892 0.480872 4.276246 
900 15 1.860560 23.547838 3.856139 54.429690 0.295191 5.063807 
950 15 1.908550 23.181919 3.798255 56.345813 0.278843 1.555046 
1000 12 1.850492 24.865024 3.756520 77.186236 0.330313 1.716307 
1050 13 1.555689 23.502628 3.787409 80.980870 0.379823 2.391326 
1100 15 1.560729 23.546932 3.908807 66.543941 0.296576 3.221628 
1150 12 1.601437 22.776874 3.978276 66.147289 0.351428 1.940778 
1200 12 1.677798 23.331581 4.117700 67.039507 0.323264 1.999890 
1250 14 1.438819 22.418724 4.094610 95.831687 0.293214 2.473908 
1300 14 1.274916 22.630692 4.001708 72.512762 0.338961 2.588788 
1350 15 1.488945 23.383982 4.078260 49.132066 0.239646 3.616168 
1400 14 1.816133 25.630745 4.328443 48.520504 0.238771 6.562847 
1450 12 1.312601 24.574285 4.466246 58.715571 0.277363 9.521061 
1500 13 1.406994 22.820733 4.429098 59.612578 0.248241 7.619431 
1550 11 1.437495 22.803972 4.445156 67.872824 0.309260 5.098626 
1600 12 1.479356 23.737199 4.251558 57.063544 0.252830 5.610283 
1650 13 1.314691 24.874044 4.396572 54.046219 0.322935 4.735330 
1700 15 1.543426 25.737911 4.265335 54.429185 0.407333 1.732481 
1750 13 1.606788 25.262244 4.270411 57.682679 0.306706 2.431410 
1800 13 1.690817 25.540580 4.355642 57.540857 0.223086 4.257456 
1850 13 1.436575 24.079911 4.272349 59.844476 0.279113 5.054280 
1900 13 1.682298 24.845898 4.437259 70.107887 0.256468 7.145007 
1950 13 1.715149 24.753460 4.637995 56.906493 0.228252 3.524757 
2000 12 1.721234 24.155355 4.589893 46.505976 0.163509 0.872852 
2050 13 1.834153 25.572717 4.315909 49.807541 0.245980 1.314695 
2100 13 1.693624 24.796569 4.292187 45.427959 0.167261 2.385848 
2150 16 1.760988 24.661733 4.261975 35.583730 0.129014 3.295746 
2200 14 1.677479 24.839601 4.282201 52.591106 0.137693 2.433890 
2250 15 1.613328 24.858887 4.336534 50.266218 0.166097 3.745950 
2300 13 1.664535 24.887115 4.555954 41.661946 0.195061 5.297460 
2350 11 1.584087 25.892649 4.642574 52.186480 0.217321 19.224394 
2400 12 1.607042 26.106044 4.646910 47.531577 0.264218 17.479203 
2450 12 1.646477 26.583714 4.624312 39.736627 0.239313 16.596889 
2500 14 1.576322 27.248675 4.728170 44.071667 0.262415 6.004780 
2550 12 1.702255 27.443510 4.402693 59.284145 0.193550 7.683522 
2600 15 1.520938 25.927934 4.358601 53.804166 0.272474 5.197385 
2650 11 1.680403 25.801635 4.240742 47.689330 0.216384 13.979884 
2700 14 1.721141 25.485408 4.377907 50.998034 0.224192 11.420777 
2750 14 1.200759 25.135817 4.445377 60.401005 0.193666 11.325982 
2800 15 1.235322 24.818439 4.592888 55.334297 0.203655 11.872408 
2850 14 1.437535 25.009062 4.363096 40.630667 0.222062 21.623743 
2900 16 1.242185 24.727638 4.547836 51.866743 0.219883 26.366948 
2950 14 1.387885 26.834076 4.225714 62.568732 0.167972 28.179880 
3000 11 1.406999 21.929008 4.268558 66.284869 0.267729 33.459513 
3050 12 1.144290 26.955763 4.238209 61.543745 0.340233 23.920514 
3100 14 1.158792 25.997957 4.272982 71.011971 0.192477 30.084274 
3150 16 1.355983 26.072343 4.116643 58.089735 0.183257 17.069714 
3200 13 1.366823 24.877661 4.233120 50.283164 0.358244 48.524522 
3250 13 1.279862 25.935409 4.137900 102.727926 0.297118 92.146527 
3300 14 1.056854 27.979471 4.133363 86.451599 0.202646 55.881537 
3350 12 0.911103 25.195315 4.123761 99.153216 0.273870 93.517150 
3400 14 0.972605 24.660212 4.174894 54.866341 0.581566 81.200519 
3450 15 0.982438 24.659756 4.190969 67.595990 0.289174 111.680763 
3500 16 1.045274 25.241882 4.158469 76.996200 0.276425 56.142488 
3550 14 0.772070 25.659192 4.176761 80.510575 0.217101 59.999114 
3600 14 0.740624 28.190933 4.156146 70.850705 0.328988 51.423682 
3650 13 0.916760 29.004069 4.159880 68.757473 0.261614 54.182682 
3700 14 0.885877 28.697528 4.192440 57.380945 0.316821 57.313632 
3750 14 0.894593 34.875649 4.150131 79.083868 0.410474 57.642530 
3800 15 0.862606 35.520603 4.181459 82.636858 0.336685 83.770733 
3850 14 0.787872 31.605700 4.225124 99.891447 0.297822 137.055575 
3900 13 1.072890 29.251124 4.314555 81.784601 0.400906 224.483681 
3950 12 0.881851 23.211068 4.287433 54.395044 0.256341 1056.258559 
4000 14 0.959265 25.377337 4.305576 53.284863 0.211025 1980.546987 
4050 13 1.096473 28.618323 4.219142 52.509173 0.260362 364.020560 
4100 13 0.837608 26.153697 4.340202 51.247275 0.203408 101.368868 
4150 12 0.919014 26.637479 4.456444 56.034055 0.206502 94.067210 
4200 14 0.725657 23.825928 4.454960 62.711191 0.199132 104.996866 
4250 13 0.690293 23.383814 4.448514 46.934374 0.206536 210.691107 
4300 15 0.605002 26.419496 4.466935 72.790536 0.181277 364.074407 
4350 12 0.695522 24.838725 4.385694 48.503053 0.189163 350.128545 
4400 13 0.671608 28.909493 4.482352 91.702745 0.203141 196.132788 
4450 14 0.747729 28.966609 4.574234 63.095384 0.115664 195.400244 
4500 11 0.645594 30.107598 4.670280 41.516173 0.121694 271.761699 
4550 14 0.713358 26.398085 4.751574 55.171229 0.211149 144.300009 
4600 15 0.748342 28.166087 5.114874 26.395444 0.233265 112.044971 
4650 12 0.589354 28.483930 4.755999 70.528908 0.215403 96.755601 
4700 13 0.485155 28.258383 4.733928 51.243854 0.102428 113.690548 
4750 14 0.617054 27.553606 4.672330 54.931530 0.197324 46.382761 
4800 14 0.726427 28.272493 4.961105 17.339152 0.178806 104.748111 
4850 15 0.632988 28.344833 4.861869 40.128789 0.282602 243.339387 
4900 14 0.663558 28.070165 4.928574 24.899717 0.150304 353.719889 
4950 13 0.521420 27.329976 4.672494 52.395569 0.242619 760.129456 
5000 12 0.630998 25.685176 5.076688 39.802852 0.373321 303.879271 
5050 13 0.805406 25.481202 5.232982 42.995233 0.268239 420.329126 
5100 11 0.490574 24.730398 5.093388 46.530517 0.268710 923.577305 
5150 13 0.716474 23.902911 4.933077 23.725104 0.316557 813.430281 
5200 11 0.515539 23.811780 5.252964 19.773637 0.558489 920.826053 
5250 13 0.493027 23.300947 4.824631 75.941457 0.473817 736.241032 
5300 15 0.531330 23.546872 4.861211 44.422027 0.506854 971.334346 
5350 13 0.294568 21.901931 4.854425 42.899578 0.609223 1268.774107 
5400 14 0.642289 22.626581 4.616595 48.980331 0.485281 1340.097196 
5450 12 0.599767 19.742942 4.617609 59.177915 0.450978 2850.672277 
5500 14 0.605857 20.957884 4.602206 59.772743 0.422985 1788.626432 
5550 12 0.827248 21.313886 4.788802 55.115937 0.351954 4088.587629 
5600 13 0.756654 25.869234 4.346103 119.354959 0.557701 2652.542258 
5650 15 0.828975 25.590448 4.378741 126.974238 0.534702 5294.300445 
5700 13 0.724660 24.082846 4.719983 69.488820 0.485922 4990.920877 
5750 15 0.666762 23.539441 4.777913 53.761750 0.296501 1685.152603 
5800 13 0.582374 22.803472 4.751258 42.683723 0.248956 1859.098740 
5850 13 0.714558 23.168641 4.549745 54.522228 0.467262 1272.401119 
5900 11 0.818772 19.852954 4.546331 89.638317 0.515137 882.337016 
5950 13 0.834576 21.523141 4.574142 53.095217 0.365343 821.740990 
6000 16 0.810044 22.692205 4.528761 72.826659 0.587475 611.820186 
6050 12 1.132002 22.081378 4.510076 60.161822 0.532564 808.340016 
6100 11 1.043081 20.167887 4.615484 65.405188 0.592247 1036.279770 
6150 13 0.879351 19.379992 4.588044 68.734845 0.520391 2808.539487 
6200 13 0.773660 19.956404 4.465475 62.381876 0.337697 3043.099254 
6250 13 0.750794 21.632342 4.675470 44.598528 0.433633 3303.227708 
6300 13 0.535197 25.367442 4.741304 87.068174 0.331298 1980.415251 
6350 10 0.479057 25.892449 4.777598 48.934116 0.484058 2307.047223 
6400 14 0.238132 24.023853 4.976988 49.824213 0.406036 3862.915625 
6450 12 0.286009 28.390201 5.035898 35.953280 0.460053 1448.533024 
6500 13 0.197641 24.874896 5.300388 50.981889 0.537887 537.601033 
6550 12 0.224024 24.342676 5.008196 74.084173 0.409077 817.977441 
6600 13 0.521361 23.199023 4.721580 69.855444 0.283637 982.590933 
6650 16 0.580713 22.484323 4.534132 66.032209 0.390741 970.459867 
6700 13 0.368316 23.074028 4.907704 62.635226 0.514005 1007.635000 
6750 14 0.350525 22.519168 4.492063 95.712391 0.439746 2029.510228 
6800 12 0.423315 26.281778 4.488327 102.593773 0.574215 4043.627200 
6850 13 0.478443 24.316182 4.776333 93.170898 0.408573 1276.897259 
6900 14 0.277757 25.421015 4.501619 194.101383 0.400932 486.481472 
6950 14 0.200882 28.875787 4.651730 86.380585 0.293667 327.010670 
7000 14 0.321227 24.441868 4.636136 76.581053 0.301177 342.429432 
7050 15 0.235521 24.576272 4.664629 78.174554 0.295118 1354.543995 
7100 15 0.367681 27.555552 4.721064 106.217736 0.336105 565.512248 
7150 14 0.458440 29.006722 4.624751 97.410912 0.416667 1122.029994 
7200 12 0.351465 27.828472 4.838525 76.203445 0.486569 3423.349395 
7250 18 0.586154 27.930405 4.617051 70.475631 0.673623 8945.024193 
7300 15 0.481943 23.559209 4.700246 120.799431 0.337018 16662.638758 
7350 12 0.248068 26.123363 4.686146 61.422130 0.284579 7605.743400 
7400 14 0.322750 27.542896 5.043165 54.007466 0.330518 12045.199292 
7450 11 0.260701 30.327069 5.143552 34.290499 0.380223 12436.820265 
7500 12 0.133771 29.168392 4.936723 52.809959 0.250039 13386.019749 
7550 17 0.198382 27.171145 5.167531 45.757381 0.502120 15610.742574 
7600 13 0.176638 31.579274 5.267623 43.489267 0.331505 16461.497545 
7650 13 0.281334 23.626969 4.993582 68.575852 0.517270 37858.275811 
7700 13 0.137590 26.498909 5.079504 48.327748 0.219567 43209.436550 
7750 14 0.176817 36.725184 4.866685 32.408195 0.619462 45847.618087 
7800 13 0.309838 39.052666 5.082093 55.347989 0.542908 60641.418828 
7850 15 0.429560 32.958507 4.856744 72.426812 0.641255 22146.629450 
7900 15 0.238912 35.579771 5.186360 71.403036 0.642322 21343.655433 
7950 13 0.277058 38.380163 5.054156 51.306565 0.369102 12399.830925 
8000 12 0.376944 37.589284 5.057454 59.341618 0.564809 4666.385395 
8050 14 0.438503 44.733258 4.505947 112.519151 0.425179 12846.784122 
8100 12 0.659157 41.137614 4.774020 87.632546 0.427294 44187.896173 
8150 13 0.815175 40.834637 4.773224 40.477965 0.303511 14147.375634 
8200 16 0.431595 39.241555 4.915887 44.428393 0.599403 7367.739467 
8250 14 0.540924 42.176894 5.039907 44.712750 0.616043 21145.983799 
8300 12 0.459597 41.578197 5.027632 47.009962 0.508122 15008.334653 
8350 11 0.484016 38.167939 5.007481 38.212008 0.605530 18691.676431 
8400 14 0.414539 37.053956 4.762092 62.737897 0.504331 16873.635204 
8450 13 0.308332 34.891439 5.019881 28.374156 0.456254 21265.298618 
8500 17 0.233608 31.540700 4.215459 132.286012 0.516751 10290.174642 
8550 13 0.388977 36.609919 4.701628 100.700923 0.513666 19765.655221 
8600 16 0.364851 36.630970 4.789622 57.452488 0.698084 24518.194656 
8650 14 0.244141 30.568438 4.794658 99.839415 0.578626 11221.872018 
8700 11 0.401465 33.758419 4.872077 36.555926 0.643777 20453.530623 
8750 11 0.320913 29.309715 4.850362 64.861818 0.565590 19705.464346 
8800 16 0.355230 30.067713 4.927582 50.068415 0.390811 10205.461703 
8850 11 0.188840 34.456787 4.864802 39.046401 0.371798 3735.382530 
8900 13 0.222025 37.528852 5.128858 76.157455 0.376974 3060.040686 
8950 16 0.171196 36.524067 5.330040 66.839964 0.361185 4062.469248 
9000 14 0.151674 35.287060 5.229928 130.127049 0.296898 1355.987422 
9050 14 0.261682 35.956805 4.829925 19.547664 0.294548 980.354031 
9100 14 0.366150 42.574910 4.978402 39.992975 0.198472 571.254696 
9150 16 0.331296 43.845934 5.100628 32.364365 0.219948 437.272347 
9200 13 0.174135 46.580170 5.251899 44.044608 0.454145 1301.748284 
9250 12 0.174485 45.388669 5.109262 47.369369 0.441308 582.449122 
9300 13 0.239504 46.889979 4.952437 50.962597 0.644029 785.221721 
9350 11 0.241013 46.696424 5.078970 33.532938 0.291802 476.504969 
9400 15 0.209773 49.980632 5.067870 46.243320 0.262617 228.808727 
9450 15 0.171788 46.839234 5.094810 43.982541 0.224871 309.223905 
9500 12 0.127768 39.794544 5.103477 43.150021 0.261457 414.979364 
9550 13 0.106688 41.974428 5.093698 43.223980 0.330198 393.545107 
9600 12 0.168798 39.567289 5.150639 43.055310 0.384036 566.037874 
9650 14 0.153639 36.211172 4.889661 24.566564 0.564762 914.601501 
9700 14 0.158881 45.474307 5.196745 45.514681 0.715237 1552.677155 
9750 12 0.293914 44.654662 4.805905 50.827591 0.758717 2022.441825 
9800 13 0.449449 40.977752 4.948172 18.701372 0.782760 1023.100832 
9850 14 0.360941 37.980401 5.022240 39.356509 0.661758 462.958448 
9900 16 0.483695 36.586711 4.995926 18.536250 0.527682 698.467960 
9950 13 0.567877 44.835894 4.976912 55.418868 0.439628 583.314821 
10000 15 0.557353 41.820284 4.906516 40.932266 0.652851 459.697641 
10050 11 0.396373 42.654075 4.892096 31.639071 0.307938 577.825664 
10100 13 0.354939 44.599926 5.086353 53.506403 0.344650 1773.255112 
10150 13 0.471458 49.898281 4.945703 30.639435 0.287480 5818.830774 
10200 14 0.370610 47.752513 5.039601 44.365031 0.295534 3946.571312 
10250 14 0.304119 47.203312 5.023953 43.655735 0.280518 2113.520844 
10300 10 0.458329 48.805495 4.835272 54.163675 0.367341 3136.753847 
10350 14 0.256786 48.842272 5.117794 50.946489 0.384936 1272.544844 
10400 12 0.310801 50.282619 4.779556 128.673286 0.641225 2096.574748 
10450 14 0.109393 52.633497 5.148668 76.772302 0.401128 2846.397794 
10500 11 0.038411 50.027290 5.094165 63.049876 0.342043 4149.972453 
10550 13 0.192401 41.430549 4.902352 44.116931 0.633890 1411.554423 
10600 15 0.402246 49.521369 4.931282 92.146652 0.424196 1121.237362 
10650 15 0.441661 44.508417 4.877758 61.030586 0.476726 979.794222 
10700 12 0.402833 46.554173 4.981242 49.009495 0.409785 1313.440646 
10750 11 0.429476 40.917437 4.669304 50.459105 0.491125 1180.956444 
10800 15 0.447788 45.775224 4.744836 48.371429 0.412906 2857.593029 
10850 16 0.284018 50.321859 5.233974 31.823757 0.374501 1275.490101 
10900 15 0.260038 42.830011 5.293074 41.632813 0.901300 791.923652 
10950 15 0.365610 44.347313 5.159076 57.462321 0.275849 483.911075 
11000 15 0.379942 43.801142 4.999344 44.758186 0.259192 497.698518 
11050 12 0.330174 37.105467 5.055194 51.573241 0.501170 661.459837 
11100 12 0.383014 37.794378 4.998623 37.726842 0.678886 2274.141875 
11150 10 0.276721 38.094547 5.111610 41.434583 0.544542 2303.478783 
11200 10 0.411694 35.748206 5.111610 41.434583 0.395042 1898.246329 
11250 13 0.374763 32.854602 5.175848 39.187574 0.591372 5916.785070 
11300 13 0.594384 43.501831 5.175848 39.187574 0.528268 3682.363658 
11350 15 0.096648 32.902814 5.175848 39.187574 0.499011 4200.508954 
11400 17 0.331488 30.252135 5.254416 44.472189 0.195988 4718.864877 
11450 14 0.309769 29.175524 5.070549 45.756168 0.316809 4806.886383 
11500 13 0.313703 35.398158 4.854345 44.888309 0.286283 9823.721867 
11550 14 0.374986 30.174076 4.973230 48.446605 0.322050 19895.636386 
11600 13 0.322484 32.745196 4.723255 70.196006 0.732533 25505.301267 
11650 10 0.417939 29.615839 5.102526 81.120497 0.508477 15380.294390 
11700 15 0.430532 31.145667 5.295659 30.818855 0.573054 8110.074801 
11750 14 0.115996 37.052282 4.948247 83.930472 0.935586 16041.244611 
11800 11 0.208981 34.808579 5.113381 50.026015 0.937067 23105.271529 
11850 11 0.252390 36.406907 5.348869 28.533200 0.859898 9401.746693 
11900 11 0.285123 35.006605 5.317299 61.621459 0.754701 3273.187766 
11950 14 0.333690 36.815639 4.942895 24.764643 0.613811 2288.534066 
12000 13 0.291475 36.398468 5.044854 29.532326 0.701273 4843.870975 
12050 14 0.391987 36.623535 4.749969 14.859903 0.790347 15963.359304 
12100 14 0.743595 31.287478 4.239176 68.110772 0.607739 10769.191236 
12150 17 0.993278 35.846909 5.068871 3.660081 1.005517 8623.213911 
12200 13 0.587824 33.537134 4.779675 70.427742 0.838361 8345.593865 
12250 13 0.551077 34.029936 4.710076 39.290815 0.864510 4992.489581 
12300 14 0.639565 37.353527 5.036956 45.609223 0.401421 2444.022495 
12350 13 0.949178 36.601888 5.037135 22.506634 0.506902 1544.205766 
12400 14 0.821502 37.624889 4.581911 44.644970 0.682961 2688.835043 
12450 14 0.904239 43.303942 4.494154 45.007050 1.235654 2707.103159 
12500 15 0.614981 48.874374 5.000207 32.581904 0.948950 5575.236983 
12550 14 0.652127 47.843732 5.108788 18.213679 0.999392 4175.064157 
12600 15 0.278305 37.871770 5.319317 48.965525 1.215951 14607.420788 
12650 15 0.069192 32.611953 4.847598 27.816617 0.949541 6346.715925 
12700 11 0.619344 41.298047 5.046032 29.320258 0.668787 4257.318985 
12750 15 0.846421 39.425949 4.670150 42.284343 0.402886 4022.678403 
12800 13 0.985500 39.784434 4.630258 47.658247 0.525997 16172.711179 
12850 14 0.937383 34.975330 4.427717 60.717210 1.143126 20788.443926 
12900 13 1.233453 35.531342 4.672179 36.942278 0.669633 5583.804972 
12950 14 1.056281 27.895924 4.544104 51.532087 0.821440 9265.381848 
13000 13 0.967887 29.609002 4.664035 43.211684 0.790452 4000.798544 
13050 13 0.661203 36.702146 4.634151 39.388922 1.002538 9358.732446 
13100 13 1.028497 43.921663 4.634151 39.388922 0.498645 4713.645336 
13150 13 1.453548 35.567021 4.753411 34.707664 0.291516 2199.564892 
13200 12 1.310028 33.666605 4.774893 40.260850 0.469988 3946.328779 
13250 15 1.610587 38.441421 4.655807 30.596180 0.441746 6750.238303 
13300 12 1.949196 47.082445 4.597981 50.500301 0.293300 2596.354715 
13350 12 1.118126 48.439792 4.437761 62.842243 0.258680 6554.893512 
13400 14 1.652777 49.833105 4.671927 26.549149 0.326588 18143.269803 
13450 12 1.651663 41.794039 4.825137 40.826416 0.261968 21922.780454 
13500 14 1.424268 42.208583 4.737369 29.267058 0.297710 54820.920880 
13550 12 1.293236 38.038377 4.599342 52.262611 0.311152 32788.870650 
13600 12 1.146914 30.334478 4.770350 45.301686 0.471778 25987.671931 
13650 16 1.201709 31.301284 4.621213 25.398302 0.424874 14621.601311 
13700 12 1.383247 38.690890 4.995850 12.507002 0.340951 5307.400838 
13750 10 1.360163 34.844966 4.876733 26.370016 0.244265 7526.791315 
13800 14 1.612411 44.153970 4.615778 33.887877 0.641648 1356.220488 
13850 14 1.595901 36.355070 5.064126 27.849824 0.595375 788.728929 
13900 15 1.590126 32.242379 4.959577 17.262784 0.516687 950.168075 
13950 14 1.055265 36.046783 4.897444 33.581088 0.394166 1289.129571 
14000 15 1.499206 33.998928 4.885873 10.299738 0.589836 2088.005629 
14050 12 1.699242 42.987328 4.446140 51.506207 0.481162 2710.707057 
14100 13 2.082021 33.371333 4.453194 36.522073 0.603920 2860.084079 
14150 14 1.088025 29.802092 4.404967 63.607059 0.524912 3562.634413 
14200 12 1.341077 35.767469 4.520071 38.849562 0.429807 1214.557429 
14250 15 1.251624 31.395227 4.362728 64.335376 0.518304 990.921436 
14300 12 0.910061 39.604970 4.734289 23.030629 0.321775 700.378118 
14350 11 1.268710 42.403156 4.907105 11.935745 0.335140 2732.487159 
14400 12 1.566339 37.942015 4.929884 23.260352 0.384099 2984.944556 
14450 12 1.688565 37.816341 4.799354 27.689675 0.497525 9912.789252 
14500 11 1.580980 36.824153 4.848455 36.641701 0.455986 17282.386663 
14550 13 1.335754 38.049008 4.613877 54.942975 0.335734 12720.957104 
14600 14 0.907031 28.814347 4.643595 38.305153 0.415526 10287.035595 
14650 15 0.946981 30.064401 4.598964 48.844509 0.344151 6755.290252 
14700 13 1.122728 25.459948 4.835944 19.402064 0.312625 4672.950844 
14750 17 1.037031 19.234928 4.454531 50.837011 0.339705 4178.008392 
14800 14 0.805508 21.708006 4.436187 64.210968 0.501180 3817.902150 
14850 16 0.855606 21.960677 4.413689 57.344268 0.371313 5643.038048 
14900 12 0.945085 24.772710 4.653268 79.300599 0.527657 9143.001327 
14950 13 0.770875 23.293432 4.644752 47.834374 0.492540 3153.790244 
15000 13 0.980397 23.061828 4.568253 31.618788 0.647874 2397.957492 
15050 13 0.927625 26.242036 4.353947 112.795544 0.576109 2734.515013 
15100 15 0.787945 24.957120 4.238621 46.373360 0.553001 8063.351221 
15150 14 0.776670 29.328954 4.253465 80.490216 0.612314 15420.947930 
15200 13 0.918542 32.799156 4.291423 68.083644 0.238560 8153.904459 
15250 13 0.822608 29.195925 4.347749 70.773102 0.227123 12111.040899 
15300 12 1.188198 27.196404 4.326357 70.824108 0.664405 7171.175046 
15350 13 1.290692 29.797531 4.362786 58.189738 0.672360 11164.240604 
15400 14 1.053913 30.565387 4.338290 49.350774 0.872655 5829.213390 
15450 11 1.662777 34.578249 4.278614 52.416886 0.815508 2002.699125 
15500 14 1.043629 32.531504 4.229901 96.503899 0.896993 924.010606 
15550 14 0.779009 30.641016 4.147855 70.437367 0.451339 469.321414 
15600 11 0.686721 31.262250 4.344361 107.108664 0.556745 615.743331 
15650 12 1.315168 31.345484 4.399014 52.779336 0.288908 537.038760 
15700 18 1.103237 31.893585 4.356598 61.280604 0.480624 643.919849 
15750 14 1.204453 31.596319 4.267431 68.602226 0.257425 761.545070 
15800 10 1.394480 31.292422 4.594545 52.323670 0.374445 996.338430 
15850 12 1.364454 30.456418 4.569693 49.047502 0.345072 723.935630 
15900 15 1.535118 28.718166 4.405469 37.952930 0.442592 1744.945167 
15950 14 1.419114 30.387653 4.437636 36.347994 0.366190 959.553565 
16000 13 1.351985 26.844791 4.385509 37.205743 0.314563 798.927153 
16050 14 1.459445 28.579250 4.454967 33.682068 0.222411 1053.497345 
16100 16 0.918254 28.152153 4.479282 37.574906 0.273896 3241.616476 
16150 15 0.969247 28.139110 4.494897 38.131776 0.295173 6894.465063 
16200 14 1.210362 27.674453 4.524940 38.173904 0.464002 7407.436603 
16250 14 1.413232 28.023877 4.524940 38.173904 0.454316 1722.748033 
16300 14 1.360451 28.061540 4.442131 38.106920 0.484076 898.238215 
16350 14 0.980316 28.895622 4.413297 37.483353 0.591649 725.037090 
16400 11 0.934135 26.413110 4.521748 37.872174 0.558975 1089.690358 
16450 15 0.815254 26.992873 4.470978 38.764561 0.283250 1410.263394 
16500 13 0.875670 27.885575 4.620315 38.685220 0.342432 1237.265347 
16550 15 0.671320 27.272631 4.593283 37.775963 0.338740 1770.625424 
16600 16 0.583431 29.460183 4.593283 37.775963 0.402861 2635.118321 
16650 14 0.981108 30.737872 4.619696 38.085946 0.305814 1840.158071 
16700 13 1.206659 31.835039 4.619696 38.085946 0.346232 3756.860962 
16750 12 1.466888 27.998504 4.695373 38.470201 0.343922 2558.627633 
16800 13 1.097040 29.665183 4.695373 38.470201 0.245077 1015.985715 
16850 14 0.834373 31.676311 4.695373 38.470201 0.388410 1455.149865 
16900 10 1.011473 33.183605 4.680459 38.134119 0.420067 1576.046648 
16950 15 1.268114 29.503718 4.680459 38.134119 0.402819 3572.624791 
17000 12 1.098430 32.834196 4.680459 38.134119 0.305027 2243.940511 
17050 13 1.283724 34.463325 4.672126 37.869764 0.243688 3001.113254 
17100 12 1.096065 30.484497 4.425517 40.569969 0.244296 4599.615577 
17150 13 0.984288 30.023269 4.546052 36.972870 0.323007 2216.518438 
17200 11 1.227372 27.626595 4.548808 32.816844 0.254951 3016.014608 
17250 12 1.047548 22.490381 4.548422 34.768414 0.248410 1121.691133 
17300 13 1.049771 29.200494 4.695736 39.007099 0.187704 2787.518322 
17350 14 0.987704 27.036352 4.771653 29.539520 0.407646 3744.414649 
17400 14 1.060056 29.263830 4.878117 29.036806 0.303863 2530.386067 
17450 14 0.964279 29.886466 4.670565 37.390010 0.278247 2868.756875 
17500 12 0.937532 25.511147 4.648711 33.300023 0.313041 1417.423815 
17550 14 0.865496 29.343755 4.593464 42.397253 0.736382 2498.675526 
17600 13 0.710990 36.780068 4.526103 57.198049 0.950875 4352.387774 
17650 16 0.673441 34.074011 4.594194 50.483742 0.531271 5548.917712 
17700 16 1.175432 30.681542 4.672370 28.424746 0.361531 3347.900375 
17750 14 0.724002 38.700917 4.547084 54.515690 0.249697 812.858686 
17800 14 0.848605 33.295829 4.554062 68.508369 0.374119 724.276842 
17850 14 0.802961 29.652680 4.477571 70.769997 0.299840 401.652248 
17900 15 0.679544 29.578232 4.735596 73.268306 0.203383 356.766857 
17950 14 0.650910 24.777599 4.718005 75.659869 0.238698 547.663458 
18000 11 0.371329 19.569720 4.699392 52.090880 0.511117 259.754146 
18050 14 0.838181 16.186851 4.770567 63.024271 0.448777 214.617051 
18100 15 0.650863 17.080549 5.059883 48.120265 0.588646 345.567544 
18150 14 0.931467 20.303304 4.828099 41.008686 0.686593 548.123705 
18200 15 0.888364 26.220918 4.617388 66.010936 0.519672 256.649643 
18250 12 0.976042 25.229014 4.795492 53.466175 0.259421 93.013085 
18300 14 1.013825 23.942200 4.849199 40.824155 0.258490 72.860233 
18350 11 1.044499 18.197992 4.982077 46.811856 0.310543 174.067073 
18400 11 0.956010 21.355331 5.062106 46.418185 0.365610 201.980850 
18450 10 0.934214 25.977448 4.939900 21.577663 0.282891 454.535073 
18500 13 0.984875 29.885296 5.017138 32.416978 0.233975 133.335768 
18550 11 0.813560 32.435975 4.951921 39.010494 0.301753 61.711010 
18600 14 0.847291 32.230178 4.945112 25.828410 0.208125 94.380541 
18650 11 0.754343 30.109258 5.011797 47.709659 0.170369 65.319497 
18700 14 0.904069 31.335814 4.960323 32.970278 0.250365 142.333221 
18750 14 0.753367 31.957704 4.794219 57.073481 0.268495 123.155759 
18800 11 0.971665 26.947799 4.812812 43.180979 0.232347 125.765850 
18850 16 1.000194 34.583615 4.456314 48.812312 0.209827 135.179243 
18900 13 0.939094 43.621093 4.533045 57.853216 0.299053 152.290031 
18950 10 0.998736 35.339293 4.927881 39.317411 0.393057 286.162709 
19000 11 0.935102 30.774690 4.600164 48.294206 0.495562 424.980302 
19050 13 0.843993 33.782598 4.784173 59.833997 0.550730 466.793235 
19100 13 0.850313 38.505083 4.496998 71.591617 0.498928 522.608950 
19150 13 1.278980 32.505619 4.506821 47.443329 0.624901 593.602287 
19200 16 0.683031 27.587186 4.570317 50.983904 0.567628 249.930203 
19250 13 0.909137 27.341741 4.436357 55.237097 0.301350 160.705303 
19300 13 0.776694 23.760727 4.457686 49.660568 0.295396 513.390353 
19350 13 0.774680 32.697512 4.482362 79.571163 0.514083 729.030691 
19400 16 0.775736 32.293176 4.394516 67.843740 0.416701 620.140526 
19450 14 0.697841 34.701381 4.472891 74.361342 0.434568 335.839962 
19500 16 0.491146 35.578153 4.474819 85.229312 0.423763 920.654465 
19550 12 0.649138 30.391797 4.445807 50.828731 0.427218 1428.040741 
19600 17 0.645295 40.619538 4.679347 54.875132 0.513518 1026.335654 
19650 12 0.495796 37.037601 4.643491 83.614922 0.262718 1877.675059 
19700 13 0.235412 36.940880 4.643908 157.287248 0.221227 2588.898349 
19750 12 0.238430 32.317906 4.936416 58.729138 0.374265 1681.725302 
19800 13 0.207575 32.017595 5.010972 66.543598 0.750661 1493.956230 
19850 12 0.202997 28.313704 5.108476 64.945679 1.159184 3403.883823 
19900 13 0.458057 35.464365 5.006954 48.522557 1.028945 3549.773758 
19950 10 0.177406 26.178681 4.762550 50.946128 0.918148 1483.917739 
20000 14 0.281088 32.181201 4.750693 58.955067 0.783981 2465.366553 
20050 12 0.317789 28.495760 5.093661 78.424306 1.133760 2350.800302 
20100 12 0.389804 30.725726 4.827557 45.192787 0.879333 2984.141005 
20150 14 0.585217 27.106346 4.640606 46.204508 0.554133 977.629939 
20200 13 0.408907 32.924108 4.912332 44.747797 0.569928 949.728313 
20250 13 0.178275 26.180236 4.886906 69.581975 0.478946 529.982100 
20300 13 0.340701 34.077067 5.063226 66.375545 0.260293 1276.853261 
20350 14 0.285879 22.814938 4.841552 45.480704 0.217113 1351.137751 
20400 14 0.284157 28.187641 4.847805 37.067118 0.265088 1814.221682 
20450 12 0.280875 30.445529 4.857242 34.583478 0.247950 2841.939076 
20500 14 0.194037 32.891463 4.968419 34.175211 0.443793 4327.149109 
20550 11 0.201966 34.916206 4.917101 34.833426 0.203863 5948.974742 
20600 14 0.144255 28.121444 5.068584 49.424734 0.483299 6681.653500 
20650 11 0.216500 33.157544 5.356328 17.798631 0.321110 3772.595565 
20700 14 0.126230 23.643123 5.107601 49.469207 0.356654 4620.179621 
20750 14 0.130655 32.400045 4.921232 35.770861 0.347417 7744.674107 
20800 15 0.177224 26.374275 5.008212 70.330043 0.248041 3328.522959 
20850 15 0.056324 36.471582 5.052917 23.477076 0.362743 1829.189590 
20900 13 0.177735 30.984414 5.091551 41.266346 0.366698 1684.872016 
20950 13 0.113013 30.210541 5.076361 53.028694 0.431470 1662.841095 
21000 13 0.345723 29.965352 5.105855 28.683620 0.332452 1183.793683 
21050 11 0.371683 29.170764 4.982637 40.726054 0.213005 907.371139 
21100 12 0.341459 31.516044 4.815149 23.681845 0.232242 415.914817 
21150 14 0.330067 31.140926 4.748931 108.601210 0.183513 577.118652 
21200 12 0.048512 28.178678 5.006771 29.813649 0.187111 287.499074 
21250 13 0.257711 28.023125 4.888581 37.268914 0.166101 209.502628 
21300 12 0.188650 34.051425 4.841645 39.289742 0.261157 233.300608 
21350 13 0.182372 30.311735 4.834971 54.895179 0.213924 164.287172 
21400 13 0.244504 33.321757 5.023980 62.809098 0.175801 50.017625 
21450 13 0.383566 29.435492 4.844056 38.342767 0.368804 47.761245 
21500 13 0.305634 30.026839 4.671751 83.448363 0.398280 58.745588 
21550 14 0.361661 30.067635 4.618508 133.244891 0.296602 54.088847 
21600 15 0.447505 28.717126 4.587553 94.553600 0.176829 26.214984 
21650 12 0.522094 26.879097 4.592804 86.413505 0.183701 17.771014 
21700 13 0.458870 32.865409 4.631330 95.787195 0.217548 13.162310 
21750 13 0.457846 33.252485 4.554824 88.534376 0.224282 30.400474 
21800 16 0.467567 30.054831 4.543490 87.703112 0.151010 32.901494 
21850 14 0.585623 35.245942 4.446095 98.732044 0.197688 32.815424 
21900 16 0.489169 28.177743 4.429671 124.604929 0.119040 33.497520 
21950 14 0.515540 28.338825 4.319501 79.648843 0.248257 26.358971 
22000 11 0.667172 32.481575 4.938885 23.187695 0.387660 33.053096 
22050 13 0.695663 20.743659 4.494895 57.549314 0.398848 38.615208 
22100 12 0.696240 20.722000 4.474337 63.098109 0.347743 38.740341 
22150 15 0.622897 18.597665 4.462614 60.538841 0.428546 62.107238 
22200 14 0.396155 24.548272 4.424531 90.761029 0.281939 29.246794 
22250 12 0.353320 29.273176 4.397388 135.170176 0.386279 25.386898 
22300 11 0.432165 20.454928 4.501620 94.207438 0.330268 78.134760 
22350 14 0.259881 22.365378 4.549904 119.349862 0.224392 160.323091 
22400 13 0.165702 23.946567 4.931284 70.395181 0.229750 152.424768 
22450 13 0.440018 18.385705 5.079306 60.127901 0.348548 85.899102 
22500 11 0.146276 20.213995 4.935450 45.445069 0.214062 105.108166 
22550 13 0.255275 21.138108 5.136771 70.493923 0.337860 184.921458 
22600 12 0.254394 22.263411 5.075857 60.009159 0.391226 274.604094 
22650 11 0.147072 27.280365 5.178709 31.932881 0.382418 119.093355 
22700 12 0.069838 23.159355 5.210892 35.076867 0.346863 184.800493 
22750 11 0.275696 23.596094 4.980883 68.763465 0.369223 124.935080 
22800 13 0.209731 24.013753 5.094356 50.038986 0.315316 82.789320 
22850 11 0.100279 22.402564 5.075046 6.645673 0.297179 140.983722 
22900 11 0.121333 20.243120 4.993553 40.138572 0.261089 97.984326 
22950 12 0.148743 22.095215 4.746153 63.106197 0.143556 110.193063 
23000 13 0.479097 21.070941 4.838021 82.161370 0.246218 108.337485 
23050 14 0.247252 26.372821 5.180270 76.858203 0.257302 287.719020 
23100 13 0.375947 19.063386 5.163140 43.284643 0.258964 376.388500 
23150 14 0.182017 16.071355 4.855699 82.383127 0.206656 223.985344 
23200 16 0.142543 26.806967 4.551339 60.549952 0.197422 533.129217 
23250 12 0.343453 20.015099 5.016068 54.339924 0.279153 195.279024 
23300 12 0.295497 26.458190 4.979508 64.621198 0.237957 105.629930 
23350 12 0.058548 24.042739 4.963676 38.005622 0.238749 161.932098 
23400 12 0.137919 24.318556 5.200288 48.518732 0.329472 222.982456 
23450 12 0.278592 33.055123 4.965558 63.500446 0.293015 108.729724 
23500 14 0.079362 30.942100 5.113924 23.842636 0.229139 169.711138 
23550 14 0.103359 23.947459 5.056834 35.874327 0.221226 104.771516 
23600 13 0.148825 28.538409 5.048680 43.150168 0.194110 36.565484 
23650 15 0.126049 32.882675 5.020887 54.038843 0.246419 29.582530 
23700 16 0.132828 26.671783 5.177519 26.403835 0.123642 36.829997 
23750 13 0.088264 26.072062 5.394796 59.304319 0.168505 29.600274 
23800 13 0.118846 22.882230 5.138664 47.769642 0.266028 92.496345 
23850 9 0.099600 24.839939 5.469311 7.550306 0.204895 229.940375 
23900 13 0.210528 26.974404 4.671243 83.296844 0.232319 130.242449 
23950 13 0.213872 20.296872 4.795687 95.419471 0.293549 66.281495 
24000 17 0.087543 30.043722 4.763647 107.357989 0.325700 182.006437 
24050 15 0.137571 20.100485 5.099734 32.395257 0.297382 126.213041 
24100 15 0.328294 22.726578 4.902080 65.555994 0.277426 140.351160 
24150 15 0.092069 23.425818 5.065348 134.796672 0.269952 208.481775 
24200 12 0.081963 25.447381 5.326245 57.590798 0.322019 101.533186 
24250 15 0.086036 32.608563 5.205560 61.827156 0.314756 196.319541 
24300 12 0.160188 33.984934 4.971509 76.580742 0.329528 256.309095 
24350 14 0.205377 28.838670 4.928071 53.638210 0.270587 466.095948 
24400 13 0.052376 34.859271 4.749020 128.735509 0.286325 675.363148 
24450 14 0.374678 31.809159 5.049130 97.368237 0.217753 726.981217 
24500 13 0.503645 28.835971 4.772727 44.988841 0.402996 239.542079 
24550 14 0.641519 23.789879 4.837059 48.728532 0.245215 775.753420 
24600 13 0.408130 24.446431 4.752367 101.108876 0.448271 591.325177 
24650 15 0.464368 24.107303 4.852558 25.141494 0.322061 1027.743212 
24700 13 0.453717 21.138537 4.941263 55.899324 0.407207 713.325676 
24750 12 0.259913 22.915239 4.850738 83.475369 0.289117 827.724339 
24800 12 0.280506 25.231585 4.900476 86.014383 0.443835 489.472288 
24850 14 0.215648 24.437768 4.738967 101.227061 0.424323 927.625041 
24900 13 0.328196 24.036136 4.717294 51.858583 0.365234 1225.061662 
24950 13 0.445928 28.884417 5.166475 60.867549 0.310311 419.079644 
25000 13 0.309785 30.634658 5.006796 106.358346 0.353309 1134.804258 
25050 13 0.281431 26.932181 4.908590 115.355100 0.374825 1695.045858 
25100 12 0.248970 24.651124 5.059074 62.273348 0.211734 1681.071553 
25150 12 0.329464 28.674047 4.965319 44.122560 0.252945 1998.044871 
25200 12 0.296242 26.334618 4.855251 44.436856 0.242060 1590.738803 
25250 15 0.342349 33.298937 4.957698 30.753685 0.218220 3798.856408 
25300 16 0.294179 33.338489 4.809405 50.282249 0.221423 4939.285284 
25350 13 0.212381 33.117827 4.885880 45.571469 0.385104 8851.959538 
25400 13 0.325690 24.203810 5.076795 58.258589 0.239460 3814.458285 
25450 13 0.254507 32.016746 4.913735 45.670850 0.416526 5999.734069 
25500 15 0.313028 27.188369 5.007178 48.978277 0.376562 3534.565905 
25550 12 0.458872 31.282985 4.770302 70.347326 0.307343 4485.416189 
25600 11 0.455093 32.882446 4.619828 77.243946 0.326351 9236.760128 
25650 14 0.385124 28.850788 5.222276 54.468207 0.306560 8981.618869 
25700 12 0.399593 31.220456 4.883228 51.649417 0.312321 17694.506027 
25750 13 0.410376 21.729115 4.996466 52.113441 0.674739 28298.100101 
25800 18 0.221292 29.171100 5.142930 39.780518 0.360161 30069.107916 
25850 16 0.289830 28.055843 5.109841 47.181790 0.433083 13143.631404 
25900 13 0.310700 30.263867 5.010788 27.273611 0.343625 8874.559003 
25950 14 0.299314 31.213733 5.051787 50.278007 0.357255 4024.804171 
26000 13 0.288035 43.923566 5.013957 41.807900 0.445214 10719.671705 
26050 13 0.318960 39.722701 5.010907 25.222020 0.673876 13794.799750 
26100 14 0.290732 39.841293 4.820519 84.960199 0.543727 15102.566102 
26150 14 0.179314 43.979762 4.697690 42.035151 0.811288 10759.229431 
26200 13 0.004869 44.193489 5.107677 60.879157 0.931914 11883.748261 
26250 13 0.243831 38.461771 5.093988 43.665491 0.804200 16468.441538 
26300 12 0.303712 38.109236 5.237840 44.703416 0.450309 73211.302507 
26350 14 0.516363 42.653088 5.304137 44.960754 0.566988 26682.696607 
26400 14 0.551325 37.464513 4.684851 76.217369 0.621311 14374.860940 
26450 15 0.507254 36.381846 4.686236 78.004372 0.391451 14370.670528 
26500 14 0.652977 38.628371 4.424365 65.863309 0.364040 7818.230019 
26550 14 0.784145 46.880484 4.561063 68.100965 0.565905 8172.016062 
26600 12 0.687468 41.921553 4.709521 62.095154 0.558378 3085.775312 
26650 12 0.458986 38.966595 4.783419 66.593441 0.894773 3584.727413 
26700 13 0.728778 36.911004 5.038568 53.731441 0.860754 3802.115606 
26750 12 0.507873 31.527405 5.072362 60.447014 1.035129 4060.102326 
26800 16 0.743517 30.749626 5.085263 30.267353 1.296530 1733.272105 
26850 13 0.777075 34.764840 4.674113 43.019259 1.253744 2897.622061 
26900 11 0.988045 36.210290 4.502810 77.379548 0.944726 5269.601617 
26950 14 1.249152 38.364590 4.216555 78.438620 0.745573 3445.281436 
27000 12 1.331497 33.184368 4.296789 44.672180 0.785989 2561.066601 
27050 15 1.349354 27.788907 4.254258 61.529716 0.962799 3197.130932 
27100 17 1.428670 34.010235 4.101990 62.838867 0.684946 1214.325837 
27150 13 1.170821 34.642651 4.206704 91.043061 0.709079 746.440613 
27200 12 1.208630 31.858187 4.419906 69.797516 0.547673 833.449055 
27250 16 1.160959 30.134407 4.222993 75.542835 0.469939 574.982193 
27300 14 1.289410 26.836275 4.281962 68.680564 0.318466 176.494850 
27350 10 1.091641 30.597854 4.354600 96.206274 0.338835 105.757380 
27400 11 1.104681 32.879136 4.622428 54.380291 0.237385 87.815235 
27450 13 1.256101 29.938715 4.509636 68.691488 0.316886 101.882381 
27500 12 1.240513 28.879847 4.912945 41.129732 0.222774 74.323431 
27550 13 1.286065 30.908151 4.829277 29.254548 0.375738 55.669737 
27600 12 1.221495 31.627960 5.031109 22.661608 0.262637 119.472997 
27650 13 1.187850 38.536931 4.612754 47.443481 0.388846 108.111399 
27700 10 1.148316 39.775089 4.411961 67.362611 0.369850 160.676912 
27750 13 1.039770 41.464137 4.423140 49.386815 0.237070 276.224405 
27800 15 1.105361 34.011460 4.670637 41.932249 0.421630 528.759564 
27850 12 1.141961 36.597585 4.485054 54.616980 0.500380 513.500759 
27900 12 1.210287 37.504308 4.422540 73.976623 0.519471 500.210397 
27950 13 1.159757 34.134382 4.496350 50.480884 0.410722 355.993309 
28000 11 1.052610 30.975659 4.571726 32.690247 0.408065 241.338736 
28050 12 1.003296 35.499229 4.432887 49.080318 0.448023 135.054740 
28100 13 0.850803 37.055675 4.328279 98.133827 0.436633 368.843245 
28150 16 0.820464 35.889116 4.225048 56.759318 0.472941 978.021481 
28200 15 1.202592 34.697859 4.388514 62.487311 0.623354 1883.072599 
28250 14 1.595233 43.175162 4.096562 62.851766 0.493522 1748.690081 
28300 15 1.263052 44.253682 4.181312 60.317419 0.513975 1061.486644 
28350 13 1.201012 39.716488 4.317619 88.243414 0.753001 485.854955 
28400 13 1.302043 37.649865 4.227163 45.332868 0.581642 1131.176689 
28450 13 1.082824 37.183882 4.313458 47.533500 0.745195 1375.802082 
28500 13 0.942539 32.551656 4.297109 42.533215 0.677181 2786.580594 
28550 17 0.886070 31.903106 4.263872 46.018457 0.514342 4490.128227 
