0 12 2.777515 25.313758 4.200497 28.494568
50 5 2.769425 25.246129 4.294052 151.548515
100 6 2.384990 25.019454 4.355149 158.304230
150 6 2.196874 24.714165 4.372321 209.469126
200 6 1.973330 24.428824 4.418548 222.724206
250 6 2.038881 24.445581 4.552235 227.085812
300 5 1.899254 24.289946 4.636832 234.462543
350 4 1.724122 24.437738 4.977651 171.652997
400 6 1.688340 23.979962 4.838104 288.308339
450 5 1.622653 25.038357 4.821690 282.325657
500 4 1.647505 25.474106 4.801608 225.029290
550 7 1.377989 25.399071 4.762974 283.592996
600 5 1.672225 25.750767 4.796458 210.932714
650 6 1.435958 24.805625 4.998036 213.912550
700 5 1.579482 26.942865 5.016462 195.952073
750 7 0.969891 28.238164 5.229123 179.917029
800 9 0.631653 27.453231 5.494781 191.839245
850 6 0.907690 27.597626 5.338252 179.938395
900 6 1.043263 28.058333 5.368256 208.878454
950 4 1.348081 28.462101 5.256988 172.429973
1000 9 1.114145 27.533360 4.974338 187.954555
1050 7 1.321624 27.765349 5.118027 206.795303
1100 5 1.476943 27.279548 5.189877 238.005594
1150 6 1.525522 26.414268 5.151543 230.992306
1200 4 1.513863 25.680891 4.747124 280.376002
1250 5 2.059608 25.046254 5.156285 179.544461
1300 2 2.026644 25.323368 5.176746 281.730974
1350 5 1.639460 25.365029 5.095200 226.534576
1400 3 1.406330 26.530299 5.163448 226.949015
1450 4 1.458517 26.290051 5.445712 216.204130
1500 3 1.390092 26.455551 5.533724 270.265150
1550 3 1.600006 26.263531 5.534564 178.291707
1600 4 1.188728 26.900585 5.450677 228.716334
1650 5 1.294641 25.733524 5.180954 256.275455
1700 7 1.255076 25.685398 5.338081 202.879058
1750 5 1.474911 27.122440 5.149443 233.629005
1800 6 1.282521 26.332099 5.261401 214.367837
1850 3 1.299642 24.308829 5.291859 219.173694
1900 5 1.215856 25.062194 5.194271 241.431967
1950 4 1.143504 24.325591 5.711382 165.672611
2000 6 1.114924 24.003881 5.568662 228.765905
2050 4 1.334082 23.698069 5.503651 205.205007
2100 3 1.295044 24.273671 5.690517 176.983517
2150 2 1.467796 24.300772 5.796440 201.623360
2200 3 1.378919 23.417508 5.686131 201.193150
2250 2 1.395587 23.788753 5.719393 180.615740
2300 3 1.413981 24.403462 5.619879 197.517861
2350 4 1.399978 26.303029 5.531457 184.668638
2400 6 1.392148 26.606417 5.500145 201.764449
2450 3 1.447736 25.512261 5.369496 209.973626
2500 2 1.660676 24.095972 5.774216 193.954983
2550 5 0.955638 25.129270 5.844461 206.518698
2600 3 0.807535 23.958532 6.064594 184.491844
2650 2 1.068596 25.910853 6.144571 214.887229
2700 2 0.657299 25.716836 5.985035 196.790391
2750 2 1.353710 25.060892 6.101290 218.371306
2800 4 0.868665 26.509486 5.826415 211.512254
2850 5 1.115521 26.846227 5.863452 262.869585
2900 3 1.222501 27.064031 6.029933 272.830643
2950 1 1.251040 24.469621 6.314670 173.668703
3000 3 1.248973 25.482852 5.780688 235.572722
3050 5 1.360139 25.178019 5.357403 204.845171
3100 4 1.209096 24.461881 5.778775 206.762206
3150 4 1.145835 23.639690 5.467974 191.160982
3200 4 0.953354 22.022208 5.633466 188.748815
3250 2 1.158072 22.768233 6.176798 215.482148
3300 4 0.873651 24.978486 5.562635 193.345390
3350 5 0.843475 26.030478 5.569308 214.439925
3400 5 1.059084 21.152384 5.359790 188.962950
3450 8 1.074879 21.924780 5.441660 177.580665
3500 7 0.948583 24.772965 5.508983 181.175319
3550 3 0.807899 22.858572 5.958029 193.174389
3600 4 0.673497 21.029335 5.851958 212.822990
3650 4 1.040478 27.057528 5.420723 195.206749
3700 5 0.930121 24.413447 5.446036 226.230523
3750 5 0.649066 24.565816 5.915984 163.916346
3800 3 0.834764 22.785667 5.774737 201.372130
3850 5 0.742854 22.068739 5.735502 257.820104
3900 4 0.640799 25.584291 6.048715 157.291294
3950 4 0.710771 26.453802 6.167126 237.523354
4000 3 1.069272 29.568309 6.225577 215.047669
4050 2 0.815327 28.902018 6.270333 219.127773
4100 2 0.760307 23.946590 5.907991 224.057780
4150 3 0.671726 26.116760 6.040984 213.425824
4200 3 0.792256 23.709155 5.895118 206.094071
4250 2 0.780804 19.042757 5.930200 204.679618
4300 5 0.813966 19.615598 5.699840 203.255560
4350 5 0.780094 20.222210 5.732359 204.004654
4400 1 0.902853 20.462199 6.211919 205.779662
4450 2 0.843722 21.110993 6.142135 195.695946
4500 2 0.933129 24.565884 6.255476 213.327330
4550 3 0.788691 23.856643 6.201545 196.652489
4600 6 0.589539 24.719511 5.669020 205.341700
4650 3 0.662006 26.919235 5.666458 204.054327
4700 1 0.790617 20.386481 6.146823 233.722192
4750 4 0.782364 22.579942 5.962233 179.913599
4800 2 0.877095 22.708629 6.049705 199.022172
4850 8 0.622894 21.230822 5.556689 202.426545
4900 4 0.784441 22.907073 5.616803 195.498360
4950 4 0.895563 23.159343 5.459861 196.128381
5000 11 0.823965 23.545104 5.441894 175.703284
5050 3 0.793504 24.613591 5.973546 217.551804
5100 3 0.510316 26.525734 6.207679 174.704053
5150 2 0.565548 26.355453 6.429752 198.400496
5200 6 0.601646 28.119916 6.027848 161.332174
5250 12 0.379276 31.006692 5.694135 206.163320
5300 6 0.461283 29.447572 5.866150 168.545595
5350 7 0.279242 29.628284 5.902022 185.649170
5400 6 0.361364 30.074914 6.365368 174.662942
5450 8 0.052811 29.415297 6.038539 184.853109
5500 4 0.754212 31.894906 5.936936 222.408025
5550 5 0.816626 31.919193 5.465779 247.931473
5600 11 0.803272 31.610171 4.994219 161.839409
5650 9 0.844888 30.963527 4.709518 249.090138
5700 10 0.705579 29.561929 5.454490 177.056067
5750 5 0.958894 29.473012 5.107208 198.603834
5800 7 0.840199 26.515957 5.461086 213.237006
5850 8 0.788665 30.684399 5.562468 208.353014
5900 6 0.458865 32.203126 5.576935 193.596806
5950 10 0.615114 31.687401 4.982039 234.055769
6000 13 0.555445 33.266517 5.281325 229.810234
6050 8 0.557671 33.586881 5.812533 165.590808
6100 8 0.375445 35.715772 5.799956 166.364728
6150 6 0.770974 36.347269 5.767107 212.658046
6200 3 0.715341 35.963342 5.770052 219.864745
6250 10 0.723740 35.933253 5.476137 229.742841
6300 8 1.088220 36.109216 5.229834 153.783735
6350 7 0.922677 36.499085 5.088117 239.893918
6400 6 1.242240 37.633019 5.376704 240.865115
6450 6 0.910609 37.262529 5.460129 201.476417
6500 8 0.784913 37.280223 5.607363 218.967663
6550 8 1.094883 37.636591 5.323294 208.346286
6600 4 0.706463 38.538546 5.529254 187.490553
6650 7 1.002273 37.780570 5.155071 225.186604
6700 9 0.607751 37.118347 4.972263 227.239200
6750 10 0.761442 38.202454 5.463122 189.925039
6800 10 0.587162 38.529077 5.942359 208.334886
6850 7 0.673445 39.049197 5.665404 242.039723
6900 5 0.669176 39.443079 5.887613 193.523633
6950 4 1.007387 37.107382 4.977097 222.698922
7000 4 0.836017 35.695542 5.883659 180.005622
7050 7 0.808261 36.486233 5.523008 221.275356
7100 6 0.962140 34.903887 5.461093 220.623563
7150 7 0.518888 35.592218 5.572682 246.430458
7200 8 0.901197 37.916255 4.818351 261.304061
7250 13 0.922258 36.432938 4.851074 196.569100
7300 8 0.794868 33.337099 5.344523 156.821145
7350 6 1.090513 34.747257 5.543732 178.379777
7400 9 0.787788 33.735497 5.259437 302.482259
7450 4 0.723407 33.615488 5.761693 337.391123
7500 4 0.588657 35.574053 6.030230 175.086807
7550 6 0.596214 36.194040 5.652120 232.860664
7600 2 0.746554 35.260344 6.104442 170.271251
7650 7 0.918316 36.133500 5.431275 180.269727
7700 4 0.634788 38.224660 6.119875 179.905114
7750 10 0.550530 36.837225 5.793500 226.062263
7800 11 0.651743 37.769015 5.070800 204.808761
7850 13 0.663717 37.414835 5.173190 195.591463
7900 13 0.636416 37.540573 5.174056 196.288766
7950 7 0.662008 37.391794 5.210596 206.938377
8000 8 0.820838 37.774999 4.904871 256.738420
8050 8 0.981648 37.844553 5.351185 187.418914
8100 6 0.871736 37.369329 5.692185 229.843558
8150 9 0.784266 41.180297 5.660290 207.303809
8200 10 0.725396 39.751025 5.447284 172.960461
8250 9 0.393680 40.465703 5.805667 193.154505
8300 8 0.462307 36.214280 5.235091 217.999337
8350 9 0.815329 39.490327 5.119116 208.568357
8400 8 1.070465 37.702418 5.182571 205.500839
8450 9 1.112011 42.311885 5.143465 174.030697
8500 5 1.372461 42.703632 5.325549 202.252159
8550 2 0.915223 44.129878 5.681072 232.705659
8600 7 0.939514 44.969282 4.851519 244.888196
8650 6 0.926403 44.216084 5.384746 210.598383
8700 9 0.945776 45.334094 5.022218 200.320702
8750 8 0.883389 43.487189 5.342393 198.285135
8800 8 0.688515 45.801662 5.275874 196.305288
8850 9 0.720896 46.683874 5.645220 237.540530
8900 7 0.659279 47.615602 5.434588 210.960771
8950 9 0.669055 45.743396 5.379838 213.591858
9000 5 0.542827 46.314602 6.044147 239.363856
9050 5 0.523994 48.639772 5.637809 208.560903
9100 7 0.446249 50.369282 5.737174 183.177359
9150 5 0.764681 47.733547 5.747624 237.298701
9200 7 0.679884 46.133454 5.820464 197.267813
9250 10 0.680496 48.962409 5.682150 222.611265
9300 7 0.589297 47.402455 5.496045 206.715119
9350 6 0.614922 48.139852 6.210052 119.790610
9400 5 0.659051 48.082999 6.026002 216.326653
9450 4 0.394253 47.384413 5.860023 190.436176
9500 7 0.198905 48.297970 5.746465 188.642016
9550 5 0.248614 45.278382 5.796063 237.395101
9600 8 0.183696 45.734860 5.725990 227.952108
9650 12 0.189771 45.716302 5.448154 290.442282
9700 8 0.321534 45.781902 5.709448 213.585227
9750 8 0.324477 44.969455 5.709903 238.379113
9800 13 0.169182 45.331659 5.531518 217.585001
9850 7 0.430488 46.348068 6.077650 195.047221
9900 10 0.344105 45.227835 6.403254 257.927690
9950 7 0.354064 44.987568 5.839624 233.324160
10000 10 0.196362 43.269322 5.778706 187.264567
10050 1 0.194937 44.416150 6.268129 194.090685
10100 6 0.208747 45.984392 6.240932 232.789329
10150 2 0.881660 45.938669 5.984858 227.133852
10200 8 0.948159 45.001607 5.410972 166.607708
10250 7 0.734745 45.269894 5.932319 204.359357
10300 6 0.812997 45.391880 5.833527 211.028338
10350 6 0.449267 47.403774 6.054723 207.108532
10400 6 0.622740 44.994208 5.715475 175.633685
10450 5 0.442993 43.331029 5.661000 185.729661
10500 8 0.305919 40.972813 5.919450 222.671885
10550 5 0.825537 44.440502 5.567041 191.816796
10600 7 0.664548 44.437311 5.461971 184.560148
10650 6 0.384914 43.852165 5.250108 242.223440
10700 6 0.755272 41.597376 5.326441 266.130920
10750 9 0.604033 43.257959 5.678756 194.874528
10800 9 0.730721 42.112519 5.192482 284.461237
10850 6 0.885945 43.345372 5.043078 218.957397
10900 11 0.781796 43.857608 4.896937 213.889971
10950 3 0.648999 43.028562 5.725889 199.474004
11000 8 0.482215 43.529178 5.316216 256.792105
11050 5 0.339370 45.167991 6.123891 201.102122
11100 9 0.395817 47.720313 5.399771 225.191652
11150 11 0.382487 44.334944 5.103738 278.808087
11200 12 0.444936 43.435837 5.611800 220.294394
11250 10 0.462967 47.621709 5.594792 211.477564
11300 3 0.114952 46.054378 6.228677 158.989016
11350 11 0.370502 46.250502 5.934568 198.102689
11400 2 0.597875 45.697995 5.979531 188.373141
11450 6 0.389989 45.458403 6.025461 197.861763
11500 9 0.344564 44.036161 5.234311 238.694053
11550 5 0.582895 45.156720 5.426052 225.474608
11600 15 0.481459 43.404229 5.267042 216.845840
11650 8 0.556209 44.408944 5.770539 254.172294
11700 5 0.490204 41.165552 5.626965 229.384690
11750 20 0.310280 40.387101 5.349013 245.146925
11800 10 0.263816 39.329245 5.553242 209.368274
11850 11 0.713395 38.971889 5.095655 260.880285
11900 14 0.569580 37.712515 5.377609 209.344147
11950 13 0.450747 39.429225 5.568841 227.383579
12000 14 0.104001 41.540710 5.655147 209.900792
12050 19 0.313791 38.874697 5.565243 224.320212
12100 8 0.479897 38.871953 5.623495 259.446191
12150 17 0.015305 39.518646 5.794872 215.897696
12200 9 0.137711 43.366524 5.873216 184.723495
12250 11 0.411351 39.824113 5.787593 176.190704
12300 8 0.268104 43.152609 6.017038 235.877953
12350 13 0.019322 39.816609 6.239133 182.517386
12400 12 0.016350 41.910756 6.542474 204.970082
12450 28 0.183662 43.557307 5.499612 163.679707
12500 17 0.068321 41.067649 5.390772 185.183513
12550 12 0.041523 38.016466 6.086130 195.961233
12600 23 0.206370 39.432014 5.365305 259.908237
12650 14 0.397266 40.460495 5.515518 126.987746
12700 13 0.471728 40.203023 4.754580 230.993770
12750 7 0.729628 36.467463 5.266210 195.101783
12800 7 0.759583 39.718334 5.347725 182.019848
12850 12 0.811881 38.677788 4.928813 195.820534
12900 8 0.922991 37.549971 5.210053 218.537952
12950 8 0.922132 39.436047 4.717233 221.980550
13000 9 0.898673 39.074132 5.387608 158.863993
13050 16 0.912220 42.314293 4.796199 148.956761
13100 9 0.860815 41.811273 5.349756 199.927448
13150 6 1.088092 41.770447 5.451959 148.413902
13200 6 0.743703 42.184157 5.691555 223.929303
13250 3 0.507768 42.266281 5.894888 236.685858
13300 7 0.745904 43.292549 5.296380 266.033903
13350 4 0.501796 41.165899 5.879632 201.282515
13400 7 0.515694 43.630018 5.550088 202.826846
13450 4 0.698308 41.778609 5.719854 210.965160
13500 4 0.383970 42.622580 5.858148 211.606966
13550 8 0.423173 43.787981 5.858148 211.606966
13600 10 0.427683 44.074555 5.858148 211.606966
13650 2 0.178856 46.617353 5.859128 212.015526
13700 3 0.495343 44.415198 5.747394 221.522873
13750 5 0.331545 39.904236 5.766369 207.788062
13800 9 0.212301 42.968865 5.879835 201.255283
13850 4 0.275719 40.654386 5.879153 208.832063
13900 7 0.182707 38.191870 5.926334 185.234743
13950 1 0.754388 37.641386 6.180193 176.515950
14000 9 0.388657 38.129760 5.767719 226.612697
14050 7 0.277189 38.009523 5.890037 190.297743
14100 11 0.182303 37.165666 5.749697 181.731146
14150 13 0.465381 39.861449 5.828615 193.096819
14200 8 0.524366 43.003159 5.420186 205.344742
14250 8 0.456410 45.504336 5.962708 184.171934
14300 3 0.601347 41.940199 5.910343 192.469615
14350 4 0.337375 42.678050 6.391858 212.722411
14400 6 0.617951 46.492665 5.584956 175.966629
14450 6 0.245143 44.934211 6.036144 224.714016
14500 11 0.158256 44.734749 5.781059 208.678733
14550 6 0.394732 38.742412 5.894211 216.226699
14600 6 0.515792 42.955977 5.590968 170.640239
14650 4 0.663643 41.358399 5.498715 262.154858
14700 3 0.612800 44.195018 5.970438 189.791877
14750 8 0.073406 41.956647 5.995860 224.186486
14800 6 0.200977 42.111745 6.118373 202.051853
14850 4 0.470258 42.236450 6.005372 209.252289
14900 9 0.658012 43.793063 5.901048 204.175918
14950 4 0.278468 42.555951 5.997263 206.970340
15000 12 0.080552 40.434642 6.181933 208.074177
15050 8 0.249163 45.318427 6.207658 212.410466
15100 9 0.444994 39.297222 5.765913 208.247022
15150 9 0.138108 38.897758 5.975600 176.149704
15200 5 0.388518 38.209358 5.594221 230.292810
15250 2 0.378452 36.248291 5.848183 226.974908
15300 13 0.565448 40.645979 4.978939 197.314359
15350 8 0.433736 36.334346 5.776416 214.474849
15400 16 0.536515 37.725911 4.874245 233.029916
15450 16 0.601178 39.890270 4.684424 197.470175
15500 11 0.643958 41.346626 5.187206 188.742416
15550 7 0.610973 40.026760 5.452370 190.706518
15600 8 0.444674 35.843323 5.531455 228.214297
15650 4 0.511747 38.193269 5.694163 201.900661
15700 6 0.383845 35.480188 6.204143 205.345844
15750 2 0.312873 32.490893 5.929489 174.192718
15800 6 0.392688 34.741370 6.024645 195.165351
15850 7 0.429048 36.911632 5.351747 224.893113
15900 10 0.427118 35.088092 5.467765 220.266806
15950 4 0.617913 35.946004 5.521834 199.722669
16000 8 1.077136 37.484843 5.092500 180.127015
16050 7 1.169554 34.474792 5.311642 202.074400
16100 5 0.705630 35.957722 5.477397 280.855256
16150 8 0.258446 32.358467 5.532729 169.474793
16200 9 0.353507 32.099841 5.483037 197.768371
16250 7 0.789408 33.210156 5.411262 204.994870
16300 9 0.585748 31.359204 5.585408 196.871415
16350 7 0.347072 33.354007 5.807707 193.730866
16400 8 0.010391 33.376592 6.243802 198.999511
16450 6 0.043231 34.057830 6.243802 198.999511
16500 8 0.197644 34.489535 6.367379 205.702232
16550 6 0.253971 35.529766 6.399173 205.926939
16600 9 0.027032 33.392668 6.270631 213.461713
16650 4 0.399815 34.675818 6.189868 214.094390
16700 6 0.258353 30.598676 6.017478 211.269810
16750 7 0.191963 31.839877 6.017478 211.269810
16800 5 0.563540 32.047991 6.201646 213.038986
16850 3 0.480226 29.355698 6.201646 213.038986
16900 4 0.510740 25.451533 6.201646 213.038986
16950 3 0.378881 26.923575 6.201646 213.038986
17000 5 0.526554 27.947347 6.166353 213.268547
17050 2 0.256077 29.870388 6.088171 213.311313
17100 5 0.171267 27.574676 6.145785 212.761285
17150 3 0.387589 30.963846 6.106563 213.666626
17200 6 0.704893 31.635457 6.093758 213.630369
17250 5 0.799238 25.748253 6.083102 211.932619
17300 4 0.611914 23.904677 5.622711 209.182376
17350 4 0.865630 21.728736 5.633506 212.015630
17400 5 0.658924 20.574288 5.797382 209.830088
17450 4 0.392817 21.118937 5.892941 198.104681
17500 7 0.447872 22.088198 5.752225 206.081482
17550 7 0.540514 24.348998 5.988213 220.610590
17600 13 0.520221 24.150664 5.353345 197.319202
17650 7 0.872498 24.874678 5.162241 254.175687
17700 7 1.030113 25.362795 5.514997 199.691683
17750 4 1.189114 21.759070 5.789527 200.237133
17800 6 1.013221 22.421673 5.461740 206.333395
17850 5 0.828607 21.241920 5.704308 231.523906
17900 4 0.878149 23.004407 6.179301 210.390097
17950 2 0.848275 20.670381 6.187663 242.721245
18000 7 0.934963 26.377294 5.666804 135.173598
18050 6 0.423843 24.071555 5.938382 223.327189
18100 10 0.475257 22.981638 5.555295 174.136095
18150 6 0.577091 26.312868 5.368138 289.457296
18200 5 0.498361 21.510469 5.623253 211.013476
18250 6 0.429116 18.586288 5.419570 187.252900
18300 3 0.522492 20.515181 5.909545 280.833477
18350 6 0.273742 21.198953 6.112675 221.958095
18400 5 0.737524 23.292616 5.840348 219.721015
18450 6 0.583552 29.410039 6.192911 219.508810
18500 4 0.612736 26.109082 6.259093 227.375359
18550 5 0.581437 25.685713 5.407298 223.293978
18600 7 0.634777 26.289178 5.755016 211.600994
18650 3 0.631171 25.587800 6.224714 183.005251
18700 4 0.448661 24.415223 5.671694 210.465916
18750 6 0.792432 28.859758 5.799418 168.565229
18800 5 0.822841 27.484641 5.954928 177.343544
18850 3 0.606562 25.486323 6.076826 165.788361
18900 4 0.591445 23.694673 6.112714 225.986862
18950 7 0.617769 24.686231 5.699008 196.240976
19000 11 0.721340 24.684234 4.640066 244.810351
19050 10 0.816985 23.521667 5.430511 215.561707
19100 5 1.005321 20.676576 5.529277 234.612290
19150 8 0.709551 24.822998 5.348436 201.444778
19200 9 0.955806 25.066769 5.086830 198.308530
19250 6 0.965040 23.473584 5.570718 187.425438
19300 6 0.661594 23.884014 5.825372 190.966191
19350 11 0.561187 22.842487 5.507961 192.503292
19400 7 1.016219 24.418568 5.726517 193.354906
19450 8 0.524452 24.857313 5.624772 200.323031
19500 13 0.645930 23.842609 4.645614 214.778398
19550 9 1.078498 23.671603 5.050123 134.526025
19600 6 1.030353 22.674225 5.234035 210.794345
19650 5 1.378518 23.519181 5.471595 244.234790
19700 4 0.670144 25.049357 5.739988 180.464840
19750 4 0.573632 25.687758 5.709995 198.310069
19800 10 0.287751 24.009461 6.026502 205.591235
19850 13 0.029771 23.191019 6.069564 220.989405
19900 15 0.115313 25.170286 6.070823 166.768828
19950 16 0.236199 27.335548 5.787961 219.248141
20000 12 0.404369 27.812809 5.785935 189.511809
20050 14 0.517472 26.954542 5.209611 214.510335
20100 10 0.499171 24.411904 5.992965 192.834807
20150 7 0.713262 29.649064 5.527621 184.780626
20200 10 0.654860 28.847226 5.328252 204.435667
20250 10 0.805798 28.087047 5.444007 174.045646
20300 4 0.593728 25.690756 5.777582 211.163413
20350 4 0.572676 23.566916 6.004113 199.248124
20400 4 0.568841 24.171496 6.072629 216.735033
20450 4 0.556708 23.706689 6.000234 203.009986
20500 6 0.611956 21.219732 5.720285 211.862488
20550 4 0.699224 21.666444 6.311880 195.636224
20600 5 0.532593 22.870439 6.048854 213.670970
20650 6 0.396470 26.990157 6.048854 213.670970
20700 10 0.379884 23.487323 6.103129 200.778780
20750 5 0.490537 23.657984 5.928160 207.437097
20800 2 0.480707 28.112814 6.026941 207.644674
20850 6 0.588389 26.007057 5.491923 250.737300
20900 6 0.384846 24.863606 5.631207 214.393912
20950 10 0.494664 25.616594 5.389384 185.188216
21000 6 0.666003 22.900395 5.759029 174.383910
21050 4 0.869035 20.077389 5.642082 224.802882
21100 3 1.352556 25.602441 5.476493 206.588371
21150 3 1.445118 21.477335 5.656935 182.112811
21200 5 1.377177 16.995610 5.836322 223.537345
21250 3 1.221151 19.449732 5.541332 211.771393
21300 3 0.766866 19.630740 5.600566 250.378975
21350 4 0.620672 21.614338 5.796105 189.366560
21400 1 0.638449 22.490037 5.832494 188.399814
21450 6 0.424852 21.693390 5.915139 296.677772
21500 3 0.521138 21.270801 6.140469 200.797347
21550 4 0.569402 18.608380 6.259634 193.002998
21600 3 0.606915 18.651150 5.889145 204.138096
21650 4 0.703188 16.565554 6.224549 173.186239
21700 2 0.639418 18.652958 6.108534 194.511075
21750 2 0.561300 16.790799 5.693602 261.287732
21800 3 0.614318 12.414256 6.091597 283.204175
21850 3 0.539523 11.669034 6.133463 208.194210
21900 3 0.877288 11.186974 5.847888 167.674249
21950 5 0.641247 16.237625 5.374696 241.405827
22000 5 0.703685 14.544967 5.580914 174.282740
22050 6 0.606022 13.302480 5.911626 230.772514
22100 3 0.689879 14.690419 6.257560 108.542549
22150 6 0.526991 12.331234 5.531528 237.428963
22200 5 0.553871 9.328936 5.640652 231.106901
22250 3 0.607747 8.825486 6.023622 225.032662
22300 7 0.621454 9.858542 6.065147 188.874169
22350 4 0.682851 8.434307 5.761261 198.566095
22400 3 0.534388 11.097619 5.723938 180.258154
22450 8 0.610060 8.676622 5.043985 316.523210
22500 3 0.465572 11.864764 5.739934 245.085735
22550 8 0.490801 18.052272 5.680402 166.649989
22600 4 0.642987 12.871617 6.015063 202.966470
22650 7 0.847239 14.633673 5.317677 157.767053
22700 6 0.636374 12.470066 5.666937 192.143960
22750 7 0.540600 14.526378 5.370197 191.411567
22800 5 0.618814 13.421809 5.697923 194.394004
22850 7 0.328125 9.920898 5.697923 194.394004
22900 5 0.530523 10.872280 5.990073 194.218282
22950 2 0.655032 12.703411 5.926088 233.820443
23000 5 0.653632 11.224439 5.533975 245.082033
23050 4 0.597753 13.723919 5.866425 206.960916
23100 6 0.703088 12.407835 5.456769 140.970515
23150 4 0.683594 15.686820 6.306280 249.191795
23200 3 0.836693 16.836385 6.740153 236.189973
23250 2 0.667721 9.114813 6.320985 234.262537
23300 5 0.709096 14.128666 5.883421 231.890533
23350 3 0.629097 19.327354 5.927080 181.937111
23400 5 0.597702 20.156299 5.878535 208.083758
23450 5 0.480446 19.989805 5.980945 229.007902
23500 5 0.557842 19.043465 5.981302 131.754970
23550 2 0.251329 19.173380 5.778209 172.493697
23600 3 0.835852 17.855334 6.142738 188.675187
23650 5 1.227453 19.207321 5.473488 200.832244
23700 1 0.592291 13.032430 6.249758 197.501607
23750 3 0.435340 20.843885 6.243600 157.606152
23800 3 0.325568 19.135876 5.999785 236.218129
23850 2 0.393440 19.858029 6.106070 199.208071
23900 1 0.372061 20.265787 6.169383 228.549766
23950 6 0.383336 18.887106 5.651033 215.102035
24000 4 0.396103 19.638820 5.834347 213.415153
24050 5 0.771782 17.195062 5.370315 217.300212
24100 6 0.769184 20.912289 5.231432 218.993195
24150 9 0.516660 26.509641 5.747443 214.378031
24200 4 0.485699 21.753377 5.918128 227.433884
24250 4 0.629255 22.830411 5.933247 178.783059
24300 8 0.676802 23.232540 5.598113 217.071983
24350 4 0.877975 23.347877 5.554526 198.924730
24400 7 1.092412 22.190802 5.310409 173.026026
24450 1 0.675745 17.776021 5.995665 225.647925
24500 3 0.765210 17.645867 5.897131 153.171681
24550 7 0.702150 18.424849 5.304130 276.751389
24600 6 1.084577 20.797840 5.018952 200.621127
24650 7 0.952747 21.534331 5.345746 212.358811
24700 4 0.761410 18.776482 5.588957 257.169223
24750 6 0.739504 19.736138 5.605905 190.242924
24800 8 0.760767 23.361912 5.501522 223.484852
24850 6 0.585598 18.556217 5.577899 189.226347
24900 7 0.391060 20.199359 5.844374 205.615367
24950 5 0.483420 15.944195 5.714292 209.530833
25000 10 0.532033 21.272405 5.299116 209.389902
25050 7 0.761475 17.801862 5.955560 162.870649
25100 1 0.613474 16.991076 6.029485 177.862864
25150 1 0.435170 18.971923 6.116233 216.843112
25200 7 0.230239 22.627984 5.972266 258.087005
25250 9 0.153976 20.701337 6.262115 151.987578
25300 2 0.151138 15.457803 5.981869 183.205281
25350 2 0.326600 17.363357 6.170854 204.830061
25400 4 0.293297 17.977751 5.959887 210.873550
25450 8 0.361530 19.937166 6.025216 185.924826
25500 7 0.539750 21.228394 5.826676 192.136394
25550 4 0.536790 17.581283 6.070587 188.687725
25600 7 0.660926 17.672885 5.705133 174.696046
25650 5 0.522457 14.016127 6.141907 223.290589
25700 8 0.370689 16.199342 5.543271 269.382951
25750 10 0.354356 17.243267 5.717514 199.800207
25800 9 0.380317 14.841166 5.918172 163.557013
25850 3 0.743024 17.048360 6.228681 260.336520
25900 6 0.343475 18.157284 5.981439 192.560507
25950 4 0.552145 20.448638 5.557327 201.118119
26000 10 0.759336 17.859118 5.678296 209.645762
26050 10 0.272144 18.124798 5.880209 209.903236
26100 6 0.000026 19.088477 5.967862 209.889365
26150 12 0.027666 22.720942 6.076785 187.941128
26200 16 0.387138 18.330603 5.276332 183.905528
26250 18 0.575184 17.395590 4.563441 210.031774
26300 6 0.471926 19.451822 5.488561 238.150650
26350 5 0.539068 19.918791 6.124006 206.050549
26400 8 0.232344 17.196546 5.980937 197.855160
26450 5 0.379262 21.746533 5.814752 185.067585
26500 3 0.526608 20.837388 6.431957 204.161560
26550 10 0.564857 21.061521 5.766354 220.286412
26600 6 0.472189 17.455296 5.814249 206.122949
26650 13 0.376253 21.437952 5.836188 182.228112
26700 9 0.406534 17.737635 5.868379 208.113718
26750 20 0.349671 21.076285 5.472251 238.755716
26800 23 0.249827 23.295008 4.960756 231.332084
26850 16 0.584180 18.750902 5.196098 200.615073
26900 8 0.633092 15.566228 5.496942 211.360124
26950 10 0.540457 15.546329 5.417889 229.653203
27000 10 0.428447 17.603254 5.440603 196.799058
27050 13 0.536054 15.926746 5.463226 204.885367
27100 11 0.369137 17.146687 5.827654 149.427039
27150 10 0.715799 19.204829 5.637953 197.343898
27200 8 0.960222 19.065281 5.213908 232.572469
27250 12 0.593602 22.211532 5.276014 181.346260
27300 7 0.568639 21.996780 5.660535 217.989558
27350 5 0.751269 18.326718 6.001868 192.456033
27400 6 0.528367 18.928432 5.641421 201.269179
27450 3 0.529202 18.868526 5.869157 175.168401
27500 3 0.492300 15.061881 6.230907 229.499575
27550 7 0.514393 13.345882 5.605770 252.676989
27600 5 0.495483 18.314127 5.942745 199.988044
27650 5 0.681746 17.273641 5.659975 197.956019
27700 6 0.797819 19.692208 5.762195 214.761943
27750 6 0.491267 23.863415 5.732077 224.569691
27800 10 0.542656 22.076355 5.284252 283.762992
27850 12 0.276883 19.843535 5.403166 219.771003
27900 7 0.449684 18.909170 5.694070 166.012394
27950 6 0.955370 18.489347 5.491875 208.397780
28000 8 0.391846 21.876025 5.933014 210.475858
28050 6 0.863809 17.696360 5.382160 219.226589
28100 6 0.559779 14.313764 5.743301 181.089843
28150 8 0.719799 19.906257 5.409219 200.211494
28200 10 0.535808 16.654204 5.491747 199.428210
28250 10 0.604929 18.481576 5.433634 192.679126
28300 10 0.563261 16.095227 5.384336 198.155565
28350 11 0.718991 19.563776 5.074721 199.861428
28400 12 0.658922 18.469853 5.202791 209.081639
28450 13 0.414449 21.237653 5.572148 202.122703
28500 11 0.389656 22.238221 5.572148 202.122703
28550 11 0.462442 23.747369 5.572148 202.122703
