0 6 2.810000 24.920000 4.200000 20.000000
50 3 2.331902 24.905964 4.334230 205.080439
100 3 2.033738 24.481029 4.380204 198.984256
150 4 2.238628 24.637421 4.356233 299.504474
200 3 2.179268 24.756342 4.466271 198.054249
250 4 1.943762 24.739199 4.380437 182.775518
300 3 1.818887 24.860892 4.492994 234.143788
350 2 1.770995 24.731480 4.778810 234.039712
400 5 1.773159 25.453131 4.688354 159.209928
450 3 1.707812 25.590470 4.510067 134.360195
500 3 1.646638 25.165706 4.652342 234.860276
550 3 1.643507 25.027818 4.867935 222.578941
600 2 1.504602 25.786870 4.797137 222.897539
650 3 1.379751 26.152721 4.823985 125.786932
700 2 1.646725 26.724830 4.845765 187.352673
750 4 0.869761 27.729008 4.719977 182.528323
800 6 0.782473 26.805868 4.773643 184.994140
850 4 0.670129 27.397996 4.923146 173.618776
900 2 1.281126 28.130674 5.038441 188.959458
950 3 1.179787 27.392146 4.967423 232.486886
1000 4 1.212135 27.481555 4.984736 190.422412
1050 2 1.143668 29.232665 4.956743 180.487639
1100 1 1.191501 27.296154 5.273521 203.075472
1150 5 0.858017 26.156146 4.954202 242.644037
1200 5 0.820879 26.124503 4.696604 198.325692
1250 4 0.598195 25.976376 4.810330 219.054346
1300 4 0.382365 25.636300 4.741213 185.616188
1350 3 0.845096 26.543345 4.844291 114.997995
1400 4 1.340722 26.120896 4.570462 203.001121
1450 5 1.302594 26.353216 4.585514 282.752507
1500 4 1.455003 26.873284 4.515029 234.476822
1550 5 1.368688 25.915418 4.264256 240.658918
1600 7 1.400913 26.513228 4.063074 178.262941
1650 5 1.382264 27.379400 4.248117 159.913742
1700 5 1.331587 27.044674 4.205820 243.696571
1750 5 1.471345 26.030289 4.437513 136.130700
1800 4 1.151416 27.084394 4.465873 213.503794
1850 4 1.153356 25.724952 4.565089 194.221803
1900 4 0.826338 25.588496 4.931248 113.290489
1950 1 1.119350 26.531085 4.793461 219.308663
2000 4 1.154872 24.061963 4.958978 151.287373
2050 3 1.247287 25.581087 4.754429 222.639761
2100 1 1.296281 25.658989 4.988728 173.956669
2150 3 1.466449 23.677298 4.810707 190.632913
2200 1 1.386573 23.899057 5.052677 201.223644
2250 2 1.393009 23.967991 4.760605 183.054981
2300 3 1.513142 24.312606 4.713334 199.244649
2350 3 1.376585 23.115119 4.916176 210.239165
2400 5 1.322276 23.375641 4.724641 199.908225
2450 3 1.256338 22.834098 4.492254 182.666224
2500 7 0.910728 22.326451 4.555626 184.961388
2550 5 0.923660 22.815258 4.684227 233.598346
2600 6 0.979960 24.197536 4.261549 222.649373
2650 2 1.213490 27.375316 4.854594 268.817930
2700 3 1.063715 26.477960 4.761909 195.027476
2750 4 1.073709 26.982193 4.838445 193.051030
2800 2 1.076963 26.597611 4.843394 256.666434
2850 3 1.396771 27.229357 5.102580 181.454022
2900 2 1.444485 26.934843 5.406140 137.392757
2950 2 1.257826 24.510193 5.402073 256.528195
3000 2 1.385501 24.830413 5.020238 221.637591
3050 7 1.372210 25.434992 4.496862 174.751910
3100 2 1.358484 25.822199 4.994079 157.289167
3150 4 1.014252 20.483025 4.998108 285.828835
3200 4 0.917032 21.652861 4.681588 205.027175
3250 3 1.052013 23.996371 4.713207 205.566779
3300 4 1.047206 25.101742 4.661583 213.463220
3350 5 0.800077 26.337611 4.571927 231.794016
3400 8 0.954272 22.260806 4.464121 186.307218
3450 6 1.380396 23.296901 4.015028 194.020116
3500 6 1.350710 22.851206 3.898901 198.479347
3550 7 1.555173 21.343655 3.825868 205.488908
3600 4 1.513240 22.493116 4.321932 239.142764
3650 5 1.345035 24.936798 4.420843 191.378031
3700 2 1.278870 25.192557 4.955097 195.742880
3750 8 0.660947 25.113724 4.758198 100.717314
3800 8 0.796199 26.077860 4.576094 186.714961
3850 5 0.715787 25.568109 4.756755 218.799790
3900 7 0.349096 21.300136 4.968555 182.494337
3950 3 0.711947 25.154909 5.059783 189.970394
4000 3 0.712316 28.738198 4.991653 229.609857
4050 3 0.806043 29.245950 5.178528 247.206163
4100 3 0.712054 20.062210 5.515781 211.223634
4150 4 0.706827 23.350549 5.573624 189.486656
4200 1 0.830550 24.092454 5.449538 205.098738
4250 3 0.729689 16.916300 5.406521 204.735658
4300 1 0.780348 25.219239 5.405399 201.574595
4350 1 0.688197 20.342013 5.466874 204.034582
4400 1 0.914097 22.907604 5.263754 209.903553
4450 2 0.782362 21.071242 5.401202 189.638237
4500 1 0.822377 24.605927 5.230249 206.324040
4550 2 0.857190 22.170281 5.405850 200.190770
4600 1 0.716354 25.354218 5.369279 206.034035
4650 1 0.595893 27.005478 5.476981 208.098228
4700 2 0.709903 25.479898 5.292404 213.112022
4750 3 0.738786 23.597548 5.019596 189.478979
4800 1 0.837297 22.638444 4.970125 198.474847
4850 3 0.871950 21.863373 4.866871 197.923086
4900 4 0.789198 22.107517 4.958825 198.851560
4950 5 1.008358 22.685631 4.750263 202.547569
5000 6 0.731292 23.828346 4.822679 210.111252
5050 5 0.790963 25.354889 4.768610 215.751976
5100 2 0.540504 26.557268 5.176770 186.613243
5150 4 0.371078 25.861577 4.986730 127.604914
5200 5 0.490659 28.026891 4.827626 233.791488
5250 7 0.653304 31.008301 4.697749 223.264476
5300 4 0.542661 31.268197 5.159287 159.707321
5350 7 0.192536 31.708985 4.872642 203.218759
5400 4 0.399356 32.016361 5.089440 198.351970
5450 2 0.404622 29.460148 5.502091 183.373643
5500 5 0.418216 33.710040 4.917684 187.200302
5550 7 0.883497 31.523259 4.334053 143.507394
5600 2 0.623421 31.804731 4.976573 178.619759
5650 14 0.250933 31.258575 5.101584 176.025939
5700 5 0.242522 30.770283 4.819979 178.636801
5750 4 0.606569 29.176426 4.834546 226.950154
5800 2 0.680071 28.844810 5.266623 213.486421
5850 6 0.440108 31.097930 5.224022 196.800063
5900 7 0.192095 31.778071 5.230601 194.912592
5950 9 0.154163 31.229114 4.775725 269.273396
6000 7 0.359058 33.224120 4.813153 202.474307
6050 8 0.423533 34.153064 4.593924 245.781474
6100 3 0.185893 35.895521 5.295799 200.116121
6150 7 0.444973 36.274271 4.818483 198.969361
6200 2 0.963060 34.896922 4.853842 194.666092
6250 6 0.698995 35.240800 4.820125 154.776427
6300 7 0.818221 36.359612 4.588979 143.146300
6350 9 0.721751 36.990140 4.312610 247.921794
6400 9 0.617092 37.887098 4.278430 190.216821
6450 6 1.084579 37.561844 4.028259 191.477262
6500 5 1.074181 37.035331 4.435664 251.285479
6550 10 0.833018 36.799171 4.412039 193.237332
6600 3 1.053040 38.412250 4.678544 178.936074
6650 3 0.908163 38.658138 5.097988 240.386239
6700 2 0.516183 36.886113 5.114868 214.689917
6750 7 0.334958 38.251523 5.212928 205.731748
6800 4 0.280807 38.617978 5.300871 216.828335
6850 10 0.330335 38.511785 4.505498 231.042752
6900 6 0.492350 39.242421 4.881774 229.703844
6950 4 0.595066 38.721016 4.968249 166.875540
7000 8 0.266683 38.443904 4.892041 183.665212
7050 6 0.254230 33.896244 4.776935 180.573915
7100 3 0.331691 38.669806 4.889733 228.411232
7150 6 0.343000 35.619695 4.992061 290.235116
7200 6 0.418171 36.750540 4.887433 186.756908
7250 6 0.580411 37.545576 4.655092 284.248731
7300 7 0.621206 34.371898 4.765082 178.086246
7350 3 0.616933 34.708220 4.793972 207.267563
7400 2 0.597730 33.067997 5.065457 217.102187
7450 6 0.553373 34.309700 5.179107 172.937033
7500 3 0.340542 34.850129 5.187581 193.140008
7550 5 0.042767 36.885481 5.024551 156.792884
7600 3 0.292450 36.142391 5.150592 209.395148
7650 7 0.738627 36.530746 4.545783 151.178739
7700 7 0.844184 39.742324 4.435014 142.428355
7750 8 0.525187 39.193635 4.479180 249.634684
7800 10 0.481227 39.517559 4.729860 207.355484
7850 13 0.459199 38.766992 4.721916 186.351340
7900 6 0.086672 38.757925 4.674869 198.239878
7950 3 0.319619 38.862405 5.049630 207.484804
8000 5 0.513092 40.473249 5.009696 200.350831
8050 2 0.480540 38.617917 5.570772 151.809164
8100 4 0.505972 38.162581 4.943147 276.802723
8150 6 0.628749 39.495106 4.925413 204.170069
8200 3 0.753272 38.183016 4.712770 181.450406
8250 5 0.607635 39.433687 4.726914 209.840442
8300 7 0.373963 37.586233 5.100660 182.683105
8350 11 0.501137 39.027818 4.540749 221.696643
8400 9 0.197393 42.090937 4.923352 191.306458
8450 6 0.542699 42.861725 5.030381 221.147269
8500 3 0.576609 43.902228 4.977002 160.710068
8550 7 0.402188 42.700034 4.657592 199.709258
8600 10 0.593368 45.628357 4.624478 145.712349
8650 11 0.597566 44.103398 4.686377 198.435142
8700 11 0.215594 45.071271 5.044864 208.321959
8750 10 0.077628 44.706767 5.172209 205.943164
8800 6 0.510560 46.075126 5.022353 220.257461
8850 7 0.541501 45.465201 5.010444 221.409366
8900 6 0.612513 50.386833 4.956599 183.903954
8950 4 0.509186 46.722646 4.654710 197.712985
9000 5 0.433444 45.118249 4.705242 168.912784
9050 2 0.463123 47.240492 5.111184 193.383230
9100 5 0.482625 51.140708 4.939861 234.927821
9150 2 0.615959 47.015824 4.921035 217.385935
9200 8 0.550094 48.750234 4.720400 205.646037
9250 6 0.714549 47.681752 4.117613 207.032118
9300 13 0.608731 44.376415 3.988247 208.415351
9350 6 0.656294 49.749392 4.721664 119.626159
9400 5 0.532732 47.669617 4.884877 222.518314
9450 2 0.390050 43.104350 5.095002 206.984288
9500 6 0.208694 45.505931 4.956103 229.268721
9550 3 0.303504 46.097689 5.132341 233.775499
9600 5 0.052791 47.113647 5.140797 241.022717
9650 8 0.035405 47.702646 5.008336 224.812263
9700 3 0.057903 48.004414 5.312207 176.987311
9750 8 0.052263 47.289754 4.912605 165.566812
9800 11 0.282287 47.761884 4.764127 269.775010
9850 8 0.342441 46.764739 4.774500 251.422143
9900 6 0.577755 46.372489 4.878372 181.504714
9950 8 0.683826 44.915045 4.729341 226.101535
10000 4 0.715538 44.653336 4.797581 249.946754
10050 4 0.861317 45.029284 4.821751 171.738262
10100 2 0.864708 45.723086 5.238534 231.476588
10150 2 0.797357 45.751317 5.012146 192.336464
10200 2 0.920547 45.766278 5.142370 165.993273
10250 5 0.583486 45.369302 5.180699 186.215457
10300 4 0.820473 43.442334 4.872094 191.302837
10350 5 0.930416 45.703139 4.955217 216.137690
10400 7 0.601564 46.313864 5.230708 176.952415
10450 2 0.556933 43.188040 5.344833 174.719235
10500 6 0.677017 42.036045 4.721432 218.129272
10550 9 0.563371 42.762131 4.571308 167.557031
10600 8 0.393290 44.465333 4.609438 181.433133
10650 10 0.501502 42.139607 4.483403 204.814262
10700 3 0.478975 41.844107 5.254626 198.774775
10750 2 0.552842 41.662958 4.942164 205.341419
10800 5 0.654326 40.646151 4.932217 210.755466
10850 6 0.533147 42.325525 4.649286 188.060685
10900 11 0.599373 43.264716 4.643284 117.105977
10950 6 0.634385 41.125659 4.877324 172.506643
11000 4 0.476951 42.153624 4.946901 124.880718
11050 2 0.349347 44.515907 5.333129 237.619261
11100 5 0.236291 47.245348 4.923432 150.161373
11150 4 0.320238 44.490122 5.121556 178.346328
11200 6 0.325166 46.165280 4.799904 193.797398
11250 9 0.321483 47.213261 4.582318 199.408227
11300 4 0.494226 48.266532 5.252380 189.277203
11350 6 0.512564 48.208045 5.276398 200.824058
11400 6 0.584290 45.525035 4.976353 201.872428
11450 4 0.422260 47.976339 5.226247 198.757852
11500 3 0.398446 46.873471 5.194532 193.599967
11550 2 0.445419 45.931197 5.153620 228.006999
11600 11 0.261839 44.833070 4.899534 189.008403
11650 6 0.282328 44.352907 5.251174 146.734142
11700 15 0.346883 41.952019 4.523864 185.148428
11750 16 0.470196 40.373230 4.548147 216.622882
11800 12 0.045465 39.366929 4.846568 152.371308
11850 11 0.029652 39.111688 4.907572 314.468887
11900 8 0.062096 36.822821 5.175931 232.653804
11950 14 0.456075 38.942158 4.539903 166.708033
12000 11 0.119600 40.708339 4.677778 213.179821
12050 7 0.411427 40.682322 5.183812 178.414697
12100 8 0.147197 41.321097 4.707275 211.592697
12150 9 0.225612 40.195223 4.864975 230.746350
12200 13 0.314055 42.397464 4.796344 211.010767
12250 13 0.149265 40.874471 4.925812 258.171514
12300 7 0.213143 41.861673 5.221670 190.743789
12350 8 0.335661 40.257784 4.563235 226.754363
12400 12 0.367510 39.289708 4.341209 194.517939
12450 15 0.464233 44.529741 4.398729 153.324057
12500 11 0.531954 42.315056 4.340057 189.957506
12550 16 0.463160 39.976303 4.366315 198.892612
12600 13 0.400243 40.328628 4.684138 218.132960
12650 10 0.469909 39.916912 4.971730 129.975002
12700 14 0.144830 41.251455 4.757402 210.022953
12750 4 0.608356 37.444125 4.962055 210.432975
12800 9 0.428696 40.105479 4.542667 209.067071
12850 9 0.507773 37.825500 4.638587 200.707873
12900 9 0.360478 37.273870 4.601914 216.556281
12950 10 0.504320 38.689271 4.569494 212.388325
13000 11 0.602785 39.533682 4.366566 272.604089
13050 15 0.445354 39.942711 4.456799 190.318434
13100 11 0.067746 41.832181 5.248020 200.400176
13150 7 0.350949 40.801857 4.681372 173.709499
13200 14 0.619621 40.958770 4.250325 199.672228
13250 9 0.376430 43.048691 4.858740 216.671285
13300 1 0.639742 43.526909 5.531551 216.568502
13350 3 0.335141 43.220833 4.897734 243.165065
13400 4 0.454788 41.941229 4.929110 181.784260
13450 5 0.388423 43.225004 4.998245 202.354044
13500 1 0.613266 43.858898 5.045915 212.642686
13550 3 0.322199 43.894308 5.151683 213.767324
13600 7 0.257450 45.096002 5.148716 205.932213
13650 6 0.041230 46.248482 5.123397 213.826895
13700 3 0.242356 42.111737 5.138648 218.865865
13750 3 0.422849 41.356643 5.112660 213.381384
13800 9 0.311242 37.831982 4.925993 205.945700
13850 6 0.657863 41.753230 4.786475 196.492664
13900 4 0.847134 38.070002 4.813940 169.803775
13950 7 0.415914 39.945395 5.005403 162.680144
14000 6 0.460394 35.750892 4.631695 226.085641
14050 11 0.835853 38.375892 4.383913 199.472765
14100 8 0.350700 36.776861 5.300134 205.505796
14150 8 0.217525 42.730587 5.000679 193.692294
14200 5 0.422180 44.463198 4.988692 207.505462
14250 3 0.660667 45.449243 5.486633 210.570936
14300 6 0.609460 41.272597 5.059391 224.657742
14350 5 0.496316 42.579459 5.073185 223.989302
14400 6 0.246825 44.875500 5.122985 196.596232
14450 6 0.234877 43.877966 5.028274 197.125965
14500 4 0.199216 41.127173 5.088620 203.917367
14550 4 0.520334 43.650722 4.415857 183.386654
14600 3 0.253452 45.816616 4.945419 259.592562
14650 5 0.453469 44.255661 4.777543 128.221725
14700 1 0.465025 43.630604 5.233856 214.223312
14750 4 0.267363 42.199834 5.370959 200.659934
14800 8 0.397092 41.478214 5.051760 211.502144
14850 6 0.315228 42.556997 4.895057 203.306544
14900 7 0.180629 46.637636 4.795950 206.107776
14950 7 0.119883 45.925339 4.653929 205.204930
15000 10 0.717098 43.686994 4.163770 211.770608
15050 8 0.465429 42.891940 4.735875 210.414941
15100 6 0.341930 43.818598 4.735875 210.414941
15150 8 0.307157 39.875170 4.962899 139.843642
15200 2 0.082501 36.820040 5.488371 208.845706
15250 4 0.492240 36.386782 4.878330 203.870146
15300 7 0.325140 38.288395 4.583499 181.882169
15350 12 0.086303 39.280870 4.834803 223.261394
15400 15 0.278206 38.008070 4.641869 203.398022
15450 15 0.381162 38.147211 4.039498 203.599387
15500 12 0.461287 36.883978 4.529444 184.131523
15550 4 0.126095 38.271093 4.961666 214.331565
15600 8 0.176138 37.626265 5.261053 269.085125
15650 5 0.178583 35.189439 4.944041 252.733146
15700 3 0.307123 34.999842 5.181922 189.595893
15750 2 0.286545 33.259095 5.500366 245.104927
15800 4 0.268339 35.674543 5.146973 229.412732
15850 5 0.292564 35.764969 5.231768 178.680475
15900 5 0.027718 36.166881 4.806051 222.710653
15950 3 0.172051 38.444379 5.468975 221.095953
16000 3 0.368852 39.249189 4.932717 207.553843
16050 5 0.153947 37.719573 4.853997 238.761069
16100 6 0.266842 36.163716 5.078317 182.988972
16150 4 0.112543 34.863297 4.940029 159.740185
16200 7 0.175613 32.800890 4.949095 187.288841
16250 5 0.453044 32.300084 5.080968 184.829479
16300 7 0.249908 31.480743 5.061067 206.686103
16350 14 0.229556 29.933902 5.310716 192.211305
16400 7 0.253155 30.606344 5.113101 200.021463
16450 4 0.171044 32.659692 4.989125 206.931780
16500 5 0.261496 35.748097 4.906495 213.236250
16550 5 0.523644 33.450012 4.906495 213.236250
16600 6 0.430168 33.824451 4.996432 214.123112
16650 5 0.336839 34.701916 4.874255 212.042409
16700 5 0.358446 33.907754 4.930102 212.617472
16750 3 0.477654 28.817227 4.678139 214.215306
16800 5 0.584324 32.004054 4.792819 214.039840
16850 3 0.580313 30.143869 4.792819 214.039840
16900 9 0.782539 28.677929 4.737863 215.061602
16950 7 0.382611 26.571239 4.731569 212.013778
17000 5 0.430786 28.539982 4.753276 213.803191
17050 5 0.336567 29.244779 4.753276 213.803191
17100 3 0.392378 28.789248 4.753276 213.803191
17150 7 0.422191 28.923887 4.753276 213.803191
17200 5 0.456514 31.072101 4.753276 213.803191
17250 2 0.569459 26.947522 4.899179 207.255317
17300 1 0.399733 25.306084 5.213263 213.153334
17350 3 0.632200 23.491928 5.095967 205.066165
17400 2 0.462339 21.280859 5.023870 204.323862
17450 2 0.516641 26.402264 5.021845 194.008890
17500 6 0.526808 21.452769 4.858131 178.014114
17550 12 0.389455 21.219451 4.734868 202.367669
17600 10 0.475183 22.317891 4.800419 171.519437
17650 8 0.687442 23.644807 4.479337 219.576666
17700 5 0.544357 27.061239 4.880330 206.484823
17750 2 0.149925 25.304171 5.319817 214.395483
17800 5 0.442092 22.016281 4.986247 182.244591
17850 5 0.453967 22.530449 4.862771 213.070253
17900 4 0.625924 20.665572 4.846114 227.691117
17950 4 0.746208 18.794494 5.265709 152.567750
18000 5 0.536970 23.199631 5.003704 162.036477
18050 5 0.610434 23.739044 4.559385 187.174907
18100 2 0.547132 21.842035 4.994063 201.646327
18150 6 0.608741 28.170972 4.781011 192.487448
18200 6 0.485072 24.629258 4.942681 203.918597
18250 3 0.182452 18.583960 5.024456 234.161075
18300 3 0.333571 21.650887 4.903449 154.792628
18350 4 0.661906 23.011847 4.750358 254.212286
18400 4 0.691524 23.408485 4.802969 252.113755
18450 3 0.615341 24.437797 5.149956 207.942512
18500 3 0.527741 24.985115 4.907328 226.652010
18550 3 0.585296 26.790548 4.738159 200.130609
18600 4 0.644136 26.919495 4.918098 215.097564
18650 1 0.570885 27.630221 5.099432 205.361228
18700 3 0.670923 26.692896 5.359190 176.736341
18750 3 0.676585 26.410156 4.885246 223.002885
18800 3 0.782361 28.398617 5.116321 233.109073
18850 3 0.783733 25.308543 5.127084 178.817989
18900 4 0.817713 23.289927 4.798142 208.366038
18950 6 0.744840 24.202536 4.715661 229.450829
19000 9 0.609234 22.295134 4.689772 282.451492
19050 5 0.209331 24.627479 4.854118 278.602525
19100 7 0.715833 24.739143 4.728588 219.755129
19150 6 0.830949 24.301275 4.528768 175.700582
19200 8 0.505815 22.827157 5.073007 175.892331
19250 3 0.845805 25.519051 5.134009 186.349952
19300 3 0.658009 25.825187 4.954093 183.709635
19350 6 0.498345 24.346576 4.839654 192.628219
19400 4 0.686201 26.467926 4.632770 192.045260
19450 5 0.484273 22.959650 4.988467 210.790944
19500 7 0.156018 19.832655 5.073354 228.523403
19550 5 0.547326 20.876373 5.062759 176.223806
19600 5 0.308492 20.815161 4.939657 161.884522
19650 2 0.309694 21.054745 5.417082 209.625879
19700 3 0.534234 23.018852 5.247813 166.456208
19750 7 0.398600 27.310049 5.028825 198.559448
19800 9 0.529377 21.512260 4.346192 176.017368
19850 16 0.333803 22.277966 4.636089 185.470548
19900 18 0.348223 23.412609 4.583061 213.367921
19950 8 0.345193 28.552456 4.843411 150.855141
20000 9 0.230142 28.976959 4.459936 223.105497
20050 9 0.487902 25.798081 4.689297 206.884784
20100 17 0.259237 27.734964 4.489567 257.211113
20150 6 0.319658 26.832099 5.096106 226.806111
20200 6 0.470517 29.128404 5.183692 163.783989
20250 4 0.444560 25.335063 4.844301 133.435279
20300 1 0.383036 28.363482 5.325513 233.778817
20350 4 0.571957 25.598337 5.127941 214.926500
20400 3 0.472598 24.217846 5.096712 219.221674
20450 4 0.568700 24.771248 5.214420 207.745986
20500 4 0.574568 22.195444 5.077125 206.916201
20550 5 0.799903 22.543215 5.060102 207.873966
20600 4 0.506758 26.325218 5.087687 208.155373
20650 3 0.810108 27.002790 5.187483 210.225997
20700 3 0.278966 24.202425 4.954861 202.059274
20750 4 0.442269 25.070300 4.882039 197.455888
20800 1 0.591338 27.531934 5.219535 99.316891
20850 9 0.535935 26.643358 4.935776 200.812103
20900 8 0.454843 23.594915 4.949723 187.051126
20950 3 0.479822 21.975301 5.357559 177.163061
21000 5 0.438208 22.227235 4.881936 183.792985
21050 5 0.479268 18.161771 5.155202 153.030900
21100 4 0.504303 21.315078 5.037508 218.775352
21150 3 0.497199 20.339397 4.928470 207.465518
21200 3 0.481923 18.855660 4.900239 232.460049
21250 2 0.890876 19.247146 5.004187 207.480695
21300 3 0.657189 20.266592 5.180682 174.851369
21350 3 0.575929 19.952419 5.211929 220.730200
21400 2 0.564178 24.122004 4.911126 195.242014
21450 3 0.655119 21.712367 5.401488 284.164593
21500 2 0.439366 17.495254 5.213420 236.066592
21550 5 0.526955 17.689185 5.239750 199.509722
21600 4 0.612534 17.691089 4.949757 182.279024
21650 8 0.677879 16.692596 4.789445 218.135262
21700 1 0.636274 18.459068 4.860069 217.047153
21750 3 0.552645 17.326713 5.265326 203.323994
21800 3 0.625012 13.492722 5.249972 137.596582
21850 3 0.742566 11.366194 5.104376 153.181311
21900 2 0.503585 11.725190 5.035724 188.562540
21950 3 0.765820 16.309973 4.999799 272.629588
22000 4 0.625759 17.581646 5.126233 191.473436
22050 5 0.577500 11.975233 4.837901 171.165778
22100 5 0.756897 14.762671 4.604798 267.471540
22150 6 0.471007 10.342905 5.406443 196.383097
22200 4 0.388248 11.041930 4.916777 248.979835
22250 3 0.401197 6.983615 5.182529 263.145024
22300 5 0.655711 7.651160 4.871051 237.724553
22350 2 0.537626 11.280859 4.998290 188.115515
22400 4 0.592296 12.720906 5.140456 188.304848
22450 4 0.604084 10.834569 4.826494 248.004070
22500 4 0.689995 13.216651 4.860228 228.949364
22550 7 0.553350 16.223632 5.127638 177.857863
22600 6 0.633232 15.649047 4.832203 186.273950
22650 3 0.637831 14.263377 4.964426 184.419023
22700 2 0.690644 13.767162 5.150510 198.290846
22750 4 0.515700 12.978565 5.170319 189.413483
22800 1 0.519693 11.997708 5.214306 185.714503
22850 6 0.607523 9.891739 4.827379 191.950016
22900 1 0.372913 9.433171 5.126245 197.925026
22950 2 0.581490 14.073596 5.168468 230.039416
23000 2 0.546638 11.855448 5.193338 229.771195
23050 7 0.584535 13.815499 4.671917 200.413332
23100 4 0.670583 11.062211 4.872031 211.479928
23150 4 0.691983 13.378979 4.979481 200.841265
23200 3 0.680154 14.878386 4.990138 144.476539
23250 7 0.666980 15.048614 4.719011 215.757870
23300 4 0.804628 14.471927 4.967649 224.249608
23350 3 0.716648 16.881720 4.870844 212.722761
23400 3 0.649744 21.635739 4.984018 198.996103
23450 2 0.795303 18.148279 5.049721 216.340504
23500 7 0.817695 20.267966 4.388743 220.209517
23550 2 0.737354 22.149089 5.029707 202.278989
23600 1 0.523914 19.891330 5.482575 226.638235
23650 2 0.454345 17.002530 5.366340 172.536313
23700 2 0.387659 14.617379 5.104669 179.125236
23750 4 0.391040 16.891270 4.958131 157.000944
23800 2 0.411832 17.265706 5.043453 203.069744
23850 1 0.277497 20.479621 5.110743 193.946026
23900 3 0.313348 16.673397 5.143156 211.967482
23950 4 0.340357 17.852905 4.964943 206.057563
24000 5 0.520201 19.075937 4.991704 208.807028
24050 6 0.571035 15.672604 5.112978 213.341015
24100 4 0.620464 24.613308 5.199496 221.539185
24150 2 0.505768 24.423626 5.084327 212.871026
24200 6 0.628562 25.026597 4.131011 224.751995
24250 5 0.620390 23.199630 4.924272 172.532489
24300 6 0.797344 21.811248 4.884142 160.875394
24350 4 0.848311 22.604090 5.010728 199.571948
24400 5 0.719766 19.747598 4.635964 204.165857
24450 3 0.603703 19.795095 5.168960 130.912537
24500 3 0.415244 15.515700 4.699357 204.930776
24550 1 0.336403 18.785834 5.273699 191.545243
24600 9 0.259978 18.090990 4.681987 244.782996
24650 2 0.366533 20.844278 4.962754 231.118183
24700 3 0.361259 20.888646 5.202420 193.407273
24750 6 0.279700 20.581778 5.084187 192.166196
24800 1 0.552288 21.143358 4.882156 194.592130
24850 3 0.492068 17.772051 5.043484 145.644671
24900 7 0.322022 18.945844 4.531463 195.448530
24950 4 0.432021 18.995376 4.975951 192.595177
25000 2 0.579581 17.891286 5.380052 199.816144
25050 6 0.574110 14.185646 4.438776 202.309496
25100 5 0.741876 13.473866 5.047503 206.118192
25150 4 0.398321 20.581025 5.099323 232.867811
25200 2 0.354489 21.533793 5.221832 173.852779
25250 3 0.449986 19.742419 5.182298 238.109743
25300 2 0.309364 18.251448 5.020633 225.382202
25350 1 0.609310 16.743410 5.096835 238.305801
25400 4 0.651710 15.958676 5.023408 203.799481
25450 4 0.534275 19.302802 4.820538 211.562936
25500 9 0.410140 19.177127 4.565429 205.902498
25550 7 0.494275 18.335297 4.859060 193.646282
25600 3 0.557935 12.069338 5.199129 195.899692
25650 2 0.399959 16.503003 4.989914 204.361148
25700 3 0.352961 15.711919 5.018787 221.941528
25750 8 0.216905 18.256038 4.903243 192.807356
25800 2 0.231155 18.490258 5.357345 158.178721
25850 6 0.189973 16.209888 5.415711 221.188595
25900 2 0.210175 18.421054 5.070452 225.363040
25950 4 0.291259 20.652529 5.361786 184.855043
26000 4 0.301053 19.314939 5.093083 227.179682
26050 8 0.134733 19.477569 4.982143 205.270625
26100 7 0.078105 17.139732 4.830971 213.439942
26150 16 0.018022 21.029211 5.183323 194.729626
26200 14 0.238952 20.408566 4.667460 241.927196
26250 6 0.312257 17.563223 4.848853 179.214935
26300 6 0.643907 17.985939 4.223694 292.471793
26350 8 0.461407 17.220273 4.381484 219.570531
26400 6 0.266503 16.661523 4.980329 209.670784
26450 6 0.492877 21.202681 5.233079 191.976798
26500 5 0.619590 22.392299 4.816548 199.013873
26550 6 0.277099 23.186701 4.906692 229.706446
26600 9 0.321405 17.379789 4.673257 225.332404
26650 12 0.049109 18.803986 5.139307 164.779778
26700 10 0.228538 18.917687 5.156207 202.100787
26750 7 0.380597 21.667161 4.976400 147.851727
26800 12 0.328909 19.769547 4.839351 166.168873
26850 14 0.493415 15.473227 4.836620 161.524922
26900 7 0.138143 19.826654 4.584643 234.306239
26950 12 0.403917 20.789275 4.516903 193.764889
27000 15 0.388149 17.613199 4.389117 215.207466
27050 16 0.453039 17.688792 3.706485 233.094639
27100 10 0.426537 15.583521 4.383932 210.000493
27150 12 0.011671 17.872682 4.950080 198.366546
27200 3 0.080621 22.892921 5.679738 249.801965
27250 2 0.266868 19.097919 5.238075 223.501110
27300 5 0.542235 17.447525 5.118873 228.868447
27350 4 0.518268 18.946096 4.689838 217.225050
27400 2 0.430873 19.152387 4.960886 202.050130
27450 6 0.503250 18.512337 4.497475 257.454098
27500 2 0.415928 15.180549 5.004864 262.552163
27550 9 0.356435 13.727482 4.894132 195.520206
27600 2 0.402073 16.059710 4.967778 200.191822
27650 4 0.434907 19.370225 5.082303 191.755059
27700 2 0.685795 20.173797 5.079228 259.554466
27750 5 0.327633 21.577855 5.052817 216.415148
27800 4 0.330144 21.639862 5.105955 178.990606
27850 7 0.431339 18.749384 4.401191 212.791565
27900 8 0.551468 21.481102 3.982949 208.491273
27950 6 0.736308 21.282075 4.397330 203.467979
28000 8 0.982995 21.017595 4.710305 212.809862
28050 4 0.717047 20.312292 4.933025 201.487133
28100 8 0.459144 17.903040 4.606836 161.918611
28150 4 0.509976 16.777310 5.239018 199.505689
28200 5 0.314992 19.710981 5.017653 186.782524
28250 4 0.277965 16.455272 4.862290 202.271357
28300 12 0.372101 16.156118 4.646971 193.323244
28350 8 0.574674 18.293623 4.841202 202.751867
28400 10 0.410799 18.072096 4.749527 202.344662
28450 10 0.380284 21.665490 4.749527 202.344662
28500 11 0.513347 21.878270 4.749527 202.344662
28550 6 0.410809 25.413342 4.749527 202.344662
