0 7 2.830000 24.210000 3.700000 47.000000 1.019793 4.917565 
50 8 2.695300 23.565385 3.687966 48.689059 0.408906 8.430281 
100 9 2.598167 23.980864 3.744928 49.771286 0.399937 2.575939 
150 10 2.556503 22.855105 3.778952 43.154664 0.356029 5.299926 
200 11 2.492700 23.481679 3.760133 30.656675 0.206475 6.151261 
250 11 2.429829 23.846382 3.831546 27.241024 0.338159 3.357023 
300 9 2.460527 21.873717 3.854015 53.787164 0.337508 1.313013 
350 12 2.324761 22.019175 3.822993 41.542281 0.328131 1.483925 
400 10 2.368695 22.942326 3.753951 45.673052 0.406414 0.487155 
450 11 2.346678 23.735770 3.759697 38.324326 0.246406 0.320744 
500 12 2.267094 24.518908 3.778509 32.716880 0.173993 0.588417 
550 11 2.224903 25.052051 3.765116 48.398430 0.324078 1.382995 
600 11 2.109148 25.320197 3.810249 46.083772 0.252068 8.621991 
650 8 2.157207 24.613752 3.827596 57.786772 0.308638 10.531547 
700 9 1.990881 23.392736 3.837671 54.263123 0.458483 11.755593 
750 11 1.976837 24.776295 3.823596 58.712677 0.291054 4.275073 
800 12 2.078029 25.457208 3.836386 55.914348 0.333831 3.076057 
850 11 1.872974 25.234570 3.828469 54.467941 0.480872 4.276246 
900 9 1.853048 24.997854 3.825756 54.080131 0.295191 5.063807 
950 9 1.862194 23.268491 3.804523 55.387518 0.278843 1.555046 
1000 12 1.786149 24.114750 3.821947 66.185469 0.330313 1.716307 
1050 11 1.530035 22.835927 3.961940 45.298226 0.379823 2.391326 
1100 11 1.843405 23.812942 3.973903 65.134407 0.296576 3.221628 
1150 12 1.607444 25.258413 3.854347 49.019816 0.351428 1.940778 
1200 13 1.486135 24.502883 3.878795 60.136870 0.323264 1.999890 
1250 12 1.360386 23.422001 3.864169 44.075946 0.293214 2.473908 
1300 12 1.056861 24.952783 3.832399 52.563463 0.338961 2.588788 
1350 14 1.144886 23.384842 3.783859 62.271302 0.239646 3.616168 
1400 10 1.015270 24.267560 3.550962 66.389437 0.238771 6.562847 
1450 11 1.482768 21.884869 3.789541 52.211877 0.277363 9.521061 
1500 13 1.447077 23.558175 3.705235 63.732673 0.248241 7.619431 
1550 12 1.456488 22.669185 3.652651 56.727262 0.309260 5.098626 
1600 14 1.414299 22.251558 3.555705 55.131253 0.252830 5.610283 
1650 13 1.574620 20.878718 3.582528 66.806194 0.322935 4.735330 
1700 11 1.641777 19.283125 3.783062 47.483729 0.407333 1.732481 
1750 14 1.496412 20.210527 3.428376 63.356802 0.306706 2.431410 
1800 13 1.760021 21.827012 3.407944 49.147341 0.223086 4.257456 
1850 10 1.720397 21.616735 3.471695 56.787766 0.279113 5.054280 
1900 11 1.616269 23.063642 3.583186 47.052509 0.256468 7.145007 
1950 15 1.726005 24.684253 3.598888 49.883165 0.228252 3.524757 
2000 13 1.660339 25.478712 3.695938 42.035686 0.163509 0.872852 
2050 13 1.663347 24.583207 3.746546 45.091248 0.245980 1.314695 
2100 11 1.842535 24.311105 3.841673 43.722000 0.167261 2.385848 
2150 16 1.946260 24.942622 3.999558 24.048932 0.129014 3.295746 
2200 12 1.682322 24.459039 3.790094 50.489687 0.137693 2.433890 
2250 13 1.652640 24.966133 3.725454 51.321228 0.166097 3.745950 
2300 13 1.731754 25.042008 3.768220 49.544415 0.195061 5.297460 
2350 13 1.457700 25.848141 3.606460 47.895131 0.217321 19.224394 
2400 12 1.729165 26.455061 3.626190 49.467217 0.264218 17.479203 
2450 16 1.427986 26.550109 3.648516 44.628954 0.239313 16.596889 
2500 13 1.402647 27.030128 3.769240 53.916958 0.262415 6.004780 
2550 12 0.955608 27.110106 3.887171 58.564820 0.193550 7.683522 
2600 13 1.174141 26.638754 4.049460 44.062481 0.272474 5.197385 
2650 12 1.090524 26.553786 4.175489 48.286194 0.216384 13.979884 
2700 11 1.058516 24.815571 4.081987 55.579380 0.224192 11.420777 
2750 13 1.377285 25.051192 4.135354 36.946925 0.193666 11.325982 
2800 11 1.334163 24.697085 4.177686 15.885578 0.203655 11.872408 
2850 11 1.331201 24.464522 3.788035 41.133033 0.222062 21.623743 
2900 14 1.291214 24.505147 4.007121 46.474305 0.219883 26.366948 
2950 13 1.274674 26.610078 3.889634 49.738010 0.167972 28.179880 
3000 13 1.327496 27.374107 4.076421 31.772722 0.267729 33.459513 
3050 13 1.213472 28.334840 4.108352 55.833773 0.340233 23.920514 
3100 13 1.172235 26.875795 4.132207 41.725090 0.192477 30.084274 
3150 10 1.326509 25.391353 4.228786 27.222403 0.183257 17.069714 
3200 11 1.308946 23.255116 4.318759 34.108199 0.358244 48.524522 
3250 10 1.154495 24.935830 4.287533 28.176047 0.297118 92.146527 
3300 12 1.031209 25.216879 4.176882 34.000523 0.202646 55.881537 
3350 15 0.820461 26.429057 4.213912 26.189645 0.273870 93.517150 
3400 9 0.742574 23.577683 4.182516 46.839741 0.581566 81.200519 
3450 14 0.790309 26.145859 4.173836 58.593641 0.289174 111.680763 
3500 13 0.704995 28.802283 4.184850 67.459633 0.276425 56.142488 
3550 12 0.678840 26.572536 4.162979 54.203138 0.217101 59.999114 
3600 10 0.774818 26.625958 4.154798 35.523734 0.328988 51.423682 
3650 13 0.821862 23.881356 4.157131 59.837203 0.261614 54.182682 
3700 14 0.671337 28.761894 4.191612 56.141668 0.316821 57.313632 
3750 12 0.818613 29.172983 4.165704 59.511693 0.410474 57.642530 
3800 12 0.871715 32.951149 4.192645 61.575949 0.336685 83.770733 
3850 13 1.100754 34.974575 4.242905 27.398387 0.297822 137.055575 
3900 11 0.682114 33.618141 4.268632 56.529781 0.400906 224.483681 
3950 10 0.600585 31.472984 4.313060 51.867732 0.256341 1056.258559 
4000 13 0.693102 25.071538 4.264067 49.328140 0.211025 1980.546987 
4050 13 0.284609 26.385623 4.261513 52.487711 0.260362 364.020560 
4100 13 0.380634 27.093245 4.314443 35.386027 0.203408 101.368868 
4150 10 0.719722 26.044683 4.300036 59.466356 0.206502 94.067210 
4200 12 0.806775 20.546100 4.338511 56.804967 0.199132 104.996866 
4250 13 0.789309 27.969311 4.391017 48.896779 0.206536 210.691107 
4300 11 0.662183 25.317016 4.389296 66.156693 0.181277 364.074407 
4350 9 0.602297 25.802394 4.239874 58.128045 0.189163 350.128545 
4400 11 0.688523 22.953957 4.263364 91.401300 0.203141 196.132788 
4450 13 0.720122 19.964174 4.406569 39.479533 0.115664 195.400244 
4500 14 0.699957 23.414449 4.385588 50.626059 0.121694 271.761699 
4550 13 0.693088 20.887838 4.396538 28.670134 0.211149 144.300009 
4600 13 0.684343 23.937210 4.155475 36.820054 0.233265 112.044971 
4650 14 0.652203 21.784403 4.126186 69.961969 0.215403 96.755601 
4700 13 0.627237 24.608269 4.358810 42.258868 0.102428 113.690548 
4750 13 0.546129 21.895428 4.231640 50.597478 0.197324 46.382761 
4800 14 0.542425 22.121148 4.096318 37.033257 0.178806 104.748111 
4850 11 0.635103 22.256884 4.314335 62.880467 0.282602 243.339387 
4900 11 0.531092 22.004357 4.382092 44.787059 0.150304 353.719889 
4950 12 0.737861 21.729649 4.468505 43.236073 0.242619 760.129456 
5000 11 0.578583 20.432189 4.433128 41.963904 0.373321 303.879271 
5050 11 0.653733 21.957774 4.338621 39.797081 0.268239 420.329126 
5100 14 0.795162 21.975609 4.301828 44.797169 0.268710 923.577305 
5150 14 0.776623 21.596085 4.450827 15.447694 0.316557 813.430281 
5200 10 0.757962 23.346542 4.219939 19.857740 0.558489 920.826053 
5250 12 0.772572 23.980003 4.043289 31.226753 0.473817 736.241032 
5300 12 0.842541 27.643518 4.054737 49.092810 0.506854 971.334346 
5350 14 0.696583 22.151762 4.122297 65.390763 0.609223 1268.774107 
5400 12 0.618063 20.819275 4.357420 50.509552 0.485281 1340.097196 
5450 12 0.599019 22.973494 4.314868 53.919251 0.450978 2850.672277 
5500 16 0.717800 24.167027 4.273476 48.025915 0.422985 1788.626432 
5550 12 0.513516 27.994280 4.049510 50.563180 0.351954 4088.587629 
5600 12 0.627643 26.121310 3.917092 103.172901 0.557701 2652.542258 
5650 11 0.596552 22.637739 4.418569 54.639093 0.534702 5294.300445 
5700 11 0.721714 22.370667 4.205036 56.836564 0.485922 4990.920877 
5750 13 0.698201 22.443213 4.341795 49.508729 0.296501 1685.152603 
5800 11 0.599923 18.584947 4.283068 47.486826 0.248956 1859.098740 
5850 16 0.413447 18.226871 4.532519 34.629944 0.467262 1272.401119 
5900 13 0.464983 20.397075 4.482353 65.452294 0.515137 882.337016 
5950 14 0.428279 17.212682 4.450578 5.156855 0.365343 821.740990 
6000 8 0.467154 21.542376 4.424432 59.103120 0.587475 611.820186 
6050 11 0.380534 22.706649 4.502356 62.992983 0.532564 808.340016 
6100 13 0.344870 24.118217 4.538538 13.089867 0.592247 1036.279770 
6150 13 0.646228 23.781126 4.575184 31.695848 0.520391 2808.539487 
6200 14 0.409430 21.919280 4.634028 36.061521 0.337697 3043.099254 
6250 14 0.256822 21.774600 4.513281 32.087905 0.433633 3303.227708 
6300 15 0.230015 21.153896 4.403956 13.692141 0.331298 1980.415251 
6350 16 0.016879 20.167009 4.271402 18.903736 0.484058 2307.047223 
6400 12 0.208219 19.165607 4.155366 37.284851 0.406036 3862.915625 
6450 14 0.536985 23.624699 4.065197 44.317178 0.460053 1448.533024 
6500 11 0.782889 26.546261 4.014660 49.248427 0.537887 537.601033 
6550 12 0.294445 23.147996 4.392979 58.080436 0.409077 817.977441 
6600 12 0.510465 21.678931 4.215668 46.427147 0.283637 982.590933 
6650 12 0.645380 23.789839 4.680927 13.773625 0.390741 970.459867 
6700 15 0.228884 21.416780 4.332943 17.503252 0.514005 1007.635000 
6750 12 0.434807 26.077324 4.378554 30.109317 0.439746 2029.510228 
6800 9 0.523825 25.626896 4.487534 18.644490 0.574215 4043.627200 
6850 13 0.563667 24.692217 4.501624 12.526214 0.408573 1276.897259 
6900 12 0.269642 24.390407 4.563248 18.776865 0.400932 486.481472 
6950 12 0.274929 24.155490 4.001282 32.268235 0.293667 327.010670 
7000 12 0.095968 23.996802 4.508288 63.240035 0.301177 342.429432 
7050 15 0.288318 26.308878 4.463074 43.915709 0.295118 1354.543995 
7100 11 0.078236 28.920697 4.428544 28.161482 0.336105 565.512248 
7150 12 0.114681 24.106005 4.221040 42.726371 0.416667 1122.029994 
7200 13 0.040886 29.144461 4.356573 36.679119 0.486569 3423.349395 
7250 13 0.204244 25.829768 4.531785 60.964159 0.673623 8945.024193 
7300 14 0.170798 25.143370 4.637994 69.428467 0.337018 16662.638758 
7350 13 0.225820 27.013978 4.518192 53.326118 0.284579 7605.743400 
7400 14 0.091957 28.123888 4.598128 55.722286 0.330518 12045.199292 
7450 13 0.190120 28.660730 4.506498 32.213521 0.380223 12436.820265 
7500 15 0.112964 26.766596 4.539208 53.072764 0.250039 13386.019749 
7550 12 0.103708 31.639115 4.319207 56.253975 0.502120 15610.742574 
7600 14 0.247063 23.617132 4.376235 48.479910 0.331505 16461.497545 
7650 15 0.266146 26.303782 4.130267 74.018990 0.517270 37858.275811 
7700 15 0.391342 24.110336 4.227614 60.631444 0.219567 43209.436550 
7750 15 0.016886 37.031601 4.251519 79.477272 0.619462 45847.618087 
7800 12 0.106644 32.087479 4.676281 66.515863 0.542908 60641.418828 
7850 15 0.313880 37.705776 4.206282 59.473487 0.641255 22146.629450 
7900 14 0.200158 39.725364 4.527832 57.752132 0.642322 21343.655433 
7950 11 0.019150 33.082177 4.494914 31.704791 0.369102 12399.830925 
8000 14 0.143863 32.120219 4.855274 41.008302 0.564809 4666.385395 
8050 14 0.154504 34.258226 4.391083 43.004550 0.425179 12846.784122 
8100 13 0.230462 38.275566 4.559045 37.830529 0.427294 44187.896173 
8150 11 0.193564 42.714338 4.458730 50.421434 0.303511 14147.375634 
8200 10 0.265152 43.622024 4.413247 44.412948 0.599403 7367.739467 
8250 11 0.394523 36.712451 4.265131 43.101496 0.616043 21145.983799 
8300 13 0.364411 31.902012 4.331774 43.540950 0.508122 15008.334653 
8350 10 0.256744 33.464493 4.402124 34.051126 0.605530 18691.676431 
8400 15 0.492635 31.733376 4.325550 70.966375 0.504331 16873.635204 
8450 14 0.133217 34.781066 4.207932 52.845786 0.456254 21265.298618 
8500 14 0.234070 31.276339 4.368436 13.477131 0.516751 10290.174642 
8550 12 0.239663 34.114130 4.259615 160.897045 0.513666 19765.655221 
8600 15 0.307453 34.688932 4.682343 59.245590 0.698084 24518.194656 
8650 13 0.194201 24.571862 4.528432 23.727993 0.578626 11221.872018 
8700 15 0.326582 28.585522 4.542640 48.795758 0.643777 20453.530623 
8750 14 0.371005 22.168676 4.343855 33.328373 0.565590 19705.464346 
8800 10 0.275067 30.227121 4.259158 59.111120 0.390811 10205.461703 
8850 12 0.334298 34.277959 4.409408 4.080589 0.371798 3735.382530 
8900 9 0.281871 29.459455 4.457597 34.631043 0.376974 3060.040686 
8950 13 0.207184 37.359332 4.355614 83.272959 0.361185 4062.469248 
9000 13 0.113367 39.590117 4.669681 32.384246 0.296898 1355.987422 
9050 13 0.063636 45.565752 4.543317 16.423329 0.294548 980.354031 
9100 14 0.104589 46.912541 4.357482 35.467474 0.198472 571.254696 
9150 12 0.240313 41.656229 4.605227 35.737562 0.219948 437.272347 
9200 12 0.118666 43.347580 4.501171 27.782535 0.454145 1301.748284 
9250 13 0.029933 44.317765 4.527551 51.648890 0.441308 582.449122 
9300 13 0.088384 47.897147 4.601865 46.366680 0.644029 785.221721 
9350 12 0.306560 45.652860 4.650739 32.009430 0.291802 476.504969 
9400 11 0.183752 43.489529 4.374784 47.309629 0.262617 228.808727 
9450 13 0.203850 43.252719 4.474636 45.852715 0.224871 309.223905 
9500 13 0.176420 40.636864 4.564889 43.090642 0.261457 414.979364 
9550 11 0.156991 46.387797 4.541273 42.957981 0.330198 393.545107 
9600 12 0.194440 40.892931 4.508033 42.124976 0.384036 566.037874 
9650 10 0.159926 42.852656 4.293099 76.345141 0.564762 914.601501 
9700 12 0.064780 40.492142 4.674884 46.374881 0.715237 1552.677155 
9750 12 0.077910 42.637574 4.539384 55.204402 0.758717 2022.441825 
9800 12 0.013190 44.338239 4.423334 65.001094 0.782760 1023.100832 
9850 15 0.397431 42.072572 4.547406 41.395082 0.661758 462.958448 
9900 15 0.422723 39.406339 4.674065 7.435511 0.527682 698.467960 
9950 11 0.475363 45.793275 4.609485 42.514842 0.439628 583.314821 
10000 13 0.495815 45.063295 4.553651 55.309141 0.652851 459.697641 
10050 13 0.423745 44.869652 4.426217 53.731781 0.307938 577.825664 
10100 12 0.308812 51.058428 4.324318 37.354924 0.344650 1773.255112 
10150 13 0.326248 46.352990 4.318299 34.333646 0.287480 5818.830774 
10200 15 0.430094 45.694531 4.559415 43.376105 0.295534 3946.571312 
10250 14 0.220032 48.829060 4.559415 43.376105 0.280518 2113.520844 
10300 12 0.283924 43.777265 4.490644 41.253413 0.367341 3136.753847 
10350 14 0.432063 38.274188 4.334935 47.041275 0.384936 1272.544844 
10400 12 0.295886 40.347781 4.574253 5.801020 0.641225 2096.574748 
10450 12 0.138227 43.511084 4.351680 77.873754 0.401128 2846.397794 
10500 8 0.284716 45.347324 4.332093 49.534231 0.342043 4149.972453 
10550 11 0.130724 46.377033 4.326535 50.183644 0.633890 1411.554423 
10600 13 0.205761 47.334951 4.550570 36.018919 0.424196 1121.237362 
10650 14 0.204294 49.858676 4.618229 34.381078 0.476726 979.794222 
10700 10 0.311854 51.190909 4.520494 26.871601 0.409785 1313.440646 
10750 10 0.406983 46.228820 4.361454 57.453974 0.491125 1180.956444 
10800 12 0.302226 34.410353 4.434041 38.997706 0.412906 2857.593029 
10850 11 0.334024 37.840698 4.318383 64.152263 0.374501 1275.490101 
10900 10 0.362109 42.536518 4.558247 30.299297 0.901300 791.923652 
10950 13 0.431625 45.682134 4.609147 47.447909 0.275849 483.911075 
11000 12 0.470636 42.652243 4.541641 38.530649 0.259192 497.698518 
11050 10 0.440896 41.049146 4.507826 43.384044 0.501170 661.459837 
11100 13 0.441620 44.500579 4.358065 42.197290 0.678886 2274.141875 
11150 12 0.657689 37.752489 4.308150 41.613601 0.544542 2303.478783 
11200 16 0.458221 39.945259 4.273078 41.016405 0.395042 1898.246329 
11250 14 0.530206 37.702651 4.438294 39.378184 0.591372 5916.785070 
11300 13 0.183216 41.591102 4.438294 39.378184 0.528268 3682.363658 
11350 13 0.086799 40.418249 4.402129 40.027789 0.499011 4200.508954 
11400 13 0.202828 38.782971 4.455552 40.478609 0.195988 4718.864877 
11450 13 0.315680 36.503682 4.319534 51.116128 0.316809 4806.886383 
11500 12 0.325162 29.927925 4.417329 47.178969 0.286283 9823.721867 
11550 14 0.442938 31.122739 4.059318 57.154995 0.322050 19895.636386 
11600 11 0.362915 25.399581 4.416824 50.720425 0.732533 25505.301267 
11650 12 0.259771 21.350246 4.584039 71.150623 0.508477 15380.294390 
11700 13 0.322545 34.350135 4.637697 36.629778 0.573054 8110.074801 
11750 11 0.294922 30.992526 4.594616 69.211083 0.935586 16041.244611 
11800 13 0.563548 30.220547 4.473373 50.876447 0.937067 23105.271529 
11850 13 0.275157 28.218343 4.512018 28.655001 0.859898 9401.746693 
11900 12 0.345097 27.480787 4.407635 61.907715 0.754701 3273.187766 
11950 12 0.418501 25.873819 4.475167 21.873545 0.613811 2288.534066 
12000 13 0.570342 25.818331 4.494728 6.654357 0.701273 4843.870975 
12050 15 0.531735 30.110235 4.507066 7.729197 0.790347 15963.359304 
12100 10 0.411332 30.076639 4.458131 3.464890 0.607739 10769.191236 
12150 11 0.695217 21.471206 4.381446 31.918563 1.005517 8623.213911 
12200 17 0.800503 31.167013 4.063670 47.994977 0.838361 8345.593865 
12250 15 0.874095 35.748267 4.290629 32.632365 0.864510 4992.489581 
12300 12 0.847846 37.083626 4.223064 60.736448 0.401421 2444.022495 
12350 14 0.797761 40.333134 3.855250 72.077621 0.506902 1544.205766 
12400 11 0.455663 35.533732 4.079340 54.147396 0.682961 2688.835043 
12450 12 0.646678 41.223181 4.178879 49.260327 1.235654 2707.103159 
12500 13 0.475549 49.381593 4.340915 34.955320 0.948950 5575.236983 
12550 14 0.856237 43.106855 4.428952 11.759047 0.999392 4175.064157 
12600 15 0.403521 44.515514 4.241928 25.248738 1.215951 14607.420788 
12650 15 0.558301 44.177923 4.627750 14.411330 0.949541 6346.715925 
12700 13 0.721151 34.908064 4.438868 29.604406 0.668787 4257.318985 
12750 12 1.094238 39.121089 4.444842 31.579294 0.402886 4022.678403 
12800 14 0.458691 39.976816 4.354106 31.516403 0.525997 16172.711179 
12850 10 0.646894 41.302358 4.110916 63.399322 1.143126 20788.443926 
12900 13 0.412486 36.601542 4.286556 41.003480 0.669633 5583.804972 
12950 10 0.587573 27.470683 4.296797 47.346669 0.821440 9265.381848 
13000 10 0.605746 25.450169 4.267449 36.008787 0.790452 4000.798544 
13050 15 0.707945 40.276611 4.123433 38.024423 1.002538 9358.732446 
13100 12 0.820118 39.191652 4.140614 40.330461 0.498645 4713.645336 
13150 16 0.731929 43.282095 4.190626 40.767014 0.291516 2199.564892 
13200 14 1.068396 39.827619 4.164352 27.627980 0.469988 3946.328779 
13250 11 1.098432 42.715819 4.316729 30.702157 0.441746 6750.238303 
13300 14 1.089705 39.849598 3.731847 75.907779 0.293300 2596.354715 
13350 13 1.633004 48.286274 3.929999 37.247542 0.258680 6554.893512 
13400 11 1.395751 52.181253 4.088180 44.476305 0.326588 18143.269803 
13450 15 0.928816 45.782525 4.065565 44.499874 0.261968 21922.780454 
13500 14 0.991003 44.088859 4.237213 36.253894 0.297710 54820.920880 
13550 14 1.271018 41.077367 4.204419 25.614760 0.311152 32788.870650 
13600 12 1.025141 30.314400 3.756815 43.419989 0.471778 25987.671931 
13650 14 1.296240 35.959912 3.660988 51.646802 0.424874 14621.601311 
13700 11 1.266318 36.603270 3.994308 57.609989 0.340951 5307.400838 
13750 13 1.323953 30.733447 4.171925 45.759615 0.244265 7526.791315 
13800 13 1.491973 40.481984 4.314942 13.953836 0.641648 1356.220488 
13850 13 1.693982 34.587309 4.063987 22.468611 0.595375 788.728929 
13900 13 1.429274 31.375387 4.185947 14.082010 0.516687 950.168075 
13950 11 1.406348 34.751650 4.291308 19.439449 0.394166 1289.129571 
14000 13 1.355441 39.324390 4.370971 9.838917 0.589836 2088.005629 
14050 13 0.577386 39.794966 4.279873 49.679035 0.481162 2710.707057 
14100 10 0.984686 39.563842 4.492316 18.267377 0.603920 2860.084079 
14150 11 1.673622 35.938107 4.196187 23.572881 0.524912 3562.634413 
14200 11 2.237180 33.072212 4.239394 13.232400 0.429807 1214.557429 
14250 12 1.652939 25.539584 4.249770 42.405092 0.518304 990.921436 
14300 13 1.975289 27.876154 4.063372 24.226382 0.321775 700.378118 
14350 13 1.543359 29.021247 4.272391 11.561607 0.335140 2732.487159 
14400 14 1.150375 32.851623 4.234746 16.474466 0.384099 2984.944556 
14450 13 1.609483 29.302390 4.244538 22.065592 0.497525 9912.789252 
14500 13 1.094913 25.163770 4.271154 20.305786 0.455986 17282.386663 
14550 14 0.838134 28.135426 4.141322 21.976102 0.335734 12720.957104 
14600 12 0.693307 28.837622 4.312855 16.042127 0.415526 10287.035595 
14650 13 0.959079 31.935635 4.391122 37.488985 0.344151 6755.290252 
14700 12 0.984757 32.858540 4.372491 26.628215 0.312625 4672.950844 
14750 12 0.890292 27.377846 4.303059 55.608074 0.339705 4178.008392 
14800 12 0.910671 21.920102 4.373429 48.782627 0.501180 3817.902150 
14850 15 0.887759 22.153511 4.389460 13.925090 0.371313 5643.038048 
14900 11 0.738440 25.594934 4.448382 23.440555 0.527657 9143.001327 
14950 12 0.799027 29.970966 4.475330 16.631426 0.492540 3153.790244 
15000 11 0.745520 34.218350 4.359146 34.633823 0.647874 2397.957492 
15050 12 0.812682 31.245319 4.342491 31.424499 0.576109 2734.515013 
15100 16 0.820021 30.804462 4.374991 54.438554 0.553001 8063.351221 
15150 12 0.862644 34.198347 4.341401 22.055664 0.612314 15420.947930 
15200 14 0.931237 34.261045 4.308999 32.939576 0.238560 8153.904459 
15250 12 0.799965 37.530848 4.360645 64.045730 0.227123 12111.040899 
15300 16 0.588223 30.984466 4.329173 41.380886 0.664405 7171.175046 
15350 12 0.618710 30.783140 4.309126 55.846316 0.672360 11164.240604 
15400 14 0.633706 26.326754 4.321176 31.747558 0.872655 5829.213390 
15450 12 0.755645 23.376535 4.199309 18.499956 0.815508 2002.699125 
15500 12 0.494196 31.808932 4.226431 51.263593 0.896993 924.010606 
15550 13 0.372577 27.158271 4.118889 33.834456 0.451339 469.321414 
15600 10 0.682994 28.173708 4.390192 7.730945 0.556745 615.743331 
15650 16 0.394421 28.482551 4.372237 20.754936 0.288908 537.038760 
15700 12 0.461294 30.266343 4.340714 62.935154 0.480624 643.919849 
15750 14 0.733522 25.723006 4.311868 26.872378 0.257425 761.545070 
15800 13 0.837342 26.062665 4.214755 22.646861 0.374445 996.338430 
15850 10 1.225551 25.907391 4.211500 44.340055 0.345072 723.935630 
15900 11 1.022957 26.790502 4.316487 40.884307 0.442592 1744.945167 
15950 12 1.254342 26.409089 4.235171 39.482060 0.366190 959.553565 
16000 15 1.196031 26.729948 4.295844 31.745250 0.314563 798.927153 
16050 13 0.799673 28.463914 4.373062 40.607985 0.222411 1053.497345 
16100 12 1.270253 30.711386 4.361915 34.472983 0.273896 3241.616476 
16150 17 0.965430 31.376162 4.353324 38.848663 0.295173 6894.465063 
16200 12 0.771618 31.473475 4.328629 38.402982 0.464002 7407.436603 
16250 14 0.991890 31.781166 4.328629 38.402982 0.454316 1722.748033 
16300 12 0.832329 32.679863 4.328629 38.402982 0.484076 898.238215 
16350 12 0.747433 30.593852 4.361323 36.850984 0.591649 725.037090 
16400 12 0.949489 30.784987 4.430477 38.267331 0.558975 1089.690358 
16450 12 0.807026 31.154929 4.377016 37.367713 0.283250 1410.263394 
16500 12 0.943997 31.982837 4.377016 37.367713 0.342432 1237.265347 
16550 14 0.620173 30.765522 4.227981 38.378687 0.338740 1770.625424 
16600 11 0.640977 32.062853 4.243041 38.902105 0.402861 2635.118321 
16650 14 0.704400 27.319378 4.199176 38.170230 0.305814 1840.158071 
16700 11 1.023520 25.908686 4.200076 39.144341 0.346232 3756.860962 
16750 11 1.026221 28.479659 4.200076 39.144341 0.343922 2558.627633 
16800 10 1.242432 30.021962 4.245513 38.267593 0.245077 1015.985715 
16850 10 0.860439 31.191056 4.245513 38.267593 0.388410 1455.149865 
16900 13 0.787300 25.880427 4.245513 38.267593 0.420067 1576.046648 
16950 14 0.695276 23.430990 4.245513 38.267593 0.402819 3572.624791 
17000 11 0.991761 27.229925 4.230208 38.661689 0.305027 2243.940511 
17050 13 0.659275 25.887067 4.230208 38.661689 0.243688 3001.113254 
17100 13 1.076839 27.284755 4.225971 38.338356 0.244296 4599.615577 
17150 13 0.888850 26.855831 4.386174 35.568025 0.323007 2216.518438 
17200 15 0.848605 32.888309 4.299272 31.532468 0.254951 3016.014608 
17250 10 0.955721 37.127502 4.370863 31.909260 0.248410 1121.691133 
17300 12 1.096698 35.188469 4.345910 31.699387 0.187704 2787.518322 
17350 13 0.955429 26.421285 4.299676 32.855224 0.407646 3744.414649 
17400 14 0.760764 30.123623 4.208704 32.141173 0.303863 2530.386067 
17450 12 0.907504 36.074413 4.311439 32.115697 0.278247 2868.756875 
17500 11 0.877355 37.257274 4.325492 38.713908 0.313041 1417.423815 
17550 10 0.778951 33.736429 4.284934 39.325726 0.736382 2498.675526 
17600 13 0.950941 26.661490 4.355538 19.119728 0.950875 4352.387774 
17650 11 0.517205 31.808267 4.381068 4.271852 0.531271 5548.917712 
17700 14 0.633987 29.158408 4.306912 43.132439 0.361531 3347.900375 
17750 13 0.614762 39.186236 4.340301 24.630835 0.249697 812.858686 
17800 11 0.776071 27.259046 4.330080 45.670435 0.374119 724.276842 
17850 8 0.865871 35.631487 4.458960 16.018000 0.299840 401.652248 
17900 12 0.721745 39.160804 4.225851 63.084043 0.203383 356.766857 
17950 14 0.585054 31.318740 4.121595 35.057956 0.238698 547.663458 
18000 13 0.470693 31.087376 3.883625 58.534008 0.511117 259.754146 
18050 13 0.726183 23.031269 4.206651 38.657216 0.448777 214.617051 
18100 14 0.553561 22.674228 4.174040 41.736854 0.588646 345.567544 
18150 13 0.787614 19.817097 4.196783 27.038186 0.686593 548.123705 
18200 13 0.783547 23.002015 4.367972 38.235960 0.519672 256.649643 
18250 13 0.628565 33.208366 4.417852 39.863933 0.259421 93.013085 
18300 11 0.590523 30.709073 4.050449 54.406347 0.258490 72.860233 
18350 12 0.863168 30.667118 3.984753 46.213041 0.310543 174.067073 
18400 11 0.980353 34.989885 4.127901 59.207838 0.365610 201.980850 
18450 12 0.996328 35.849178 4.151056 31.660021 0.282891 454.535073 
18500 11 0.941192 31.975174 4.073957 66.565105 0.233975 133.335768 
18550 12 0.958331 28.197528 3.927316 57.422595 0.301753 61.711010 
18600 12 0.901271 32.007437 4.190519 30.212606 0.208125 94.380541 
18650 12 0.841679 25.581927 4.344633 35.513452 0.170369 65.319497 
18700 9 0.975473 30.646639 4.371970 33.994348 0.250365 142.333221 
18750 11 0.784883 26.594501 4.159229 41.329334 0.268495 123.155759 
18800 12 1.040885 25.669070 4.245730 16.170849 0.232347 125.765850 
18850 12 0.948820 26.205319 4.426162 30.049311 0.209827 135.179243 
18900 12 0.972123 30.547982 4.133705 55.632163 0.299053 152.290031 
18950 12 0.943725 31.195184 3.997297 61.149553 0.393057 286.162709 
19000 14 0.875664 35.656860 4.246898 54.855430 0.495562 424.980302 
19050 13 0.898275 37.783717 4.171395 16.380712 0.550730 466.793235 
19100 11 0.863373 39.043055 4.357373 40.700758 0.498928 522.608950 
19150 12 0.902507 42.684823 4.345023 39.178835 0.624901 593.602287 
19200 11 0.913253 36.155905 4.418061 35.093210 0.567628 249.930203 
19250 13 0.744927 29.246774 4.410121 17.301753 0.301350 160.705303 
19300 12 0.664764 31.414110 4.411901 35.275425 0.295396 513.390353 
19350 12 0.754371 32.054602 4.475680 38.686389 0.514083 729.030691 
19400 15 0.675954 31.351469 4.408281 36.867175 0.416701 620.140526 
19450 9 0.572347 32.420354 4.493536 54.203600 0.434568 335.839962 
19500 13 0.630605 33.427866 4.491961 33.418630 0.423763 920.654465 
19550 14 0.504089 27.998601 4.429526 19.177860 0.427218 1428.040741 
19600 12 0.623929 26.943816 4.444900 25.401721 0.513518 1026.335654 
19650 12 0.560036 27.814780 4.517386 23.367486 0.262718 1877.675059 
19700 12 0.312027 31.726377 4.539586 14.072611 0.221227 2588.898349 
19750 9 0.106225 32.025932 4.568716 22.745043 0.374265 1681.725302 
19800 13 0.109363 29.993793 4.324130 73.761068 0.750661 1493.956230 
19850 15 0.108898 27.847379 4.281674 65.073594 1.159184 3403.883823 
19900 15 0.077664 30.988221 4.739495 63.147328 1.028945 3549.773758 
19950 13 0.112068 20.832985 4.587291 54.825285 0.918148 1483.917739 
20000 13 0.269903 27.207248 4.659873 51.624242 0.783981 2465.366553 
20050 14 0.200787 30.847928 4.216559 116.235778 1.133760 2350.800302 
20100 12 0.134133 28.497410 4.593975 26.012459 0.879333 2984.141005 
20150 12 0.257053 36.447608 4.569593 16.347933 0.554133 977.629939 
20200 10 0.359183 32.399149 4.606936 13.132725 0.569928 949.728313 
20250 10 0.465851 34.050689 4.241333 57.570131 0.478946 529.982100 
20300 13 0.194076 24.763742 4.332999 37.892178 0.260293 1276.853261 
20350 16 0.345376 31.045908 4.620284 17.412858 0.217113 1351.137751 
20400 14 0.317007 24.909644 4.633138 33.329474 0.265088 1814.221682 
20450 13 0.322497 21.090309 4.547285 34.295168 0.247950 2841.939076 
20500 12 0.417936 34.726908 4.485351 32.150530 0.443793 4327.149109 
20550 15 0.127832 36.217899 4.409614 32.518875 0.203863 5948.974742 
20600 14 0.193742 34.479928 4.500146 38.087731 0.483299 6681.653500 
20650 11 0.046268 32.913799 4.349936 85.561891 0.321110 3772.595565 
20700 13 0.110049 31.342592 4.650342 47.159070 0.356654 4620.179621 
20750 11 0.060956 35.791501 4.508067 37.285480 0.347417 7744.674107 
20800 15 0.155955 33.258202 4.544438 50.471855 0.248041 3328.522959 
20850 13 0.037544 30.573746 4.618212 40.214658 0.362743 1829.189590 
20900 14 0.109524 21.829387 4.376279 59.048822 0.366698 1684.872016 
20950 13 0.174982 24.162974 4.583531 65.970381 0.431470 1662.841095 
21000 10 0.296701 25.701756 4.516765 38.166221 0.332452 1183.793683 
21050 13 0.278963 27.051032 4.241432 58.928586 0.213005 907.371139 
21100 13 0.341980 30.994925 4.369966 9.977781 0.232242 415.914817 
21150 12 0.312097 30.113887 4.638908 64.884414 0.183513 577.118652 
21200 14 0.209563 33.431262 4.541083 46.146350 0.187111 287.499074 
21250 14 0.177262 42.177687 4.417893 44.231521 0.166101 209.502628 
21300 10 0.279428 37.303572 4.633348 32.598687 0.261157 233.300608 
21350 15 0.187178 37.279852 4.569423 22.354969 0.213924 164.287172 
21400 12 0.264348 32.806065 4.526917 23.286310 0.175801 50.017625 
21450 12 0.265134 34.927264 4.633973 54.390646 0.368804 47.761245 
21500 11 0.239731 30.076046 4.612018 25.302729 0.398280 58.745588 
21550 9 0.226088 30.533173 4.576706 41.494847 0.296602 54.088847 
21600 14 0.458520 23.099786 4.367432 53.204271 0.176829 26.214984 
21650 12 0.513393 30.203062 4.589482 57.052276 0.183701 17.771014 
21700 10 0.316245 23.465821 4.407703 59.490281 0.217548 13.162310 
21750 13 0.437102 23.508834 4.464790 63.002100 0.224282 30.400474 
21800 13 0.601593 30.857573 4.368175 43.976986 0.151010 32.901494 
21850 12 0.624473 27.877980 4.489048 41.143972 0.197688 32.815424 
21900 15 0.481908 30.440018 4.338614 28.352725 0.119040 33.497520 
21950 14 0.428310 30.624191 4.314546 26.819110 0.248257 26.358971 
22000 12 0.685911 36.590209 4.157689 45.259570 0.387660 33.053096 
22050 15 0.618692 34.241487 4.446366 37.538278 0.398848 38.615208 
22100 13 0.528761 21.872940 4.440672 7.211589 0.347743 38.740341 
22150 9 0.512215 20.038243 4.400056 15.725525 0.428546 62.107238 
22200 9 0.580419 24.774787 4.299909 5.892644 0.281939 29.246794 
22250 14 0.250360 25.810871 4.421116 7.374470 0.386279 25.386898 
22300 14 0.390970 25.371259 4.513690 19.900342 0.330268 78.134760 
22350 12 0.441117 19.535235 4.515351 4.942784 0.224392 160.323091 
22400 12 0.209140 23.411962 4.405902 55.151485 0.229750 152.424768 
22450 12 0.257243 21.042769 4.211872 30.244376 0.348548 85.899102 
22500 14 0.276160 26.566414 4.330309 25.743046 0.214062 105.108166 
22550 13 0.180362 19.584369 4.411641 54.317737 0.337860 184.921458 
22600 13 0.325454 17.724153 4.269465 91.115440 0.391226 274.604094 
22650 12 0.179777 16.724140 4.297421 90.816313 0.382418 119.093355 
22700 12 0.116123 14.578023 4.327454 31.963709 0.346863 184.800493 
22750 13 0.156416 17.352087 4.321906 59.293806 0.369223 124.935080 
22800 14 0.233829 31.251195 4.621314 34.514705 0.315316 82.789320 
22850 12 0.101230 24.661882 4.334610 18.509442 0.297179 140.983722 
22900 14 0.110088 25.817814 4.362768 33.477146 0.261089 97.984326 
22950 11 0.119051 22.825601 4.525621 72.373641 0.143556 110.193063 
23000 11 0.280085 21.809132 4.706919 55.116835 0.246218 108.337485 
23050 15 0.246813 22.179699 4.447487 49.830603 0.257302 287.719020 
23100 12 0.170110 19.487294 4.531027 13.918057 0.258964 376.388500 
23150 14 0.256038 16.025028 4.667048 65.199011 0.206656 223.985344 
23200 10 0.209285 18.044581 4.503186 62.854987 0.197422 533.129217 
23250 13 0.126215 18.153110 4.345343 41.976889 0.279153 195.279024 
23300 13 0.017678 24.640564 4.709199 72.906408 0.237957 105.629930 
23350 13 0.054164 26.393385 4.452659 61.424331 0.238749 161.932098 
23400 11 0.093485 26.855500 4.621254 22.064684 0.329472 222.982456 
23450 12 0.238723 15.584699 4.462343 10.253471 0.293015 108.729724 
23500 13 0.040810 31.143982 4.475502 34.256125 0.229139 169.711138 
23550 14 0.105439 37.105872 4.517658 35.306842 0.221226 104.771516 
23600 12 0.115575 29.534776 4.566555 47.095470 0.194110 36.565484 
23650 11 0.129025 24.163466 4.451953 12.419662 0.246419 29.582530 
23700 10 0.127753 25.664998 4.615579 122.059436 0.123642 36.829997 
23750 14 0.124726 25.120312 4.262623 43.597921 0.168505 29.600274 
23800 13 0.028301 21.209201 4.818822 46.886370 0.266028 92.496345 
23850 13 0.024386 23.932839 4.416260 28.020215 0.204895 229.940375 
23900 13 0.205953 23.500974 4.397597 79.394567 0.232319 130.242449 
23950 13 0.178627 24.779967 4.134455 101.339899 0.293549 66.281495 
24000 12 0.078806 19.729098 4.453988 52.933445 0.325700 182.006437 
24050 12 0.140019 19.283574 4.861336 33.004851 0.297382 126.213041 
24100 13 0.078451 16.613697 4.610158 55.237645 0.277426 140.351160 
24150 12 0.068297 27.461005 4.467240 7.493038 0.269952 208.481775 
24200 14 0.123794 28.616930 4.395400 54.977115 0.322019 101.533186 
24250 12 0.175151 27.769472 4.233553 89.162452 0.314756 196.319541 
24300 13 0.041663 29.620995 4.569926 28.587791 0.329528 256.309095 
24350 14 0.312276 31.502050 4.316129 17.735266 0.270587 466.095948 
24400 9 0.264954 25.050064 4.547005 66.764099 0.286325 675.363148 
24450 12 0.007171 24.028762 4.417767 73.339358 0.217753 726.981217 
24500 12 0.186139 21.475043 4.563236 19.363953 0.402996 239.542079 
24550 11 0.532695 22.932138 4.638539 29.937254 0.245215 775.753420 
24600 14 0.401664 25.973003 4.404049 30.135743 0.448271 591.325177 
24650 13 0.439804 24.470533 4.378387 37.187041 0.322061 1027.743212 
24700 13 0.260645 30.305556 4.381196 45.580224 0.407207 713.325676 
24750 12 0.211171 24.545181 4.405488 90.419172 0.289117 827.724339 
24800 12 0.330146 19.833842 4.400201 13.874782 0.443835 489.472288 
24850 13 0.463736 20.012554 4.524730 11.276421 0.424323 927.625041 
24900 13 0.197625 24.192737 4.071751 81.893929 0.365234 1225.061662 
24950 11 0.343197 24.470907 4.460889 66.646210 0.310311 419.079644 
25000 13 0.303370 33.788388 4.521120 22.754405 0.353309 1134.804258 
25050 13 0.315662 29.865069 4.363512 9.970821 0.374825 1695.045858 
25100 15 0.413467 28.691943 4.319432 64.856519 0.211734 1681.071553 
25150 14 0.310974 24.180419 4.560152 38.192448 0.252945 1998.044871 
25200 13 0.359746 31.589827 4.480102 36.417696 0.242060 1590.738803 
25250 13 0.269634 35.519364 4.436143 38.209136 0.218220 3798.856408 
25300 13 0.253193 39.861657 4.534866 45.536998 0.221423 4939.285284 
25350 11 0.272179 30.496697 4.393850 46.932795 0.385104 8851.959538 
25400 12 0.338274 24.903278 4.683281 40.663055 0.239460 3814.458285 
25450 14 0.319932 27.206382 4.397857 50.299351 0.416526 5999.734069 
25500 14 0.182811 29.577575 4.504415 52.253073 0.376562 3534.565905 
25550 11 0.348189 32.806778 4.556710 77.745209 0.307343 4485.416189 
25600 13 0.266690 21.955754 4.633913 60.958760 0.326351 9236.760128 
25650 14 0.274161 31.469654 4.416319 36.944165 0.306560 8981.618869 
25700 12 0.205121 33.899650 4.462486 49.323549 0.312321 17694.506027 
25750 13 0.133501 25.583509 4.620275 51.177532 0.674739 28298.100101 
25800 10 0.214488 27.923411 4.560272 44.776638 0.360161 30069.107916 
25850 11 0.374434 33.040771 4.702169 41.057888 0.433083 13143.631404 
25900 12 0.246800 31.937026 4.634022 43.627960 0.343625 8874.559003 
25950 14 0.249795 29.720727 4.389868 34.425857 0.357255 4024.804171 
26000 13 0.356448 37.960207 4.451298 38.110709 0.445214 10719.671705 
26050 13 0.383523 32.936411 4.133302 31.504798 0.673876 13794.799750 
26100 11 0.193700 36.663288 4.293295 45.762599 0.543727 15102.566102 
26150 14 0.054347 42.118945 4.394598 58.296333 0.811288 10759.229431 
26200 14 0.472744 39.988222 4.676938 49.887986 0.931914 11883.748261 
26250 13 0.269530 41.672183 4.570477 25.585032 0.804200 16468.441538 
26300 13 0.395447 43.812541 4.337698 32.134594 0.450309 73211.302507 
26350 15 0.337999 40.111854 4.361801 56.029041 0.566988 26682.696607 
26400 13 0.726900 43.308438 4.499814 31.994931 0.621311 14374.860940 
26450 11 0.560053 44.747874 4.355217 3.418859 0.391451 14370.670528 
26500 12 0.742444 45.938012 4.506579 18.978069 0.364040 7818.230019 
26550 14 0.625165 56.044302 4.125961 50.399431 0.565905 8172.016062 
26600 14 0.634335 45.161942 4.150082 56.248315 0.558378 3085.775312 
26650 14 0.789575 45.143146 4.281164 39.864749 0.894773 3584.727413 
26700 16 0.524232 40.307769 4.117049 5.405390 0.860754 3802.115606 
26750 12 0.632083 39.304581 4.353102 50.420849 1.035129 4060.102326 
26800 13 0.955893 39.741358 3.959910 37.711887 1.296530 1733.272105 
26850 13 0.637872 37.508216 4.318007 38.897526 1.253744 2897.622061 
26900 15 0.646656 33.789819 4.212712 15.918078 0.944726 5269.601617 
26950 13 1.563254 34.702599 3.911668 44.711369 0.745573 3445.281436 
27000 11 1.149787 32.323813 4.070668 52.323309 0.785989 2561.066601 
27050 12 1.013838 31.246959 4.095621 51.752528 0.962799 3197.130932 
27100 10 0.774484 28.208563 4.222885 52.151856 0.684946 1214.325837 
27150 11 1.075840 31.889885 4.164340 34.054991 0.709079 746.440613 
27200 10 1.183014 30.495725 4.097203 42.744209 0.547673 833.449055 
27250 10 1.069170 30.739895 4.068063 41.933002 0.469939 574.982193 
27300 11 1.246575 38.331932 3.736483 76.348286 0.318466 176.494850 
27350 13 1.156796 37.129799 3.813531 70.464764 0.338835 105.757380 
27400 13 1.184383 33.624168 4.388820 13.363134 0.237385 87.815235 
27450 15 1.047487 24.392178 3.931909 45.945586 0.316886 101.882381 
27500 14 1.206007 28.450688 3.852801 50.263682 0.222774 74.323431 
27550 9 1.226124 26.769708 4.051770 38.689924 0.375738 55.669737 
27600 13 1.204302 32.816859 3.948843 32.774900 0.262637 119.472997 
27650 12 1.130720 37.214360 4.425985 20.783350 0.388846 108.111399 
27700 12 1.259876 33.647527 4.302447 34.142988 0.369850 160.676912 
27750 13 1.150066 41.535387 3.965408 47.809131 0.237070 276.224405 
27800 11 1.112142 46.983142 3.890519 62.920468 0.421630 528.759564 
27850 10 1.105392 37.842962 3.972254 52.365223 0.500380 513.500759 
27900 10 1.209393 44.628052 4.014135 38.137919 0.519471 500.210397 
27950 14 1.109017 37.261724 3.869543 46.678087 0.410722 355.993309 
28000 12 1.073708 38.188671 4.423912 20.316452 0.408065 241.338736 
28050 11 0.792219 38.225177 3.926161 47.227581 0.448023 135.054740 
28100 10 0.729762 35.338261 4.377683 61.758522 0.436633 368.843245 
28150 11 0.709698 29.568016 4.258249 56.862029 0.472941 978.021481 
28200 14 0.819428 34.233964 4.129514 56.645183 0.623354 1883.072599 
28250 14 0.602578 34.357243 4.052017 59.611506 0.493522 1748.690081 
28300 10 1.056322 32.077708 4.168532 59.799871 0.513975 1061.486644 
28350 10 1.188269 39.231369 4.154369 51.799889 0.753001 485.854955 
28400 14 1.317789 42.028128 4.025734 45.313501 0.581642 1131.176689 
28450 9 1.100428 29.752277 4.240186 30.822722 0.745195 1375.802082 
28500 16 1.216266 36.055655 4.176440 51.142711 0.677181 2786.580594 
28550 13 0.810754 42.193964 4.154638 40.176236 0.514342 4490.128227 
