0 8 2.830000 24.210000 3.700000 47.000000 1.019793 4.917565 
50 14 2.456587 24.201225 3.729222 47.404115 0.408906 8.430281 
100 11 2.603362 24.663012 3.743310 53.464963 0.399937 2.575939 
150 14 2.460972 24.629668 3.767935 47.731112 0.356029 5.299926 
200 11 2.407352 24.101288 3.770106 51.098928 0.206475 6.151261 
250 13 2.487625 25.407363 3.786693 58.887149 0.338159 3.357023 
300 9 2.377332 25.218338 3.913039 59.160614 0.337508 1.313013 
350 11 2.392468 25.179310 3.877623 58.260385 0.328131 1.483925 
400 15 2.418797 24.623211 3.791844 44.783956 0.406414 0.487155 
450 13 2.331577 25.421428 3.802676 53.686087 0.246406 0.320744 
500 11 2.201196 25.853648 3.784332 56.864086 0.173993 0.588417 
550 12 2.245935 25.453802 3.833541 56.967929 0.324078 1.382995 
600 13 1.989362 26.236173 3.821239 57.272184 0.252068 8.621991 
650 12 2.132511 25.719072 3.839788 62.990539 0.308638 10.531547 
700 12 2.003013 26.000581 3.835053 54.174977 0.458483 11.755593 
750 13 1.945119 24.872414 3.825693 56.515319 0.291054 4.275073 
800 11 1.979982 25.911612 3.817340 56.054400 0.333831 3.076057 
850 14 1.889502 26.522941 3.848748 55.500639 0.480872 4.276246 
900 13 1.818461 26.688011 3.848748 55.500639 0.295191 5.063807 
950 12 1.944068 26.058877 3.797675 54.923619 0.278843 1.555046 
1000 13 1.842733 26.522426 3.759156 66.980524 0.330313 1.716307 
1050 13 1.589736 25.803270 4.013347 60.694535 0.379823 2.391326 
1100 12 1.592099 26.591513 3.905287 65.688557 0.296576 3.221628 
1150 13 1.615559 24.956389 3.963752 54.826447 0.351428 1.940778 
1200 14 1.487390 24.071978 3.905727 52.133328 0.323264 1.999890 
1250 14 1.550955 22.518018 3.777949 65.962730 0.293214 2.473908 
1300 14 1.300306 24.590737 3.855174 56.575505 0.338961 2.588788 
1350 12 1.458395 25.291182 4.002987 88.418497 0.239646 3.616168 
1400 11 1.382433 25.012163 4.035661 66.790219 0.238771 6.562847 
1450 14 1.476068 25.597979 4.142738 54.383243 0.277363 9.521061 
1500 13 1.470348 25.075023 4.077132 63.825359 0.248241 7.619431 
1550 11 1.481633 24.544343 4.165103 68.033172 0.309260 5.098626 
1600 12 1.501791 24.498282 4.115347 61.723166 0.252830 5.610283 
1650 15 1.531679 24.604513 3.979314 63.455541 0.322935 4.735330 
1700 13 1.455952 25.306863 4.229246 47.674999 0.407333 1.732481 
1750 12 1.611297 25.880650 4.190175 62.127576 0.306706 2.431410 
1800 15 1.285015 25.181722 4.101148 68.926987 0.223086 4.257456 
1850 12 1.730244 23.317102 4.077557 72.152754 0.279113 5.054280 
1900 12 1.861543 26.090568 3.996347 50.743467 0.256468 7.145007 
1950 14 1.708892 25.633268 4.044288 62.745120 0.228252 3.524757 
2000 14 1.739603 24.924913 4.086845 46.652100 0.163509 0.872852 
2050 10 1.671664 25.938489 4.221333 49.014225 0.245980 1.314695 
2100 12 1.813652 25.070170 4.129299 42.129232 0.167261 2.385848 
2150 14 1.799342 25.040252 4.228197 33.588026 0.129014 3.295746 
2200 11 1.666157 24.781532 4.153433 50.565332 0.137693 2.433890 
2250 13 1.670251 24.819033 4.132028 55.846764 0.166097 3.745950 
2300 13 1.607824 25.228480 4.081048 45.886305 0.195061 5.297460 
2350 14 1.539675 25.932817 4.271086 54.024628 0.217321 19.224394 
2400 14 1.546992 25.903663 4.483192 51.560107 0.264218 17.479203 
2450 13 1.580994 26.469561 4.417817 44.095309 0.239313 16.596889 
2500 14 1.629733 25.916906 4.115252 52.780194 0.262415 6.004780 
2550 10 1.278080 27.003959 4.187286 51.952901 0.193550 7.683522 
2600 14 1.410562 25.267252 4.305107 43.024057 0.272474 5.197385 
2650 11 1.268750 25.889768 4.553500 47.580548 0.216384 13.979884 
2700 14 1.560062 26.064822 4.440777 53.046462 0.224192 11.420777 
2750 11 1.361453 24.416054 4.456947 44.160510 0.193666 11.325982 
2800 14 1.220298 23.444098 4.485467 36.547773 0.203655 11.872408 
2850 14 1.239984 24.558390 4.280183 52.954978 0.222062 21.623743 
2900 12 1.223246 24.888428 4.273401 50.495973 0.219883 26.366948 
2950 12 1.306410 24.020669 4.210636 56.985424 0.167972 28.179880 
3000 13 1.293698 23.094210 3.981408 67.000662 0.267729 33.459513 
3050 13 1.484256 21.812003 4.039705 58.674115 0.340233 23.920514 
3100 10 1.274519 22.815561 4.221963 71.726515 0.192477 30.084274 
3150 12 1.231528 24.346572 4.155567 47.058391 0.183257 17.069714 
3200 14 1.345821 26.564239 4.129168 57.101814 0.358244 48.524522 
3250 14 1.205283 26.769456 4.351338 41.029380 0.297118 92.146527 
3300 14 1.034768 27.013225 4.150972 53.387820 0.202646 55.881537 
3350 13 0.918072 24.146641 4.154837 74.391445 0.273870 93.517150 
3400 15 0.694468 21.642652 4.147454 73.779109 0.581566 81.200519 
3450 15 0.542169 24.524027 4.194153 64.268166 0.289174 111.680763 
3500 15 0.706846 23.518319 4.181295 75.842562 0.276425 56.142488 
3550 15 0.706290 25.453413 4.155670 58.625982 0.217101 59.999114 
3600 13 0.699765 28.126694 4.156350 69.192001 0.328988 51.423682 
3650 13 0.861503 27.427504 4.158381 65.689753 0.261614 54.182682 
3700 12 0.931208 30.683225 4.168079 54.020612 0.316821 57.313632 
3750 13 0.928980 31.341808 4.193894 69.037958 0.410474 57.642530 
3800 13 1.052140 32.226636 4.164934 90.201233 0.336685 83.770733 
3850 14 0.842143 26.838876 4.212100 106.674598 0.297822 137.055575 
3900 13 1.109738 25.866453 4.214434 57.911150 0.400906 224.483681 
3950 16 1.310819 30.088243 4.303626 48.841421 0.256341 1056.258559 
4000 15 1.068393 29.923342 4.246727 46.511088 0.211025 1980.546987 
4050 15 0.833399 29.931838 4.299210 38.597236 0.260362 364.020560 
4100 14 0.484972 25.538187 4.255603 61.221264 0.203408 101.368868 
4150 14 0.756989 25.556103 4.375786 59.033281 0.206502 94.067210 
4200 11 0.755508 22.361232 4.386331 55.910831 0.199132 104.996866 
4250 13 0.646563 27.133388 4.430459 43.463045 0.206536 210.691107 
4300 14 0.630739 22.892057 4.580969 71.644526 0.181277 364.074407 
4350 10 0.761413 26.135859 4.673724 47.427540 0.189163 350.128545 
4400 11 0.734539 26.952988 4.746481 79.014434 0.203141 196.132788 
4450 15 0.683283 28.129850 4.555563 48.903185 0.115664 195.400244 
4500 14 0.703764 20.971739 4.332580 47.033383 0.121694 271.761699 
4550 15 0.714889 26.100036 4.441235 91.953461 0.211149 144.300009 
4600 13 0.947972 27.190655 4.682008 62.347198 0.233265 112.044971 
4650 11 0.703214 29.851425 4.456709 85.932947 0.215403 96.755601 
4700 12 0.549657 29.529069 4.676825 32.877408 0.102428 113.690548 
4750 12 0.554033 30.903054 4.679111 42.633026 0.197324 46.382761 
4800 9 0.720614 31.122170 4.626925 48.744390 0.178806 104.748111 
4850 13 0.620756 27.145883 4.683814 37.926488 0.282602 243.339387 
4900 13 0.518171 26.495380 4.723766 44.217688 0.150304 353.719889 
4950 13 0.551800 26.137544 4.721117 54.789683 0.242619 760.129456 
5000 13 0.638209 25.199807 4.991605 48.728533 0.373321 303.879271 
5050 13 0.790379 24.720835 4.865943 45.664304 0.268239 420.329126 
5100 11 0.845411 24.740178 4.943405 47.793190 0.268710 923.577305 
5150 14 0.517273 24.180270 4.854996 48.183113 0.316557 813.430281 
5200 13 0.562373 26.038581 4.798771 54.408719 0.558489 920.826053 
5250 15 0.909795 26.709709 4.512940 52.526872 0.473817 736.241032 
5300 14 0.571923 26.049681 4.806475 44.374220 0.506854 971.334346 
5350 14 0.824842 25.610754 4.439197 68.890010 0.609223 1268.774107 
5400 17 0.612293 19.454041 4.417077 40.547260 0.485281 1340.097196 
5450 14 0.572222 18.351369 4.603975 54.629466 0.450978 2850.672277 
5500 10 0.596442 17.141001 4.470393 54.710255 0.422985 1788.626432 
5550 12 0.763109 17.345492 4.644613 52.353979 0.351954 4088.587629 
5600 9 0.647046 16.894275 4.648032 56.530015 0.557701 2652.542258 
5650 13 0.662888 17.505453 4.608660 76.234695 0.534702 5294.300445 
5700 12 0.497579 16.961350 4.520921 89.417914 0.485922 4990.920877 
5750 12 0.541078 18.016320 4.872628 20.183062 0.296501 1685.152603 
5800 13 0.577531 20.086397 4.705285 54.347883 0.248956 1859.098740 
5850 12 0.706360 21.913292 4.301315 71.684871 0.467262 1272.401119 
5900 10 0.924894 23.822932 4.545349 70.283425 0.515137 882.337016 
5950 13 0.722732 20.402297 4.323142 98.427042 0.365343 821.740990 
6000 14 1.071088 21.557071 4.585971 57.166753 0.587475 611.820186 
6050 13 0.957754 23.552406 4.512635 45.211967 0.532564 808.340016 
6100 13 1.040433 23.777234 4.662781 48.131403 0.592247 1036.279770 
6150 13 1.021091 25.489706 4.545366 52.628119 0.520391 2808.539487 
6200 14 0.621912 27.282626 4.689278 64.630710 0.337697 3043.099254 
6250 14 0.648632 26.909277 4.565275 73.059715 0.433633 3303.227708 
6300 12 0.972514 25.343387 4.683484 74.415623 0.331298 1980.415251 
6350 12 0.873873 24.364011 4.627625 70.772507 0.484058 2307.047223 
6400 14 1.169015 24.079022 4.412532 51.238807 0.406036 3862.915625 
6450 15 1.008563 24.937158 4.342319 46.436548 0.460053 1448.533024 
6500 13 0.573451 20.465584 4.564046 72.971390 0.537887 537.601033 
6550 17 0.477300 26.347622 4.626465 52.316236 0.409077 817.977441 
6600 11 0.483030 25.381732 4.740803 85.944437 0.283637 982.590933 
6650 14 0.439468 29.167199 4.902960 31.946049 0.390741 970.459867 
6700 13 0.408628 28.368708 4.485657 112.315286 0.514005 1007.635000 
6750 12 0.440893 23.880116 4.725330 69.128563 0.439746 2029.510228 
6800 15 0.529883 26.312568 4.569483 113.504675 0.574215 4043.627200 
6850 13 0.416531 26.107231 4.392547 56.365457 0.408573 1276.897259 
6900 14 0.410605 28.165826 4.220294 100.459513 0.400932 486.481472 
6950 9 0.346296 28.410337 4.343511 122.098269 0.293667 327.010670 
7000 16 0.202445 22.814482 4.543948 73.636894 0.301177 342.429432 
7050 11 0.345368 23.658298 4.857222 62.910744 0.295118 1354.543995 
7100 14 0.410299 31.682358 4.724428 66.762203 0.336105 565.512248 
7150 14 0.213440 27.394265 4.444698 56.881181 0.416667 1122.029994 
7200 13 0.033165 30.131972 4.782435 71.914505 0.486569 3423.349395 
7250 13 0.117455 26.476850 4.909507 20.304320 0.673623 8945.024193 
7300 14 0.207031 28.122138 4.769621 58.778807 0.337018 16662.638758 
7350 15 0.231798 28.212148 4.574499 57.978649 0.284579 7605.743400 
7400 14 0.209025 26.673452 4.717452 54.514122 0.330518 12045.199292 
7450 13 0.453416 29.291162 4.795848 45.487231 0.380223 12436.820265 
7500 15 0.223544 27.459792 4.862437 62.124538 0.250039 13386.019749 
7550 13 0.090836 26.705998 4.845220 49.930498 0.502120 15610.742574 
7600 10 0.168509 33.782699 4.747103 53.612914 0.331505 16461.497545 
7650 16 0.153102 29.004538 5.063351 60.110804 0.517270 37858.275811 
7700 13 0.046789 30.870071 5.027518 50.502108 0.219567 43209.436550 
7750 14 0.280578 32.270993 4.859509 40.571628 0.619462 45847.618087 
7800 17 0.200312 37.402496 4.528352 71.211488 0.542908 60641.418828 
7850 12 0.257687 33.330859 4.808699 71.727280 0.641255 22146.629450 
7900 14 0.283420 43.808795 4.883949 52.657213 0.642322 21343.655433 
7950 13 0.301566 39.772403 5.104200 28.127687 0.369102 12399.830925 
8000 13 0.503294 37.264350 4.514270 52.673651 0.564809 4666.385395 
8050 12 0.504055 40.206259 4.526653 69.630509 0.425179 12846.784122 
8100 19 0.432335 41.857894 4.483777 112.512633 0.427294 44187.896173 
8150 13 0.188621 44.152942 4.487276 47.703221 0.303511 14147.375634 
8200 14 0.515316 39.521178 4.934635 32.612604 0.599403 7367.739467 
8250 12 0.559553 33.849253 4.764871 41.461585 0.616043 21145.983799 
8300 12 0.434811 39.999533 4.574453 47.664575 0.508122 15008.334653 
8350 12 0.437553 41.475183 4.570808 42.628264 0.605530 18691.676431 
8400 13 0.263787 37.624219 4.779189 89.948815 0.504331 16873.635204 
8450 13 0.200355 34.807369 4.486329 85.727338 0.456254 21265.298618 
8500 12 0.156761 26.059866 4.597696 84.351214 0.516751 10290.174642 
8550 12 0.219390 30.693753 4.724304 43.825626 0.513666 19765.655221 
8600 13 0.318907 27.744106 4.755499 68.214055 0.698084 24518.194656 
8650 14 0.183102 37.450467 4.643568 101.395903 0.578626 11221.872018 
8700 11 0.341248 33.667743 4.735272 38.409237 0.643777 20453.530623 
8750 14 0.343149 25.924271 4.911241 23.198605 0.565590 19705.464346 
8800 12 0.422423 28.742722 5.013643 60.718159 0.390811 10205.461703 
8850 12 0.259127 37.926306 4.823181 20.760333 0.371798 3735.382530 
8900 13 0.353116 33.077089 5.073987 28.709208 0.376974 3060.040686 
8950 15 0.218010 43.386189 4.676949 67.364889 0.361185 4062.469248 
9000 11 0.238296 38.845868 4.856168 51.983851 0.296898 1355.987422 
9050 14 0.057696 38.930589 5.051870 32.334691 0.294548 980.354031 
9100 14 0.356015 41.154065 4.826979 41.105880 0.198472 571.254696 
9150 13 0.150330 47.031316 4.839648 39.037349 0.219948 437.272347 
9200 11 0.183563 48.673421 5.132351 71.741014 0.454145 1301.748284 
9250 12 0.236531 45.514212 5.052888 36.510688 0.441308 582.449122 
9300 12 0.172289 45.406072 5.059538 55.712546 0.644029 785.221721 
9350 14 0.199965 43.831534 5.035029 42.965167 0.291802 476.504969 
9400 16 0.170953 46.174899 4.986306 42.078446 0.262617 228.808727 
9450 15 0.196406 44.727074 5.215245 45.632320 0.224871 309.223905 
9500 16 0.298001 44.788553 5.088401 44.057421 0.261457 414.979364 
9550 11 0.086392 39.076782 5.116104 45.166196 0.330198 393.545107 
9600 13 0.154695 41.807680 5.128667 43.966255 0.384036 566.037874 
9650 15 0.237081 44.170921 4.711575 100.221657 0.564762 914.601501 
9700 11 0.196074 35.307485 4.887862 55.162286 0.715237 1552.677155 
9750 13 0.286057 40.362388 4.780949 54.276456 0.758717 2022.441825 
9800 16 0.323928 41.905245 4.598196 76.013776 0.782760 1023.100832 
9850 13 0.238037 38.460230 4.955749 50.620111 0.661758 462.958448 
9900 13 0.481616 43.478221 4.793851 31.272283 0.527682 698.467960 
9950 13 0.585309 39.839838 4.685494 50.982199 0.439628 583.314821 
10000 10 0.517637 39.752138 4.913635 60.427784 0.652851 459.697641 
10050 12 0.569344 45.687954 4.649984 68.793146 0.307938 577.825664 
10100 13 0.389358 42.896779 4.553538 47.963894 0.344650 1773.255112 
10150 12 0.312145 42.459617 4.863179 47.320994 0.287480 5818.830774 
10200 14 0.688973 46.999897 4.947481 41.569984 0.295534 3946.571312 
10250 13 0.672742 49.858235 4.678177 45.021390 0.280518 2113.520844 
10300 14 0.473942 53.403782 4.679557 92.589895 0.367341 3136.753847 
10350 13 0.327119 47.361167 4.834443 67.142218 0.384936 1272.544844 
10400 9 0.395243 42.197861 5.177465 33.379460 0.641225 2096.574748 
10450 14 0.281292 44.763875 4.640965 88.646519 0.401128 2846.397794 
10500 11 0.306032 49.290223 5.068330 59.563228 0.342043 4149.972453 
10550 16 0.207396 45.779453 4.897696 37.167602 0.633890 1411.554423 
10600 14 0.353183 43.205022 4.810264 53.947184 0.424196 1121.237362 
10650 13 0.002181 49.694631 4.619910 102.338643 0.476726 979.794222 
10700 11 0.214449 50.541992 4.813098 39.836266 0.409785 1313.440646 
10750 15 0.140781 47.405250 5.087088 45.923922 0.491125 1180.956444 
10800 15 0.372285 47.043188 5.272334 33.556533 0.412906 2857.593029 
10850 13 0.313401 37.386824 4.757611 49.196850 0.374501 1275.490101 
10900 13 0.369524 44.985110 4.950078 39.980714 0.901300 791.923652 
10950 12 0.332621 40.231143 4.789629 56.458694 0.275849 483.911075 
11000 14 0.228322 39.935051 4.911970 36.385458 0.259192 497.698518 
11050 12 0.390687 38.809237 4.786738 40.934316 0.501170 661.459837 
11100 14 0.368542 39.956306 4.859522 41.376966 0.678886 2274.141875 
11150 12 0.450588 41.174448 4.687838 43.063647 0.544542 2303.478783 
11200 14 0.593887 38.914912 4.819793 39.957949 0.395042 1898.246329 
11250 13 0.525590 37.404225 4.828418 40.664809 0.591372 5916.785070 
11300 12 0.836037 33.987147 4.938174 38.234049 0.528268 3682.363658 
11350 12 0.554366 30.834045 4.833209 40.870740 0.499011 4200.508954 
11400 12 0.490695 33.705373 4.903588 39.092567 0.195988 4718.864877 
11450 12 0.275567 31.625846 4.952716 46.770021 0.316809 4806.886383 
11500 13 0.344874 28.295469 4.696364 40.787540 0.286283 9823.721867 
11550 10 0.330927 24.155570 5.100325 31.578755 0.322050 19895.636386 
11600 14 0.435928 27.261908 4.883064 60.247971 0.732533 25505.301267 
11650 16 0.366250 24.618708 4.808186 56.668032 0.508477 15380.294390 
11700 13 0.434024 25.442197 5.003262 57.012379 0.573054 8110.074801 
11750 13 0.468862 31.327669 4.714298 44.126523 0.935586 16041.244611 
11800 18 0.493638 39.010390 4.824811 35.491653 0.937067 23105.271529 
11850 9 0.662712 36.512407 5.236631 33.531485 0.859898 9401.746693 
11900 13 0.482806 40.184783 4.823947 64.783878 0.754701 3273.187766 
11950 13 0.526652 39.275287 4.900406 20.727346 0.613811 2288.534066 
12000 12 0.563069 33.108420 5.013989 36.750426 0.701273 4843.870975 
12050 13 0.359525 32.133500 4.843047 56.030479 0.790347 15963.359304 
12100 16 0.625485 31.356857 4.936970 6.918723 0.607739 10769.191236 
12150 12 0.511356 30.672902 4.702476 76.398313 1.005517 8623.213911 
12200 15 0.161519 29.835951 5.005565 80.810212 0.838361 8345.593865 
12250 12 0.265527 33.697783 4.837116 12.388317 0.864510 4992.489581 
12300 12 0.604644 38.067809 4.920165 52.223219 0.401421 2444.022495 
12350 12 0.453430 40.813366 4.947295 24.564053 0.506902 1544.205766 
12400 15 0.856085 44.420578 4.324612 63.358479 0.682961 2688.835043 
12450 13 1.198842 44.239391 4.759119 32.985072 1.235654 2707.103159 
12500 12 1.458812 50.747042 4.546527 38.732740 0.948950 5575.236983 
12550 13 1.225044 53.000512 4.636129 39.289882 0.999392 4175.064157 
12600 17 1.178758 47.622640 4.589630 57.350439 1.215951 14607.420788 
12650 11 1.234157 40.071606 4.815136 33.692197 0.949541 6346.715925 
12700 15 1.410253 37.487474 4.505195 37.793705 0.668787 4257.318985 
12750 11 1.365631 45.010762 4.732224 35.992307 0.402886 4022.678403 
12800 12 0.477038 39.810306 4.416375 57.462916 0.525997 16172.711179 
12850 15 0.559219 38.443052 4.531666 57.972594 1.143126 20788.443926 
12900 15 0.380414 39.810835 4.722239 38.849403 0.669633 5583.804972 
12950 15 0.500114 40.986771 4.539033 44.101074 0.821440 9265.381848 
13000 12 0.281847 37.544643 4.541053 40.258943 0.790452 4000.798544 
13050 11 0.341833 31.093326 4.564537 40.761969 1.002538 9358.732446 
13100 14 0.169892 35.422793 4.710121 36.872124 0.498645 4713.645336 
13150 14 0.924106 50.496856 4.541934 36.364755 0.291516 2199.564892 
13200 13 0.771807 45.607745 4.584590 43.202688 0.469988 3946.328779 
13250 13 0.713294 44.240487 4.744378 20.900817 0.441746 6750.238303 
13300 12 0.750524 44.151273 4.361834 77.202504 0.293300 2596.354715 
13350 10 1.004494 38.034330 4.410475 39.541773 0.258680 6554.893512 
13400 10 1.197891 41.341462 4.908522 38.857503 0.326588 18143.269803 
13450 12 0.848000 35.275816 4.652068 41.090533 0.261968 21922.780454 
13500 16 1.167566 47.439651 4.409720 45.062693 0.297710 54820.920880 
13550 10 1.252936 40.103304 4.539904 57.211598 0.311152 32788.870650 
13600 13 1.111787 36.267494 4.576549 35.210490 0.471778 25987.671931 
13650 15 1.273472 35.799481 4.537761 26.569035 0.424874 14621.601311 
13700 13 1.319095 38.343849 4.683493 21.104152 0.340951 5307.400838 
13750 12 1.461968 39.717787 4.794126 40.829726 0.244265 7526.791315 
13800 14 1.574630 37.398092 4.824713 10.963608 0.641648 1356.220488 
13850 12 1.580441 36.757412 4.881273 23.493977 0.595375 788.728929 
13900 12 1.354569 30.066940 4.850802 24.146206 0.516687 950.168075 
13950 14 1.256488 37.765179 4.617874 35.485671 0.394166 1289.129571 
14000 16 1.429775 34.311162 4.918402 23.499741 0.589836 2088.005629 
14050 12 1.727592 37.761701 4.760860 25.177922 0.481162 2710.707057 
14100 10 1.259138 33.825573 4.501528 56.129084 0.603920 2860.084079 
14150 12 0.878672 45.947197 4.378615 81.749076 0.524912 3562.634413 
14200 12 0.704063 46.059844 4.776803 38.102154 0.429807 1214.557429 
14250 13 0.894254 36.135401 4.912529 17.683885 0.518304 990.921436 
14300 13 1.018080 30.496878 5.183206 4.818332 0.321775 700.378118 
14350 12 1.249284 31.539149 5.301211 10.112397 0.335140 2732.487159 
14400 13 1.270735 31.376422 4.955406 15.008068 0.384099 2984.944556 
14450 15 1.149704 35.763106 4.644771 24.373619 0.497525 9912.789252 
14500 15 1.173051 34.259831 4.418262 50.006025 0.455986 17282.386663 
14550 15 1.055393 34.574267 4.669003 36.337908 0.335734 12720.957104 
14600 13 1.313997 33.632664 4.282351 47.506678 0.415526 10287.035595 
14650 14 0.992073 34.682161 4.432972 39.018737 0.344151 6755.290252 
14700 14 1.139030 33.183666 4.549781 41.837006 0.312625 4672.950844 
14750 15 1.046701 34.884664 4.463643 36.824366 0.339705 4178.008392 
14800 12 0.892602 31.233042 4.395442 44.409630 0.501180 3817.902150 
14850 14 0.871483 31.056366 4.414724 46.422257 0.371313 5643.038048 
14900 13 1.000537 29.385317 4.408587 64.384812 0.527657 9143.001327 
14950 14 0.827062 27.541989 4.401727 49.922588 0.492540 3153.790244 
15000 12 0.935755 27.711394 4.389742 60.442597 0.647874 2397.957492 
15050 10 0.994026 24.890511 4.396486 80.885466 0.576109 2734.515013 
15100 15 0.761665 26.661103 4.381302 65.152869 0.553001 8063.351221 
15150 13 0.705844 26.690248 4.345122 68.008822 0.612314 15420.947930 
15200 15 0.920444 27.638319 4.341767 68.582855 0.238560 8153.904459 
15250 15 0.872124 30.592270 4.337147 59.405167 0.227123 12111.040899 
15300 12 1.185185 33.782210 4.362092 63.015009 0.664405 7171.175046 
15350 13 0.870246 30.175819 4.291658 76.746744 0.672360 11164.240604 
15400 14 0.991814 32.651115 4.245307 57.119139 0.872655 5829.213390 
15450 15 0.868530 34.023177 4.219588 46.976444 0.815508 2002.699125 
15500 12 0.448123 31.226424 4.230553 104.440972 0.896993 924.010606 
15550 12 0.950298 29.735348 4.430061 60.585910 0.451339 469.321414 
15600 13 0.492627 29.044284 4.325080 78.476878 0.556745 615.743331 
15650 11 0.930936 27.640671 4.435084 46.492678 0.288908 537.038760 
15700 12 1.021993 27.292480 4.372234 67.599544 0.480624 643.919849 
15750 13 1.350537 26.724234 4.335893 39.382435 0.257425 761.545070 
15800 13 1.392891 27.963303 4.354074 57.918466 0.374445 996.338430 
15850 17 1.234075 28.581782 4.407633 42.226144 0.345072 723.935630 
15900 12 1.150376 28.613746 4.326883 42.325552 0.442592 1744.945167 
15950 15 1.274568 28.147178 4.327616 33.859581 0.366190 959.553565 
16000 14 1.392293 28.743225 4.488395 38.329211 0.314563 798.927153 
16050 13 1.523870 28.080751 4.416828 27.882120 0.222411 1053.497345 
16100 14 1.880617 27.753149 4.341147 39.673773 0.273896 3241.616476 
16150 12 1.459334 31.216270 4.425020 39.385939 0.295173 6894.465063 
16200 15 1.158059 31.405848 4.453961 37.305526 0.464002 7407.436603 
16250 13 1.262501 32.036711 4.429100 37.910477 0.454316 1722.748033 
16300 14 1.141380 32.244174 4.429100 37.910477 0.484076 898.238215 
16350 11 1.472779 30.244124 4.429100 37.910477 0.591649 725.037090 
16400 16 0.760055 30.259709 4.429100 37.910477 0.558975 1089.690358 
16450 15 0.793754 27.783884 4.429100 37.910477 0.283250 1410.263394 
16500 13 0.465444 29.154921 4.451300 39.255621 0.342432 1237.265347 
16550 14 0.723646 25.609531 4.451300 39.255621 0.338740 1770.625424 
16600 13 1.167956 25.914276 4.581736 37.535139 0.402861 2635.118321 
16650 12 1.402007 27.679147 4.498765 37.737761 0.305814 1840.158071 
16700 14 1.083601 28.424215 4.498765 37.737761 0.346232 3756.860962 
16750 12 1.342980 32.803362 4.498765 37.737761 0.343922 2558.627633 
16800 15 1.245619 34.257398 4.470386 38.100849 0.245077 1015.985715 
16850 13 1.060747 33.699796 4.468802 39.040334 0.388410 1455.149865 
16900 13 1.008946 29.070992 4.456412 38.028456 0.420067 1576.046648 
16950 13 0.883919 29.793267 4.456412 38.028456 0.402819 3572.624791 
17000 14 1.040115 29.012862 4.466854 38.335242 0.305027 2243.940511 
17050 13 0.864079 31.955899 4.493522 40.201671 0.243688 3001.113254 
17100 15 1.087112 32.548612 4.501738 38.628561 0.244296 4599.615577 
17150 16 1.214134 28.534983 4.619412 41.736183 0.323007 2216.518438 
17200 11 1.040841 26.436219 4.536627 40.173414 0.254951 3016.014608 
17250 12 1.010147 25.639027 4.420289 36.958253 0.248410 1121.691133 
17300 13 1.154843 24.258304 4.376127 31.904491 0.187704 2787.518322 
17350 13 1.115502 31.215100 4.378511 36.265804 0.407646 3744.414649 
17400 14 0.955873 32.981414 4.421026 37.339678 0.303863 2530.386067 
17450 14 1.010525 29.941756 4.489353 34.616664 0.278247 2868.756875 
17500 11 0.924973 27.369149 4.526794 39.010093 0.313041 1417.423815 
17550 13 0.971300 35.776547 4.618339 40.782874 0.736382 2498.675526 
17600 15 0.640518 34.956163 4.520541 47.681845 0.950875 4352.387774 
17650 14 0.675798 32.742047 4.645060 29.087566 0.531271 5548.917712 
17700 14 0.803134 31.811446 4.661938 30.826353 0.361531 3347.900375 
17750 11 0.879295 25.572562 4.545800 35.251487 0.249697 812.858686 
17800 12 0.910370 25.696898 4.323094 56.723938 0.374119 724.276842 
17850 16 0.813222 22.878057 4.457125 41.341129 0.299840 401.652248 
17900 13 0.679469 29.183651 4.534689 41.480131 0.203383 356.766857 
17950 12 0.485369 21.553128 4.361850 85.626464 0.238698 547.663458 
18000 11 0.305936 24.775836 4.586489 38.650359 0.511117 259.754146 
18050 13 0.448522 22.495688 4.400665 69.721209 0.448777 214.617051 
18100 13 0.621804 20.484560 4.394368 34.175651 0.588646 345.567544 
18150 11 0.821823 27.848557 4.557205 84.854115 0.686593 548.123705 
18200 11 0.740700 29.341222 4.643343 45.330672 0.519672 256.649643 
18250 12 0.602338 29.719708 4.776258 43.898896 0.259421 93.013085 
18300 12 0.635754 27.189352 4.845744 46.149264 0.258490 72.860233 
18350 13 0.996909 30.292546 4.523972 36.309966 0.310543 174.067073 
18400 15 0.797992 26.800659 4.509983 61.548995 0.365610 201.980850 
18450 13 0.960884 28.394197 4.815119 56.036440 0.282891 454.535073 
18500 11 1.073274 28.539063 4.932748 42.341194 0.233975 133.335768 
18550 11 0.865391 29.422571 5.118282 34.102037 0.301753 61.711010 
18600 15 1.041074 30.916374 4.790952 41.787211 0.208125 94.380541 
18650 12 0.837050 25.205917 4.607628 47.426958 0.170369 65.319497 
18700 12 0.780924 28.953515 5.161069 17.905441 0.250365 142.333221 
18750 13 0.790539 29.877757 4.863052 40.623219 0.268495 123.155759 
18800 12 1.106832 28.988648 4.765821 19.192985 0.232347 125.765850 
18850 11 0.975330 29.551026 4.971073 40.097541 0.209827 135.179243 
18900 11 0.884283 37.253710 4.735990 59.637747 0.299053 152.290031 
18950 13 1.017339 35.207527 4.698422 40.575765 0.393057 286.162709 
19000 12 0.821799 37.399544 4.548221 47.966363 0.495562 424.980302 
19050 13 0.660818 38.452553 4.702524 32.266224 0.550730 466.793235 
19100 13 0.875740 35.158923 4.303602 60.042071 0.498928 522.608950 
19150 15 0.447688 31.660842 4.400845 47.018053 0.624901 593.602287 
19200 14 1.017770 32.437102 4.459947 51.223459 0.567628 249.930203 
19250 13 0.817858 25.586556 4.456942 47.739624 0.301350 160.705303 
19300 12 0.791156 27.051875 4.409839 51.448819 0.295396 513.390353 
19350 13 0.777802 33.866551 4.457371 32.701250 0.514083 729.030691 
19400 14 0.742268 30.371240 4.390874 71.533431 0.416701 620.140526 
19450 11 0.639658 31.187581 4.370242 73.004300 0.434568 335.839962 
19500 13 0.471516 33.445252 4.452064 76.600780 0.423763 920.654465 
19550 11 0.573507 39.549336 4.534772 62.404256 0.427218 1428.040741 
19600 14 0.544199 42.229873 4.762228 50.493855 0.513518 1026.335654 
19650 14 0.456541 35.307436 4.631653 84.611172 0.262718 1877.675059 
19700 14 0.288189 32.284010 4.683303 24.119469 0.221227 2588.898349 
19750 13 0.319729 27.643663 4.719092 58.580611 0.374265 1681.725302 
19800 14 0.329687 35.020915 4.476127 54.844586 0.750661 1493.956230 
19850 11 0.272098 30.668978 4.698416 49.950902 1.159184 3403.883823 
19900 13 0.229285 26.763737 4.870565 61.000993 1.028945 3549.773758 
19950 12 0.491225 31.770968 4.725097 48.429485 0.918148 1483.917739 
20000 15 0.491662 36.710790 4.838485 53.287933 0.783981 2465.366553 
20050 16 0.230583 37.240355 5.107431 19.477978 1.133760 2350.800302 
20100 15 0.028236 31.377572 4.826057 42.996105 0.879333 2984.141005 
20150 14 0.242081 29.868822 4.844871 65.393174 0.554133 977.629939 
20200 13 0.429020 33.440072 4.730388 56.606437 0.569928 949.728313 
20250 13 0.075471 30.307810 4.540497 60.900815 0.478946 529.982100 
20300 12 0.410853 25.003166 4.942153 54.048507 0.260293 1276.853261 
20350 13 0.256926 21.605457 4.818240 52.048300 0.217113 1351.137751 
20400 15 0.312291 30.803648 4.918303 27.225823 0.265088 1814.221682 
20450 11 0.300620 35.503257 4.873089 32.623521 0.247950 2841.939076 
20500 14 0.289762 32.164240 4.825003 36.836562 0.443793 4327.149109 
20550 11 0.293383 28.267393 4.892472 33.884849 0.203863 5948.974742 
20600 14 0.135396 33.818016 4.667197 50.321278 0.483299 6681.653500 
20650 15 0.199192 27.702162 4.822495 57.286745 0.321110 3772.595565 
20700 12 0.130148 28.030862 5.074675 50.712207 0.356654 4620.179621 
20750 13 0.172821 30.935116 5.220705 43.410153 0.347417 7744.674107 
20800 14 0.171591 37.833221 4.765429 74.630936 0.248041 3328.522959 
20850 12 0.068411 32.970222 4.932705 34.278246 0.362743 1829.189590 
20900 14 0.120038 30.918610 5.199850 73.304819 0.366698 1684.872016 
20950 16 0.230507 29.554575 4.742499 29.612762 0.431470 1662.841095 
21000 12 0.179711 24.603752 5.202974 17.109156 0.332452 1183.793683 
21050 13 0.263871 21.677170 4.907952 75.916408 0.213005 907.371139 
21100 13 0.118700 31.311742 5.062880 67.342263 0.232242 415.914817 
21150 11 0.185985 40.269740 4.799965 71.565638 0.183513 577.118652 
21200 11 0.113284 32.440030 5.193880 22.974694 0.187111 287.499074 
21250 12 0.105163 25.884508 5.082802 60.412451 0.166101 209.502628 
21300 14 0.249208 36.382722 4.947742 28.259943 0.261157 233.300608 
21350 9 0.221400 37.340253 4.794323 76.816257 0.213924 164.287172 
21400 14 0.266908 27.675584 5.183022 24.924347 0.175801 50.017625 
21450 11 0.318936 25.609095 4.791777 56.616227 0.368804 47.761245 
21500 11 0.482113 26.932071 4.743014 68.020646 0.398280 58.745588 
21550 14 0.413134 27.308804 4.672080 74.065371 0.296602 54.088847 
21600 15 0.457549 29.675385 4.547739 68.058233 0.176829 26.214984 
21650 16 0.462563 23.983117 4.559907 67.300805 0.183701 17.771014 
21700 13 0.406796 26.603701 4.517745 129.962719 0.217548 13.162310 
21750 10 0.439907 23.881655 4.465993 96.053883 0.224282 30.400474 
21800 16 0.600159 25.700926 4.403386 76.596628 0.151010 32.901494 
21850 16 0.561249 31.884738 4.450051 83.933550 0.197688 32.815424 
21900 12 0.501202 29.752488 4.589519 68.513515 0.119040 33.497520 
21950 16 0.580512 32.343389 4.400778 55.992290 0.248257 26.358971 
22000 13 0.662470 22.037912 4.530820 47.438961 0.387660 33.053096 
22050 12 0.708130 20.039362 4.456963 53.500919 0.398848 38.615208 
22100 15 0.504756 15.732552 4.477426 51.463430 0.347743 38.740341 
22150 13 0.530822 27.162661 4.437029 71.008213 0.428546 62.107238 
22200 13 0.583286 28.567723 4.376867 81.986949 0.281939 29.246794 
22250 14 0.385841 21.867376 4.368118 52.200551 0.386279 25.386898 
22300 12 0.296210 22.423844 4.532629 85.045264 0.330268 78.134760 
22350 14 0.449383 18.033374 4.468649 79.097870 0.224392 160.323091 
22400 15 0.364723 20.351382 4.996645 37.405907 0.229750 152.424768 
22450 13 0.158066 17.747416 4.864229 71.660476 0.348548 85.899102 
22500 13 0.264110 19.065415 4.733052 75.624033 0.214062 105.108166 
22550 12 0.275834 20.536635 4.908306 51.057772 0.337860 184.921458 
22600 13 0.395341 25.373211 4.853907 49.490473 0.391226 274.604094 
22650 14 0.424939 27.926444 5.118170 106.025346 0.382418 119.093355 
22700 13 0.308773 22.756759 4.925831 30.777472 0.346863 184.800493 
22750 11 0.107696 19.534329 4.846611 58.524991 0.369223 124.935080 
22800 15 0.255484 22.298026 5.243170 45.660645 0.315316 82.789320 
22850 15 0.118596 23.281687 5.071388 19.563048 0.297179 140.983722 
22900 14 0.176168 18.621122 4.675430 52.649710 0.261089 97.984326 
22950 14 0.207792 20.161290 4.812195 67.885767 0.143556 110.193063 
23000 12 0.104529 19.815313 4.879924 85.003077 0.246218 108.337485 
23050 13 0.306341 15.695821 4.929271 17.266634 0.257302 287.719020 
23100 13 0.286646 16.457862 5.068838 41.167667 0.258964 376.388500 
23150 14 0.191069 12.905870 4.712641 113.485497 0.206656 223.985344 
23200 15 0.132298 14.871882 4.701437 81.531755 0.197422 533.129217 
23250 14 0.280941 30.176245 4.854548 55.688465 0.279153 195.279024 
23300 11 0.257568 23.988737 4.835208 12.139737 0.237957 105.629930 
23350 13 0.243930 25.928565 4.909331 38.113239 0.238749 161.932098 
23400 13 0.209762 23.492049 4.969154 55.171324 0.329472 222.982456 
23450 13 0.054189 26.928493 4.928299 28.516223 0.293015 108.729724 
23500 15 0.048198 27.114374 4.998090 28.063839 0.229139 169.711138 
23550 12 0.116251 29.320822 5.101435 33.012783 0.221226 104.771516 
23600 13 0.151961 25.494232 4.932450 31.298127 0.194110 36.565484 
23650 14 0.063238 18.217048 4.734230 101.415702 0.246419 29.582530 
23700 15 0.098614 24.185746 4.721950 98.422268 0.123642 36.829997 
23750 13 0.005782 30.448553 5.136844 58.737613 0.168505 29.600274 
23800 14 0.069084 31.190723 4.839613 45.970097 0.266028 92.496345 
23850 13 0.117363 25.498088 4.852971 60.741597 0.204895 229.940375 
23900 13 0.132141 28.111247 4.885221 65.618710 0.232319 130.242449 
23950 15 0.134683 24.766604 4.628969 74.953005 0.293549 66.281495 
24000 15 0.120275 26.272141 4.832734 100.028505 0.325700 182.006437 
24050 15 0.215567 22.098579 4.955110 65.428354 0.297382 126.213041 
24100 15 0.108463 28.114508 4.787965 68.373668 0.277426 140.351160 
24150 12 0.271434 22.527754 4.997923 39.526846 0.269952 208.481775 
24200 11 0.207435 26.917537 4.865902 34.551678 0.322019 101.533186 
24250 13 0.116875 34.272931 5.159311 71.176299 0.314756 196.319541 
24300 12 0.128770 32.502513 4.771447 67.766941 0.329528 256.309095 
24350 17 0.202057 27.725162 4.862327 83.209916 0.270587 466.095948 
24400 13 0.225176 25.249792 4.702925 70.636887 0.286325 675.363148 
24450 12 0.331105 26.112564 4.837479 62.670120 0.217753 726.981217 
24500 12 0.393497 20.569793 4.872179 46.494513 0.402996 239.542079 
24550 13 0.219108 25.500048 4.767769 32.678049 0.245215 775.753420 
24600 13 0.309321 24.637139 4.620777 31.227866 0.448271 591.325177 
24650 11 0.175003 19.059798 4.913121 37.274912 0.322061 1027.743212 
24700 12 0.198332 22.668245 4.592153 58.528042 0.407207 713.325676 
24750 14 0.207535 22.502577 4.900807 58.437638 0.289117 827.724339 
24800 13 0.190408 21.027544 4.701399 159.500536 0.443835 489.472288 
24850 11 0.351434 20.334307 4.696843 60.553368 0.424323 927.625041 
24900 11 0.385397 21.804265 4.675282 85.044735 0.365234 1225.061662 
24950 13 0.306276 26.398189 4.870082 42.716011 0.310311 419.079644 
25000 11 0.324778 27.490825 5.175793 4.267013 0.353309 1134.804258 
25050 11 0.270701 27.287732 5.048009 80.925512 0.374825 1695.045858 
25100 12 0.342508 31.873470 4.766770 70.267433 0.211734 1681.071553 
25150 15 0.391380 32.992417 4.548416 74.301028 0.252945 1998.044871 
25200 14 0.317750 30.241229 4.615444 21.045284 0.242060 1590.738803 
25250 13 0.193607 22.650207 4.586224 57.496910 0.218220 3798.856408 
25300 12 0.229742 27.260024 4.847352 47.797576 0.221423 4939.285284 
25350 12 0.277470 23.859149 4.956410 29.367149 0.385104 8851.959538 
25400 13 0.340122 24.680031 4.889923 57.100276 0.239460 3814.458285 
25450 12 0.239019 31.518200 4.962451 38.550071 0.416526 5999.734069 
25500 12 0.332227 28.145443 4.635285 77.973361 0.376562 3534.565905 
25550 14 0.241895 25.513865 4.612235 63.007995 0.307343 4485.416189 
25600 13 0.363527 28.911831 4.581570 50.714614 0.326351 9236.760128 
25650 14 0.408019 30.839286 4.463125 101.247498 0.306560 8981.618869 
25700 14 0.430049 26.236466 4.493520 100.038867 0.312321 17694.506027 
25750 15 0.300658 34.101104 4.915300 43.313674 0.674739 28298.100101 
25800 11 0.214193 23.782795 5.061875 41.215786 0.360161 30069.107916 
25850 13 0.327316 29.892477 4.846333 42.495584 0.433083 13143.631404 
25900 10 0.332020 26.672799 4.937379 38.296992 0.343625 8874.559003 
25950 13 0.257659 30.007484 4.884546 30.275670 0.357255 4024.804171 
26000 9 0.302337 37.990454 4.981966 52.274101 0.445214 10719.671705 
26050 15 0.313685 35.038357 4.705004 46.566705 0.673876 13794.799750 
26100 13 0.355243 40.630114 4.559219 59.187645 0.543727 15102.566102 
26150 13 0.284077 45.655730 4.824707 59.606853 0.811288 10759.229431 
26200 13 0.444520 47.602047 4.685364 53.043596 0.931914 11883.748261 
26250 15 0.078167 41.605737 5.125633 33.577162 0.804200 16468.441538 
26300 13 0.360382 42.275845 5.032954 41.785307 0.450309 73211.302507 
26350 14 0.569590 43.910557 5.166188 19.533800 0.566988 26682.696607 
26400 15 0.615626 41.418522 4.437766 43.494546 0.621311 14374.860940 
26450 14 0.511950 44.490276 4.676329 54.998238 0.391451 14370.670528 
26500 15 0.779153 48.033110 4.479293 54.692660 0.364040 7818.230019 
26550 15 0.684594 45.666142 4.426885 69.417159 0.565905 8172.016062 
26600 12 0.532010 44.772056 4.623388 66.928913 0.558378 3085.775312 
26650 14 0.262550 50.114388 4.587909 55.402644 0.894773 3584.727413 
26700 12 0.521474 42.316805 4.968730 52.042608 0.860754 3802.115606 
26750 11 0.760381 39.767197 4.698804 57.165298 1.035129 4060.102326 
26800 13 0.800848 34.595571 4.599337 57.540497 1.296530 1733.272105 
26850 14 0.601302 36.149787 4.550910 59.662040 1.253744 2897.622061 
26900 15 0.789422 28.394064 4.236451 80.407313 0.944726 5269.601617 
26950 15 0.817886 31.798091 4.199677 58.805946 0.745573 3445.281436 
27000 13 1.283500 37.124146 4.370887 38.817809 0.785989 2561.066601 
27050 14 1.182576 36.555817 4.163978 66.317769 0.962799 3197.130932 
27100 12 1.430545 36.542396 4.340641 50.667012 0.684946 1214.325837 
27150 15 1.246790 28.563792 4.239286 52.863383 0.709079 746.440613 
27200 12 1.127734 22.246722 4.255353 68.793504 0.547673 833.449055 
27250 15 1.158952 25.359403 4.165155 77.531762 0.469939 574.982193 
27300 13 1.224318 34.147334 4.133787 58.628486 0.318466 176.494850 
27350 12 1.122123 29.710911 4.809775 85.733981 0.338835 105.757380 
27400 11 1.174895 31.463951 4.442846 40.572608 0.237385 87.815235 
27450 13 1.122855 27.380355 4.517479 44.232359 0.316886 101.882381 
27500 11 1.163851 33.149099 4.568456 43.443460 0.222774 74.323431 
27550 14 1.146964 27.578091 4.670498 35.773501 0.375738 55.669737 
27600 12 1.195227 24.240671 4.523127 46.632605 0.262637 119.472997 
27650 12 1.267003 33.776886 4.544173 45.794484 0.388846 108.111399 
27700 10 1.208504 29.022454 4.276435 45.416747 0.369850 160.676912 
27750 14 1.132473 32.776320 4.473075 39.805475 0.237070 276.224405 
27800 14 1.188252 32.610894 4.520629 35.874549 0.421630 528.759564 
27850 12 1.004466 44.120963 4.518605 60.261278 0.500380 513.500759 
27900 12 1.412968 40.323611 4.647945 52.111936 0.519471 500.210397 
27950 12 1.149914 41.630650 4.432180 65.519192 0.410722 355.993309 
28000 14 1.071460 38.014756 4.043391 87.637427 0.408065 241.338736 
28050 12 0.858213 41.243119 4.457833 63.522619 0.448023 135.054740 
28100 11 1.044171 31.627892 4.216235 85.815642 0.436633 368.843245 
28150 14 0.879079 34.453703 4.363006 51.636791 0.472941 978.021481 
28200 13 1.072743 29.746396 4.150493 64.490478 0.623354 1883.072599 
28250 13 1.112869 32.932293 4.182047 57.205553 0.493522 1748.690081 
28300 14 0.984943 35.435621 4.123789 52.265653 0.513975 1061.486644 
28350 10 1.295820 39.771783 4.153009 73.239415 0.753001 485.854955 
28400 16 0.894668 40.687799 4.220706 41.322022 0.581642 1131.176689 
28450 13 0.989325 40.359259 4.178161 51.197671 0.745195 1375.802082 
28500 14 1.005799 39.851315 4.178161 51.197671 0.677181 2786.580594 
28550 13 0.946213 35.311533 4.178161 51.197671 0.514342 4490.128227 
