0 5 2.810000 24.920000 4.200000 20.000000
50 5 2.025958 24.821372 4.343845 117.077409
100 5 2.251802 24.825314 4.343581 140.744123
150 2 2.180115 24.929113 4.357413 188.290378
200 3 2.136856 25.772605 4.437982 146.465393
250 3 1.940328 25.941805 4.598676 222.156966
300 1 1.998835 26.013044 4.471931 188.048130
350 2 1.801221 25.687836 4.335724 197.541922
400 4 1.767779 25.335831 4.538104 174.021260
450 3 1.649934 24.870607 4.758327 159.561564
500 2 1.667418 24.844767 4.801758 201.203868
550 1 1.765983 24.914971 5.020443 103.638520
600 3 1.626876 25.559578 4.739385 161.943836
650 1 1.534796 25.042506 5.049854 148.854413
700 1 1.547665 26.377036 4.994239 246.649426
750 1 1.279208 28.023696 5.047641 186.674097
800 1 1.271903 27.030895 4.824936 183.792814
850 2 1.458181 27.758293 4.923308 192.074430
900 1 1.139821 27.723819 4.727025 220.467318
950 3 1.035703 28.215533 4.599142 230.408791
1000 3 1.030746 28.034353 4.248433 186.553996
1050 4 1.172733 27.718291 4.401832 210.360673
1100 3 1.042426 25.984297 4.651359 161.718562
1150 3 1.060764 27.250301 4.645278 226.747869
1200 1 1.221199 25.748940 4.716494 251.683211
1250 5 1.246143 25.778696 4.604380 219.554802
1300 3 1.181936 25.315330 4.687239 175.201237
1350 1 1.887439 26.518052 4.988025 258.624622
1400 1 1.421772 27.329069 4.992827 113.158499
1450 1 1.480060 26.169487 4.866839 150.071744
1500 3 1.316224 25.978734 4.978117 130.801113
1550 2 1.497341 26.369961 4.566653 200.756314
1600 4 1.101141 26.110750 4.162503 237.142517
1650 5 1.021214 26.856025 4.474461 197.929436
1700 3 0.955704 25.630843 4.774991 249.367135
1750 2 1.111721 25.534086 4.952692 218.453738
1800 4 1.016166 26.813702 4.939610 161.607265
1850 2 1.163020 27.271377 4.752939 222.531217
1900 2 1.425556 27.758408 4.776861 197.936895
1950 1 1.146364 23.914150 4.725485 178.042772
2000 2 1.135409 24.013831 4.899544 213.148329
2050 2 1.297093 25.614621 4.933049 188.534300
2100 3 1.151022 25.538180 4.603982 209.949390
2150 1 1.348986 22.618564 4.754488 190.491435
2200 1 1.386220 23.212657 4.818547 199.291217
2250 3 1.466187 25.825344 4.945889 195.585769
2300 2 1.550771 25.779259 4.988463 196.901212
2350 1 1.438834 24.481389 5.180915 192.374162
2400 2 1.326793 23.462136 4.970150 218.590885
2450 2 1.348371 25.180698 4.957063 193.728414
2500 2 1.293300 24.763593 4.658304 221.154559
2550 2 1.196193 26.542517 4.526049 202.368694
2600 3 0.879283 26.148298 4.846628 162.184547
2650 2 1.008266 26.403421 4.700992 140.346511
2700 1 1.267403 27.532267 5.165604 184.390012
2750 4 1.181072 27.175232 5.071613 136.912449
2800 1 0.864588 27.501017 5.052898 184.605290
2850 1 1.111248 27.333956 4.892016 215.830547
2900 2 1.339502 26.117071 4.731350 214.545510
2950 3 1.283469 24.368580 4.830386 169.910755
3000 3 1.198846 25.832753 4.841262 258.079393
3050 2 1.573573 23.994515 4.485111 217.403480
3100 3 1.199186 24.547339 4.616238 152.132232
3150 3 1.183035 22.333564 4.493562 194.648275
3200 5 1.003584 24.301546 4.339369 163.699455
3250 2 1.031552 22.749393 4.947541 195.761021
3300 3 0.984729 23.095477 4.796846 182.774120
3350 2 0.823697 25.998449 4.735194 221.113371
3400 8 0.637119 23.338865 4.277959 191.332498
3450 7 0.481646 22.185210 4.222648 224.163160
3500 4 0.714544 23.057313 4.343715 169.984482
3550 5 0.863686 22.254654 4.516170 194.291463
3600 5 0.962227 19.499840 4.670097 210.402299
3650 6 0.861301 23.833944 4.602730 224.211760
3700 4 0.869508 26.422838 4.853894 187.871358
3750 6 0.793846 23.382914 4.904289 162.566375
3800 4 0.688806 25.510915 4.780393 183.973582
3850 1 0.866993 28.171218 4.796063 230.558609
3900 6 0.543543 22.148225 5.113703 83.622463
3950 4 0.654490 26.007488 4.837672 179.116063
4000 1 0.610043 27.715393 4.813967 212.285717
4050 3 0.734355 22.513447 4.943052 170.129457
4100 2 0.722638 22.512405 5.144395 212.948243
4150 1 0.821418 24.991002 5.051233 203.153559
4200 3 0.827008 25.211123 4.956399 201.553242
4250 3 0.788687 22.795435 4.790691 201.984845
4300 2 0.797992 19.958850 4.834039 205.653937
4350 1 0.758344 16.893896 4.704762 207.280750
4400 6 0.886292 21.505135 4.701299 206.244325
4450 2 0.997381 19.328202 4.755415 194.438451
4500 5 0.800672 23.120571 4.383817 198.002013
4550 1 0.851237 26.151390 4.495223 180.124765
4600 1 0.715688 25.216608 5.067949 217.058406
4650 3 0.811925 24.248838 4.856131 215.512306
4700 1 0.851171 22.381854 4.821876 209.020262
4750 1 0.726234 21.863060 4.885639 215.264843
4800 3 0.860974 22.641600 4.930693 185.291982
4850 4 0.607580 22.848694 5.173225 189.557725
4900 4 0.777285 22.893700 4.859206 193.853376
4950 3 0.790793 23.732936 5.038918 179.574780
5000 2 0.764745 23.222844 4.752137 196.600866
5050 3 0.762353 25.575036 4.624324 178.212613
5100 3 0.623665 26.959334 4.571479 184.133809
5150 3 0.343284 26.760290 4.899764 230.650400
5200 8 0.128591 28.517130 4.963395 202.842491
5250 9 0.179573 30.359527 5.140379 220.510617
5300 6 0.050235 31.980119 4.934728 135.083008
5350 8 0.325340 31.261077 4.739176 194.236960
5400 5 0.309024 31.458067 5.196916 184.689463
5450 6 0.620549 29.352080 4.643018 195.860856
5500 2 0.573574 32.249087 4.989421 247.315580
5550 3 0.475587 31.338423 4.896841 182.071553
5600 3 0.621291 31.485385 5.011950 189.664510
5650 3 0.995905 31.217834 4.676122 236.981360
5700 5 0.574507 29.677202 4.790385 102.830185
5750 3 1.199830 27.880804 4.715536 194.518566
5800 3 0.954664 28.519898 4.938998 208.941722
5850 3 1.019594 30.820381 4.904999 212.004717
5900 4 0.961229 30.714317 4.951043 143.020301
5950 5 0.689216 31.725325 4.824083 151.003319
6000 7 0.972454 33.292523 4.629027 190.885038
6050 10 0.794802 33.743071 4.131355 219.092865
6100 7 0.949550 35.050407 4.191896 207.478014
6150 9 0.989860 36.202292 4.370893 169.301865
6200 5 0.672829 35.622448 4.440524 224.800018
6250 4 0.902901 35.165867 4.593585 174.446255
6300 3 1.030928 35.900064 4.515205 224.794749
6350 4 1.002885 36.982853 4.389195 215.424848
6400 5 1.130797 37.542394 4.227518 196.228686
6450 6 0.797944 37.769669 4.500592 210.007884
6500 3 0.633247 36.765239 5.194187 194.484993
6550 7 0.107259 36.930310 5.288296 202.021515
6600 1 0.340287 38.490056 5.121144 184.572301
6650 4 0.428750 38.129013 4.969877 238.866787
6700 7 0.390124 37.219883 4.882204 201.292921
6750 6 0.384276 38.929745 4.766325 200.619217
6800 11 0.227791 37.353734 4.735165 192.248792
6850 4 0.653887 37.136967 4.712632 201.971226
6900 5 0.490725 39.583242 5.017295 165.997175
6950 3 0.748947 40.232825 4.868298 238.665918
7000 3 0.943317 39.416644 4.704062 202.334348
7050 2 1.199020 35.575632 4.838265 185.451017
7100 3 1.039235 37.057740 4.445752 205.207862
7150 5 0.613404 32.898724 4.451581 202.989419
7200 6 0.377310 35.505141 4.852709 243.871256
7250 12 0.376105 34.633103 4.967686 94.594095
7300 3 0.371887 34.523791 5.006908 191.773596
7350 2 0.427383 34.977008 4.783139 189.269424
7400 2 0.806504 35.287957 4.462051 159.996093
7450 2 0.905916 33.074851 4.920279 169.720870
7500 3 0.648205 34.534034 5.024191 232.441850
7550 4 0.496582 37.296317 4.909417 198.764310
7600 6 0.117351 36.032206 5.217956 206.421858
7650 5 0.340211 36.644878 4.826676 119.869843
7700 5 0.303474 37.968682 4.804316 227.595106
7750 6 0.470893 40.358260 4.812831 147.212790
7800 4 0.225479 40.050337 5.096330 210.374261
7850 9 0.153909 39.774456 4.835947 201.939432
7900 5 0.528114 40.251336 4.695552 208.309998
7950 1 0.694499 39.922965 4.913028 176.724268
8000 6 1.017995 37.605549 4.454089 199.552240
8050 3 0.835903 38.237375 4.886830 182.770894
8100 7 0.672199 38.812027 4.581932 122.329697
8150 2 0.532572 40.587013 4.989593 215.593664
8200 8 0.577218 39.702405 4.653426 173.709089
8250 5 0.329774 38.775419 5.051111 200.552961
8300 5 0.407368 38.772641 4.829827 197.682177
8350 6 0.523767 41.983404 4.648866 200.642326
8400 7 0.355124 39.900367 4.827872 186.750318
8450 8 0.031125 40.829730 5.160600 185.093316
8500 3 0.030958 42.914284 5.271000 253.127787
8550 6 0.167082 44.223982 5.198450 167.296520
8600 8 0.362906 45.871109 4.695208 217.125315
8650 9 0.130048 43.133197 4.795010 188.834294
8700 7 0.067173 46.327422 4.940169 209.512316
8750 7 0.162184 45.811341 4.988199 185.872515
8800 7 0.187748 45.713258 4.844492 212.366393
8850 3 0.641195 47.216147 4.733442 171.660335
8900 5 0.480582 46.925127 4.837430 213.195785
8950 3 0.598335 44.436543 5.080536 199.247842
9000 3 0.612458 47.876383 5.124503 174.865818
9050 4 0.482991 48.738250 5.002099 206.176843
9100 2 0.578847 49.517821 5.268129 185.640212
9150 2 0.621090 48.861896 4.843521 176.587960
9200 5 0.555980 48.722101 4.781024 211.787125
9250 6 0.557679 50.431706 4.787846 224.665999
9300 7 0.270208 44.450553 4.750777 209.991315
9350 3 0.451319 50.542899 5.166066 181.483247
9400 6 0.629200 46.677391 4.778457 166.577294
9450 4 0.418653 43.934410 5.202536 205.318824
9500 3 0.068356 45.571003 5.265983 186.624752
9550 3 0.327449 46.084387 4.887839 233.565669
9600 5 0.278013 46.079224 5.071230 194.928819
9650 12 0.097687 46.602700 4.647909 188.886533
9700 10 0.322102 46.205291 4.628424 222.018359
9750 13 0.022302 45.316876 4.879148 194.096166
9800 7 0.129901 44.927708 4.884680 122.730115
9850 8 0.032779 44.331058 5.263098 181.923898
9900 5 0.069088 45.677599 5.045203 206.035219
9950 2 0.086775 45.060252 5.127542 198.839784
10000 5 0.182911 44.224534 5.066095 223.905207
10050 2 0.072521 43.811034 5.049004 183.427672
10100 5 0.512494 47.327563 4.441151 227.910279
10150 4 0.441135 45.905900 4.841419 192.171448
10200 2 1.329039 45.189213 4.874451 176.223577
10250 2 0.951634 45.127443 5.055280 205.412425
10300 7 0.677702 45.401332 4.535930 167.135369
10350 5 0.461297 44.731144 4.635071 182.409844
10400 5 0.635880 42.809456 4.771479 170.332771
10450 2 0.602293 44.410218 4.683561 189.576247
10500 1 0.290221 42.326908 5.207174 166.815234
10550 12 0.376495 43.290327 4.829508 163.217009
10600 3 0.451644 45.008392 4.969552 177.417882
10650 1 0.534341 41.908821 4.834174 243.881800
10700 2 0.378966 43.212798 4.949732 151.210820
10750 7 0.447331 41.984621 4.971278 146.767796
10800 6 0.541681 41.362977 5.030612 213.778699
10850 6 0.303899 42.876657 5.052036 223.085470
10900 11 0.206535 43.739473 5.065249 175.255077
10950 5 0.317346 41.652462 5.075719 216.868309
11000 2 0.493300 43.240706 5.024937 225.664374
11050 5 0.313253 46.622845 4.525849 228.206519
11100 10 0.153000 48.086659 5.030034 266.047411
11150 2 0.228920 46.102325 5.135762 213.184420
11200 4 0.141210 44.657418 5.151301 172.418299
11250 1 0.084017 45.914617 5.068777 173.468539
11300 3 0.641140 49.076318 5.047520 174.374395
11350 6 0.421795 48.996348 5.118414 194.306134
11400 1 0.495774 46.374453 5.118414 194.306134
11450 3 0.422673 47.672576 5.004712 192.662909
11500 8 0.425738 46.451720 4.629235 138.770077
11550 2 0.499436 45.798139 4.807216 211.559625
11600 8 0.360683 44.655999 4.386369 183.139597
11650 6 0.325687 46.029248 4.679256 299.995832
11700 7 0.436132 43.540268 4.669902 208.716758
11750 8 0.363599 42.668597 4.736572 205.803897
11800 14 0.036128 40.005450 4.370100 176.127128
11850 8 0.135207 37.804465 4.915442 258.128890
11900 9 0.109395 36.061788 4.847964 143.388074
11950 7 0.222788 39.367030 4.892505 202.229419
12000 2 0.658742 40.249725 5.342369 182.662767
12050 9 0.017803 40.606558 4.724076 255.066338
12100 7 0.305713 39.025837 4.465037 190.775050
12150 7 0.179145 39.805524 4.915069 209.837845
12200 9 0.020872 43.525763 4.876696 193.774268
12250 10 0.088749 40.104682 5.029337 163.198900
12300 4 0.028083 41.017727 5.200746 168.754515
12350 5 0.208937 39.563660 4.760692 218.410846
12400 13 0.332733 42.015820 4.391852 190.301297
12450 16 0.337022 42.974864 4.082864 202.868794
12500 9 0.315878 40.997786 5.064913 178.433879
12550 10 0.260406 40.961279 4.763929 168.250233
12600 22 0.073035 39.976713 4.808873 153.701631
12650 9 0.180430 40.091363 5.365494 172.238792
12700 11 0.284926 40.099480 4.936403 207.786016
12750 3 0.337602 38.305586 5.141460 226.757090
12800 9 0.227387 42.098658 4.861064 213.252924
12850 11 0.139792 39.119011 4.489889 207.817662
12900 12 0.130850 38.680544 4.721924 217.820389
12950 9 0.186456 39.146591 4.812518 208.760831
13000 9 0.011782 39.536286 5.014403 247.909231
13050 8 0.114586 41.804967 4.924721 193.160082
13100 10 0.077080 41.109073 4.992279 198.025946
13150 7 0.125698 41.687294 4.596412 265.908137
13200 7 0.324811 43.677230 4.671893 279.911855
13250 1 0.148608 43.022317 5.191609 150.539408
13300 6 0.049731 43.688887 4.855001 188.555794
13350 3 0.271845 41.828346 4.941497 214.542214
13400 3 0.286471 42.623557 5.144593 196.796172
13450 4 0.036877 42.925687 5.205130 217.387229
13500 1 0.424135 41.923084 4.825682 209.568713
13550 2 0.437899 43.926186 4.825682 209.568713
13600 6 0.538987 45.309308 4.825682 209.568713
13650 5 0.507542 45.328933 4.725621 212.568094
13700 4 0.600630 45.236679 4.575820 205.473728
13750 3 0.701552 41.519149 4.450478 205.270578
13800 9 0.357392 39.131398 4.607548 200.664367
13850 9 0.487388 42.720053 4.534884 204.004641
13900 8 0.626601 39.101635 4.373552 229.416146
13950 4 0.459628 40.460887 4.823946 202.901994
14000 4 0.385003 37.909671 4.763075 219.372821
14050 6 0.559573 40.098811 4.653078 197.913789
14100 5 0.487750 39.454497 4.674227 200.900457
14150 5 0.369671 41.045380 5.068379 197.004534
14200 5 0.339004 44.246637 4.914168 202.051856
14250 3 0.100207 45.419668 4.918722 199.578189
14300 1 0.144408 41.456998 5.185021 195.964841
14350 6 0.417856 43.348135 5.174514 184.135555
14400 7 0.577807 45.142363 4.653602 196.380361
14450 4 0.399707 45.607657 4.923427 221.849067
14500 2 0.531403 39.094535 5.066610 149.209582
14550 4 0.428011 43.648198 4.973453 179.739382
14600 3 0.591479 43.641401 5.092809 184.417444
14650 4 0.513222 43.970243 4.877017 142.871292
14700 3 0.560010 41.311225 4.711188 132.457576
14750 6 0.610099 42.441146 4.512773 197.837434
14800 6 0.487046 42.479870 4.617422 205.061457
14850 6 0.343576 44.198969 4.701482 211.564887
14900 4 0.591981 44.726354 4.957308 207.295936
14950 6 0.075588 43.173919 4.797856 207.036725
15000 6 0.284414 42.046673 5.175503 207.407058
15050 8 0.181280 41.602584 5.176306 217.375551
15100 6 0.152654 39.961592 5.004189 217.925380
15150 7 0.170833 38.986079 5.159237 207.848383
15200 3 0.450590 37.962947 4.891958 199.448642
15250 6 0.421184 37.230488 5.054116 239.392183
15300 8 0.383011 39.820897 5.025342 227.577296
15350 9 0.165917 39.771178 4.716481 249.752886
15400 10 0.295687 37.024149 4.613620 241.685048
15450 12 0.400191 39.266642 4.364665 200.759850
15500 13 0.355983 38.779518 4.303051 258.646965
15550 5 0.316364 39.474970 4.753125 265.969528
15600 4 0.075372 36.130165 5.075731 180.580468
15650 4 0.273610 35.826608 4.963684 160.680656
15700 4 0.269000 37.179670 4.848840 181.681502
15750 2 0.343597 35.150039 4.957211 251.790408
15800 5 0.260250 31.674380 5.384811 179.522609
15850 4 0.425429 37.326168 5.195097 215.693856
15900 6 0.149808 36.176491 5.217552 231.454463
15950 5 0.204057 36.811179 4.959292 186.753509
16000 2 0.471725 35.567235 5.097381 192.851560
16050 3 0.608193 34.743928 4.767695 227.124206
16100 4 0.998044 33.209253 4.870867 234.993938
16150 2 0.761723 33.308923 5.060097 177.762440
16200 9 0.092100 32.811149 5.088589 194.506145
16250 4 0.193625 31.673301 5.127747 192.695789
16300 9 0.152965 31.195010 4.866355 193.435460
16350 7 0.219044 29.868745 4.812529 202.873252
16400 11 0.185067 30.368025 4.841323 205.316547
16450 3 0.141833 32.601582 5.044383 206.637271
16500 1 0.106830 32.477709 5.044383 206.637271
16550 6 0.146668 32.584715 5.229656 205.455347
16600 2 0.527423 34.234098 5.237314 210.773782
16650 3 0.555626 34.407378 4.721642 211.580826
16700 4 0.357568 33.441716 4.705615 214.240191
16750 6 0.491748 31.717702 4.708426 213.612840
16800 4 0.524704 32.545651 4.639889 212.624459
16850 11 0.183855 28.840077 4.639889 212.624459
16900 10 0.393320 24.294647 4.682471 212.968402
16950 5 0.182328 28.256938 4.682471 212.968402
17000 5 0.563705 30.054602 4.623736 211.843230
17050 4 0.556925 30.347713 4.623736 211.843230
17100 3 0.464565 29.866114 4.674709 215.233415
17150 5 0.506409 29.452961 4.674709 215.233415
17200 1 0.384304 31.012382 4.886371 210.711312
17250 1 0.621134 27.403911 4.841045 207.559323
17300 2 0.515834 25.565956 4.817468 210.924967
17350 5 0.508977 23.439782 4.827023 210.657066
17400 3 0.447176 21.239190 4.859430 210.328090
17450 2 0.457314 22.002405 4.891241 210.707702
17500 5 0.512519 27.840355 5.162887 216.718228
17550 6 0.217561 23.253258 4.681029 231.968737
17600 11 0.424221 25.396711 4.494938 208.200398
17650 5 0.383507 25.913778 4.405811 166.849833
17700 5 0.304819 28.956761 4.771966 204.195741
17750 2 0.752763 24.529964 5.116922 228.400194
17800 3 0.564195 20.375872 4.996622 242.448913
17850 3 0.602173 25.071048 4.680678 216.699463
17900 3 0.851005 22.186790 4.873028 212.859588
17950 1 0.717331 22.388034 4.875202 167.660266
18000 3 0.416800 24.065636 5.064457 191.647425
18050 6 0.072158 24.118387 5.193962 215.771792
18100 10 0.372482 23.794874 5.012938 154.401122
18150 3 0.475316 25.769828 5.291527 164.445994
18200 8 0.528562 22.935979 4.643910 211.350593
18250 2 0.232667 21.625421 5.226468 156.434864
18300 3 0.283424 19.619112 4.996289 172.633594
18350 5 0.901310 22.567002 4.648787 163.019551
18400 4 0.463377 22.909119 4.864731 271.908253
18450 4 0.629667 26.088304 5.078258 209.776895
18500 2 0.528140 25.739690 5.072314 201.170774
18550 2 0.429332 26.007954 5.581931 195.768611
18600 2 0.804642 26.936320 5.184273 197.297012
18650 1 0.797794 24.559328 5.162542 244.749079
18700 3 0.496279 26.331100 5.107878 178.394339
18750 4 0.782896 29.050060 4.901799 211.605836
18800 1 0.796212 25.549151 4.735341 154.254476
18850 1 0.676572 26.301904 5.178039 169.442572
18900 4 0.688844 23.364016 4.897714 206.620075
18950 2 0.706717 26.476423 5.010246 178.900370
19000 8 0.511883 22.699038 4.702014 179.127061
19050 5 0.692472 25.297624 4.617613 189.809497
19100 6 0.584424 21.938107 4.818277 209.650315
19150 6 0.335173 25.360845 5.149223 225.035734
19200 3 0.475697 25.686932 5.464105 154.295761
19250 4 0.420459 25.202669 4.872913 179.273455
19300 3 0.636933 24.761713 4.914772 196.110702
19350 6 0.641405 19.576079 4.858987 191.324050
19400 1 0.668704 26.304914 4.924472 196.891844
19450 4 0.611558 23.309220 4.966259 203.974541
19500 5 0.167619 22.106837 4.944424 211.916299
19550 3 0.123642 24.432509 4.803095 255.946711
19600 5 0.295508 19.720246 4.823488 168.650181
19650 2 0.640651 24.650770 4.670359 215.428056
19700 3 0.533140 23.742521 4.574293 260.879553
19750 5 0.452672 25.003577 5.059739 237.970789
19800 7 0.613057 23.071610 4.646701 154.526409
19850 12 0.457581 21.578246 4.398389 119.627881
19900 10 0.006238 23.048609 5.152002 183.428319
19950 8 0.250961 27.047307 4.701445 167.907402
20000 10 0.237196 28.474280 4.869569 203.069410
20050 26 0.109105 27.858211 4.696634 176.625660
20100 17 0.031992 26.530008 4.929731 164.648405
20150 7 0.098693 29.147437 4.930448 222.682765
20200 7 0.098908 29.364820 5.109678 191.534818
20250 6 0.103746 27.663279 5.403216 179.860373
20300 3 0.689807 26.400849 4.930510 219.422890
20350 2 0.581753 24.119657 5.210005 217.095588
20400 4 0.586237 24.692068 4.908108 212.307351
20450 3 0.554303 25.865872 4.751600 210.718705
20500 5 0.569754 19.929470 4.751600 210.718705
20550 2 0.520543 24.104017 5.336712 209.513523
20600 3 0.573105 24.621130 4.887626 211.069268
20650 4 0.738138 26.520895 4.464005 214.359024
20700 7 0.374500 24.236964 4.488434 208.031157
20750 6 0.565861 27.984409 4.612339 218.158110
20800 2 0.483900 26.625216 4.823134 185.472552
20850 2 0.495391 27.495426 5.238217 202.484116
20900 1 0.454180 24.885330 5.159400 254.116197
20950 3 0.373071 22.538224 5.250564 199.300682
21000 1 0.680013 24.386964 5.474722 162.195240
21050 3 0.513013 19.078740 4.744411 195.240337
21100 1 0.394751 20.977831 4.996741 220.931433
21150 2 0.376039 20.032228 5.406134 176.474868
21200 3 0.519421 18.731352 4.883253 172.926895
21250 1 0.486622 19.560979 5.101606 202.136693
21300 1 0.621587 20.985003 5.031748 211.065883
21350 2 0.629927 19.295007 5.189615 225.361302
21400 1 0.606198 21.452917 5.321251 210.907238
21450 2 0.696890 23.081693 4.870841 232.468269
21500 5 0.372718 18.095726 5.009927 200.396969
21550 3 0.568754 18.139210 5.047382 189.562022
21600 2 0.591230 19.829766 5.319154 180.403781
21650 2 0.702972 20.003037 4.783338 181.337753
21700 1 0.648125 17.641970 4.991767 187.987361
21750 1 0.594579 17.999816 4.619440 246.694432
21800 4 0.479127 13.316469 4.961438 184.838710
21850 1 0.546324 10.658153 5.099978 239.337361
21900 2 0.753031 14.312192 4.992557 160.016593
21950 3 0.676787 15.623889 4.872103 163.313129
22000 2 0.676016 15.064008 5.214889 146.043600
22050 3 0.770502 15.611979 5.058505 231.747784
22100 2 0.669726 15.031397 5.075794 149.724757
22150 2 0.565526 10.835709 5.202336 166.053778
22200 4 0.497812 8.092215 4.970697 158.777607
22250 2 0.585901 9.638014 4.877288 210.898926
22300 1 0.693386 10.617965 5.065940 221.260778
22350 2 0.618983 12.772091 4.954003 173.217918
22400 9 0.331880 12.367024 4.940706 232.398206
22450 1 0.486253 12.652279 5.409502 214.646253
22500 4 0.670745 15.402779 4.406319 232.382947
22550 5 0.547928 16.849987 5.070756 199.416080
22600 2 0.779610 12.740168 5.184030 193.903287
22650 6 0.752377 14.707490 4.799136 175.751375
22700 6 0.665714 13.497975 4.806442 185.619824
22750 4 0.575928 14.257115 5.156831 183.786173
22800 1 0.511393 14.364537 4.925962 188.223436
22850 5 0.390401 10.931457 4.907102 196.700779
22900 5 0.463102 9.790727 4.964176 197.967932
22950 4 0.530031 13.908521 4.736318 219.753218
23000 2 0.530047 12.195281 4.866369 201.035764
23050 1 0.649746 13.833200 4.938532 227.414372
23100 3 0.718334 12.151374 4.786463 229.907041
23150 3 0.729990 15.382078 5.085670 223.227294
23200 2 0.703322 17.053720 5.213264 182.553083
23250 5 0.715986 10.199668 4.638285 166.721972
23300 2 0.658520 14.543234 4.991642 171.576897
23350 6 0.724795 19.132571 4.291366 203.268909
23400 4 0.714637 22.829178 4.671247 205.067201
23450 1 0.554128 20.953254 4.945785 183.340597
23500 5 0.814706 20.990110 4.585817 119.891741
23550 4 0.491415 22.803924 5.015279 171.719126
23600 1 0.746935 18.398976 5.394275 195.069375
23650 4 0.925574 18.418300 4.908895 174.621617
23700 1 0.500930 13.473485 5.718306 172.047228
23750 4 0.252874 15.144100 5.159722 128.207699
23800 2 0.381356 17.170875 4.986843 203.024780
23850 1 0.455030 21.578610 5.153289 233.339175
23900 4 0.371790 20.014833 5.214303 212.039504
23950 2 0.317151 19.645600 5.273202 192.479302
24000 4 0.369544 17.270070 5.108322 213.767725
24050 1 0.332774 18.955692 5.108322 213.767725
24100 2 0.520741 20.672075 5.187945 222.426044
24150 3 0.538431 22.317804 4.996708 217.947213
24200 1 0.461302 23.484007 5.217645 212.762027
24250 1 0.563922 19.125506 5.241808 201.708242
24300 2 0.347390 19.470718 5.163840 205.198999
24350 5 0.427874 23.092848 5.133344 191.606868
24400 3 0.678963 20.626215 5.349804 220.898302
24450 4 1.072264 18.127433 4.710442 155.049122
24500 6 1.041159 20.362041 4.763189 157.142283
24550 1 0.638424 18.174128 5.181134 280.543265
24600 7 0.742125 23.212631 4.834433 111.607959
24650 4 0.443513 19.051509 4.923587 241.947220
24700 3 0.584882 20.778913 4.807101 160.397390
24750 2 1.083188 20.922257 4.894176 194.947403
24800 7 0.525989 19.764556 4.949466 215.877328
24850 5 0.494146 17.004008 5.036604 193.000401
24900 3 0.577909 19.661141 4.665340 164.475260
24950 7 0.509365 14.139638 4.830463 196.760986
25000 8 0.475989 17.514787 4.675247 207.697230
25050 5 0.633934 13.031023 4.698655 231.252983
25100 3 0.770149 16.278310 5.111800 189.765683
25150 1 0.762231 18.567721 5.106107 138.368142
25200 4 0.294308 21.660171 4.973805 216.320455
25250 3 0.170787 21.200508 5.182894 200.106494
25300 1 0.331576 15.083082 5.008121 171.853193
25350 8 0.546578 18.015383 4.572694 243.193235
25400 4 0.473636 18.804716 4.925608 211.911318
25450 4 0.379810 19.483139 5.057280 191.462752
25500 3 0.307976 19.616731 4.981675 197.768813
25550 4 0.338047 18.285894 5.145570 197.512663
25600 4 0.312065 16.111451 5.475202 181.068313
25650 4 0.508221 14.984011 5.153208 199.431897
25700 4 0.298339 15.186290 5.056734 156.618923
25750 5 0.302642 14.829952 5.153892 176.458962
25800 2 0.489840 17.580262 4.889902 172.915969
25850 6 0.391570 17.115982 4.704107 144.356282
25900 4 0.561486 16.692170 4.988512 202.587348
25950 7 0.285974 18.651745 4.957938 204.913312
26000 8 0.249524 16.989744 4.786847 214.400979
26050 10 0.076133 17.702968 4.720956 207.432415
26100 10 0.081653 19.791090 5.024153 208.466061
26150 5 0.253888 23.034923 4.949249 234.944762
26200 12 0.117034 19.264994 4.679945 209.702978
26250 13 0.044873 14.178161 4.603524 245.084218
26300 5 0.129478 21.416043 4.823331 322.788624
26350 9 0.356669 21.358425 4.873289 207.765309
26400 10 0.289996 21.205244 4.646810 194.375674
26450 7 0.375606 23.511082 4.635597 218.411653
26500 5 0.407062 19.099219 4.979343 213.343600
26550 13 0.058372 21.521985 5.337244 183.839280
26600 11 0.296647 16.401501 4.567586 181.485661
26650 12 0.359009 18.702710 4.656449 221.622787
26700 4 0.335081 17.233288 4.973583 173.411553
26750 12 0.305653 21.409776 4.646242 240.479868
26800 15 0.317277 19.187765 4.661001 108.458468
26850 18 0.363834 18.513556 4.199501 166.570845
26900 12 0.383900 19.564935 4.354328 277.147163
26950 7 0.500889 18.407267 4.852203 233.462956
27000 7 0.570148 20.107850 5.038863 203.174071
27050 17 0.211874 17.460507 4.532110 145.748626
27100 8 0.156355 17.475313 5.182238 167.529904
27150 6 0.711238 17.816249 4.908089 165.579318
27200 6 0.355622 20.223826 4.536063 234.937208
27250 4 0.460880 19.988998 4.992838 223.139786
27300 3 0.297949 19.996306 5.427593 182.104216
27350 3 0.203695 19.496233 5.262588 215.645101
27400 4 0.546642 19.860497 5.172400 193.424918
27450 1 0.376436 17.304702 5.386203 194.382188
27500 1 0.413951 15.636497 5.036985 213.396421
27550 6 0.426371 14.630275 4.630285 226.469246
27600 2 0.424894 16.960229 5.123713 213.253479
27650 5 0.322454 16.421442 4.960710 194.628776
27700 3 0.578145 20.189859 5.361181 230.655300
27750 5 0.556958 18.982760 4.740169 190.563756
27800 3 0.469910 19.461499 4.614663 178.139428
27850 5 0.428418 20.404656 4.844227 186.033594
27900 2 0.301745 20.958830 4.863097 187.826917
27950 1 0.530641 19.375280 4.961404 206.871421
28000 6 0.315902 22.717546 4.764232 191.176687
28050 6 0.436579 19.924051 4.466588 194.852245
28100 4 0.713752 18.272739 4.998436 193.939295
28150 7 0.712000 15.019909 4.647717 147.217633
28200 6 0.636094 17.422187 4.468156 174.693865
28250 7 0.742372 17.438694 4.545501 177.703624
28300 9 0.472337 18.352093 4.417171 199.128081
28350 11 0.405961 19.023749 4.312247 204.074129
28400 13 0.392865 20.992266 4.263868 201.425791
28450 9 0.658590 21.548222 4.258398 198.959045
28500 9 0.644127 20.732104 4.416855 202.948517
28550 9 0.407610 24.193381 4.416855 202.948517
