0 9 2.830000 24.210000 3.700000 47.000000 1.019793 4.917565 
50 12 2.878273 23.644601 3.726861 40.980516 0.408906 8.430281 
100 12 2.570076 24.296175 3.746077 49.586766 0.399937 2.575939 
150 12 2.501744 23.477762 3.753240 45.805023 0.356029 5.299926 
200 14 2.476477 22.659337 3.796865 39.461464 0.206475 6.151261 
250 10 2.472180 24.714104 3.831429 51.492813 0.338159 3.357023 
300 12 2.444687 23.881433 3.775372 53.208583 0.337508 1.313013 
350 12 2.398846 23.474525 3.826219 49.700494 0.328131 1.483925 
400 10 2.433749 24.189604 3.679841 47.271710 0.406414 0.487155 
450 13 2.315689 25.031702 3.744265 59.330771 0.246406 0.320744 
500 13 2.182464 23.467766 3.773544 43.631693 0.173993 0.588417 
550 13 2.294950 24.105923 3.849055 50.342799 0.324078 1.382995 
600 16 2.179171 23.300260 3.832751 45.146777 0.252068 8.621991 
650 10 2.142671 23.546711 3.827419 59.768906 0.308638 10.531547 
700 17 1.903703 24.438525 3.839314 54.716259 0.458483 11.755593 
750 13 2.009954 24.450668 3.840571 55.690098 0.291054 4.275073 
800 12 2.124674 24.648357 3.840571 55.690098 0.333831 3.076057 
850 11 2.136031 23.507447 3.815231 55.762511 0.480872 4.276246 
900 13 1.847824 23.077302 3.815231 55.762511 0.295191 5.063807 
950 15 1.710603 23.922587 3.786382 50.986242 0.278843 1.555046 
1000 13 1.849566 24.077081 3.879087 67.697732 0.330313 1.716307 
1050 14 1.663841 24.641379 3.847247 49.016828 0.379823 2.391326 
1100 13 1.893982 23.909302 3.855723 67.348736 0.296576 3.221628 
1150 10 1.739105 23.281252 3.878885 66.032092 0.351428 1.940778 
1200 12 1.418100 24.323517 3.986975 51.436894 0.323264 1.999890 
1250 15 1.411055 23.589299 3.932687 47.029858 0.293214 2.473908 
1300 12 1.502517 22.924875 3.813140 67.774523 0.338961 2.588788 
1350 10 1.627540 24.226529 3.841355 51.207468 0.239646 3.616168 
1400 15 1.482029 24.549305 3.618756 58.301908 0.238771 6.562847 
1450 13 1.493328 21.574582 3.717180 59.066203 0.277363 9.521061 
1500 13 1.594473 21.158481 3.686986 62.464981 0.248241 7.619431 
1550 11 1.305644 21.845108 3.673668 64.804556 0.309260 5.098626 
1600 13 1.489101 22.408438 3.817299 53.665695 0.252830 5.610283 
1650 14 1.299802 23.646188 3.775049 65.809028 0.322935 4.735330 
1700 14 1.552217 23.269930 3.819080 52.292393 0.407333 1.732481 
1750 12 1.513277 23.080119 3.784975 68.023813 0.306706 2.431410 
1800 13 1.397628 23.550801 3.917862 55.924173 0.223086 4.257456 
1850 11 1.722861 24.474391 4.014827 49.143490 0.279113 5.054280 
1900 12 1.683987 24.911160 4.061031 62.959316 0.256468 7.145007 
1950 10 1.737530 25.182079 3.979112 50.105623 0.228252 3.524757 
2000 12 1.749255 24.400226 4.038929 41.046135 0.163509 0.872852 
2050 12 1.865069 24.214089 3.994711 49.937660 0.245980 1.314695 
2100 12 1.819301 24.064821 4.186617 52.625199 0.167261 2.385848 
2150 12 1.831496 24.211913 4.315143 36.528310 0.129014 3.295746 
2200 12 1.703573 24.691619 4.391704 34.855825 0.137693 2.433890 
2250 14 1.598599 24.846997 4.339832 50.744529 0.166097 3.745950 
2300 14 1.607099 25.005046 4.345592 44.537698 0.195061 5.297460 
2350 12 1.591949 25.969916 4.197675 53.274155 0.217321 19.224394 
2400 13 1.658157 26.063827 4.218200 54.295805 0.264218 17.479203 
2450 14 1.790464 26.555119 4.114429 49.072859 0.239313 16.596889 
2500 16 1.594137 26.872317 3.880244 61.532155 0.262415 6.004780 
2550 11 1.881976 28.437122 3.893969 55.353343 0.193550 7.683522 
2600 14 1.768134 26.515093 3.694110 47.791370 0.272474 5.197385 
2650 14 1.679565 25.758965 3.812505 45.523633 0.216384 13.979884 
2700 13 1.790278 23.744820 3.961458 48.004048 0.224192 11.420777 
2750 12 1.363694 25.576756 3.856632 76.985738 0.193666 11.325982 
2800 14 1.167234 25.073143 4.065285 53.517299 0.203655 11.872408 
2850 13 1.319878 24.674130 3.829286 55.231059 0.222062 21.623743 
2900 12 1.227561 24.490657 3.783970 66.979096 0.219883 26.366948 
2950 13 1.196979 26.275838 3.991672 60.288043 0.167972 28.179880 
3000 13 1.135494 24.331517 4.003100 58.750228 0.267729 33.459513 
3050 13 1.345289 27.819881 4.228408 60.301570 0.340233 23.920514 
3100 12 1.243655 27.834512 4.169602 51.575457 0.192477 30.084274 
3150 14 1.255959 26.531057 4.259425 47.773544 0.183257 17.069714 
3200 11 1.290865 27.016360 4.327977 36.128450 0.358244 48.524522 
3250 11 1.133896 23.957539 4.051686 61.283443 0.297118 92.146527 
3300 13 1.084012 25.157152 4.130385 58.729637 0.202646 55.881537 
3350 13 0.936964 25.989956 4.142136 83.581528 0.273870 93.517150 
3400 12 0.881763 25.398836 4.180037 71.899886 0.581566 81.200519 
3450 12 0.941443 26.920878 4.212967 70.284828 0.289174 111.680763 
3500 14 0.809721 25.753697 4.159643 66.871059 0.276425 56.142488 
3550 11 0.784826 24.572114 4.165106 64.237058 0.217101 59.999114 
3600 11 0.769238 28.729861 4.149429 57.765240 0.328988 51.423682 
3650 14 0.802311 26.436085 4.154406 60.727487 0.261614 54.182682 
3700 12 0.875655 25.614375 4.143866 67.659956 0.316821 57.313632 
3750 14 0.783500 25.137434 4.163803 81.705257 0.410474 57.642530 
3800 18 1.033327 23.630114 4.204721 62.450008 0.336685 83.770733 
3850 12 0.986380 24.224217 4.179493 85.950597 0.297822 137.055575 
3900 14 0.974828 25.376669 4.273044 34.291848 0.400906 224.483681 
3950 12 1.398033 24.341158 4.290152 44.680619 0.256341 1056.258559 
4000 14 1.377731 24.135483 4.256320 46.737113 0.211025 1980.546987 
4050 11 1.233717 24.005048 4.263240 47.750408 0.260362 364.020560 
4100 13 0.753275 24.000859 4.285857 47.098048 0.203408 101.368868 
4150 14 0.649732 22.857919 4.325583 59.983963 0.206502 94.067210 
4200 15 0.739671 22.966493 4.366326 64.748721 0.199132 104.996866 
4250 14 0.795234 25.414392 4.396115 68.164312 0.206536 210.691107 
4300 15 0.706966 21.632794 4.287740 63.495433 0.181277 364.074407 
4350 13 0.750194 25.659897 4.452656 60.912693 0.189163 350.128545 
4400 11 0.701242 27.104863 4.426023 40.379021 0.203141 196.132788 
4450 13 0.683828 29.232092 4.367602 58.349990 0.115664 195.400244 
4500 11 0.659222 28.421486 4.401989 53.163546 0.121694 271.761699 
4550 13 0.645070 28.541290 4.387926 55.160157 0.211149 144.300009 
4600 14 0.759193 27.310854 4.572505 45.439659 0.233265 112.044971 
4650 12 0.667227 26.020810 4.573790 44.327414 0.215403 96.755601 
4700 15 0.573672 26.145914 4.506055 61.343480 0.102428 113.690548 
4750 13 0.574418 28.967000 4.613117 46.695354 0.197324 46.382761 
4800 12 0.683650 27.463671 5.057367 40.670370 0.178806 104.748111 
4850 14 0.622241 27.574348 4.633255 54.429497 0.282602 243.339387 
4900 11 0.634639 27.871045 4.818594 27.189471 0.150304 353.719889 
4950 14 0.437354 28.110274 4.681150 55.192119 0.242619 760.129456 
5000 16 0.563156 27.629031 4.637840 65.867584 0.373321 303.879271 
5050 11 0.680378 30.483665 4.716039 43.283338 0.268239 420.329126 
5100 12 0.586533 32.390345 4.749826 49.494428 0.268710 923.577305 
5150 14 0.473632 31.914547 4.563553 47.476139 0.316557 813.430281 
5200 12 0.705152 34.211213 4.424004 85.343170 0.558489 920.826053 
5250 14 0.571891 31.971877 4.402016 60.547301 0.473817 736.241032 
5300 14 0.408602 32.156041 4.186247 85.961840 0.506854 971.334346 
5350 12 0.583527 29.111008 4.354069 64.760949 0.609223 1268.774107 
5400 13 0.532519 20.717194 4.635613 48.850311 0.485281 1340.097196 
5450 15 0.784598 23.815997 4.315207 58.829495 0.450978 2850.672277 
5500 14 0.726938 21.506937 4.506002 72.537810 0.422985 1788.626432 
5550 12 1.129820 22.129198 4.384503 37.824201 0.351954 4088.587629 
5600 13 1.290814 20.971197 4.415247 30.661046 0.557701 2652.542258 
5650 13 1.092338 20.409306 4.540382 59.112035 0.534702 5294.300445 
5700 14 0.903861 20.031950 4.910373 7.170271 0.485922 4990.920877 
5750 13 0.761177 18.118086 4.565918 45.535251 0.296501 1685.152603 
5800 12 0.726959 19.371899 4.563410 63.213648 0.248956 1859.098740 
5850 16 0.334065 17.258692 4.665862 41.464395 0.467262 1272.401119 
5900 14 0.477291 19.061198 4.699905 78.206824 0.515137 882.337016 
5950 12 0.341773 20.033067 4.553826 87.267757 0.365343 821.740990 
6000 12 0.537212 20.779152 4.491945 55.133749 0.587475 611.820186 
6050 12 0.583138 20.687091 4.719028 78.635019 0.532564 808.340016 
6100 9 0.749169 18.696907 4.741454 37.368656 0.592247 1036.279770 
6150 14 0.895433 20.489855 4.661141 54.721360 0.520391 2808.539487 
6200 12 0.828564 22.665871 4.641655 42.271671 0.337697 3043.099254 
6250 12 1.039786 25.606390 4.628042 47.526952 0.433633 3303.227708 
6300 15 1.065828 25.604006 4.606731 40.332162 0.331298 1980.415251 
6350 12 1.093118 23.058704 4.392175 56.905936 0.484058 2307.047223 
6400 16 1.000912 25.470623 4.379643 48.020338 0.406036 3862.915625 
6450 15 0.773792 27.239444 4.288466 50.155100 0.460053 1448.533024 
6500 14 0.853475 23.120433 4.417095 53.896727 0.537887 537.601033 
6550 13 0.617623 25.179442 4.273519 52.638448 0.409077 817.977441 
6600 11 0.519431 28.766474 4.632201 26.053757 0.283637 982.590933 
6650 12 0.271850 24.917614 4.616815 53.461566 0.390741 970.459867 
6700 13 0.171190 23.436676 4.614435 55.599667 0.514005 1007.635000 
6750 12 0.066447 24.314954 4.530589 100.062850 0.439746 2029.510228 
6800 12 0.252341 23.391260 4.600471 65.485071 0.574215 4043.627200 
6850 12 0.321680 26.806753 4.709161 36.492520 0.408573 1276.897259 
6900 17 0.314135 23.671961 4.311848 117.083835 0.400932 486.481472 
6950 16 0.296836 28.590481 4.687596 28.938730 0.293667 327.010670 
7000 13 0.282557 24.447553 4.597063 59.098159 0.301177 342.429432 
7050 12 0.248264 30.062209 4.723590 73.916206 0.295118 1354.543995 
7100 13 0.390708 27.688570 4.248385 72.324944 0.336105 565.512248 
7150 14 0.308350 27.044698 4.656873 36.839894 0.416667 1122.029994 
7200 12 0.250398 29.212459 4.736349 35.527919 0.486569 3423.349395 
7250 14 0.471757 26.487452 4.450545 121.974715 0.673623 8945.024193 
7300 11 0.520322 28.281092 4.921928 28.509165 0.337018 16662.638758 
7350 15 0.316187 26.183440 4.669613 45.522233 0.284579 7605.743400 
7400 12 0.433963 27.105702 4.530024 57.914699 0.330518 12045.199292 
7450 15 0.400465 30.533073 4.604912 48.943780 0.380223 12436.820265 
7500 10 0.491839 26.356575 4.696193 62.498624 0.250039 13386.019749 
7550 13 0.603310 30.381112 4.787946 51.468406 0.502120 15610.742574 
7600 13 0.415204 24.749225 4.763274 50.804217 0.331505 16461.497545 
7650 13 0.460975 27.458744 4.555676 56.108428 0.517270 37858.275811 
7700 11 0.458926 31.328431 4.668167 49.890661 0.219567 43209.436550 
7750 15 0.406955 32.659189 5.039858 43.287308 0.619462 45847.618087 
7800 16 0.441434 32.607498 4.554371 89.883722 0.542908 60641.418828 
7850 12 0.556245 34.461140 4.369354 64.433720 0.641255 22146.629450 
7900 14 0.585186 42.307902 5.053289 67.614214 0.642322 21343.655433 
7950 14 0.390717 37.143162 4.645493 46.643561 0.369102 12399.830925 
8000 14 0.313200 37.951612 4.778530 38.438669 0.564809 4666.385395 
8050 14 0.559004 37.653663 4.452689 50.362353 0.425179 12846.784122 
8100 12 0.608031 40.506772 4.615981 70.493028 0.427294 44187.896173 
8150 13 0.696509 39.818718 4.693922 52.711613 0.303511 14147.375634 
8200 13 0.531570 42.923279 4.904371 15.655386 0.599403 7367.739467 
8250 11 0.494248 39.810918 4.759673 42.353348 0.616043 21145.983799 
8300 16 0.490929 43.251421 4.611609 38.543525 0.508122 15008.334653 
8350 14 0.390842 39.460067 4.700225 24.704294 0.605530 18691.676431 
8400 13 0.153059 37.320475 4.596747 91.475184 0.504331 16873.635204 
8450 11 0.226894 34.143178 4.877309 19.089945 0.456254 21265.298618 
8500 10 0.337464 32.214229 4.366027 91.088239 0.516751 10290.174642 
8550 13 0.225558 31.164076 4.679922 106.369812 0.513666 19765.655221 
8600 15 0.359002 35.905322 4.563673 58.917077 0.698084 24518.194656 
8650 14 0.404259 33.982545 4.617358 64.553451 0.578626 11221.872018 
8700 14 0.381943 32.420788 4.755231 45.292987 0.643777 20453.530623 
8750 13 0.466485 25.582929 4.777475 39.847744 0.565590 19705.464346 
8800 12 0.336682 38.518977 4.855211 50.359650 0.390811 10205.461703 
8850 14 0.269087 38.790960 4.670351 29.848675 0.371798 3735.382530 
8900 12 0.178968 41.810434 4.854476 26.908860 0.376974 3060.040686 
8950 16 0.183987 42.195011 4.911353 41.359239 0.361185 4062.469248 
9000 16 0.285437 41.556281 4.681491 74.646991 0.296898 1355.987422 
9050 13 0.017345 42.267573 4.762051 26.002828 0.294548 980.354031 
9100 14 0.038453 46.638762 4.716489 37.428281 0.198472 571.254696 
9150 10 0.165436 43.564701 4.819631 41.687260 0.219948 437.272347 
9200 13 0.336100 47.350730 4.859067 31.313307 0.454145 1301.748284 
9250 13 0.213127 46.355438 4.858635 60.146247 0.441308 582.449122 
9300 11 0.322625 45.733268 4.705361 40.457623 0.644029 785.221721 
9350 14 0.288123 51.438084 4.713192 42.707050 0.291802 476.504969 
9400 12 0.197255 50.230866 4.746954 44.834120 0.262617 228.808727 
9450 14 0.108598 45.732804 4.746954 44.834120 0.224871 309.223905 
9500 12 0.187456 48.621428 4.746954 44.834120 0.261457 414.979364 
9550 13 0.367902 46.810445 4.746954 44.834120 0.330198 393.545107 
9600 12 0.223401 40.315334 4.793017 43.066877 0.384036 566.037874 
9650 12 0.188731 41.888486 4.742141 53.690772 0.564762 914.601501 
9700 12 0.093200 45.968615 4.810788 24.986953 0.715237 1552.677155 
9750 13 0.094961 39.391980 4.614694 89.431730 0.758717 2022.441825 
9800 14 0.291917 33.802709 4.817000 57.082536 0.782760 1023.100832 
9850 13 0.425835 32.165293 4.718186 63.993563 0.661758 462.958448 
9900 14 0.419082 37.843568 4.625500 106.242563 0.527682 698.467960 
9950 17 0.459667 40.284479 4.645110 46.588795 0.439628 583.314821 
10000 9 0.369290 40.503311 4.767893 41.260130 0.652851 459.697641 
10050 15 0.254718 42.957521 4.623086 58.253202 0.307938 577.825664 
10100 15 0.337123 41.740284 4.620782 62.526274 0.344650 1773.255112 
10150 14 0.540694 48.801030 4.565238 41.234615 0.287480 5818.830774 
10200 11 0.622469 48.786387 4.566088 40.455703 0.295534 3946.571312 
10250 15 0.523188 48.962714 4.740391 35.655530 0.280518 2113.520844 
10300 10 0.455625 50.570119 4.402288 106.336494 0.367341 3136.753847 
10350 11 0.420466 38.788215 4.662678 72.223923 0.384936 1272.544844 
10400 14 0.540688 34.806856 4.731048 37.744802 0.641225 2096.574748 
10450 14 0.454988 45.413929 4.741735 67.539245 0.401128 2846.397794 
10500 17 0.488512 50.101910 4.896343 35.712811 0.342043 4149.972453 
10550 13 0.455099 48.052259 4.690027 45.844611 0.633890 1411.554423 
10600 12 0.424608 44.265969 4.657343 52.793433 0.424196 1121.237362 
10650 12 0.820286 48.973785 4.616504 40.712102 0.476726 979.794222 
10700 15 0.752645 49.126524 4.414004 72.105824 0.409785 1313.440646 
10750 12 0.558014 45.943972 4.657705 68.208403 0.491125 1180.956444 
10800 10 0.371385 52.144496 4.772801 78.453103 0.412906 2857.593029 
10850 13 0.231401 49.598516 4.781930 49.570779 0.374501 1275.490101 
10900 15 0.373643 49.214203 4.585004 40.108407 0.901300 791.923652 
10950 12 0.320514 46.866271 5.147481 51.816325 0.275849 483.911075 
11000 14 0.203321 40.781484 4.873473 43.484511 0.259192 497.698518 
11050 13 0.353066 38.280507 4.748741 42.385594 0.501170 661.459837 
11100 12 0.522508 40.929966 4.594036 38.558655 0.678886 2274.141875 
11150 15 0.332351 41.404993 4.612822 41.361992 0.544542 2303.478783 
11200 11 0.461997 39.408676 4.612822 41.361992 0.395042 1898.246329 
11250 13 0.380911 34.462786 4.612822 41.361992 0.591372 5916.785070 
11300 14 0.487309 44.172554 4.612822 41.361992 0.528268 3682.363658 
11350 12 0.628135 38.258784 4.534251 37.946325 0.499011 4200.508954 
11400 12 0.459472 41.840621 4.463964 45.459218 0.195988 4718.864877 
11450 12 0.327034 30.054397 4.604860 56.411281 0.316809 4806.886383 
11500 12 0.311197 30.396679 4.865974 59.065478 0.286283 9823.721867 
11550 15 0.314870 34.177247 5.020547 53.778705 0.322050 19895.636386 
11600 11 0.270277 30.795180 4.808197 61.575249 0.732533 25505.301267 
11650 12 0.404425 30.354741 4.634686 63.933271 0.508477 15380.294390 
11700 11 0.276848 31.554358 4.610100 97.633721 0.573054 8110.074801 
11750 13 0.327870 33.591021 4.701362 76.326222 0.935586 16041.244611 
11800 11 0.326726 24.183662 4.346126 49.550163 0.937067 23105.271529 
11850 14 0.350167 29.076080 4.736974 46.908496 0.859898 9401.746693 
11900 12 0.356846 26.163950 4.757861 29.994254 0.754701 3273.187766 
11950 14 0.388249 32.254629 4.673147 22.885583 0.613811 2288.534066 
12000 14 0.480047 33.168714 4.722139 34.310310 0.701273 4843.870975 
12050 12 0.460255 35.306035 4.738817 50.535241 0.790347 15963.359304 
12100 14 0.381045 26.146910 4.610807 51.122193 0.607739 10769.191236 
12150 15 0.647879 21.579534 4.736277 11.779529 1.005517 8623.213911 
12200 14 0.861717 37.598676 4.155388 57.024771 0.838361 8345.593865 
12250 14 1.044659 35.561035 4.224565 64.353073 0.864510 4992.489581 
12300 11 0.774322 32.725155 4.243919 59.626851 0.401421 2444.022495 
12350 13 0.797558 33.338769 4.073666 122.005490 0.506902 1544.205766 
12400 14 0.986649 32.741120 4.068899 55.410127 0.682961 2688.835043 
12450 14 1.739041 40.548748 4.186321 40.038767 1.235654 2707.103159 
12500 15 2.259074 44.001976 4.425212 5.617889 0.948950 5575.236983 
12550 12 2.070837 49.996286 4.784931 13.797423 0.999392 4175.064157 
12600 13 1.887869 45.762455 4.647039 6.555046 1.215951 14607.420788 
12650 14 1.802567 39.825742 4.276017 26.841800 0.949541 6346.715925 
12700 13 1.460725 36.805088 4.396217 27.853762 0.668787 4257.318985 
12750 11 1.353075 43.678037 4.419756 41.822673 0.402886 4022.678403 
12800 14 1.249849 40.137868 4.356494 42.729224 0.525997 16172.711179 
12850 13 1.203399 39.986568 4.115847 36.029103 1.143126 20788.443926 
12900 13 1.839303 40.954473 4.168220 32.621639 0.669633 5583.804972 
12950 14 1.814568 50.457712 4.230067 44.075200 0.821440 9265.381848 
13000 11 2.362297 29.181978 4.357709 38.398009 0.790452 4000.798544 
13050 14 1.952517 33.376418 4.248936 37.503947 1.002538 9358.732446 
13100 12 2.434565 33.367407 4.248936 37.503947 0.498645 4713.645336 
13150 10 2.481974 38.798281 4.223339 35.950782 0.291516 2199.564892 
13200 15 2.254079 39.155574 3.917186 41.180322 0.469988 3946.328779 
13250 14 2.021713 43.980944 3.899230 51.865387 0.441746 6750.238303 
13300 16 2.350503 52.831355 3.981651 35.495587 0.293300 2596.354715 
13350 14 1.776143 44.714601 4.200759 35.400056 0.258680 6554.893512 
13400 14 1.536643 36.398899 4.121974 53.143520 0.326588 18143.269803 
13450 13 1.537860 36.851968 4.200111 42.105790 0.261968 21922.780454 
13500 14 1.507421 36.694966 4.319570 44.648057 0.297710 54820.920880 
13550 13 1.263943 36.439192 4.230687 44.601311 0.311152 32788.870650 
13600 14 1.258697 30.583977 4.412392 29.175642 0.471778 25987.671931 
13650 15 1.200614 30.506601 4.205226 39.455471 0.424874 14621.601311 
13700 11 1.245634 31.673437 4.194786 30.185478 0.340951 5307.400838 
13750 13 1.335195 40.679771 4.038305 48.411748 0.244265 7526.791315 
13800 16 1.511750 42.759516 4.346472 37.230224 0.641648 1356.220488 
13850 12 1.326657 37.319851 4.213126 18.422500 0.595375 788.728929 
13900 13 1.567712 37.850535 4.308101 30.951654 0.516687 950.168075 
13950 13 1.377402 40.697229 4.211226 35.048081 0.394166 1289.129571 
14000 15 1.283962 39.076611 4.487581 29.958090 0.589836 2088.005629 
14050 11 1.697589 42.804246 4.505773 25.143306 0.481162 2710.707057 
14100 12 1.825420 38.562197 4.130110 56.021626 0.603920 2860.084079 
14150 16 1.720676 37.425727 4.352236 36.744652 0.524912 3562.634413 
14200 16 1.580409 29.849761 4.365537 38.530390 0.429807 1214.557429 
14250 13 0.700189 29.327642 4.291486 43.275023 0.518304 990.921436 
14300 11 0.856188 34.355949 4.609275 17.074874 0.321775 700.378118 
14350 13 0.922952 28.107303 4.687635 22.657475 0.335140 2732.487159 
14400 13 0.287371 26.938639 4.984870 32.384527 0.384099 2984.944556 
14450 15 0.609169 31.022755 4.933846 28.890117 0.497525 9912.789252 
14500 12 0.959943 37.467824 4.762033 27.119755 0.455986 17282.386663 
14550 14 1.025975 32.334511 4.649504 36.848379 0.335734 12720.957104 
14600 15 1.348266 36.716977 4.465159 22.158788 0.415526 10287.035595 
14650 16 1.090586 31.863720 4.607654 17.351200 0.344151 6755.290252 
14700 13 1.095011 33.033844 4.460479 57.021082 0.312625 4672.950844 
14750 13 1.038100 26.597404 4.401254 56.208661 0.339705 4178.008392 
14800 13 1.042382 32.746707 4.436430 52.155083 0.501180 3817.902150 
14850 13 0.900501 23.904634 4.489806 45.518265 0.371313 5643.038048 
14900 12 0.659996 28.273862 4.494502 44.274679 0.527657 9143.001327 
14950 11 0.687519 24.734587 4.529454 63.528434 0.492540 3153.790244 
15000 16 0.810048 24.198225 4.347232 54.163047 0.647874 2397.957492 
15050 11 0.737018 27.012519 4.503145 64.555796 0.576109 2734.515013 
15100 16 0.846689 25.821244 4.312748 31.407964 0.553001 8063.351221 
15150 12 0.856069 27.854890 4.393680 54.390378 0.612314 15420.947930 
15200 15 0.957996 28.473558 4.259113 44.460139 0.238560 8153.904459 
15250 12 0.919514 27.417039 4.337483 51.216871 0.227123 12111.040899 
15300 13 0.855538 25.161525 4.337483 51.216871 0.664405 7171.175046 
15350 10 1.075543 23.937708 4.318646 36.214272 0.672360 11164.240604 
15400 15 1.091922 22.649856 4.287848 57.049176 0.872655 5829.213390 
15450 16 0.974997 21.866930 4.253462 39.608201 0.815508 2002.699125 
15500 10 0.986499 23.022922 4.197200 77.429414 0.896993 924.010606 
15550 11 1.122765 23.999217 4.368816 23.087115 0.451339 469.321414 
15600 12 1.170561 25.154173 4.397210 55.918365 0.556745 615.743331 
15650 14 1.574076 27.355708 4.309277 34.887900 0.288908 537.038760 
15700 14 0.998760 24.746202 4.380685 49.999862 0.480624 643.919849 
15750 11 0.801970 24.271838 4.329749 77.462290 0.257425 761.545070 
15800 14 1.246074 25.569149 4.520025 42.480843 0.374445 996.338430 
15850 14 1.490476 24.853361 4.234173 48.535464 0.345072 723.935630 
15900 15 1.140229 25.039412 4.252415 39.566192 0.442592 1744.945167 
15950 13 1.580559 23.505978 4.406998 35.212153 0.366190 959.553565 
16000 13 1.432712 23.355970 4.443591 35.827062 0.314563 798.927153 
16050 12 1.357838 22.605026 4.394840 45.355025 0.222411 1053.497345 
16100 13 1.412320 22.456686 4.291117 36.274831 0.273896 3241.616476 
16150 16 1.434270 23.904652 4.247608 37.621071 0.295173 6894.465063 
16200 11 1.046212 25.878840 4.300313 37.626543 0.464002 7407.436603 
16250 12 1.114706 24.927069 4.300313 37.626543 0.454316 1722.748033 
16300 14 0.613532 26.304833 4.300313 37.626543 0.484076 898.238215 
16350 13 1.173345 25.600294 4.300313 37.626543 0.591649 725.037090 
16400 13 1.190522 24.799630 4.300313 37.626543 0.558975 1089.690358 
16450 12 0.966633 25.012397 4.266739 38.801567 0.283250 1410.263394 
16500 12 1.065706 23.478545 4.258021 39.449242 0.342432 1237.265347 
16550 13 0.929982 22.616796 4.258021 39.449242 0.338740 1770.625424 
16600 14 1.070030 25.462759 4.433087 38.798204 0.402861 2635.118321 
16650 12 1.149847 26.628273 4.433087 38.798204 0.305814 1840.158071 
16700 11 0.618851 25.443700 4.435851 38.738240 0.346232 3756.860962 
16750 12 1.034531 23.168731 4.435851 38.738240 0.343922 2558.627633 
16800 11 1.245455 23.871735 4.435851 38.738240 0.245077 1015.985715 
16850 13 1.003184 24.785953 4.503674 38.282099 0.388410 1455.149865 
16900 14 1.204658 25.722221 4.517420 38.248281 0.420067 1576.046648 
16950 12 0.931302 24.557701 4.517420 38.248281 0.402819 3572.624791 
17000 16 1.207062 26.498347 4.553681 38.154021 0.305027 2243.940511 
17050 13 1.157674 26.021128 4.480966 37.819292 0.243688 3001.113254 
17100 16 1.035187 27.979580 4.379076 38.927312 0.244296 4599.615577 
17150 14 1.146541 29.105354 4.430598 35.953426 0.323007 2216.518438 
17200 9 1.094297 33.307612 4.524912 34.699188 0.254951 3016.014608 
17250 16 1.115733 30.874962 4.360330 30.053260 0.248410 1121.691133 
17300 17 1.105723 33.149705 4.405508 32.792041 0.187704 2787.518322 
17350 15 0.981062 33.566559 4.397493 33.055293 0.407646 3744.414649 
17400 13 0.924188 34.878700 4.526007 35.146994 0.303863 2530.386067 
17450 11 0.965394 35.016942 4.489700 36.904412 0.278247 2868.756875 
17500 15 0.915033 41.775474 4.625120 30.346716 0.313041 1417.423815 
17550 14 0.808339 40.555971 4.430111 42.021443 0.736382 2498.675526 
17600 14 0.669430 39.254752 4.512319 44.382523 0.950875 4352.387774 
17650 16 0.998038 36.981094 4.606971 33.561325 0.531271 5548.917712 
17700 12 0.876331 32.015437 4.603849 42.803996 0.361531 3347.900375 
17750 15 0.551697 36.260221 4.734682 19.763245 0.249697 812.858686 
17800 11 0.654104 30.249578 4.596859 37.591845 0.374119 724.276842 
17850 14 0.662456 26.757636 4.570212 50.808705 0.299840 401.652248 
17900 13 0.764357 24.172229 4.400697 40.080855 0.203383 356.766857 
17950 14 0.602472 25.821026 4.198919 80.451348 0.238698 547.663458 
18000 12 0.481890 21.000696 4.491710 42.012264 0.511117 259.754146 
18050 14 0.560453 23.334074 4.459508 68.690324 0.448777 214.617051 
18100 16 0.822487 22.031379 4.280085 49.022784 0.588646 345.567544 
18150 15 0.656663 33.585067 4.344849 54.292633 0.686593 548.123705 
18200 14 1.037565 28.873636 4.428361 60.379016 0.519672 256.649643 
18250 13 1.210265 17.491858 4.322103 42.000847 0.259421 93.013085 
18300 10 1.284563 27.029385 4.523643 50.041964 0.258490 72.860233 
18350 12 1.275583 29.609160 4.533538 45.406238 0.310543 174.067073 
18400 10 1.193522 24.604744 4.282967 66.340019 0.365610 201.980850 
18450 12 0.982583 23.681499 4.221164 82.061130 0.282891 454.535073 
18500 13 0.972467 31.414711 4.129868 71.951854 0.233975 133.335768 
18550 11 0.952763 27.893638 4.416445 50.254875 0.301753 61.711010 
18600 15 0.819082 32.047725 4.940440 27.371611 0.208125 94.380541 
18650 12 0.714569 32.319350 4.592126 74.322548 0.170369 65.319497 
18700 15 0.843104 31.823949 4.820919 11.042990 0.250365 142.333221 
18750 12 0.888282 35.585306 4.545467 69.111540 0.268495 123.155759 
18800 12 1.054940 28.523932 4.268233 52.889507 0.232347 125.765850 
18850 12 1.000244 24.044198 4.459721 64.066672 0.209827 135.179243 
18900 9 0.909466 27.170249 4.576812 66.934307 0.299053 152.290031 
18950 13 0.923477 32.514811 4.527254 44.274853 0.393057 286.162709 
19000 13 0.847916 34.658657 4.614292 45.024745 0.495562 424.980302 
19050 13 0.828732 31.875959 4.376517 80.936607 0.550730 466.793235 
19100 12 0.755355 33.010614 4.481202 77.386038 0.498928 522.608950 
19150 16 0.928870 28.410571 4.492659 35.745081 0.624901 593.602287 
19200 13 0.521300 37.368142 4.416822 50.681510 0.567628 249.930203 
19250 11 0.857029 37.178098 4.459818 65.467163 0.301350 160.705303 
19300 16 0.597639 39.089827 4.425445 62.028377 0.295396 513.390353 
19350 10 0.749630 31.750216 4.451257 76.183545 0.514083 729.030691 
19400 12 0.526588 33.247153 4.410846 55.480855 0.416701 620.140526 
19450 9 0.788579 38.219764 4.375954 58.126228 0.434568 335.839962 
19500 13 0.548597 37.917997 4.487889 54.993570 0.423763 920.654465 
19550 12 0.496394 36.359011 4.548874 62.606349 0.427218 1428.040741 
19600 15 0.390151 29.530050 4.592489 34.065769 0.513518 1026.335654 
19650 14 0.446238 30.961397 4.625557 54.933414 0.262718 1877.675059 
19700 15 0.473821 31.642301 4.656062 20.598015 0.221227 2588.898349 
19750 13 0.271555 26.131499 4.792385 25.823836 0.374265 1681.725302 
19800 10 0.119100 27.080700 4.901840 44.079405 0.750661 1493.956230 
19850 11 0.165819 29.198776 4.784603 54.274096 1.159184 3403.883823 
19900 12 0.265546 26.839298 4.831545 61.331999 1.028945 3549.773758 
19950 11 0.193471 33.394283 4.753417 49.501149 0.918148 1483.917739 
20000 10 0.141194 34.034451 4.809471 52.783920 0.783981 2465.366553 
20050 13 0.061424 28.676743 4.746555 72.339633 1.133760 2350.800302 
20100 14 0.106997 27.878500 4.850987 38.423811 0.879333 2984.141005 
20150 14 0.404325 24.670119 4.619245 74.216535 0.554133 977.629939 
20200 11 0.446234 31.661576 4.588965 63.161515 0.569928 949.728313 
20250 12 0.296895 33.471284 4.642027 57.468280 0.478946 529.982100 
20300 14 0.358033 23.427822 4.933927 51.387085 0.260293 1276.853261 
20350 10 0.309644 24.941896 5.079074 21.857365 0.217113 1351.137751 
20400 14 0.366438 30.088961 4.891921 25.706656 0.265088 1814.221682 
20450 12 0.298217 31.640251 4.982034 35.040437 0.247950 2841.939076 
20500 14 0.186455 29.140932 4.827438 30.190616 0.443793 4327.149109 
20550 13 0.133779 27.509677 4.824917 39.285210 0.203863 5948.974742 
20600 10 0.116182 25.718606 4.951235 37.201703 0.483299 6681.653500 
20650 14 0.209376 27.265885 4.890304 71.077532 0.321110 3772.595565 
20700 15 0.108711 28.097282 4.763681 95.034739 0.356654 4620.179621 
20750 13 0.149013 37.398580 4.882620 32.352851 0.347417 7744.674107 
20800 12 0.199847 28.673029 4.778662 69.271047 0.248041 3328.522959 
20850 13 0.111699 35.618137 4.863436 23.698601 0.362743 1829.189590 
20900 12 0.147007 32.389970 4.810764 55.531149 0.366698 1684.872016 
20950 14 0.151527 29.220754 4.851084 69.774144 0.431470 1662.841095 
21000 13 0.258134 27.404251 4.916402 34.923926 0.332452 1183.793683 
21050 13 0.454352 26.560079 4.817034 53.556028 0.213005 907.371139 
21100 13 0.553895 23.712544 4.543151 83.141786 0.232242 415.914817 
21150 13 0.344598 34.552168 4.854375 39.390384 0.183513 577.118652 
21200 13 0.214445 38.013407 4.841739 49.526394 0.187111 287.499074 
21250 13 0.250977 34.342049 4.799525 50.511892 0.166101 209.502628 
21300 15 0.247198 32.030849 4.713911 46.737217 0.261157 233.300608 
21350 14 0.209045 36.469783 4.723547 25.733370 0.213924 164.287172 
21400 12 0.236228 33.346904 4.766634 61.677879 0.175801 50.017625 
21450 13 0.231976 24.550794 4.738637 35.024108 0.368804 47.761245 
21500 12 0.178067 26.993693 4.634476 52.928230 0.398280 58.745588 
21550 12 0.376816 25.252279 4.589085 87.999415 0.296602 54.088847 
21600 14 0.472683 21.031897 4.509749 82.011979 0.176829 26.214984 
21650 10 0.467598 23.543671 4.457003 64.248033 0.183701 17.771014 
21700 12 0.479471 23.871413 4.504589 53.594531 0.217548 13.162310 
21750 12 0.400101 25.734398 4.578315 90.023698 0.224282 30.400474 
21800 14 0.537153 28.447369 4.437389 61.983824 0.151010 32.901494 
21850 12 0.557444 28.312527 4.382652 60.748603 0.197688 32.815424 
21900 13 0.490582 26.984426 4.484217 60.152682 0.119040 33.497520 
21950 13 0.548129 22.611037 4.407803 54.555638 0.248257 26.358971 
22000 15 0.634344 28.704881 4.294374 54.889874 0.387660 33.053096 
22050 10 0.579720 20.088507 4.431516 59.413674 0.398848 38.615208 
22100 13 0.736612 28.176745 4.483514 45.413908 0.347743 38.740341 
22150 13 0.391925 26.711468 4.346106 81.355455 0.428546 62.107238 
22200 11 0.378738 22.444688 4.260924 97.748750 0.281939 29.246794 
22250 12 0.359675 24.043940 4.518356 78.122061 0.386279 25.386898 
22300 13 0.341684 26.654691 4.535088 74.387271 0.330268 78.134760 
22350 14 0.341881 21.033299 4.532407 62.978289 0.224392 160.323091 
22400 12 0.220208 19.975784 4.686189 103.250391 0.229750 152.424768 
22450 12 0.295449 23.118603 4.796420 47.146772 0.348548 85.899102 
22500 11 0.363533 19.135540 4.808790 53.466119 0.214062 105.108166 
22550 12 0.391118 22.031185 4.766084 35.849289 0.337860 184.921458 
22600 11 0.068005 27.951316 4.638976 27.160955 0.391226 274.604094 
22650 14 0.165944 29.007119 5.006142 35.842361 0.382418 119.093355 
22700 12 0.353510 27.152033 4.543110 50.526286 0.346863 184.800493 
22750 12 0.196152 33.038319 4.845600 56.668143 0.369223 124.935080 
22800 9 0.339596 34.057636 4.847428 38.336589 0.315316 82.789320 
22850 14 0.171930 25.641252 4.894540 20.659893 0.297179 140.983722 
22900 13 0.101009 27.102540 4.933314 37.279809 0.261089 97.984326 
22950 15 0.080842 23.263810 4.873790 52.517782 0.143556 110.193063 
23000 12 0.251742 24.714360 4.839899 24.426155 0.246218 108.337485 
23050 14 0.326207 24.786166 4.681665 48.008760 0.257302 287.719020 
23100 14 0.186309 13.812704 4.617857 60.375482 0.258964 376.388500 
23150 13 0.218376 19.046696 4.608739 90.849392 0.206656 223.985344 
23200 16 0.170244 19.918662 4.730313 59.689175 0.197422 533.129217 
23250 12 0.104031 25.092803 4.616972 35.474914 0.279153 195.279024 
23300 13 0.229941 26.065382 4.687496 18.184764 0.237957 105.629930 
23350 12 0.085295 31.023742 4.653195 58.825452 0.238749 161.932098 
23400 13 0.056772 29.600000 4.903356 54.445983 0.329472 222.982456 
23450 12 0.135977 33.787063 4.792264 49.249271 0.293015 108.729724 
23500 13 0.000955 40.881929 4.921682 18.905203 0.229139 169.711138 
23550 13 0.195646 36.389219 5.102314 39.133626 0.221226 104.771516 
23600 13 0.185267 41.060961 4.771328 49.221772 0.194110 36.565484 
23650 13 0.024996 30.958477 4.870818 62.695106 0.246419 29.582530 
23700 13 0.137056 29.223021 4.905384 9.981831 0.123642 36.829997 
23750 12 0.075635 26.300681 4.695442 28.774709 0.168505 29.600274 
23800 15 0.051429 27.238458 4.993405 50.003309 0.266028 92.496345 
23850 13 0.033462 25.150900 4.633143 62.565308 0.204895 229.940375 
23900 13 0.158702 26.330699 4.449288 137.399284 0.232319 130.242449 
23950 14 0.189184 26.754366 4.694505 110.044015 0.293549 66.281495 
24000 13 0.173840 23.489550 4.625194 59.125668 0.325700 182.006437 
24050 13 0.065990 22.859096 4.820817 67.231490 0.297382 126.213041 
24100 14 0.126496 23.427180 4.731437 76.946591 0.277426 140.351160 
24150 11 0.247419 25.324920 4.772533 86.302422 0.269952 208.481775 
24200 15 0.075664 31.828387 4.838063 76.047038 0.322019 101.533186 
24250 13 0.128400 32.177335 4.791662 59.890441 0.314756 196.319541 
24300 13 0.167236 29.829325 4.730659 59.845105 0.329528 256.309095 
24350 12 0.307722 22.525511 4.779293 47.622064 0.270587 466.095948 
24400 14 0.292757 25.668628 4.600405 98.872365 0.286325 675.363148 
24450 11 0.534692 18.272237 4.920306 31.182191 0.217753 726.981217 
24500 14 0.598245 20.876879 4.662410 35.043289 0.402996 239.542079 
24550 12 0.781428 21.101511 4.530859 44.918783 0.245215 775.753420 
24600 14 0.561977 24.343184 4.342668 54.050933 0.448271 591.325177 
24650 13 0.482381 20.787656 4.601273 47.551361 0.322061 1027.743212 
24700 13 0.634713 23.210720 4.633493 40.229544 0.407207 713.325676 
24750 13 0.169223 26.431798 4.559855 70.190513 0.289117 827.724339 
24800 12 0.232509 29.173855 4.712813 62.205742 0.443835 489.472288 
24850 12 0.663277 29.706295 4.579089 78.626300 0.424323 927.625041 
24900 13 0.742642 30.188983 4.504047 87.547288 0.365234 1225.061662 
24950 13 0.306016 21.284314 4.758876 55.729074 0.310311 419.079644 
25000 16 0.169299 18.439658 4.629477 46.139174 0.353309 1134.804258 
25050 15 0.342644 21.939436 4.612594 36.085504 0.374825 1695.045858 
25100 14 0.349469 24.342070 4.517827 17.767172 0.211734 1681.071553 
25150 11 0.303113 28.968084 4.570106 70.324297 0.252945 1998.044871 
25200 13 0.333878 33.566613 5.016893 41.480884 0.242060 1590.738803 
25250 14 0.232676 31.708380 4.482848 40.495201 0.218220 3798.856408 
25300 13 0.332316 21.720786 4.509325 56.460161 0.221423 4939.285284 
25350 17 0.361688 32.185725 4.595982 45.030698 0.385104 8851.959538 
25400 14 0.282090 30.020922 4.749048 86.979495 0.239460 3814.458285 
25450 12 0.407167 27.558779 4.741240 9.736113 0.416526 5999.734069 
25500 13 0.191082 30.676808 4.593786 66.616829 0.376562 3534.565905 
25550 9 0.030579 32.867890 4.647991 42.210317 0.307343 4485.416189 
25600 12 0.277286 30.719438 4.477478 94.753344 0.326351 9236.760128 
25650 13 0.292079 37.996337 4.882547 49.374826 0.306560 8981.618869 
25700 12 0.233902 26.794499 4.756584 39.925643 0.312321 17694.506027 
25750 13 0.276780 24.873981 4.798526 42.752206 0.674739 28298.100101 
25800 13 0.192996 29.985347 4.726032 25.089470 0.360161 30069.107916 
25850 16 0.292663 26.748776 4.695120 50.853257 0.433083 13143.631404 
25900 15 0.376456 28.756187 4.803338 36.664887 0.343625 8874.559003 
25950 12 0.248325 31.613320 4.775296 41.896622 0.357255 4024.804171 
26000 13 0.359545 38.801544 4.864148 47.252058 0.445214 10719.671705 
26050 11 0.320532 37.903193 4.673963 42.027517 0.673876 13794.799750 
26100 13 0.194449 36.236397 4.423753 87.616833 0.543727 15102.566102 
26150 14 0.266420 38.432048 4.532214 54.384587 0.811288 10759.229431 
26200 15 0.124820 37.965926 4.810291 43.465140 0.931914 11883.748261 
26250 14 0.412429 42.988422 4.559910 37.172041 0.804200 16468.441538 
26300 14 0.686768 42.068713 4.446458 48.802977 0.450309 73211.302507 
26350 14 0.503393 38.546387 4.424445 54.050875 0.566988 26682.696607 
26400 14 0.855402 37.732087 4.593886 27.517577 0.621311 14374.860940 
26450 14 0.844065 42.405946 4.399545 61.973991 0.391451 14370.670528 
26500 10 0.768350 41.388146 4.460033 60.227992 0.364040 7818.230019 
26550 13 0.711920 43.871815 4.506276 56.069882 0.565905 8172.016062 
26600 12 0.445781 38.374643 4.437487 63.177368 0.558378 3085.775312 
26650 14 0.455504 41.000224 4.761302 62.546913 0.894773 3584.727413 
26700 15 0.941246 43.660216 4.157563 66.456610 0.860754 3802.115606 
26750 15 0.755156 40.865884 4.363721 57.340880 1.035129 4060.102326 
26800 14 0.727575 39.904380 4.412720 54.255748 1.296530 1733.272105 
26850 15 0.748604 40.655113 4.416037 63.261418 1.253744 2897.622061 
26900 13 0.741330 39.905264 4.499410 75.972055 0.944726 5269.601617 
26950 13 0.916874 41.759979 4.408169 39.969414 0.745573 3445.281436 
27000 13 1.161193 36.073998 3.996990 67.614543 0.785989 2561.066601 
27050 13 1.158423 38.874676 4.112229 58.241695 0.962799 3197.130932 
27100 14 1.261550 37.399579 4.070311 61.627670 0.684946 1214.325837 
27150 13 1.079159 33.058640 4.070311 61.627670 0.709079 746.440613 
27200 11 1.157284 27.683814 4.171749 73.620339 0.547673 833.449055 
27250 12 1.144403 29.595129 4.170170 47.750879 0.469939 574.982193 
27300 15 1.302098 26.600765 4.260008 54.465135 0.318466 176.494850 
27350 12 1.305809 29.575457 4.102899 45.746114 0.338835 105.757380 
27400 14 1.107142 21.679301 3.871224 83.420704 0.237385 87.815235 
27450 12 1.134310 20.946568 3.946828 67.889797 0.316886 101.882381 
27500 13 1.197253 26.655995 4.317744 45.851371 0.222774 74.323431 
27550 10 1.123401 29.581769 4.351915 39.243791 0.375738 55.669737 
27600 12 1.193365 28.718320 4.472301 48.991944 0.262637 119.472997 
27650 12 1.196878 37.613209 4.532604 33.536239 0.388846 108.111399 
27700 12 1.137061 30.834285 4.419518 49.882425 0.369850 160.676912 
27750 12 1.160381 35.678600 4.505477 33.811096 0.237070 276.224405 
27800 10 1.032356 40.727740 4.456566 53.245366 0.421630 528.759564 
27850 16 1.029705 33.925165 4.187948 54.284292 0.500380 513.500759 
27900 13 1.090501 36.430501 4.342737 47.816061 0.519471 500.210397 
27950 11 1.074496 37.226327 4.380505 46.219742 0.410722 355.993309 
28000 13 1.047757 36.184242 4.443021 62.583288 0.408065 241.338736 
28050 15 0.896657 41.375715 4.381110 30.051652 0.448023 135.054740 
28100 14 0.761460 33.630910 4.166004 60.980589 0.436633 368.843245 
28150 13 0.674833 31.163973 4.168006 61.818094 0.472941 978.021481 
28200 14 0.488622 40.562945 4.216117 59.917794 0.623354 1883.072599 
28250 13 0.920126 41.579630 4.184201 76.841823 0.493522 1748.690081 
28300 16 1.003778 38.908254 4.137835 47.208114 0.513975 1061.486644 
28350 15 0.945694 44.360491 4.230433 63.661692 0.753001 485.854955 
28400 12 1.027684 38.055431 4.254579 52.837464 0.581642 1131.176689 
28450 13 1.188242 33.534728 4.218930 51.050528 0.745195 1375.802082 
28500 15 1.154957 37.378126 4.203324 50.612791 0.677181 2786.580594 
28550 13 0.889944 36.761952 4.203324 50.612791 0.514342 4490.128227 
