0 8 2.890804 24.159638 3.749586 54.768159 1.019793 4.917565 
50 14 2.583402 23.825880 3.799048 40.137125 0.408906 8.430281 
100 12 2.693156 23.420098 3.735080 44.388289 0.399937 2.575939 
150 10 2.474620 23.832563 3.760702 43.080900 0.356029 5.299926 
200 11 2.562024 23.262483 3.779643 33.539013 0.206475 6.151261 
250 11 2.458528 23.323869 3.850685 53.184101 0.338159 3.357023 
300 10 2.424115 24.295365 3.742303 46.924404 0.337508 1.313013 
350 9 2.513431 23.468285 3.807952 52.983792 0.328131 1.483925 
400 10 2.444652 25.088422 3.876200 41.956427 0.406414 0.487155 
450 12 2.357526 24.788440 3.765487 47.071143 0.246406 0.320744 
500 13 2.292884 24.395899 3.776156 52.283580 0.173993 0.588417 
550 13 2.152243 24.581390 3.855880 37.497852 0.324078 1.382995 
600 12 2.077328 25.173909 3.806332 51.581151 0.252068 8.621991 
650 8 2.113386 24.519033 3.830015 58.221032 0.308638 10.531547 
700 9 2.013830 24.429474 3.823736 57.147906 0.458483 11.755593 
750 11 1.984083 24.910222 3.851887 57.434297 0.291054 4.275073 
800 12 1.991468 24.230422 3.829697 54.971551 0.333831 3.076057 
850 13 1.971198 24.596546 3.829697 54.971551 0.480872 4.276246 
900 9 1.919361 24.599999 3.856838 53.857888 0.295191 5.063807 
950 10 1.937754 24.813872 3.882221 55.012680 0.278843 1.555046 
1000 13 1.793815 24.689861 3.757675 50.029053 0.330313 1.716307 
1050 12 1.715621 24.817542 3.704517 69.234099 0.379823 2.391326 
1100 12 1.722160 25.085644 3.866146 61.941849 0.296576 3.221628 
1150 11 1.494572 22.202699 3.791602 57.889690 0.351428 1.940778 
1200 13 1.432651 21.375644 3.890755 75.609181 0.323264 1.999890 
1250 11 1.545048 21.360474 3.760672 50.064016 0.293214 2.473908 
1300 16 1.115348 22.490359 3.587166 70.888023 0.338961 2.588788 
1350 14 1.099059 22.706008 3.829903 66.715012 0.239646 3.616168 
1400 14 1.080847 22.454800 3.829697 76.604645 0.238771 6.562847 
1450 11 1.540639 21.599264 3.884627 51.479127 0.277363 9.521061 
1500 11 1.462156 24.245434 3.850098 63.944763 0.248241 7.619431 
1550 14 1.494843 24.836966 4.015054 62.085200 0.309260 5.098626 
1600 15 1.497952 23.480460 4.037450 49.766937 0.252830 5.610283 
1650 12 1.459168 26.632845 3.944483 56.034950 0.322935 4.735330 
1700 11 1.856573 25.488100 3.818423 48.853629 0.407333 1.732481 
1750 15 1.437552 25.677376 3.642365 59.787562 0.306706 2.431410 
1800 15 1.557571 25.492078 3.701445 57.490419 0.223086 4.257456 
1850 13 1.746089 26.378769 3.602600 59.921982 0.279113 5.054280 
1900 14 1.555515 23.034049 3.722609 55.935089 0.256468 7.145007 
1950 12 1.671155 22.819737 4.005104 46.559792 0.228252 3.524757 
2000 11 1.728636 24.477391 4.049087 38.720048 0.163509 0.872852 
2050 13 1.643985 24.096898 4.069335 43.449348 0.245980 1.314695 
2100 14 1.744120 24.049644 4.021497 38.185087 0.167261 2.385848 
2150 13 1.809567 24.731134 3.951063 32.468437 0.129014 3.295746 
2200 12 1.702414 24.705831 3.913899 49.212936 0.137693 2.433890 
2250 9 1.563805 24.942809 4.104631 50.890705 0.166097 3.745950 
2300 16 1.663257 24.966415 3.926707 47.631831 0.195061 5.297460 
2350 10 1.501251 26.302207 3.830112 57.728018 0.217321 19.224394 
2400 11 1.594079 26.246930 3.853056 60.803548 0.264218 17.479203 
2450 12 1.487831 26.628178 3.829921 48.141897 0.239313 16.596889 
2500 12 1.646442 26.039790 3.892232 51.961065 0.262415 6.004780 
2550 15 1.395666 26.954215 3.797150 64.998030 0.193550 7.683522 
2600 14 1.542453 27.057015 3.710948 58.372277 0.272474 5.197385 
2650 12 1.488579 26.534899 3.938147 42.924501 0.216384 13.979884 
2700 15 1.586940 27.121614 3.852436 50.767192 0.224192 11.420777 
2750 13 1.553333 27.234001 3.901045 40.276175 0.193666 11.325982 
2800 14 1.309354 26.729836 3.996071 34.636602 0.203655 11.872408 
2850 13 1.538691 24.714757 3.972792 52.664747 0.222062 21.623743 
2900 16 1.252202 23.621344 3.778738 52.276434 0.219883 26.366948 
2950 13 1.292474 26.759322 3.902888 52.501278 0.167972 28.179880 
3000 12 1.213487 25.654503 4.032838 61.892284 0.267729 33.459513 
3050 11 1.320475 25.841178 4.167211 47.624100 0.340233 23.920514 
3100 10 1.311683 26.100491 4.172834 46.075313 0.192477 30.084274 
3150 10 1.204422 24.030691 4.167789 48.477068 0.183257 17.069714 
3200 12 1.256592 24.995277 4.177217 61.516295 0.358244 48.524522 
3250 11 1.067343 28.467062 4.175747 42.894361 0.297118 92.146527 
3300 14 0.930972 29.039101 4.039925 52.903493 0.202646 55.881537 
3350 12 0.892221 26.423872 4.077526 92.841100 0.273870 93.517150 
3400 14 0.917645 24.591215 4.161723 51.684384 0.581566 81.200519 
3450 12 0.562241 26.902214 4.233402 65.544754 0.289174 111.680763 
3500 15 0.943220 26.772308 4.150369 71.406477 0.276425 56.142488 
3550 14 0.738399 23.162985 4.154413 52.133237 0.217101 59.999114 
3600 12 0.687184 24.165919 4.154413 52.133237 0.328988 51.423682 
3650 8 0.799360 27.099059 4.167432 68.163409 0.261614 54.182682 
3700 12 0.735642 22.695776 4.215960 60.069168 0.316821 57.313632 
3750 15 0.758829 25.798451 4.175871 54.175781 0.410474 57.642530 
3800 13 1.086336 25.894434 4.184104 71.356094 0.336685 83.770733 
3850 12 1.112861 27.194639 4.202218 63.444245 0.297822 137.055575 
3900 13 0.956429 25.315214 4.240703 76.088968 0.400906 224.483681 
3950 11 0.968551 27.512077 4.294493 50.404567 0.256341 1056.258559 
4000 12 0.728775 22.267248 4.254102 46.847352 0.211025 1980.546987 
4050 11 1.062256 27.671755 4.250426 52.974724 0.260362 364.020560 
4100 10 0.984440 23.066887 4.367350 42.845709 0.203408 101.368868 
4150 11 0.664203 23.444615 4.417353 57.012947 0.206502 94.067210 
4200 12 0.794843 21.356961 4.393031 64.148092 0.199132 104.996866 
4250 11 0.684209 20.479405 4.397746 57.605120 0.206536 210.691107 
4300 15 0.646359 23.787511 4.416340 55.979585 0.181277 364.074407 
4350 10 0.750810 26.851817 4.484256 38.463081 0.189163 350.128545 
4400 12 0.712065 23.084374 4.632351 36.325086 0.203141 196.132788 
4450 11 0.722835 23.107912 4.425943 53.515705 0.115664 195.400244 
4500 13 0.760506 22.848623 4.330179 56.982101 0.121694 271.761699 
4550 14 0.760160 27.372369 4.147186 60.101228 0.211149 144.300009 
4600 16 0.713811 24.560298 4.665756 39.875004 0.233265 112.044971 
4650 13 0.692848 27.892827 4.530024 34.303597 0.215403 96.755601 
4700 10 0.600888 27.889823 4.654927 38.156702 0.102428 113.690548 
4750 13 0.612525 28.873088 4.457495 41.120836 0.197324 46.382761 
4800 13 0.657511 28.488786 4.515796 30.358936 0.178806 104.748111 
4850 16 0.609369 30.091152 4.756989 6.831895 0.282602 243.339387 
4900 12 0.527287 31.553150 4.734102 38.850155 0.150304 353.719889 
4950 15 0.539628 30.905111 4.780570 13.254653 0.242619 760.129456 
5000 12 0.483387 30.596121 4.717534 30.135651 0.373321 303.879271 
5050 11 0.563848 29.079679 4.799481 45.404833 0.268239 420.329126 
5100 12 0.517147 28.109596 4.798284 45.630123 0.268710 923.577305 
5150 14 0.633734 28.358964 4.437019 28.067673 0.316557 813.430281 
5200 12 0.569622 27.709829 4.515665 45.633726 0.558489 920.826053 
5250 15 0.764666 26.920649 4.531220 21.716393 0.473817 736.241032 
5300 11 0.563386 25.058447 4.383839 66.212931 0.506854 971.334346 
5350 16 0.736114 25.207266 4.415160 29.962970 0.609223 1268.774107 
5400 14 0.665664 22.670184 4.454132 43.684397 0.485281 1340.097196 
5450 11 0.697614 20.023497 4.356137 63.555973 0.450978 2850.672277 
5500 11 0.646833 18.019377 4.382175 41.887329 0.422985 1788.626432 
5550 14 0.756737 21.721785 4.184660 51.133545 0.351954 4088.587629 
5600 11 0.867259 25.697417 4.267650 68.496691 0.557701 2652.542258 
5650 9 0.772512 23.737603 4.465779 31.620334 0.534702 5294.300445 
5700 12 0.681907 24.779199 4.490989 24.456540 0.485922 4990.920877 
5750 11 0.743451 23.207176 4.681752 44.336425 0.296501 1685.152603 
5800 14 0.586653 26.474136 4.500557 49.464216 0.248956 1859.098740 
5850 13 0.519309 22.592076 4.578055 79.186356 0.467262 1272.401119 
5900 12 0.734298 22.238537 4.581532 47.113933 0.515137 882.337016 
5950 14 0.731362 22.763602 4.378760 69.549759 0.365343 821.740990 
6000 12 0.637497 20.223356 4.467302 68.472052 0.587475 611.820186 
6050 14 0.570558 20.219526 4.613527 34.513380 0.532564 808.340016 
6100 14 0.807980 21.093061 4.619393 25.896916 0.592247 1036.279770 
6150 12 0.602194 20.431166 4.596195 36.347023 0.520391 2808.539487 
6200 14 0.571702 21.130019 4.657034 39.347300 0.337697 3043.099254 
6250 11 0.678126 24.150374 4.459218 50.464687 0.433633 3303.227708 
6300 15 0.488167 23.148485 4.558493 17.993322 0.331298 1980.415251 
6350 13 0.514258 25.715345 4.773784 38.672200 0.484058 2307.047223 
6400 12 0.442161 21.202534 4.670200 40.813570 0.406036 3862.915625 
6450 11 0.361931 19.121499 4.673164 44.823603 0.460053 1448.533024 
6500 13 0.385832 23.124388 4.595566 31.895199 0.537887 537.601033 
6550 12 0.393709 25.521514 4.513722 55.264628 0.409077 817.977441 
6600 12 0.515075 24.368284 4.467776 28.022970 0.283637 982.590933 
6650 13 0.437099 17.301009 4.382053 89.299004 0.390741 970.459867 
6700 14 0.233419 28.355662 4.428422 29.835460 0.514005 1007.635000 
6750 13 0.126827 23.220797 4.374692 31.910777 0.439746 2029.510228 
6800 13 0.205129 19.740933 4.767801 32.322181 0.574215 4043.627200 
6850 11 0.214585 24.479200 4.629002 124.282614 0.408573 1276.897259 
6900 12 0.173478 25.416715 4.638379 96.100909 0.400932 486.481472 
6950 12 0.251631 28.149116 4.830569 16.359383 0.293667 327.010670 
7000 13 0.142806 23.991527 4.708271 65.383797 0.301177 342.429432 
7050 10 0.198745 26.320844 4.667624 35.825271 0.295118 1354.543995 
7100 11 0.176704 27.586990 4.526251 70.191037 0.336105 565.512248 
7150 13 0.086444 24.598871 4.522838 82.903019 0.416667 1122.029994 
7200 15 0.152522 29.090398 4.714165 96.345301 0.486569 3423.349395 
7250 11 0.208023 29.084475 4.275205 63.322379 0.673623 8945.024193 
7300 11 0.146672 26.843192 4.851421 20.474773 0.337018 16662.638758 
7350 15 0.229160 25.715156 4.606309 38.079598 0.284579 7605.743400 
7400 15 0.211325 22.725266 4.864363 48.361654 0.330518 12045.199292 
7450 14 0.270098 29.741534 4.754362 46.430710 0.380223 12436.820265 
7500 12 0.207434 28.333281 4.786440 63.426431 0.250039 13386.019749 
7550 11 0.009225 23.539049 4.774072 45.400929 0.502120 15610.742574 
7600 12 0.311548 24.600577 4.537838 55.083920 0.331505 16461.497545 
7650 14 0.370644 25.092353 4.741854 43.522598 0.517270 37858.275811 
7700 15 0.378997 32.496325 4.450518 55.879476 0.219567 43209.436550 
7750 14 0.484541 33.344028 4.575918 80.099137 0.619462 45847.618087 
7800 11 0.456674 30.009013 4.636114 71.405595 0.542908 60641.418828 
7850 11 0.531243 34.679250 4.413758 65.556871 0.641255 22146.629450 
7900 14 0.361176 44.585075 4.733629 59.696821 0.642322 21343.655433 
7950 12 0.442529 41.210007 4.628292 21.324812 0.369102 12399.830925 
8000 12 0.335178 36.475518 4.730930 39.532857 0.564809 4666.385395 
8050 13 0.514358 47.385771 4.763323 9.579243 0.425179 12846.784122 
8100 12 0.472748 45.763762 4.346407 75.570538 0.427294 44187.896173 
8150 13 0.271227 39.675162 4.626083 28.765146 0.303511 14147.375634 
8200 13 0.464176 39.865711 4.448845 40.642131 0.599403 7367.739467 
8250 13 0.401103 31.707335 4.471458 39.883320 0.616043 21145.983799 
8300 14 0.438328 34.837825 4.435288 44.015947 0.508122 15008.334653 
8350 12 0.401622 38.061051 4.570190 40.110608 0.605530 18691.676431 
8400 12 0.283900 32.562516 4.384258 4.239755 0.504331 16873.635204 
8450 14 0.200276 31.775049 4.258400 77.234717 0.456254 21265.298618 
8500 11 0.216888 31.225711 4.620031 82.954237 0.516751 10290.174642 
8550 13 0.235781 27.936024 4.369158 97.432638 0.513666 19765.655221 
8600 16 0.174455 29.782446 4.680584 28.838571 0.698084 24518.194656 
8650 12 0.281571 25.137931 4.781660 58.657141 0.578626 11221.872018 
8700 10 0.367110 33.506107 4.528954 44.347245 0.643777 20453.530623 
8750 17 0.347717 31.833940 4.658827 32.293623 0.565590 19705.464346 
8800 13 0.231711 36.479319 4.494287 51.802133 0.390811 10205.461703 
8850 13 0.209662 40.761551 4.623979 4.396650 0.371798 3735.382530 
8900 15 0.343514 42.592397 4.601558 28.119695 0.376974 3060.040686 
8950 13 0.354855 46.302491 4.552847 72.380543 0.361185 4062.469248 
9000 13 0.321402 45.994059 4.723947 24.498137 0.296898 1355.987422 
9050 12 0.042243 48.657164 4.702887 33.075494 0.294548 980.354031 
9100 12 0.226691 48.940054 4.520339 35.753651 0.198472 571.254696 
9150 9 0.410545 44.052579 4.520339 35.753651 0.219948 437.272347 
9200 12 0.536036 46.541229 4.673816 33.873270 0.454145 1301.748284 
9250 13 0.382391 52.594036 4.634959 52.825442 0.441308 582.449122 
9300 10 0.279763 43.593612 4.469203 46.448572 0.644029 785.221721 
9350 13 0.261918 46.530202 4.480632 41.089522 0.291802 476.504969 
9400 13 0.231548 44.238019 4.566520 43.331864 0.262617 228.808727 
9450 12 0.212089 44.835261 4.665392 43.412721 0.224871 309.223905 
9500 14 0.094282 40.624254 4.913821 44.229842 0.261457 414.979364 
9550 12 0.231802 44.163597 4.913821 44.229842 0.330198 393.545107 
9600 14 0.113685 38.384353 4.907190 43.501709 0.384036 566.037874 
9650 12 0.308861 39.031040 4.461169 51.177395 0.564762 914.601501 
9700 11 0.172614 39.938105 4.700612 58.718626 0.715237 1552.677155 
9750 13 0.105641 42.999539 4.712767 33.583115 0.758717 2022.441825 
9800 10 0.077057 38.373752 4.497499 85.840928 0.782760 1023.100832 
9850 16 0.384801 34.807357 4.551955 28.468883 0.661758 462.958448 
9900 13 0.493924 41.801432 4.839639 3.394210 0.527682 698.467960 
9950 12 0.437174 38.775173 4.477890 56.465173 0.439628 583.314821 
10000 14 0.407554 42.227996 4.469437 59.486908 0.652851 459.697641 
10050 12 0.320862 40.501502 4.674739 59.998867 0.307938 577.825664 
10100 14 0.300072 49.211678 4.554100 48.428905 0.344650 1773.255112 
10150 17 0.325873 51.692217 4.433678 53.096136 0.287480 5818.830774 
10200 12 0.512345 47.178140 4.604716 41.032825 0.295534 3946.571312 
10250 13 0.254140 45.817448 4.643538 37.268022 0.280518 2113.520844 
10300 14 0.300182 44.846246 4.623172 55.894641 0.367341 3136.753847 
10350 15 0.373072 39.565718 4.750270 64.880860 0.384936 1272.544844 
10400 13 0.367684 51.034171 4.527443 66.758961 0.641225 2096.574748 
10450 13 0.269925 44.091595 4.583747 66.116021 0.401128 2846.397794 
10500 10 0.325858 43.145184 4.639357 53.491429 0.342043 4149.972453 
10550 16 0.032656 52.678926 4.796745 43.037795 0.633890 1411.554423 
10600 15 0.030667 52.874287 4.764014 40.397990 0.424196 1121.237362 
10650 13 0.334943 51.455275 4.648869 95.257788 0.476726 979.794222 
10700 13 0.390518 49.262674 4.452569 35.125713 0.409785 1313.440646 
10750 12 0.128711 51.084282 4.469534 62.389272 0.491125 1180.956444 
10800 16 0.329936 49.923045 4.666218 48.347928 0.412906 2857.593029 
10850 13 0.348290 43.857355 4.531960 56.913209 0.374501 1275.490101 
10900 10 0.238724 41.237692 4.647730 49.102084 0.901300 791.923652 
10950 11 0.445378 40.949773 4.579141 42.879994 0.275849 483.911075 
11000 13 0.521978 35.638948 4.684636 44.683449 0.259192 497.698518 
11050 16 0.445968 40.144056 4.613477 44.553990 0.501170 661.459837 
11100 13 0.447999 35.537819 4.607196 35.443579 0.678886 2274.141875 
11150 15 0.489780 36.671878 4.502984 42.573902 0.544542 2303.478783 
11200 14 0.569548 44.491186 4.526619 42.141374 0.395042 1898.246329 
11250 10 0.166319 43.830572 4.487690 42.332099 0.591372 5916.785070 
11300 11 0.479489 37.426744 4.481469 35.179786 0.528268 3682.363658 
11350 12 0.222381 38.974609 4.528308 35.076475 0.499011 4200.508954 
11400 13 0.336357 39.233448 4.529668 43.357694 0.195988 4718.864877 
11450 13 0.357313 34.820154 4.639190 56.804502 0.316809 4806.886383 
11500 13 0.371055 26.404167 4.514116 40.795438 0.286283 9823.721867 
11550 16 0.372105 32.991231 4.544349 50.006123 0.322050 19895.636386 
11600 14 0.510210 31.421694 4.557567 38.825864 0.732533 25505.301267 
11650 12 0.308538 26.672090 4.673612 66.219705 0.508477 15380.294390 
11700 14 0.287058 36.068982 4.761632 19.302960 0.573054 8110.074801 
11750 12 0.345299 26.140040 4.617510 62.404364 0.935586 16041.244611 
11800 11 0.284803 27.982729 4.646758 36.982811 0.937067 23105.271529 
11850 14 0.347471 28.834869 4.529524 81.294809 0.859898 9401.746693 
11900 15 0.153150 32.979929 4.651790 26.926840 0.754701 3273.187766 
11950 13 0.369005 36.054277 4.535381 22.022140 0.613811 2288.534066 
12000 15 0.652867 30.543342 4.588060 25.052374 0.701273 4843.870975 
12050 14 0.556111 27.966828 4.560841 32.920393 0.790347 15963.359304 
12100 15 0.292058 30.009060 4.215044 112.094776 0.607739 10769.191236 
12150 12 0.145620 32.889477 4.746713 62.117534 1.005517 8623.213911 
12200 13 0.536042 34.438432 4.633150 57.450633 0.838361 8345.593865 
12250 13 0.950311 29.080516 4.203808 43.222624 0.864510 4992.489581 
12300 14 0.855223 35.665406 4.549734 41.813483 0.401421 2444.022495 
12350 14 0.965923 33.322874 4.592660 28.791013 0.506902 1544.205766 
12400 15 0.458857 36.887311 4.386662 50.488980 0.682961 2688.835043 
12450 13 0.193930 38.554965 4.650272 35.953608 1.235654 2707.103159 
12500 13 0.080830 45.798293 4.853528 31.698490 0.948950 5575.236983 
12550 13 0.341551 34.974282 4.821545 31.915716 0.999392 4175.064157 
12600 13 0.671720 36.161291 4.788949 12.469533 1.215951 14607.420788 
12650 15 0.673604 36.783880 4.576075 49.310176 0.949541 6346.715925 
12700 12 1.357856 38.471884 4.562620 35.623523 0.668787 4257.318985 
12750 14 1.254885 38.620070 4.464212 16.865199 0.402886 4022.678403 
12800 17 0.618359 34.769463 4.401630 33.754610 0.525997 16172.711179 
12850 12 0.564803 38.299502 4.572808 49.093496 1.143126 20788.443926 
12900 14 0.011094 45.601969 4.491588 40.428563 0.669633 5583.804972 
12950 15 0.666705 43.429377 4.690312 52.211318 0.821440 9265.381848 
13000 16 0.161178 34.462205 4.556793 36.427781 0.790452 4000.798544 
13050 14 0.494733 41.818608 4.664370 36.160442 1.002538 9358.732446 
13100 11 0.752348 38.105454 4.621344 38.553257 0.498645 4713.645336 
13150 13 0.513419 41.697566 4.571932 41.113399 0.291516 2199.564892 
13200 15 0.965580 45.506793 4.636731 25.247446 0.469988 3946.328779 
13250 12 1.612723 39.924972 4.619584 24.755307 0.441746 6750.238303 
13300 16 1.511826 40.088919 4.323534 31.235556 0.293300 2596.354715 
13350 14 1.672925 42.108438 4.086656 48.748317 0.258680 6554.893512 
13400 14 1.428960 44.012586 4.117590 46.179320 0.326588 18143.269803 
13450 11 1.288265 54.208297 4.062395 53.457510 0.261968 21922.780454 
13500 14 1.014063 40.402556 4.305925 29.811928 0.297710 54820.920880 
13550 12 1.240020 39.149453 4.605140 6.575830 0.311152 32788.870650 
13600 10 1.254090 36.987677 4.528778 37.483526 0.471778 25987.671931 
13650 14 1.279656 26.454422 4.248555 28.642214 0.424874 14621.601311 
13700 11 1.335679 26.792315 4.172516 41.652289 0.340951 5307.400838 
13750 11 1.302482 28.203115 4.577769 8.969053 0.244265 7526.791315 
13800 10 1.391660 30.355286 4.802675 7.988549 0.641648 1356.220488 
13850 12 1.311628 31.642845 4.410962 26.177185 0.595375 788.728929 
13900 11 1.452325 27.397040 4.399994 22.448441 0.516687 950.168075 
13950 12 1.018568 30.832018 4.531534 10.821538 0.394166 1289.129571 
14000 14 0.927337 27.864140 4.651401 15.513563 0.589836 2088.005629 
14050 16 1.289124 39.287002 4.236430 41.786019 0.481162 2710.707057 
14100 10 1.042048 32.242223 4.321314 53.893834 0.603920 2860.084079 
14150 12 1.139567 33.029073 4.494989 24.578887 0.524912 3562.634413 
14200 11 1.038776 32.802573 4.228150 33.393605 0.429807 1214.557429 
14250 13 1.530573 38.746046 4.378626 34.448219 0.518304 990.921436 
14300 12 1.004169 31.672189 4.698455 19.475250 0.321775 700.378118 
14350 14 1.139715 30.102845 4.643902 3.083931 0.335140 2732.487159 
14400 14 1.042900 29.521797 4.583809 27.734690 0.384099 2984.944556 
14450 13 1.369573 36.899058 4.385782 29.684840 0.497525 9912.789252 
14500 11 0.794867 32.702763 4.611517 30.447852 0.455986 17282.386663 
14550 14 0.781440 29.256571 4.787440 24.809150 0.335734 12720.957104 
14600 14 1.429570 35.716400 4.596253 17.443767 0.415526 10287.035595 
14650 12 0.768011 40.168204 4.495545 30.417945 0.344151 6755.290252 
14700 12 1.038289 30.047509 4.612905 11.313530 0.312625 4672.950844 
14750 12 0.956461 30.752101 4.455312 44.521471 0.339705 4178.008392 
14800 12 1.019388 20.404223 4.397520 53.949024 0.501180 3817.902150 
14850 12 0.878623 22.567682 4.421980 39.465947 0.371313 5643.038048 
14900 13 0.992880 21.583204 4.343978 38.862411 0.527657 9143.001327 
14950 14 0.907267 22.283346 4.521636 12.817069 0.492540 3153.790244 
15000 10 0.732984 22.522754 4.550881 53.442856 0.647874 2397.957492 
15050 12 0.747093 23.032338 4.404591 64.657023 0.576109 2734.515013 
15100 15 0.822879 26.998195 4.368955 33.194410 0.553001 8063.351221 
15150 14 0.825732 26.307623 4.385301 20.497071 0.612314 15420.947930 
15200 13 0.806059 28.150469 4.279975 64.151829 0.238560 8153.904459 
15250 10 0.726026 28.434079 4.298446 60.663088 0.227123 12111.040899 
15300 17 1.017734 28.097374 4.350328 35.894893 0.664405 7171.175046 
15350 15 1.122170 24.428296 4.294073 31.489823 0.672360 11164.240604 
15400 14 0.661361 28.555728 4.263954 46.327885 0.872655 5829.213390 
15450 13 0.657136 28.483835 4.229154 45.021484 0.815508 2002.699125 
15500 12 0.749682 26.317160 4.326777 36.371665 0.896993 924.010606 
15550 13 0.901391 29.527391 4.196239 49.850318 0.451339 469.321414 
15600 11 1.002697 28.500421 4.304045 25.598429 0.556745 615.743331 
15650 12 0.985276 32.644152 4.370467 43.885641 0.288908 537.038760 
15700 11 0.640023 30.595354 4.400875 68.917639 0.480624 643.919849 
15750 13 0.949027 31.338990 4.226477 54.885484 0.257425 761.545070 
15800 12 1.352844 31.418620 4.543043 18.392439 0.374445 996.338430 
15850 11 1.498005 33.505070 4.340093 41.772129 0.345072 723.935630 
15900 14 1.354906 34.277708 4.347229 40.165926 0.442592 1744.945167 
15950 13 1.036818 35.194047 4.291648 39.345292 0.366190 959.553565 
16000 13 1.396799 32.802860 4.264466 37.410255 0.314563 798.927153 
16050 13 1.023122 30.964169 4.429270 36.806160 0.222411 1053.497345 
16100 11 1.005578 32.244936 4.342209 38.051212 0.273896 3241.616476 
16150 14 1.290881 33.296991 4.342209 38.051212 0.295173 6894.465063 
16200 14 0.778186 33.094708 4.342209 38.051212 0.464002 7407.436603 
16250 14 0.994920 34.103400 4.342209 38.051212 0.454316 1722.748033 
16300 12 1.183413 35.128755 4.341798 37.350669 0.484076 898.238215 
16350 14 0.683678 33.523753 4.341798 37.350669 0.591649 725.037090 
16400 13 0.663929 33.458553 4.341798 37.350669 0.558975 1089.690358 
16450 10 0.838966 32.661464 4.341798 37.350669 0.283250 1410.263394 
16500 13 0.787463 32.441917 4.313685 39.242650 0.342432 1237.265347 
16550 12 0.666527 31.630017 4.131013 38.469548 0.338740 1770.625424 
16600 16 1.048294 33.202672 4.131013 38.469548 0.402861 2635.118321 
16650 14 1.073145 33.826507 4.131013 38.469548 0.305814 1840.158071 
16700 14 1.222321 35.642939 4.131013 38.469548 0.346232 3756.860962 
16750 11 1.070362 35.773619 4.173143 38.811546 0.343922 2558.627633 
16800 14 1.350329 30.503454 4.173143 38.811546 0.245077 1015.985715 
16850 11 0.970490 28.701646 4.126091 39.386563 0.388410 1455.149865 
16900 12 1.155362 28.369824 4.236801 37.847408 0.420067 1576.046648 
16950 13 0.809696 24.547087 4.310110 37.765727 0.402819 3572.624791 
17000 12 1.219083 22.641188 4.347358 37.385745 0.305027 2243.940511 
17050 12 0.900355 21.735669 4.287940 37.031233 0.243688 3001.113254 
17100 11 0.957775 21.154690 4.314318 36.870731 0.244296 4599.615577 
17150 16 0.877613 19.241884 4.375647 36.052251 0.323007 2216.518438 
17200 10 0.956817 20.378038 4.279660 34.989448 0.254951 3016.014608 
17250 14 1.048900 17.341283 4.599000 32.932907 0.248410 1121.691133 
17300 14 1.081013 19.250654 4.588405 33.863307 0.187704 2787.518322 
17350 16 1.054975 29.731447 4.337651 31.210604 0.407646 3744.414649 
17400 13 0.775606 32.718883 4.471857 28.167271 0.303863 2530.386067 
17450 14 0.879707 32.865081 4.453957 33.647794 0.278247 2868.756875 
17500 12 0.851360 24.741394 4.372386 41.537871 0.313041 1417.423815 
17550 15 0.785145 28.836092 4.493879 43.511822 0.736382 2498.675526 
17600 14 0.862133 30.744055 4.575785 31.365919 0.950875 4352.387774 
17650 13 0.235098 25.979792 4.633411 36.148926 0.531271 5548.917712 
17700 12 0.230534 26.178346 4.777157 35.544433 0.361531 3347.900375 
17750 12 0.534434 27.741937 4.647480 25.320711 0.249697 812.858686 
17800 14 0.957981 27.994859 4.267841 41.035842 0.374119 724.276842 
17850 12 0.762381 33.541522 4.297837 45.517009 0.299840 401.652248 
17900 14 0.801102 28.859224 4.107486 82.287596 0.203383 356.766857 
17950 14 0.652531 29.408309 4.258648 38.560600 0.238698 547.663458 
18000 14 0.532763 26.494914 4.733794 18.505764 0.511117 259.754146 
18050 15 0.504211 23.709016 4.281727 57.162003 0.448777 214.617051 
18100 12 0.664888 22.479377 4.228570 33.556104 0.588646 345.567544 
18150 14 0.916863 21.902437 4.131162 63.804855 0.686593 548.123705 
18200 14 0.987367 18.975367 3.967653 59.334319 0.519672 256.649643 
18250 15 1.167878 29.132324 4.024459 45.268145 0.259421 93.013085 
18300 12 0.762118 34.333034 4.476873 42.888502 0.258490 72.860233 
18350 14 1.071231 31.366527 4.281519 32.195877 0.310543 174.067073 
18400 14 1.171922 29.877940 4.614879 37.155961 0.365610 201.980850 
18450 11 1.007846 29.010023 4.397574 32.885380 0.282891 454.535073 
18500 10 0.819318 34.792474 4.429717 52.269993 0.233975 133.335768 
18550 12 0.854157 27.075387 4.189367 59.396505 0.301753 61.711010 
18600 14 1.013871 23.859715 4.257273 29.216480 0.208125 94.380541 
18650 12 0.902649 31.860607 4.425866 32.615904 0.170369 65.319497 
18700 12 1.011214 29.230878 4.421632 20.770178 0.250365 142.333221 
18750 14 0.871561 26.377115 4.283561 31.753467 0.268495 123.155759 
18800 12 1.008870 31.535296 4.501932 34.055187 0.232347 125.765850 
18850 13 0.987022 36.599566 4.352722 46.041684 0.209827 135.179243 
18900 13 0.948584 35.722377 4.210551 60.298115 0.299053 152.290031 
18950 12 0.953791 35.158562 4.263259 47.544912 0.393057 286.162709 
19000 11 0.771864 38.322620 4.468159 52.005678 0.495562 424.980302 
19050 12 0.732911 38.580884 4.466038 45.899781 0.550730 466.793235 
19100 14 0.862580 39.359370 4.647138 36.001253 0.498928 522.608950 
19150 14 0.788573 34.680373 4.409929 39.864048 0.624901 593.602287 
19200 12 0.644545 31.289644 4.493869 34.381864 0.567628 249.930203 
19250 14 0.595857 31.138317 4.371927 39.728269 0.301350 160.705303 
19300 13 0.546815 27.506977 4.445561 46.700308 0.295396 513.390353 
19350 14 0.740435 32.698690 4.428639 37.960449 0.514083 729.030691 
19400 13 0.712651 32.372942 4.371218 49.758685 0.416701 620.140526 
19450 14 0.516565 40.565659 4.417094 50.993294 0.434568 335.839962 
19500 12 0.576566 39.716924 4.436561 48.746869 0.423763 920.654465 
19550 13 0.490282 35.632272 4.466972 49.823783 0.427218 1428.040741 
19600 13 0.507939 37.363786 4.521565 62.971206 0.513518 1026.335654 
19650 11 0.415465 36.124583 4.681054 72.204205 0.262718 1877.675059 
19700 13 0.363679 30.656880 4.641850 31.027093 0.221227 2588.898349 
19750 14 0.113253 34.939152 4.742976 85.069383 0.374265 1681.725302 
19800 18 0.172211 33.576781 4.479359 79.421168 0.750661 1493.956230 
19850 13 0.069304 25.843124 4.625644 49.549033 1.159184 3403.883823 
19900 11 0.105815 29.061540 4.621706 63.714650 1.028945 3549.773758 
19950 14 0.111065 27.458916 4.825091 51.343967 0.918148 1483.917739 
20000 16 0.291091 33.645431 4.648440 41.937564 0.783981 2465.366553 
20050 12 0.173892 33.563721 4.524431 79.850336 1.133760 2350.800302 
20100 12 0.158658 37.456172 4.643931 84.431372 0.879333 2984.141005 
20150 14 0.064296 27.413577 4.840137 60.812064 0.554133 977.629939 
20200 14 0.253388 26.280878 4.465193 32.497682 0.569928 949.728313 
20250 13 0.894127 33.008958 4.366435 59.997447 0.478946 529.982100 
20300 10 0.389442 29.119988 4.723727 11.525552 0.260293 1276.853261 
20350 13 0.357438 31.976568 4.764819 21.639185 0.217113 1351.137751 
20400 10 0.232292 30.487723 4.761747 29.439088 0.265088 1814.221682 
20450 14 0.370885 29.225890 4.674179 30.584345 0.247950 2841.939076 
20500 11 0.303033 30.986242 4.606418 32.984422 0.443793 4327.149109 
20550 13 0.147047 30.378611 4.620298 33.429078 0.203863 5948.974742 
20600 16 0.165056 23.321273 4.666430 48.200839 0.483299 6681.653500 
20650 10 0.096411 26.150079 4.673789 62.319359 0.321110 3772.595565 
20700 11 0.132352 21.606867 4.420825 60.810568 0.356654 4620.179621 
20750 13 0.134456 25.191248 4.809864 26.943666 0.347417 7744.674107 
20800 14 0.149290 32.706159 4.379983 64.715650 0.248041 3328.522959 
20850 12 0.120408 30.905352 4.868416 43.143645 0.362743 1829.189590 
20900 9 0.126027 29.734354 4.804342 55.779289 0.366698 1684.872016 
20950 15 0.251905 27.886771 4.765067 52.410400 0.431470 1662.841095 
21000 16 0.275672 35.348331 4.673728 49.367547 0.332452 1183.793683 
21050 14 0.054828 35.607021 4.361531 70.119311 0.213005 907.371139 
21100 16 0.078642 38.341248 4.745733 23.006117 0.232242 415.914817 
21150 12 0.130145 35.732358 4.754410 32.174833 0.183513 577.118652 
21200 13 0.206909 40.263023 4.803035 28.041529 0.187111 287.499074 
21250 12 0.135774 45.077221 4.623384 37.047656 0.166101 209.502628 
21300 13 0.263072 35.456157 4.649799 33.197729 0.261157 233.300608 
21350 12 0.227326 32.583182 4.624083 70.793293 0.213924 164.287172 
21400 13 0.243322 30.343174 4.686958 44.077753 0.175801 50.017625 
21450 11 0.301803 29.820266 4.606151 44.022349 0.368804 47.761245 
21500 11 0.430234 36.930957 4.643805 75.802134 0.398280 58.745588 
21550 9 0.367252 30.514907 4.750740 66.423056 0.296602 54.088847 
21600 13 0.304971 20.859366 4.482484 62.862654 0.176829 26.214984 
21650 13 0.395566 21.071915 4.605566 54.070135 0.183701 17.771014 
21700 11 0.392155 28.929164 4.420274 40.870883 0.217548 13.162310 
21750 14 0.423970 33.123658 4.434208 57.394048 0.224282 30.400474 
21800 12 0.491598 29.735434 4.482590 68.200168 0.151010 32.901494 
21850 11 0.520788 29.521161 4.354817 67.785059 0.197688 32.815424 
21900 12 0.492127 27.335718 4.314006 69.491941 0.119040 33.497520 
21950 13 0.525553 27.365168 4.238057 89.557117 0.248257 26.358971 
22000 14 0.648839 26.442219 4.328525 44.746348 0.387660 33.053096 
22050 11 0.816569 25.264499 4.410137 43.310237 0.398848 38.615208 
22100 13 0.408824 27.266080 4.505513 28.200052 0.347743 38.740341 
22150 13 0.469340 26.988186 4.464199 46.360279 0.428546 62.107238 
22200 12 0.473049 22.302938 4.357121 40.928255 0.281939 29.246794 
22250 11 0.338782 22.681828 4.522383 57.623693 0.386279 25.386898 
22300 14 0.323416 26.593803 4.395106 99.856690 0.330268 78.134760 
22350 13 0.269986 22.899106 4.547569 56.389573 0.224392 160.323091 
22400 13 0.182471 25.081984 4.362408 59.833035 0.229750 152.424768 
22450 10 0.260709 23.284838 4.872936 19.813133 0.348548 85.899102 
22500 15 0.322488 20.138403 4.504146 59.670236 0.214062 105.108166 
22550 15 0.275583 23.554245 4.421286 16.513680 0.337860 184.921458 
22600 14 0.264180 26.226063 4.553904 66.756798 0.391226 274.604094 
22650 14 0.250344 28.076106 4.680264 106.095572 0.382418 119.093355 
22700 14 0.425440 32.308444 4.563736 47.260686 0.346863 184.800493 
22750 14 0.216719 29.827794 4.463390 71.493149 0.369223 124.935080 
22800 12 0.310092 27.158498 4.771693 38.585210 0.315316 82.789320 
22850 9 0.114416 27.138319 4.794307 28.351640 0.297179 140.983722 
22900 13 0.116055 33.739304 4.718055 14.896376 0.261089 97.984326 
22950 13 0.214710 34.425219 4.584344 39.136650 0.143556 110.193063 
23000 10 0.203639 26.156233 4.762165 59.094265 0.246218 108.337485 
23050 12 0.240918 26.790957 4.842923 35.510367 0.257302 287.719020 
23100 12 0.173339 15.438699 4.773787 44.781555 0.258964 376.388500 
23150 12 0.281097 14.138218 4.625295 29.602426 0.206656 223.985344 
23200 11 0.160395 21.602064 4.901161 69.609683 0.197422 533.129217 
23250 12 0.059310 23.750035 4.464340 23.924838 0.279153 195.279024 
23300 12 0.224688 27.507585 4.845226 62.091749 0.237957 105.629930 
23350 13 0.338533 30.116626 4.565206 27.655070 0.238749 161.932098 
23400 13 0.023283 34.678723 4.380466 56.746548 0.329472 222.982456 
23450 12 0.032399 36.672084 4.564139 82.799034 0.293015 108.729724 
23500 10 0.103101 28.918421 4.764535 30.131674 0.229139 169.711138 
23550 12 0.163305 32.359239 4.538339 37.306037 0.221226 104.771516 
23600 13 0.132135 28.468576 4.958405 41.710355 0.194110 36.565484 
23650 13 0.089930 29.411525 4.604456 106.589662 0.246419 29.582530 
23700 14 0.159461 28.559433 5.255261 82.772142 0.123642 36.829997 
23750 11 0.014282 21.127351 4.849699 29.493170 0.168505 29.600274 
23800 13 0.036089 21.397999 4.768575 48.785770 0.266028 92.496345 
23850 12 0.089686 15.562778 4.743991 12.379829 0.204895 229.940375 
23900 15 0.150233 25.754433 4.431377 56.571864 0.232319 130.242449 
23950 16 0.192222 28.486285 4.528543 49.107200 0.293549 66.281495 
24000 11 0.286186 21.502510 4.561758 93.108205 0.325700 182.006437 
24050 10 0.107632 28.234439 4.785687 82.024900 0.297382 126.213041 
24100 10 0.062479 29.398398 4.579447 34.634874 0.277426 140.351160 
24150 12 0.001382 25.153157 4.847651 35.823393 0.269952 208.481775 
24200 11 0.024441 25.056518 4.820120 70.552502 0.322019 101.533186 
24250 13 0.137290 22.643859 4.520581 91.726075 0.314756 196.319541 
24300 14 0.152295 25.352177 4.890812 36.339641 0.329528 256.309095 
24350 13 0.184962 24.882041 4.546447 34.837184 0.270587 466.095948 
24400 11 0.271838 23.002244 4.568862 66.680256 0.286325 675.363148 
24450 14 0.125652 22.494472 4.606511 28.835288 0.217753 726.981217 
24500 13 0.177590 20.812189 4.555142 11.418580 0.402996 239.542079 
24550 12 0.192171 20.365676 4.653832 57.509687 0.245215 775.753420 
24600 14 0.231990 21.982857 4.339371 78.274226 0.448271 591.325177 
24650 13 0.164194 25.698621 4.495048 46.485725 0.322061 1027.743212 
24700 12 0.157202 14.376290 4.395072 45.410267 0.407207 713.325676 
24750 11 0.239630 21.139219 4.586192 75.883938 0.289117 827.724339 
24800 12 0.370698 23.973384 4.509730 58.575342 0.443835 489.472288 
24850 12 0.280812 22.354112 4.694101 30.712992 0.424323 927.625041 
24900 16 0.278791 25.192314 4.751091 32.406849 0.365234 1225.061662 
24950 13 0.109405 22.175049 4.635702 46.637491 0.310311 419.079644 
25000 13 0.098125 18.022078 4.572226 54.939811 0.353309 1134.804258 
25050 12 0.192424 25.803995 4.763207 56.403703 0.374825 1695.045858 
25100 12 0.364024 27.492855 4.399688 69.592429 0.211734 1681.071553 
25150 12 0.362771 27.258717 4.593112 39.191631 0.252945 1998.044871 
25200 8 0.361251 29.852328 4.573114 6.331160 0.242060 1590.738803 
25250 13 0.349331 35.742933 4.481800 61.964571 0.218220 3798.856408 
25300 15 0.214386 34.706286 4.473133 42.187562 0.221423 4939.285284 
25350 12 0.428613 37.184193 4.635222 27.626286 0.385104 8851.959538 
25400 14 0.280169 35.661730 4.939854 27.053839 0.239460 3814.458285 
25450 14 0.217110 30.881943 4.184854 58.381945 0.416526 5999.734069 
25500 12 0.187321 36.239623 4.551320 47.009351 0.376562 3534.565905 
25550 12 0.269614 33.845270 4.638065 75.651308 0.307343 4485.416189 
25600 10 0.378135 29.561262 4.426535 84.129261 0.326351 9236.760128 
25650 11 0.287567 21.112735 4.457478 74.908732 0.306560 8981.618869 
25700 10 0.301965 21.350758 4.781852 39.606065 0.312321 17694.506027 
25750 12 0.177669 24.007541 4.582750 46.124267 0.674739 28298.100101 
25800 10 0.353482 28.395316 4.671947 33.938410 0.360161 30069.107916 
25850 14 0.300100 32.011491 5.284300 32.978042 0.433083 13143.631404 
25900 10 0.238414 30.225131 4.738631 43.364434 0.343625 8874.559003 
25950 13 0.254003 30.407348 4.650160 60.811395 0.357255 4024.804171 
26000 15 0.370815 38.537764 4.802496 36.412846 0.445214 10719.671705 
26050 14 0.430776 39.063674 4.461699 58.361810 0.673876 13794.799750 
26100 15 0.224462 31.886652 4.520987 62.607953 0.543727 15102.566102 
26150 14 0.239697 30.179474 4.527494 81.482804 0.811288 10759.229431 
26200 13 0.183684 34.477479 4.732561 30.055091 0.931914 11883.748261 
26250 14 0.371124 40.448865 4.738850 52.178147 0.804200 16468.441538 
26300 14 0.467293 40.942034 4.605473 40.995876 0.450309 73211.302507 
26350 10 0.504235 43.698470 4.625363 8.713060 0.566988 26682.696607 
26400 17 0.614883 49.125335 4.513719 53.182153 0.621311 14374.860940 
26450 13 0.675154 47.800523 4.378265 33.360973 0.391451 14370.670528 
26500 13 0.639130 50.132510 4.459303 87.509424 0.364040 7818.230019 
26550 12 0.724002 41.124543 4.237630 73.225428 0.565905 8172.016062 
26600 14 0.595917 40.798443 4.375202 56.418914 0.558378 3085.775312 
26650 14 0.572009 36.219013 4.514382 51.009571 0.894773 3584.727413 
26700 12 0.435135 42.619185 4.658638 9.251506 0.860754 3802.115606 
26750 12 0.572352 38.101215 4.618101 61.548617 1.035129 4060.102326 
26800 15 0.626279 33.814990 4.251614 51.830629 1.296530 1733.272105 
26850 12 0.734248 37.525076 4.414746 36.106783 1.253744 2897.622061 
26900 13 1.204558 38.862749 4.445446 18.908799 0.944726 5269.601617 
26950 13 1.299218 39.497174 4.202788 36.104670 0.745573 3445.281436 
27000 13 1.299485 32.767740 4.144709 28.059668 0.785989 2561.066601 
27050 12 1.061898 34.707731 4.188005 53.448013 0.962799 3197.130932 
27100 12 1.079513 34.492572 4.124980 60.438370 0.684946 1214.325837 
27150 13 1.146165 31.799699 4.193238 61.866692 0.709079 746.440613 
27200 12 1.218534 34.688941 4.134837 65.682466 0.547673 833.449055 
27250 15 1.253561 33.053437 4.025931 66.213159 0.469939 574.982193 
27300 12 1.182390 32.169859 4.020412 53.365258 0.318466 176.494850 
27350 11 1.145066 28.706125 4.562421 35.038951 0.338835 105.757380 
27400 14 1.063393 28.156494 4.410814 34.032145 0.237385 87.815235 
27450 8 1.091212 33.532413 4.515090 32.265919 0.316886 101.882381 
27500 13 1.123595 28.007970 4.441527 37.867641 0.222774 74.323431 
27550 15 1.190034 21.770123 4.441527 37.867641 0.375738 55.669737 
27600 13 1.208403 38.982830 4.301923 31.905078 0.262637 119.472997 
27650 12 1.200778 42.630629 4.633086 27.100398 0.388846 108.111399 
27700 14 1.081394 42.962766 4.344726 48.342070 0.369850 160.676912 
27750 13 1.119881 33.866662 4.222082 34.715961 0.237070 276.224405 
27800 13 1.046644 38.639294 4.239145 41.394395 0.421630 528.759564 
27850 14 1.088092 41.279213 4.316951 41.065087 0.500380 513.500759 
27900 13 1.083537 38.190060 4.261635 48.786841 0.519471 500.210397 
27950 13 1.179433 33.450015 4.297066 42.842517 0.410722 355.993309 
28000 14 1.062682 39.058310 4.304021 47.423187 0.408065 241.338736 
28050 13 1.059365 37.852129 4.138863 52.092828 0.448023 135.054740 
28100 11 1.041730 37.779623 4.214316 49.699630 0.436633 368.843245 
28150 12 0.725206 42.075071 4.222652 58.666176 0.472941 978.021481 
28200 13 1.017025 35.494551 4.117903 66.559096 0.623354 1883.072599 
28250 15 0.644820 50.741645 4.212890 61.549753 0.493522 1748.690081 
28300 11 1.106099 48.218089 4.077840 66.035357 0.513975 1061.486644 
28350 15 1.308865 52.219454 4.121985 55.087048 0.753001 485.854955 
28400 10 1.324843 38.747460 4.125735 51.468518 0.581642 1131.176689 
28450 14 1.139411 40.868756 4.250156 36.619979 0.745195 1375.802082 
28500 15 1.165014 42.581746 4.221994 50.829335 0.677181 2786.580594 
28550 10 1.092989 40.472292 4.200167 42.749053 0.514342 4490.128227 
