0 10 2.866370 24.857516 4.200000 20.000000
50 5 2.305283 25.197253 4.343852 136.259277
100 4 2.282912 25.037222 4.352642 200.458186
150 7 2.111032 25.281143 4.357335 132.819241
200 5 2.155034 25.064656 4.431619 116.983727
250 5 1.910683 24.912114 4.603977 173.372274
300 3 1.881358 24.925170 4.561655 210.610012
350 2 1.820476 25.034321 4.918646 204.952238
400 4 1.770086 24.340315 4.743349 279.867230
450 3 1.716469 24.936244 5.011607 242.967160
500 3 1.690466 25.579629 4.745075 197.552805
550 3 1.790748 25.203707 4.900690 203.933233
600 3 1.613448 25.513920 5.027972 209.874372
650 3 1.665092 26.504286 4.931490 162.934919
700 4 1.413622 26.655365 4.901140 214.811798
750 4 1.400990 26.360221 4.841676 172.069507
800 4 1.467059 26.933619 4.740024 191.767239
850 5 1.604053 27.331990 4.871832 200.556919
900 3 1.224055 28.306336 4.909446 225.352517
950 3 1.036670 26.431518 4.953573 201.728150
1000 2 0.989614 28.016821 4.914383 173.706643
1050 3 1.185789 28.078562 4.673119 204.416821
1100 6 0.784844 27.346514 4.641175 201.208942
1150 4 0.836824 26.808377 4.996893 162.545431
1200 3 1.248956 25.754273 4.854278 213.836339
1250 4 1.168067 24.892758 5.171153 225.450362
1300 6 0.691242 25.300023 5.070134 139.358167
1350 5 0.730852 26.001396 5.541182 232.851257
1400 2 0.993729 26.824703 5.657136 207.967570
1450 1 1.511321 26.947827 5.432948 217.069884
1500 3 1.295517 26.325723 5.542059 145.603030
1550 2 1.217102 26.089182 5.231211 187.064084
1600 3 1.147992 25.401389 5.192817 189.542178
1650 1 1.310954 26.207454 5.240737 227.943494
1700 3 1.329222 26.816974 5.220503 209.833739
1750 4 0.757563 25.557067 5.042749 198.515212
1800 4 1.027029 26.995331 4.750097 247.709571
1850 3 1.215465 26.055607 4.873590 257.928395
1900 4 1.116643 26.338372 5.161688 158.716341
1950 2 1.151791 23.761258 5.134874 216.772648
2000 1 1.176192 24.917011 5.481847 189.767583
2050 3 1.268878 26.222295 5.432727 204.851629
2100 1 1.241047 23.526946 5.644614 202.182613
2150 2 1.450329 24.207496 5.402989 190.732454
2200 2 1.397081 26.751099 5.149227 201.686137
2250 2 1.369378 26.835228 5.398776 177.157059
2300 3 1.400256 25.328191 5.051595 196.377087
2350 2 1.369521 24.457461 4.966671 196.876104
2400 2 1.354831 24.139012 5.068360 169.495415
2450 2 1.201949 23.369903 5.064763 183.190515
2500 3 1.133733 27.473953 5.045264 210.773476
2550 3 1.176590 25.407178 5.155327 193.527975
2600 4 1.149527 24.037529 4.886321 190.791258
2650 3 1.291956 23.877675 4.737664 247.345759
2700 2 1.419191 25.557981 4.744750 267.917445
2750 4 1.283831 25.885547 5.167641 224.534030
2800 3 1.183532 26.248208 4.622319 160.047351
2850 3 1.321679 27.902746 4.678421 267.911591
2900 3 1.234816 26.705584 5.147525 132.826947
2950 2 1.222473 24.548298 5.202585 207.201391
3000 2 1.280358 25.837218 5.449420 242.055587
3050 2 1.341314 26.080899 5.383371 189.783018
3100 3 1.177359 24.981033 5.131566 182.610582
3150 1 1.091133 22.302684 5.112436 249.752376
3200 6 0.983032 23.696150 4.950640 196.805272
3250 2 1.084715 22.834567 5.335411 201.299853
3300 3 0.975308 24.822198 5.357289 186.433795
3350 2 0.733192 25.232623 5.140488 233.431477
3400 4 0.681919 22.906297 5.440752 185.692537
3450 3 0.362429 20.361687 5.431323 176.896262
3500 4 0.970303 22.613936 4.954941 226.234877
3550 4 1.213023 23.599886 4.974582 186.031841
3600 3 1.115900 19.531765 5.174817 182.385315
3650 1 1.118025 26.309710 5.292027 196.617869
3700 6 0.485330 24.574580 5.415225 231.769353
3750 5 0.717009 28.338200 5.060200 163.414825
3800 5 0.752728 27.232707 5.149043 222.274095
3850 6 0.783824 20.982108 4.948293 158.818495
3900 5 0.500584 23.155085 4.788540 190.838906
3950 2 0.700471 22.333888 5.230078 182.365532
4000 2 0.628550 22.708194 5.207955 213.474631
4050 4 0.555969 26.272947 5.340016 194.964208
4100 2 0.713294 19.259857 5.307441 233.969096
4150 2 0.763713 26.678858 5.325601 201.730141
4200 2 0.905245 23.134737 4.989469 199.979890
4250 3 0.743950 23.308163 4.857152 208.168899
4300 3 0.816536 16.041421 4.882542 202.946875
4350 4 0.825872 19.646184 4.871458 205.121056
4400 5 0.945327 21.316813 4.889125 201.813702
4450 2 0.861164 21.843687 5.010489 196.714738
4500 2 0.970266 20.763137 5.084597 195.062985
4550 3 0.816034 23.977547 5.153259 187.961170
4600 5 0.784213 24.304531 5.151712 209.226061
4650 2 0.715323 21.024867 5.321130 203.931489
4700 1 0.778066 24.627301 5.643401 218.486785
4750 1 0.739733 20.220118 5.583292 216.026982
4800 4 0.802233 22.053089 5.222124 192.872446
4850 6 0.661492 22.386015 5.219095 194.746073
4900 2 0.828115 23.181826 5.105634 195.303913
4950 2 0.770933 23.550634 5.310882 194.391800
5000 5 0.720501 23.607322 5.298630 178.166912
5050 3 0.645335 25.535558 5.072446 233.347845
5100 2 0.574865 27.390661 5.255730 175.516500
5150 4 0.494671 26.516303 5.271170 215.754685
5200 10 0.143413 28.508651 5.282734 239.380229
5250 7 0.275887 29.674399 5.641410 218.837583
5300 3 0.264429 30.429475 5.398134 215.823708
5350 11 0.151524 31.439587 5.563133 162.360801
5400 4 0.277397 32.883166 5.648482 191.664557
5450 4 0.322992 30.111377 5.525847 186.161256
5500 4 0.764863 32.158013 4.720909 225.618263
5550 7 0.575155 31.742457 4.673242 317.770528
5600 9 0.435250 31.515914 4.920932 228.705259
5650 5 0.416164 31.100772 5.013982 199.526410
5700 5 0.248256 30.144993 5.438923 179.993844
5750 2 0.044823 28.821742 5.741687 270.263369
5800 1 0.591869 27.720009 5.776735 231.228160
5850 6 0.553886 31.402121 5.488563 206.702219
5900 7 0.709789 32.354745 5.357914 193.237674
5950 4 0.674632 31.195183 5.037044 224.103896
6000 9 0.588998 32.941852 4.947944 196.528507
6050 16 0.209078 32.720272 5.065442 236.008452
6100 7 0.390864 35.530971 4.776746 269.219056
6150 10 0.582944 36.541073 4.534095 162.605381
6200 4 0.720553 35.472458 5.357494 165.369819
6250 2 0.971411 34.796884 5.125232 225.978479
6300 1 0.608385 36.374411 5.387041 266.336035
6350 3 0.729836 36.525904 5.288276 195.243510
6400 3 0.605406 37.410819 5.223958 262.364413
6450 3 0.226272 37.213598 5.560023 190.107995
6500 8 0.427888 36.676791 5.078289 235.561637
6550 7 0.484161 37.542224 5.256688 220.610496
6600 1 0.844837 38.096265 5.336121 172.677506
6650 5 0.583973 38.496436 5.338113 205.912375
6700 7 0.569794 36.290379 5.222949 203.271727
6750 5 0.582526 38.291025 4.875485 202.806072
6800 9 0.651980 36.586993 4.629450 204.357138
6850 4 0.917084 40.284328 4.810069 224.862688
6900 6 0.956864 39.363235 4.944279 185.396718
6950 4 1.080356 38.276885 4.973303 173.557737
7000 2 0.679786 38.290116 5.194321 222.265671
7050 5 0.405039 34.394977 5.198795 174.707291
7100 4 0.797319 38.899230 5.046728 212.108615
7150 7 0.400743 37.170871 5.244365 236.532296
7200 10 0.497586 34.186210 4.823557 304.863860
7250 7 0.603622 37.908741 5.173767 186.968380
7300 2 0.676865 35.708185 5.669223 181.991654
7350 3 0.631342 37.517104 5.391426 183.922407
7400 3 0.703860 36.038870 5.280542 225.709946
7450 5 0.968352 34.431408 5.384372 166.126036
7500 3 0.566397 35.438577 5.480698 197.240447
7550 2 0.178637 37.023577 5.238097 184.011625
7600 4 0.562504 36.267948 5.152233 211.487725
7650 3 0.773618 36.952021 5.090710 238.170890
7700 5 0.747826 37.692514 5.432903 182.644565
7750 2 0.784144 38.289681 5.076681 123.879422
7800 6 0.535128 38.695876 5.014249 191.464260
7850 5 0.634359 38.828592 5.440250 210.032019
7900 11 0.567495 39.235485 4.654710 189.288595
7950 3 0.768088 39.319070 5.346957 201.174211
8000 6 0.782099 39.624663 4.877350 186.614225
8050 2 0.831002 38.685273 5.430800 183.958020
8100 7 0.664225 38.495520 5.254393 172.500507
8150 3 0.650360 39.350219 5.520119 177.231362
8200 6 0.516908 38.625075 5.234345 168.419657
8250 8 0.574267 38.087497 4.993093 212.611769
8300 7 0.442248 37.191562 5.143771 189.631895
8350 10 0.694473 39.845445 4.937335 193.404843
8400 7 0.169047 39.824842 5.295129 227.306269
8450 5 0.130712 42.126879 5.606254 264.861054
8500 5 0.061180 41.662307 5.141819 268.479503
8550 7 0.241630 43.705884 5.227817 191.531329
8600 8 0.512661 44.018774 5.033167 283.029361
8650 9 0.508175 44.857511 4.871795 223.383999
8700 3 0.658278 45.710457 5.092872 176.003842
8750 9 0.351330 44.354516 5.436237 168.505190
8800 4 0.591055 43.815416 5.231415 199.985886
8850 3 0.848636 47.887792 4.978039 267.528150
8900 4 0.439655 47.000377 5.336206 194.018839
8950 6 0.496496 47.544660 5.531602 169.112345
9000 2 0.491654 45.588755 5.105800 241.439713
9050 4 0.570029 47.741345 4.795897 232.210811
9100 3 0.670634 48.972700 5.446825 175.561210
9150 2 0.475401 48.432604 5.618188 187.048962
9200 5 0.510195 46.088794 5.197074 202.946119
9250 5 0.550441 46.489300 5.500381 218.438585
9300 6 0.362615 45.771993 5.477619 201.573840
9350 8 0.539737 47.757284 5.140909 101.242806
9400 5 0.457496 46.520095 5.503006 207.973509
9450 1 0.398986 46.798933 5.423809 233.045772
9500 3 0.247174 45.538270 5.463525 209.040270
9550 2 0.626725 44.003147 5.673728 219.753418
9600 5 0.025542 46.214108 5.322785 223.781016
9650 9 0.283780 43.947633 5.310092 164.842119
9700 9 0.078589 46.176815 5.302466 258.788845
9750 8 0.239510 45.681716 5.681278 207.181933
9800 5 0.223935 46.075700 5.374047 71.846232
9850 11 0.184969 45.542645 5.095289 190.456679
9900 8 0.180252 45.659733 5.379226 185.147264
9950 7 0.001170 45.447689 5.336405 184.031904
10000 10 0.337611 46.318075 5.215214 181.328360
10050 1 0.731214 44.756941 5.039473 217.512124
10100 4 0.729716 46.707428 4.825193 199.080931
10150 8 0.533826 48.269121 5.299519 197.273341
10200 2 0.864200 44.014851 5.329364 212.303885
10250 2 0.499466 44.232165 5.423672 171.898803
10300 3 0.546295 44.730451 5.485951 192.704872
10350 3 0.611053 46.298815 5.292221 203.266246
10400 7 0.460291 44.485632 5.272967 169.852799
10450 7 0.386186 42.899317 5.401605 201.498738
10500 5 0.203597 41.568882 5.102719 184.456619
10550 8 0.068374 44.504098 5.500940 171.899014
10600 8 0.094626 42.245734 5.470080 176.148175
10650 3 0.544225 42.269681 5.220870 168.349548
10700 6 0.653962 41.296617 5.155317 201.998307
10750 5 0.310816 43.061676 5.322056 175.452043
10800 5 0.623423 42.626831 5.314063 199.642609
10850 7 0.675687 42.204246 4.884087 195.989692
10900 9 0.550567 43.667126 5.347203 95.109586
10950 5 0.344992 41.660484 5.190821 238.981322
11000 3 0.266765 44.368710 5.170571 173.118318
11050 4 0.366768 43.946281 5.267552 230.336697
11100 8 0.134786 45.846281 5.663428 196.332059
11150 5 0.236250 46.322064 5.232112 233.379633
11200 4 0.228111 46.383899 5.537931 206.442930
11250 8 0.022271 45.548717 5.213855 151.032100
11300 6 0.315600 46.887890 5.592673 146.833324
11350 4 0.256338 46.711742 5.380691 189.354139
11400 1 0.510806 46.224192 5.550994 205.774375
11450 5 0.475160 47.902638 5.298099 226.682724
11500 3 0.659682 44.832077 5.103048 171.194177
11550 2 0.481089 44.925969 5.778870 131.894139
11600 17 0.173587 44.680263 4.938893 197.820745
11650 6 0.427481 43.525301 5.244524 194.251113
11700 9 0.257871 41.647930 5.382450 163.297859
11750 9 0.131919 40.282429 5.203832 184.724008
11800 8 0.029663 39.171982 5.522606 206.772691
11850 11 0.373190 38.386483 5.438190 60.797254
11900 9 0.055934 37.136467 5.070446 129.701176
11950 10 0.202302 39.653641 5.240365 214.155777
12000 12 0.574496 41.935027 4.939382 158.809027
12050 8 0.555303 42.523472 4.913135 177.290180
12100 4 0.195440 37.972971 5.191814 195.382551
12150 8 0.446579 41.110498 4.839372 189.095680
12200 9 0.584960 42.305369 4.897022 205.843448
12250 6 0.836700 40.059830 4.887898 165.379734
12300 4 0.668774 42.190311 5.144502 165.926941
12350 3 0.487125 39.953076 5.592373 212.080866
12400 8 0.319876 42.842049 5.477457 216.805562
12450 14 0.170793 41.700726 5.449276 211.475981
12500 13 0.378880 40.945462 4.977122 201.906744
12550 12 0.393952 41.818117 4.904530 175.130092
12600 14 0.254017 39.758915 4.877027 245.114438
12650 7 0.343458 40.024389 4.858870 271.382919
12700 5 0.705444 39.512197 4.969643 237.387660
12750 6 0.538912 38.237264 4.975673 206.681474
12800 11 0.215401 40.593882 4.705555 207.535732
12850 9 0.237283 39.957402 5.014633 201.332045
12900 9 0.162424 38.814801 5.219813 277.867598
12950 12 0.392096 40.705343 4.681583 169.150810
13000 14 0.408623 39.153417 4.508024 209.193663
13050 19 0.132195 42.342653 4.826580 208.742923
13100 5 0.111812 41.186020 5.552828 197.127109
13150 2 0.059674 39.850863 5.181822 221.417944
13200 3 0.321336 42.036742 5.679017 198.168352
13250 8 0.573868 42.676102 5.026050 209.113818
13300 2 0.346497 44.443226 5.634947 226.472696
13350 4 0.648526 43.171036 5.485071 188.997271
13400 5 0.520808 44.001502 5.519411 200.679879
13450 4 0.334639 41.145824 5.534663 220.917006
13500 3 0.289890 43.429647 5.415466 207.956656
13550 4 0.387827 44.155846 5.415466 207.956656
13600 5 0.559374 45.816556 5.239868 211.060597
13650 8 0.646112 45.206532 5.239868 211.060597
13700 3 0.338144 45.863502 5.406337 208.716921
13750 3 0.311884 38.950645 5.555918 215.016831
13800 1 0.439765 39.826276 5.493594 209.262333
13850 7 0.284855 41.063036 5.483817 200.094050
13900 7 0.301078 38.584668 5.046007 162.230256
13950 5 0.006125 38.653319 5.563964 221.339434
14000 10 0.635723 37.783858 4.472823 211.712551
14050 7 0.567996 37.513677 4.627867 221.104091
14100 11 0.766558 38.529305 4.497104 190.582290
14150 11 0.323211 39.552419 5.127044 211.007779
14200 4 0.442447 42.045692 5.109691 204.441486
14250 3 0.672248 44.794649 4.987305 181.084517
14300 2 0.199226 40.911949 5.563226 170.816739
14350 5 0.456388 42.277381 5.305588 200.329644
14400 2 0.492899 44.940175 5.370409 181.801197
14450 4 0.518725 47.060049 5.511279 204.564271
14500 7 0.182738 42.910901 5.536785 155.721976
14550 2 0.415878 43.580860 5.649140 189.569576
14600 6 0.635235 42.635959 5.478420 141.626317
14650 5 0.216654 44.293818 5.246611 172.987152
14700 5 0.453142 44.196737 5.279191 204.482840
14750 3 0.268394 45.653410 5.566451 215.692835
14800 7 0.322593 43.583205 5.570579 212.435363
14850 6 0.390806 46.526938 5.358972 203.389977
14900 10 0.407978 45.453127 5.112133 205.986890
14950 10 0.242883 45.461617 5.112133 205.986890
15000 2 0.691002 41.905315 5.251360 215.955947
15050 7 0.367575 43.089079 5.380760 213.787187
15100 7 0.147654 40.319406 5.390290 209.411191
15150 7 0.150365 40.201295 5.462161 142.414737
15200 5 0.174027 36.105282 5.797573 147.016363
15250 4 0.380013 37.601922 5.394901 218.755232
15300 7 0.194552 39.696347 5.569803 221.662025
15350 12 0.036188 39.145404 5.634075 196.088875
15400 21 0.120865 37.943740 5.256578 186.120862
15450 13 0.116561 40.330634 5.441463 187.028154
15500 11 0.082411 39.249491 5.454220 228.404611
15550 4 0.190753 39.663162 5.347230 283.927867
15600 6 0.204238 38.624790 5.270510 142.523501
15650 1 0.366832 35.267116 5.688340 194.526217
15700 4 0.127397 35.350443 5.496046 183.897187
15750 4 0.232212 32.219353 5.748696 262.731951
15800 6 0.427772 35.411574 5.100855 194.063357
15850 4 0.381879 35.454444 5.412283 238.886677
15900 6 0.311756 33.994226 5.271790 237.503724
15950 2 0.040821 36.962089 5.737834 206.175540
16000 1 0.352500 37.419846 5.645765 199.156810
16050 6 0.185958 35.950502 5.676998 222.016777
16100 4 0.388612 34.670054 5.483411 172.817952
16150 6 0.431302 35.726191 4.931337 176.453566
16200 3 0.332158 32.474895 5.469928 185.222113
16250 2 0.266605 31.089187 5.410854 212.801096
16300 4 0.290250 31.234535 5.219509 203.161272
16350 9 0.492425 32.716030 5.188577 198.220995
16400 8 0.069916 32.220891 5.329305 196.891926
16450 3 0.232544 32.937076 5.613502 210.800100
16500 4 0.300147 32.952307 5.149739 209.741493
16550 6 0.061943 32.217078 5.513533 207.094534
16600 4 0.384081 32.478514 5.603589 209.939867
16650 2 0.408937 31.391941 5.651306 212.427059
16700 5 0.334880 33.125615 5.741243 214.109988
16750 2 0.527361 31.197825 5.396382 214.047643
16800 1 0.532072 32.733305 5.349591 213.477755
16850 4 0.695306 31.896522 5.349591 213.477755
16900 6 0.249763 28.306276 5.349591 213.477755
16950 1 0.417355 27.374029 5.361689 213.559669
17000 4 0.422375 27.923492 5.361689 213.559669
17050 7 0.437406 29.958992 5.160650 214.129722
17100 3 0.793740 27.086944 5.160650 214.129722
17150 6 0.505404 30.954216 5.168263 212.861880
17200 3 0.392321 30.994570 5.576177 212.921615
17250 2 0.624834 27.003366 5.492627 214.899904
17300 1 0.425138 26.488992 5.424038 211.936083
17350 6 0.639226 23.981697 5.271189 203.859028
17400 3 0.436957 22.009342 5.154489 203.799756
17450 5 0.478931 22.898128 5.275142 213.071002
17500 2 0.379801 20.882890 5.616350 170.568752
17550 8 0.032672 22.219922 5.430257 264.114909
17600 15 0.135919 22.742117 5.232056 239.510595
17650 8 0.070091 25.443798 5.584820 192.361303
17700 4 0.159469 27.026981 5.396160 227.221109
17750 4 0.113013 27.404149 5.400187 188.759112
17800 3 0.232190 24.668061 5.510229 174.056159
17850 4 0.453456 23.210291 5.371152 224.253205
17900 4 0.582539 23.191472 5.132402 179.390619
17950 6 0.511394 22.512376 5.363016 158.126673
18000 8 0.536393 23.921502 5.082487 249.923874
18050 7 0.006255 24.134221 5.450285 174.064563
18100 8 0.315310 23.243515 5.027084 228.022946
18150 6 0.522465 26.172678 5.256471 192.771104
18200 9 0.725395 23.096019 4.575288 201.771921
18250 1 0.836253 21.441856 5.222479 203.586732
18300 4 0.531820 19.008709 5.628486 157.084150
18350 3 0.798948 22.866123 4.843602 257.081828
18400 4 0.911349 23.326242 5.011306 235.888040
18450 5 0.634275 24.718049 5.415320 234.590605
18500 5 0.704696 24.097955 4.931594 195.733660
18550 2 0.564098 27.016153 5.037458 235.576357
18600 1 0.509540 26.822852 5.552913 135.045966
18650 2 0.550424 26.457792 5.272025 212.296873
18700 4 0.577215 25.217033 5.132821 186.483126
18750 3 0.711006 26.272643 4.983870 230.117755
18800 2 0.785283 26.390031 5.482283 216.578635
18850 3 0.784498 25.636947 5.420058 156.906199
18900 3 0.734572 23.900035 5.218984 184.491629
18950 6 0.664319 24.944238 5.262946 180.759780
19000 3 0.886456 24.105391 5.187173 199.433903
19050 4 0.694837 23.506061 5.168002 127.965752
19100 7 0.689699 22.037125 5.107067 225.352500
19150 8 0.534627 23.299874 5.059713 167.684923
19200 7 0.799853 25.173410 4.524706 238.847724
19250 4 0.752725 24.174037 4.937421 200.973101
19300 5 0.597110 22.837202 5.177025 195.163407
19350 2 0.558216 25.917597 5.183955 189.608896
19400 5 0.221994 25.775359 5.335305 190.644856
19450 6 0.333064 23.230637 5.059722 200.514270
19500 6 0.366194 24.061379 5.050710 193.990986
19550 4 0.354056 21.001327 5.299765 172.146431
19600 5 0.444748 23.347630 5.455750 193.594723
19650 3 0.912560 23.097688 5.254454 212.268688
19700 2 0.678727 21.455997 5.361294 255.247496
19750 2 0.599091 26.885824 5.245144 222.716140
19800 6 0.271272 24.188635 5.429917 92.419699
19850 12 0.037489 24.671801 5.152793 154.659950
19900 15 0.167183 24.810143 5.354464 157.143778
19950 19 0.237268 26.680127 4.874651 205.239714
20000 14 0.400506 29.966401 4.593035 197.455213
20050 15 0.518750 29.253506 4.042420 215.194318
20100 11 0.548361 25.778590 4.454668 216.187879
20150 4 0.645344 28.746566 4.939226 210.298603
20200 9 0.683041 29.647174 4.778608 229.572833
20250 2 0.969492 26.706652 5.509097 184.099562
20300 1 0.799461 26.450179 5.415026 202.719227
20350 2 0.555190 25.198441 5.344932 219.059371
20400 3 0.583135 23.731462 5.348449 214.420295
20450 4 0.588401 26.219444 5.430730 194.970158
20500 4 0.581010 22.438561 5.173919 210.694062
20550 3 0.684309 22.052193 4.842744 207.006270
20600 8 0.544216 27.219102 4.783512 208.480507
20650 5 0.972172 27.860320 4.599420 210.029924
20700 6 0.580027 25.098796 4.599420 210.029924
20750 4 0.592309 25.122720 5.025081 190.931519
20800 4 0.556874 28.981519 5.088309 192.392213
20850 3 0.452788 26.543317 5.408041 209.405343
20900 4 0.483893 27.053310 5.314050 225.574122
20950 7 0.499571 24.802757 5.184467 254.565323
21000 3 0.502948 21.823965 5.213833 128.947061
21050 3 0.439746 16.121404 5.398587 156.351984
21100 3 0.041213 23.109144 5.571317 209.948352
21150 2 0.351943 21.979920 5.345170 164.752903
21200 4 0.554892 18.737865 4.929839 271.486754
21250 1 0.604051 18.377908 5.285808 222.937040
21300 1 0.506247 20.872589 5.132948 207.506282
21350 1 0.604640 19.927992 5.561186 148.875230
21400 4 0.654191 23.671909 5.526025 169.315125
21450 4 0.612479 22.911466 5.200014 157.464878
21500 5 0.406415 18.903575 5.678100 180.587968
21550 1 0.554569 15.572900 5.499622 179.262334
21600 1 0.590463 20.010313 5.387915 226.594595
21650 2 0.653329 19.638178 5.640091 214.803497
21700 2 0.608644 17.042348 5.436654 192.115837
21750 3 0.580668 15.653867 5.568542 199.088638
21800 3 0.594589 14.916151 5.495081 202.231700
21850 2 0.683126 12.859129 5.667968 198.608594
21900 1 0.532587 12.273115 5.625322 162.255483
21950 5 0.742316 14.374942 5.148511 174.613268
22000 4 0.693053 15.854542 4.955769 194.720940
22050 1 0.709138 13.289732 5.250571 135.980432
22100 5 0.593952 12.485789 4.919952 128.514334
22150 2 0.509212 12.883840 5.405110 277.143061
22200 4 0.541762 9.802575 5.042078 203.885935
22250 3 0.517803 8.049872 5.322341 227.146716
22300 3 0.633839 9.799934 5.528280 189.573614
22350 4 0.428221 14.715041 5.566395 193.325969
22400 4 0.494915 6.087169 5.288931 196.644689
22450 3 0.605427 10.246860 5.458196 205.397201
22500 5 0.561605 15.726839 5.295201 235.291312
22550 6 0.484714 16.949744 5.028574 213.102181
22600 5 0.719873 11.806204 5.268708 193.381305
22650 4 0.701041 15.429233 5.300191 169.988520
22700 6 0.596492 13.482747 5.436150 174.462694
22750 5 0.556347 12.194507 5.578751 183.586073
22800 3 0.404116 12.872513 5.289817 192.059022
22850 4 0.491307 10.517494 5.356534 192.590709
22900 1 0.528970 12.441082 5.356534 192.590709
22950 1 0.573115 13.163526 5.536637 211.120634
23000 3 0.601512 11.239062 5.242163 224.357895
23050 4 0.703132 12.733918 5.340443 186.418921
23100 2 0.743705 10.726038 5.392676 260.249652
23150 2 0.646516 15.923516 5.388355 248.392932
23200 2 0.672301 12.614568 5.277111 206.558111
23250 3 0.727046 10.961074 5.482813 205.395286
23300 3 0.530063 14.583730 5.142149 256.603199
23350 3 0.717433 18.034829 5.305839 197.625563
23400 3 0.413470 23.646101 5.519392 189.973244
23450 3 0.458494 24.523098 5.618196 183.845924
23500 3 0.382111 20.073464 5.378335 162.199207
23550 4 0.895222 20.275470 5.437902 218.334294
23600 1 1.019106 15.308059 5.734359 194.083470
23650 1 1.080853 15.788512 5.441661 203.137110
23700 2 0.557373 17.360460 5.627472 197.110739
23750 4 0.249661 15.941618 5.315355 188.017772
23800 3 0.386015 20.346232 5.393728 202.235669
23850 2 0.427400 18.450599 5.608712 88.877520
23900 3 0.366916 18.847892 5.399798 215.199443
23950 5 0.324735 15.423511 5.500696 211.185410
24000 4 0.730402 19.789992 5.174758 215.594102
24050 3 0.630148 19.688210 5.050478 207.269414
24100 4 0.593075 19.826698 4.986383 220.662774
24150 5 0.502187 22.016914 5.404169 220.513512
24200 4 0.539948 23.276925 5.307804 216.275548
24250 1 0.521062 23.163533 5.619038 198.833823
24300 8 0.531857 21.877769 4.647443 218.239763
24350 3 0.636639 22.796491 4.949030 225.626123
24400 4 0.851804 19.649989 5.114306 195.924429
24450 7 0.485484 19.938949 5.478531 165.645935
24500 2 0.423991 17.585709 5.317186 154.938436
24550 5 0.454626 18.494623 5.547942 222.430772
24600 6 0.606429 20.726167 4.858864 223.345740
24650 5 0.461207 19.473416 4.975973 213.961212
24700 5 0.252127 20.032381 5.347159 181.175771
24750 5 0.294159 20.279439 5.298745 202.318947
24800 5 0.453892 19.875434 5.214047 203.465851
24850 9 0.520021 16.251749 5.101076 168.210266
24900 3 0.418242 21.729243 5.325781 186.999849
24950 4 0.534566 17.817405 5.036345 198.492157
25000 2 0.860182 14.228635 5.238182 208.258249
25050 2 0.498128 17.363501 5.961007 147.484205
25100 2 0.730102 14.899935 5.384726 180.704132
25150 3 0.740366 19.740509 5.539642 104.582562
25200 5 0.434409 22.682307 5.074762 178.694297
25250 3 0.438443 19.116395 5.398423 187.957520
25300 1 0.647857 18.603901 5.527195 141.221434
25350 8 0.692353 18.865429 5.108272 217.975273
25400 3 0.521816 20.103215 5.552992 240.831027
25450 5 0.351347 19.604937 5.478716 199.015792
25500 6 0.403018 19.300957 5.174120 199.897371
25550 4 0.268104 19.045223 5.794013 186.071419
25600 2 0.121876 15.476249 5.623895 184.920338
25650 2 0.453665 17.178845 5.372552 207.195341
25700 4 0.184416 19.598632 5.536148 173.394485
25750 3 0.427522 18.036412 5.586007 206.131792
25800 6 0.333635 15.700266 5.615211 171.445858
25850 3 0.442735 14.407445 5.507083 244.640060
25900 5 0.433429 18.234994 5.341721 185.080960
25950 1 0.340070 20.107491 5.158454 203.756295
26000 11 0.388659 19.918176 4.907073 204.368501
26050 9 0.161908 17.928280 5.113356 207.698706
26100 6 0.311339 18.478956 4.866749 200.889341
26150 11 0.407197 19.801435 5.040401 222.963007
26200 11 0.199896 17.975060 5.374422 162.654096
26250 9 0.418798 16.427803 5.143941 154.136525
26300 6 0.341048 18.917640 5.276878 261.267885
26350 8 0.245852 18.177435 5.454994 179.793878
26400 11 0.313978 21.238197 4.933705 216.474182
26450 3 0.305049 21.920249 5.403418 175.031591
26500 5 0.248906 19.862725 5.843183 111.014907
26550 9 0.182601 20.324174 5.325915 210.577196
26600 4 0.121802 18.835093 5.342201 198.617442
26650 9 0.370659 17.920415 4.979011 183.041856
26700 5 0.325313 18.398781 5.327729 196.227571
26750 10 0.464106 19.438268 5.101084 242.586407
26800 13 0.484166 19.147697 4.572805 179.492500
26850 13 0.392303 19.253589 4.574625 236.426404
26900 16 0.443816 19.177999 4.686143 226.095634
26950 11 0.578138 20.474363 4.702343 240.442887
27000 10 0.284491 15.493514 5.165906 201.167230
27050 14 0.394061 17.305325 4.579038 253.379622
27100 6 0.478515 15.599279 5.707445 173.124893
27150 9 0.302830 18.677239 5.479719 218.159956
27200 6 0.475847 21.155087 5.464902 222.874591
27250 5 0.396072 18.233939 5.274130 196.340658
27300 4 0.319548 21.347581 5.492937 175.137591
27350 4 0.568198 18.468581 5.513973 220.129616
27400 7 0.388678 19.327427 5.286274 232.415829
27450 2 0.470899 16.661317 5.157257 213.525742
27500 2 0.428986 15.315926 5.450368 231.856095
27550 4 0.425897 14.869041 5.100362 223.204754
27600 5 0.458334 17.869926 5.602212 197.127962
27650 1 0.302655 20.073914 5.759177 210.155417
27700 1 0.445674 22.736574 5.794130 236.568156
27750 2 0.584237 21.377848 5.191989 209.629563
27800 4 0.351101 21.705673 5.317678 262.102513
27850 10 0.456352 20.588552 4.564269 201.691883
27900 6 0.896408 22.540048 4.435806 218.249575
27950 7 0.818602 18.798682 4.362657 210.002070
28000 7 0.886518 19.082648 4.429295 205.560865
28050 4 0.725678 17.267208 4.828355 203.794139
28100 4 0.916392 16.601904 4.791291 247.597747
28150 4 0.652237 17.090272 4.783893 181.715276
28200 5 0.697314 17.955529 5.213117 207.224244
28250 9 0.322181 17.693526 4.983999 188.389576
28300 7 0.459885 18.508335 4.936942 190.939332
28350 9 0.501146 16.920961 4.987016 200.473671
28400 3 0.597241 22.540594 4.813912 210.254798
28450 12 0.452309 19.936862 4.708338 202.456291
28500 8 0.917535 24.071961 4.708338 202.456291
28550 7 0.780826 24.874382 4.733502 201.573563
