0 7 2.810000 24.920000 4.240995 29.602665
50 3 2.165042 24.791375 4.392739 149.014314
100 5 2.142544 24.842912 4.397139 115.906478
150 3 2.238952 24.500370 4.403555 159.467313
200 2 2.064648 24.277023 4.467802 201.567114
250 2 1.945849 23.742609 4.582116 214.906219
300 3 1.891697 23.740627 4.909103 147.436384
350 4 1.718078 23.794647 4.848674 136.186877
400 1 1.748014 24.081910 4.809507 169.529664
450 1 1.706040 24.141295 4.845273 216.116516
500 4 1.511918 25.201981 4.826804 202.058936
550 3 1.676789 25.397265 4.846794 145.523032
600 1 1.596544 25.659954 5.029535 184.902760
650 1 1.500908 25.720731 5.037078 203.069507
700 2 1.519775 26.816143 4.608405 191.717979
750 2 1.354700 27.905209 4.514759 187.074147
800 2 1.605958 27.295523 4.706625 179.911095
850 3 1.420425 27.164245 4.793907 180.080063
900 3 1.191519 28.118475 4.747738 216.156251
950 7 0.970022 28.282490 4.568370 199.683615
1000 4 1.005716 28.022618 4.521329 195.723675
1050 3 1.111594 28.558811 4.656823 207.419169
1100 4 1.335036 27.479503 4.298152 221.813300
1150 4 0.883586 26.247594 4.458528 208.995834
1200 5 0.944133 25.548981 4.572715 138.246370
1250 3 0.652965 25.363651 5.010410 176.151757
1300 3 0.929376 25.653605 4.778828 215.957223
1350 3 0.675854 26.511269 4.966182 237.936698
1400 3 0.631947 25.741439 5.238599 235.248269
1450 3 1.438296 27.854739 4.750974 206.215097
1500 3 1.276474 26.048766 4.764395 235.183337
1550 2 1.452931 26.145177 4.781890 206.970681
1600 1 1.287136 26.145762 5.114560 149.101813
1650 4 1.322367 26.205024 4.604587 172.035028
1700 5 1.049238 27.239751 4.676845 182.439407
1750 2 0.912768 25.763434 4.905671 273.084025
1800 2 0.981332 25.083430 5.189770 226.231447
1850 1 1.202608 25.695782 4.993528 92.626028
1900 1 1.259499 27.914689 5.026789 174.333843
1950 1 1.147241 25.193562 5.045641 265.991003
2000 2 1.099813 25.560422 4.998881 227.274058
2050 2 1.224208 24.465792 5.103616 185.047317
2100 2 1.383482 25.017738 5.219121 216.492093
2150 1 1.418712 24.498292 5.153122 184.716280
2200 1 1.394930 25.891921 5.083049 202.226413
2250 4 1.403548 24.586211 4.998442 184.489938
2300 1 1.473787 23.718402 4.994318 196.594722
2350 1 1.377940 24.818121 5.144894 202.709785
2400 2 1.345103 24.839930 5.096668 180.505759
2450 4 1.475453 23.343409 4.623951 195.593807
2500 3 1.322449 26.772965 4.549289 213.960729
2550 2 1.047096 27.988532 5.024972 211.372280
2600 1 0.657504 23.277441 4.796001 243.121430
2650 2 1.128325 24.655995 4.547777 272.482068
2700 2 1.164107 24.939380 4.509287 212.570819
2750 1 0.766856 26.673007 4.969486 232.006169
2800 1 0.906823 27.971449 4.875147 231.285807
2850 2 1.218769 27.421514 4.882397 265.563834
2900 1 1.280266 26.417426 5.087811 222.073325
2950 1 1.175840 25.037989 4.772226 248.720069
3000 3 1.217485 25.042321 4.770747 179.709367
3050 3 1.147972 25.331264 4.629325 169.087829
3100 5 0.988099 25.218892 4.703841 162.563442
3150 1 1.113569 25.975927 4.819273 206.732178
3200 3 0.914784 25.746574 4.746229 212.708410
3250 4 1.011788 23.263975 4.799227 179.161387
3300 4 0.882950 24.481266 4.827488 183.069359
3350 2 0.901856 26.592513 4.916077 228.302574
3400 1 0.877777 22.186932 4.965772 189.463066
3450 8 0.096850 22.668829 4.871523 201.244350
3500 3 0.912470 23.353095 4.700711 166.895243
3550 3 1.010066 20.156241 4.654752 201.245780
3600 2 0.787433 21.169094 4.772527 191.814015
3650 3 0.750681 24.007582 4.978813 219.450083
3700 3 0.861559 26.461017 4.601885 223.787422
3750 6 0.689572 26.308088 4.754216 144.789384
3800 2 0.700862 23.794848 4.972491 220.474427
3850 3 0.805540 26.159770 5.356180 210.237570
3900 1 0.745922 28.079340 5.193675 154.053836
3950 2 0.677682 25.832973 5.111527 157.460676
4000 3 0.680433 26.075812 5.049167 214.580964
4050 5 0.792515 23.511145 4.978884 223.070169
4100 1 0.784304 21.725453 5.020937 221.210008
4150 2 0.740558 26.070532 5.379043 199.164772
4200 1 0.804861 24.153074 5.049095 196.884707
4250 2 0.874553 18.932081 4.929420 205.274859
4300 2 0.797350 20.804312 4.971600 204.106848
4350 5 0.624817 18.301357 5.143002 204.672916
4400 1 0.936997 24.197816 5.164276 209.686888
4450 3 0.833238 23.377092 5.094246 194.688137
4500 1 0.916998 23.561475 5.245923 197.954707
4550 4 0.738867 25.765212 5.163204 199.978402
4600 1 0.680426 27.534477 5.345007 199.845094
4650 4 0.470225 26.704859 5.161590 208.806602
4700 1 0.823253 24.789376 5.259959 228.452220
4750 2 0.571543 21.994873 5.090114 199.982144
4800 1 0.825465 22.871929 4.849472 203.494137
4850 2 0.843908 20.204776 4.771299 188.189671
4900 2 0.750571 22.936805 4.842908 192.838609
4950 3 0.872363 24.148507 4.716531 160.367886
5000 4 0.634808 23.107973 4.852883 194.792132
5050 4 0.625949 25.085045 5.194955 218.565738
5100 3 0.613061 26.928083 5.343496 184.489199
5150 4 0.543886 26.314151 4.779412 174.479944
5200 2 0.259256 28.466840 4.877745 203.933966
5250 6 0.297643 30.173672 4.981418 261.721616
5300 11 0.121604 30.862912 4.923053 188.661834
5350 8 0.266434 29.881450 4.724454 184.155888
5400 5 0.337041 33.168277 4.981374 171.508392
5450 5 0.292420 29.982583 5.199348 191.217575
5500 2 0.184439 32.421063 5.245053 198.474652
5550 3 0.376328 31.647238 4.965911 225.930113
5600 6 0.516053 31.818742 4.827921 235.014072
5650 4 0.482702 32.060596 5.117651 199.663193
5700 8 0.273803 29.225778 5.624939 127.479618
5750 3 0.200411 29.408059 5.259531 228.964759
5800 3 0.534936 28.457811 4.886937 216.030960
5850 2 0.103517 31.078621 5.233887 192.696982
5900 8 0.230637 31.785387 4.855183 170.208735
5950 2 0.117020 30.556438 4.593379 205.874052
6000 9 0.433562 32.299449 4.545051 304.595835
6050 7 0.356637 33.338063 4.987579 212.039082
6100 3 0.758518 35.112304 4.622208 241.848801
6150 2 0.557457 36.433079 4.984361 274.341454
6200 4 0.728973 35.277763 4.419488 211.755368
6250 2 0.397911 35.393834 4.798056 222.011499
6300 4 0.474524 36.365013 4.824015 261.038550
6350 8 0.475473 36.739521 4.583218 171.549285
6400 4 0.418433 37.626702 5.019971 220.655455
6450 6 0.371554 37.958152 4.537948 200.881341
6500 7 0.466212 37.782405 4.890204 204.176115
6550 2 0.414331 37.174623 5.022606 215.649857
6600 7 0.324430 38.555811 4.748700 197.184311
6650 7 0.545751 37.826308 4.821295 185.760468
6700 8 0.465126 37.091595 4.903345 220.119646
6750 4 0.302240 38.788817 4.866666 213.410478
6800 10 0.195185 38.167730 5.058983 215.603694
6850 6 0.338852 39.426909 4.698883 213.042961
6900 6 0.477087 37.320218 4.674042 223.257457
6950 9 0.445731 36.345956 4.685666 196.700466
7000 2 0.385583 38.389163 5.348523 209.503378
7050 5 0.806129 33.759662 4.525493 223.140815
7100 8 0.815301 35.781978 4.516457 125.799114
7150 6 0.628760 36.050306 4.645707 227.930325
7200 8 0.456008 35.960382 4.832240 240.732128
7250 7 0.422693 36.492619 4.372077 282.341428
7300 1 0.253865 35.133917 5.182135 203.946190
7350 4 0.430111 36.013402 4.749608 180.328229
7400 3 0.596136 34.242126 4.953753 151.908681
7450 2 0.127654 34.321876 5.111264 221.096935
7500 4 0.308800 34.967959 4.845168 169.883077
7550 6 0.277174 36.812556 5.051920 165.247589
7600 3 0.215592 36.711692 5.111960 247.571904
7650 5 0.404844 35.993170 4.710864 177.203545
7700 2 0.971068 37.317805 4.891144 153.288451
7750 6 0.871498 38.721742 5.007818 82.825600
7800 10 0.194286 38.226175 4.705173 214.708435
7850 8 0.017401 38.469582 4.913368 185.368090
7900 6 0.274613 38.432453 4.993125 204.327640
7950 5 0.440955 38.754207 5.055745 204.439414
8000 2 0.516829 39.187530 4.950738 182.203625
8050 3 0.639110 37.993135 4.991477 163.288014
8100 3 0.330425 39.195795 4.989534 136.218509
8150 2 0.566049 41.151491 5.291364 149.357760
8200 3 0.399476 40.928256 5.380374 160.462922
8250 3 0.312709 38.259989 5.370645 180.420596
8300 4 0.282420 36.019802 4.898201 215.742104
8350 6 0.097398 39.340270 5.039506 201.054162
8400 9 0.221921 39.881239 4.761951 185.629499
8450 5 0.060199 42.076523 4.972205 205.610153
8500 3 0.058294 40.763040 5.114349 219.438245
8550 4 0.032758 44.695242 5.123009 213.937937
8600 4 0.408692 45.571076 4.796230 176.976033
8650 6 0.533062 43.988503 4.884900 175.993341
8700 4 0.373266 46.150389 5.152113 192.824901
8750 10 0.226596 46.292360 5.012180 164.569946
8800 3 0.592573 45.280341 5.203295 210.003511
8850 7 0.373597 44.654399 4.844044 256.379394
8900 3 0.445845 47.324262 5.097763 207.765901
8950 4 0.479425 44.899447 5.021099 169.182683
9000 5 0.466709 46.420293 4.735143 238.046169
9050 1 0.444530 48.271318 5.388019 230.557154
9100 1 0.618174 51.543535 5.390762 199.007428
9150 3 0.477168 47.659254 5.180293 202.104150
9200 5 0.405342 47.657069 5.206032 194.885050
9250 5 0.288894 49.841612 5.038066 217.046174
9300 5 0.451338 47.528020 4.971481 208.844124
9350 6 0.382076 50.275047 4.996413 126.412560
9400 4 0.451974 45.989398 4.914266 216.910569
9450 4 0.450657 43.516590 5.085850 184.929985
9500 2 0.431362 44.851652 4.992561 202.779266
9550 5 0.352491 45.792680 4.908741 202.100782
9600 3 0.300131 44.703034 5.012072 212.990415
9650 8 0.161197 45.682585 5.203925 198.014276
9700 8 0.363235 45.718036 4.688286 216.356242
9750 4 0.396141 44.688853 4.734285 178.087592
9800 7 0.361822 45.662841 5.007275 238.000030
9850 7 0.207168 45.874714 5.210750 209.195001
9900 4 0.233886 45.015295 5.085391 290.595930
9950 8 0.091914 46.576087 5.060559 223.145990
10000 7 0.037740 45.015525 5.213605 205.279952
10050 2 0.061716 45.035493 4.831972 161.034869
10100 4 0.309228 46.959322 5.316928 198.307433
10150 3 0.127705 46.418493 5.169874 206.096804
10200 6 0.308405 44.357510 5.388068 119.122836
10250 2 0.278269 45.507481 4.874104 195.192042
10300 4 0.438967 45.651639 4.764984 188.516992
10350 3 0.521477 45.246021 4.967996 182.440010
10400 7 0.380700 42.380050 5.030516 166.846245
10450 6 0.297165 43.397098 4.750910 203.139890
10500 11 0.394431 41.310892 4.613423 159.542953
10550 4 0.273126 42.640708 5.096361 175.486251
10600 4 0.423451 42.763910 4.827123 164.933462
10650 3 0.268330 42.867191 5.035589 157.880199
10700 6 0.408020 43.389671 4.397842 195.724329
10750 2 0.604878 41.386558 5.020789 205.280564
10800 6 0.567999 41.268980 4.666626 201.684687
10850 1 0.897894 41.440625 4.892508 219.737121
10900 14 0.553629 44.815685 4.343399 113.003944
10950 4 0.603223 42.634581 4.805988 214.785177
11000 2 0.313503 42.636889 4.798979 219.635988
11050 7 0.313852 43.510111 4.715394 208.161734
11100 6 0.171998 46.009815 5.078439 113.807085
11150 1 0.158550 45.047663 5.245864 257.717246
11200 4 0.206478 44.903509 5.234636 197.244141
11250 1 0.089714 46.039534 5.269087 204.650347
11300 6 0.257429 50.113959 5.124831 196.855528
11350 2 0.284937 48.472547 5.129022 190.031128
11400 1 0.532339 46.025664 5.153283 197.513604
11450 3 0.504275 46.500629 5.084492 193.020216
11500 2 0.572311 45.689595 4.686893 160.283836
11550 3 0.302824 45.486633 5.069073 233.900333
11600 7 0.411022 42.425012 5.010598 112.129424
11650 7 0.465452 43.972363 4.556090 203.953636
11700 4 0.141308 39.853941 5.007126 148.725489
11750 14 0.145936 40.100893 4.811588 189.896459
11800 10 0.184129 39.950091 5.175421 159.009750
11850 8 0.059945 38.597840 5.157811 212.195868
11900 9 0.144716 36.793746 4.820445 260.101573
11950 8 0.002471 40.363206 4.995953 196.555909
12000 6 0.455254 40.696490 4.728640 214.554724
12050 10 0.303099 41.332072 4.802042 178.688815
12100 4 0.278208 39.598865 5.394867 137.884695
12150 11 0.304631 39.204157 4.842259 198.229105
12200 12 0.302849 43.763881 4.624868 176.366586
12250 11 0.023488 40.295363 4.832436 270.031938
12300 4 0.086914 42.284193 5.194294 148.354974
12350 6 0.093326 38.743080 5.054607 203.108752
12400 12 0.139883 41.386782 4.823805 206.821193
12450 14 0.046920 43.802908 5.089127 109.153744
12500 12 0.077753 40.703550 4.905741 190.829449
12550 13 0.141544 40.777444 4.490570 200.073114
12600 16 0.225590 40.593284 4.799699 172.765495
12650 9 0.051132 42.254485 4.927516 214.527634
12700 3 0.438800 41.275113 5.073698 264.620416
12750 6 0.084475 36.658142 5.101268 207.142938
12800 9 0.209779 40.755438 4.910363 185.013090
12850 11 0.452545 39.240309 4.401300 201.025553
12900 8 0.363311 38.292818 4.820462 186.894467
12950 9 0.358423 40.261906 4.671710 194.378429
13000 9 0.604972 40.489454 5.003196 148.056509
13050 7 0.399003 40.443164 5.076975 207.839930
13100 6 0.655495 41.764522 4.656549 220.215121
13150 3 0.412546 40.293506 5.009979 176.980820
13200 7 0.030612 42.194077 4.978583 318.121690
13250 8 0.033343 42.302187 4.827157 243.523766
13300 5 0.047317 42.925027 5.413783 231.700720
13350 4 0.148427 42.455869 5.080318 210.912975
13400 1 0.106989 39.535548 5.118605 193.783391
13450 3 0.166006 43.914419 5.436447 210.415086
13500 2 0.321549 41.341226 5.290533 203.736795
13550 3 0.203011 43.220595 5.210341 215.260405
13600 9 0.093980 47.719080 5.346008 211.553379
13650 1 0.155726 46.779593 5.282896 211.149050
13700 6 0.293013 44.684686 4.970238 207.020207
13750 1 0.337016 40.622290 4.896942 212.030667
13800 9 0.386844 40.414987 4.958227 205.691840
13850 6 0.497265 40.381486 4.726788 210.288259
13900 5 0.870371 39.105176 4.409837 181.154300
13950 3 0.742218 38.702204 5.207344 237.974746
14000 6 0.256608 36.941431 4.762393 212.241262
14050 6 0.495122 37.410798 4.753330 218.240044
14100 5 0.214693 37.116000 4.683033 218.033603
14150 8 0.165855 41.862161 4.920431 192.058398
14200 2 0.448330 43.286470 5.021990 195.311660
14250 3 0.616126 43.737354 5.084392 202.427701
14300 2 0.542452 43.214038 5.051274 233.802355
14350 7 0.544493 40.814761 4.696476 224.442190
14400 3 0.037455 44.044123 5.018613 209.157701
14450 7 0.337304 45.198007 4.425201 196.766743
14500 3 0.487262 44.013783 5.261393 221.391242
14550 1 0.313851 41.851635 5.623942 236.342640
14600 4 0.036363 43.236253 4.907836 116.961153
14650 5 0.436115 41.850635 5.133712 239.016997
14700 2 0.526618 40.552988 5.135075 179.737096
14750 4 0.023614 44.068277 4.918176 204.084257
14800 5 0.185985 42.193077 5.096541 210.942556
14850 3 0.196407 42.158773 4.943248 204.305800
14900 10 0.078565 43.741367 4.718810 209.073484
14950 3 0.232270 44.756411 5.101375 201.044696
15000 3 0.440497 42.334967 4.904818 211.776693
15050 3 0.251658 43.908422 4.785389 219.446260
15100 7 0.438620 40.627461 4.615800 221.176585
15150 3 0.425847 38.481887 5.048923 128.613697
15200 4 0.372890 38.587369 4.944029 194.783695
15250 1 0.372330 38.413615 5.024417 222.612084
15300 7 0.430087 39.060470 4.977271 226.919717
15350 12 0.310662 38.756582 4.944013 240.492491
15400 13 0.197527 39.272796 5.005644 173.582354
15450 12 0.232846 38.439423 5.088353 192.026563
15500 7 0.340029 38.718861 4.764446 195.868927
15550 3 0.127940 37.579786 5.177769 194.617657
15600 7 0.166813 37.365076 4.992534 188.503911
15650 2 0.066246 36.744949 4.888832 237.548742
15700 2 0.070969 33.894873 5.392524 199.632277
15750 1 0.358455 33.677712 5.392571 245.742240
15800 7 0.287484 34.688309 4.844506 214.080746
15850 4 0.392304 35.987530 5.060566 232.532851
15900 9 0.357319 35.255435 4.568768 222.682069
15950 6 0.654889 36.318911 4.922309 202.547190
16000 2 0.463382 36.283177 5.220019 203.278959
16050 4 0.313758 34.710932 5.062660 181.817931
16100 3 0.562205 35.314064 4.760659 109.126166
16150 3 0.427744 33.631292 5.008796 179.753324
16200 3 0.330364 32.573575 5.050720 176.647254
16250 3 0.388620 31.856871 4.806305 203.756520
16300 4 0.287451 33.394091 4.933624 196.433600
16350 8 0.141677 31.570532 4.933624 196.433600
16400 9 0.000646 32.612194 5.233145 202.153833
16450 5 0.007447 34.311995 5.169303 216.100501
16500 2 0.155889 36.890982 5.071232 209.696401
16550 4 0.432318 36.428049 5.046054 205.877641
16600 3 0.634656 32.135877 5.068060 207.868904
16650 2 0.442311 34.479185 4.943741 208.603929
16700 1 0.738975 33.419722 4.894926 213.059418
16750 3 0.356753 30.549393 4.894926 213.059418
16800 5 0.509491 30.839816 4.894926 213.059418
16850 5 0.578223 27.500367 4.894926 213.059418
16900 3 0.675022 25.633758 4.877515 213.840938
16950 5 0.414514 26.609087 4.877515 213.840938
17000 2 0.633460 29.085935 4.877515 213.840938
17050 1 0.501101 31.367124 5.046142 214.601819
17100 3 0.549141 27.958868 5.046142 214.601819
17150 4 0.546417 26.261404 5.033166 214.230533
17200 2 0.316913 29.780078 5.252466 215.828050
17250 1 0.637625 27.102447 5.127034 209.750143
17300 1 0.507924 25.362150 5.196402 214.267953
17350 3 0.626646 23.003484 4.857785 207.576233
17400 5 0.586119 21.797666 4.857785 207.576233
17450 2 0.485993 21.174637 4.961122 206.177163
17500 4 0.306490 22.384371 5.314038 209.932375
17550 5 0.378965 24.213946 4.974406 246.656010
17600 6 0.323278 22.619484 5.183448 169.125049
17650 11 0.030724 25.028705 4.884646 166.015556
17700 4 0.300107 23.155959 4.957350 188.148494
17750 5 0.695178 26.108352 4.740043 215.146179
17800 5 0.765895 22.193339 4.947823 218.503699
17850 5 0.625215 20.086097 4.693275 194.914433
17900 2 0.635304 25.851270 4.924374 216.439230
17950 5 0.516965 17.688027 4.679759 314.074005
18000 6 0.796085 26.475749 4.955906 73.782766
18050 4 0.498463 23.295007 4.836293 171.414979
18100 6 0.385479 23.698604 4.928999 193.234287
18150 4 0.444255 23.675872 5.073668 223.115317
18200 5 0.568184 24.392592 4.706644 204.847720
18250 6 0.324770 19.032647 4.938230 178.657730
18300 1 0.289472 20.775951 5.191503 153.289857
18350 2 0.835023 21.075563 4.931348 193.221143
18400 3 0.541355 22.418707 4.987889 209.295838
18450 4 0.563315 25.361088 4.846493 256.075120
18500 3 0.593676 22.484692 4.803247 210.992969
18550 2 0.557547 28.611175 5.025619 189.724362
18600 2 0.713782 31.600491 5.287252 171.428507
18650 1 0.687096 22.637877 4.952240 205.550422
18700 3 0.707044 25.328013 5.187844 215.682316
18750 1 0.679548 28.153450 4.809709 234.861552
18800 2 0.814247 27.940481 4.859888 142.194242
18850 4 0.676931 25.100816 4.509764 209.480958
18900 5 0.508083 23.955985 4.750545 191.539455
18950 3 0.567045 26.838731 4.927920 195.677151
19000 4 0.678824 24.492980 4.765685 244.149643
19050 9 0.635241 24.474835 4.346407 157.656552
19100 6 0.626557 24.924247 4.443828 226.811334
19150 9 0.587639 24.004747 4.392976 188.657348
19200 6 0.419874 22.367851 4.712983 225.180700
19250 3 0.818868 23.967965 4.509522 192.006293
19300 5 0.777036 20.865673 4.715938 183.371010
19350 6 0.646103 22.290626 4.640853 188.115832
19400 4 0.816224 25.936425 4.714372 202.148600
19450 3 0.300402 23.879432 4.988703 225.787634
19500 2 0.282967 22.133263 5.000847 228.261173
19550 5 0.481933 21.797828 4.769156 159.913246
19600 9 0.783236 22.120534 4.643047 168.546086
19650 5 0.420232 24.041527 4.878949 207.956382
19700 2 0.504506 25.400064 5.118564 247.381567
19750 5 0.645840 24.499923 4.905031 169.800395
19800 5 0.032412 20.008694 4.854413 172.461612
19850 7 0.214883 22.937155 4.767704 108.422958
19900 14 0.519932 27.710619 4.643270 102.949698
19950 11 0.258852 25.295915 5.174549 157.172083
20000 11 0.024824 27.978474 4.983017 208.486409
20050 9 0.047898 25.389396 4.678048 216.040130
20100 16 0.178792 25.194291 4.917434 161.654411
20150 5 0.384823 28.299139 5.082149 166.799370
20200 4 0.265574 31.177940 5.106650 199.014740
20250 4 0.700532 24.114158 4.855792 185.107038
20300 3 0.706333 29.755954 4.873253 207.871413
20350 1 0.615356 22.815349 5.134264 251.361620
20400 2 0.486752 22.359433 5.258672 213.081965
20450 3 0.510112 24.330066 4.989638 214.334731
20500 4 0.576465 24.422847 5.043795 211.158699
20550 2 0.613333 22.281631 4.750222 203.798291
20600 5 0.528570 24.623092 4.996019 207.015070
20650 4 0.599266 26.624908 5.011847 212.970268
20700 2 0.540810 22.442616 4.813241 193.047531
20750 1 0.425634 25.477648 5.196165 171.359187
20800 5 0.583155 25.047454 4.411341 145.675582
20850 4 0.424949 28.307197 4.986722 226.872452
20900 2 0.391731 24.074027 5.125352 297.788593
20950 3 0.326797 20.663166 5.208731 203.746301
21000 6 0.579106 22.600243 4.867549 160.386204
21050 4 0.491153 21.896396 5.044252 190.879105
21100 2 0.336333 21.513045 4.883459 205.416940
21150 1 0.604679 21.281063 5.169884 262.169190
21200 2 0.726752 19.143690 4.959781 251.337844
21250 2 0.389390 21.339218 5.026967 138.626631
21300 1 0.359442 18.679130 5.243979 224.971886
21350 2 0.608417 21.130118 4.849270 229.967826
21400 1 0.620282 18.339917 4.909698 153.180568
21450 6 0.518162 22.234911 4.676817 153.747269
21500 4 0.555172 17.088084 4.854479 222.878931
21550 3 0.519239 19.049562 5.075213 220.071074
21600 1 0.631580 18.064307 5.142165 176.276199
21650 3 0.699542 20.803353 4.789196 195.482241
21700 1 0.653367 18.964051 4.862256 180.322919
21750 2 0.569101 16.479452 5.656688 246.551147
21800 3 0.569526 14.935263 5.165294 209.005641
21850 4 0.347397 10.933813 5.161731 123.192305
21900 1 0.617440 13.362525 5.182368 191.672470
21950 3 0.605071 14.970025 5.100684 183.449432
22000 4 0.712981 17.828440 5.077848 222.042451
22050 2 0.696828 14.819936 4.968664 112.304569
22100 5 0.742802 12.340586 4.867537 189.311678
22150 4 0.521077 13.238438 5.113699 173.364685
22200 7 0.642336 7.078545 4.963670 190.235246
22250 2 0.676814 10.887507 5.438112 160.751388
22300 2 0.680906 10.681912 4.947768 217.981318
22350 1 0.491665 9.384549 5.007096 200.281224
22400 4 0.538161 10.807496 5.241802 155.548375
22450 4 0.418756 13.868931 5.098938 153.756370
22500 1 0.558506 16.766740 5.163347 156.185395
22550 3 0.606292 16.239373 4.939477 179.108921
22600 3 0.513735 13.333803 5.225111 187.053659
22650 1 0.755018 15.855520 5.222789 174.363273
22700 5 0.586723 12.554645 5.089877 180.860666
22750 1 0.560740 12.610816 5.079863 184.902807
22800 4 0.578079 11.872774 5.161892 189.057800
22850 3 0.403770 14.691851 4.927397 192.746410
22900 3 0.345744 12.771623 4.927397 192.746410
22950 2 0.445979 16.304954 5.078161 201.676260
23000 3 0.633927 13.254392 4.955237 241.602831
23050 2 0.753076 10.815736 5.131481 204.754150
23100 2 0.613379 10.676042 5.025869 174.533722
23150 1 0.653697 14.570369 5.146349 208.761607
23200 2 0.763016 16.656933 5.105672 159.616869
23250 4 0.714087 9.065371 5.098515 214.213058
23300 5 0.591874 12.695289 4.962385 188.433504
23350 3 0.624643 19.164727 5.024600 204.892978
23400 5 0.774091 21.126689 4.778373 199.849428
23450 2 0.401247 19.918834 4.936737 228.804556
23500 3 0.470842 17.343723 4.925065 195.987456
23550 3 0.598026 22.629056 5.074348 214.394242
23600 1 0.751606 18.795643 5.174585 216.526179
23650 2 1.041967 16.868599 5.041353 207.417528
23700 2 0.675853 16.606663 5.370131 169.868320
23750 4 0.329089 18.866902 5.111841 177.585971
23800 4 0.300944 20.577547 4.921526 184.155460
23850 1 0.229560 19.916468 4.953264 208.228422
23900 2 0.438506 19.748388 5.120632 195.404953
23950 4 0.291960 19.309023 5.118020 205.306805
24000 2 0.271587 21.132581 4.863059 211.466614
24050 3 0.272094 16.386437 5.085304 212.405328
24100 3 0.547156 21.531301 4.990545 219.862167
24150 4 0.548662 26.462215 4.813162 217.331297
24200 3 0.500795 25.767029 4.894197 198.403554
24250 5 0.616198 23.552584 4.921064 195.390917
24300 5 0.123922 22.157861 5.186664 227.017422
24350 3 0.257531 21.668967 5.199992 205.276283
24400 5 0.637915 21.848052 4.904323 183.049269
24450 3 0.382495 21.156727 5.024780 135.160393
24500 7 0.075526 19.263512 4.683460 204.937066
24550 2 0.744595 18.874636 5.097116 193.970015
24600 3 0.542441 21.058050 4.849903 171.664204
24650 7 0.587764 20.340837 4.814019 161.393271
24700 3 0.589123 22.510973 4.765467 207.282330
24750 4 0.113536 18.759157 4.968421 198.554618
24800 3 0.559496 18.093277 5.481658 235.721008
24850 6 0.567136 22.509310 4.632068 176.074461
24900 3 0.463017 19.084765 4.806424 208.018237
24950 1 0.388649 20.467026 4.969583 201.580961
25000 4 0.443588 19.531071 5.090936 208.394149
25050 2 0.442393 15.975516 4.848686 166.871455
25100 3 0.804974 12.757525 5.025603 136.664083
25150 4 0.799019 17.979791 4.941128 148.128379
25200 3 0.877116 20.399068 5.350874 244.500669
25250 8 0.545256 20.532264 4.945635 150.525486
25300 3 0.750867 17.791286 4.872868 74.208797
25350 4 0.528102 15.866506 4.871895 174.474174
25400 4 0.585270 17.594842 4.713538 201.918457
25450 4 0.352187 19.753510 4.989277 224.350709
25500 5 0.232003 18.312989 5.187672 178.665120
25550 7 0.204852 17.570835 4.905678 179.588473
25600 4 0.234721 17.640420 5.360359 200.385549
25650 3 0.199293 13.490321 5.247139 205.958467
25700 3 0.296938 16.094807 4.750133 196.770404
25750 6 0.466966 15.981079 4.595007 204.783610
25800 4 0.245574 15.680936 4.715033 213.551970
25850 6 0.286627 16.947051 5.288781 223.943217
25900 3 0.396178 17.039514 5.139032 181.573141
25950 7 0.335426 19.928070 4.970858 230.487993
26000 3 0.238735 19.066415 4.879327 188.306177
26050 3 0.121993 18.989366 5.092014 218.158316
26100 5 0.283181 18.922506 4.728826 207.977520
26150 5 0.247160 20.036538 4.874058 204.831944
26200 12 0.036196 20.317599 4.748938 173.476226
26250 8 0.066348 18.290714 4.956933 228.026402
26300 6 0.234320 15.754360 4.717663 211.826116
26350 5 0.294649 18.187801 5.086411 211.744603
26400 6 0.290251 20.203640 5.110753 190.958105
26450 1 0.531669 21.588722 5.045113 209.170469
26500 3 0.402464 22.850246 4.773636 197.970678
26550 3 0.059804 20.644530 5.384429 207.825615
26600 5 0.052304 18.175925 5.011064 205.000588
26650 11 0.068182 22.076675 4.778059 247.105383
26700 16 0.171749 18.026033 4.587352 171.630063
26750 16 0.172037 22.125063 4.616376 227.648447
26800 10 0.283842 19.806340 4.854250 225.410306
26850 19 0.121241 19.660509 4.890886 229.624958
26900 10 0.322268 17.385778 4.504255 241.961572
26950 9 0.313416 18.999817 4.684960 228.326911
27000 21 0.318845 19.593546 3.933487 210.611006
27050 11 0.498155 20.795490 3.969987 189.755375
27100 5 0.508611 16.623663 4.758457 180.177386
27150 7 0.166765 18.332845 4.851570 219.084107
27200 6 0.305198 20.193621 5.073205 175.545365
27250 7 0.192305 20.255782 4.800651 193.212638
27300 6 0.368779 20.795867 4.867008 191.126866
27350 2 0.141026 20.650114 4.898404 223.192884
27400 1 0.497471 19.974439 4.960917 215.600418
27450 4 0.464025 22.276910 5.331633 202.122418
27500 4 0.441094 14.636474 4.805326 174.207717
27550 4 0.343324 12.855891 5.084358 179.307310
27600 4 0.559951 18.157033 5.339296 200.321665
27650 5 0.574619 17.576540 4.983920 202.653271
27700 4 0.454662 19.592495 4.680602 229.896565
27750 3 0.465851 22.051570 5.118190 194.368078
27800 9 0.298585 22.086146 4.655229 250.426566
27850 4 0.312637 22.466096 4.969294 209.361000
27900 6 0.613501 21.079080 4.767209 173.606279
27950 2 0.480638 22.294118 5.126967 202.284379
28000 5 0.209781 19.917670 4.817369 216.641865
28050 7 0.121689 17.895234 4.823135 210.939404
28100 4 0.163579 15.905157 5.151551 196.588988
28150 2 0.056675 18.063984 5.529034 192.029854
28200 5 0.131353 16.683371 4.990475 199.768221
28250 5 0.256915 18.319941 4.974987 181.343134
28300 8 0.099794 16.292040 5.171315 191.514894
28350 7 0.288337 18.227536 5.036453 193.785317
28400 5 0.061649 22.985453 5.323603 202.541354
28450 14 0.029220 19.318534 5.309548 206.059662
28500 5 0.002096 21.172662 5.383249 201.345538
28550 3 0.484516 24.487478 5.383249 201.345538
