0 6 2.810000 24.920000 4.200000 20.000000
50 2 2.362346 25.140019 4.339029 155.266777
100 3 2.245851 24.874659 4.344784 110.433030
150 1 2.187933 24.949614 4.377612 134.814288
200 1 2.118519 25.035764 4.444526 173.981651
250 2 1.991768 24.754358 4.384371 157.797087
300 1 1.915002 25.451771 4.452107 294.536798
350 2 1.676246 24.696452 4.483904 318.819145
400 1 1.753522 24.571919 4.482584 219.321418
450 1 1.587974 24.715111 4.541627 145.289966
500 1 1.587898 25.259115 4.606920 199.162854
550 1 1.656758 24.863527 4.755784 198.428914
600 1 1.646739 25.598201 4.677946 146.077235
650 1 1.530140 25.589606 4.439300 176.219768
700 4 1.475330 26.912855 4.176670 205.441364
750 3 1.444624 27.793914 4.063718 190.821293
800 3 1.521861 26.998702 3.975175 188.524943
850 1 1.640015 28.024081 3.982976 192.166431
900 3 1.376081 27.790641 4.076231 202.289979
950 3 0.916137 27.586528 4.023014 208.499953
1000 3 1.070377 28.647699 3.932096 166.498620
1050 5 0.859118 28.033059 3.828644 219.209589
1100 5 1.439192 26.623683 3.893521 150.242861
1150 4 1.070657 26.814879 4.041586 189.048342
1200 1 1.461738 25.394838 4.523474 187.108771
1250 3 0.532045 24.971465 4.792949 111.742399
1300 3 0.521053 25.621567 4.523574 165.419023
1350 2 0.941330 26.586841 4.259445 204.550164
1400 3 1.029385 26.091003 4.312480 144.382348
1450 1 1.440633 23.966745 4.400966 162.646157
1500 1 1.446457 26.282252 4.371968 257.426705
1550 3 1.208195 26.364297 4.339070 125.730846
1600 2 1.245720 26.544057 4.220646 205.966704
1650 2 1.253492 25.969710 4.239038 227.335819
1700 3 1.174410 27.112688 4.091392 219.264960
1750 5 1.012230 24.747925 4.229887 110.422353
1800 3 1.105346 28.444628 3.949761 201.351892
1850 1 1.051124 26.141932 4.456942 102.087238
1900 1 1.204396 26.964554 4.480101 165.369428
1950 1 1.135681 24.218486 4.620566 193.794748
2000 2 1.044839 24.376707 4.560908 202.315313
2050 1 1.234412 24.989358 4.475968 228.612262
2100 1 1.178888 24.869493 4.358330 186.155939
2150 1 1.396292 26.195786 4.294506 192.177501
2200 1 1.409526 27.635624 4.207647 195.046833
2250 3 1.379839 25.620522 4.137870 172.509231
2300 3 1.432051 23.035464 4.250847 193.669086
2350 3 1.272604 22.799258 4.255532 186.217243
2400 2 1.418769 23.466128 4.404458 191.747237
2450 2 1.208324 23.271251 4.465511 186.226684
2500 1 1.189276 25.740735 4.355538 208.367894
2550 3 0.865599 25.694333 4.040549 179.415513
2600 3 0.662144 26.118848 4.148386 191.193429
2650 3 0.837245 24.076587 4.277974 119.064307
2700 2 0.798297 24.908963 4.211279 195.443704
2750 2 1.063911 26.007385 4.280726 115.367516
2800 1 1.323420 27.283653 4.417162 202.321079
2850 1 1.156522 27.349686 4.457018 152.056267
2900 1 1.226534 25.960222 4.615051 184.519917
2950 2 1.221871 24.522305 4.440661 176.847029
3000 3 1.208440 24.615465 4.023629 206.872453
3050 4 1.084819 26.004194 4.074153 191.202405
3100 2 1.167103 24.623999 4.441714 155.552114
3150 1 1.101794 24.603336 4.802431 217.905674
3200 3 1.011073 23.209422 4.507765 168.507826
3250 2 1.021705 23.711685 4.231520 182.469323
3300 2 0.980349 25.792933 4.248510 193.376230
3350 4 0.707514 25.284792 4.054829 218.460691
3400 4 0.392527 21.544681 4.232450 193.757763
3450 2 0.824933 22.415701 4.323625 154.984845
3500 1 0.869626 24.289704 4.592929 169.086701
3550 4 1.024569 23.704945 4.304795 179.693980
3600 1 1.075594 23.032815 4.580054 191.690899
3650 1 0.874219 22.996228 4.478124 184.277004
3700 4 0.372280 22.839843 4.298356 186.265324
3750 4 0.782886 25.845708 4.485914 138.905159
3800 4 0.774873 23.197290 4.289392 151.025272
3850 3 0.753041 23.961478 4.495679 170.667358
3900 1 0.825197 22.110866 4.112092 205.301950
3950 1 0.761796 24.398163 4.435832 149.342754
4000 1 0.745502 27.373345 4.711779 210.573411
4050 1 0.939943 25.216019 4.604212 206.060748
4100 1 0.891516 25.983002 4.499501 191.203117
4150 1 0.754899 27.374819 4.756094 203.213010
4200 2 0.767972 21.018831 4.710385 196.686732
4250 1 0.868274 20.309249 4.643179 206.529539
4300 2 0.830493 24.235100 4.390835 199.194720
4350 2 0.684277 23.798288 4.357466 202.476502
4400 1 0.899708 21.689959 4.356316 200.423113
4450 1 0.853250 21.532490 4.434781 200.177953
4500 2 0.855614 27.185360 4.254783 190.976591
4550 3 0.747577 25.688424 4.090015 186.675693
4600 3 0.795749 21.490652 4.155114 205.185901
4650 2 0.749196 25.552046 4.277656 206.850314
4700 1 0.815488 25.095378 4.250163 209.728964
4750 1 0.781515 23.556234 4.682680 203.887328
4800 3 0.763990 22.620842 4.441053 201.997457
4850 2 0.593719 19.383144 4.669086 203.218816
4900 1 0.759505 22.929948 4.446564 191.673268
4950 4 0.811732 23.020110 4.180611 203.376501
5000 3 0.668383 21.996532 4.189127 196.901070
5050 2 0.703768 25.525174 4.206859 191.480822
5100 2 0.623885 26.958072 4.112847 187.171261
5150 2 0.623258 26.485718 4.264616 218.692697
5200 10 0.186789 28.186250 4.462300 208.796689
5250 6 0.085023 30.291146 4.375342 210.304698
5300 5 0.050886 30.364667 4.562362 186.686993
5350 9 0.320447 30.183438 4.153639 185.668916
5400 5 0.304719 31.374912 4.370785 202.765634
5450 4 0.398277 29.020193 4.166214 199.805464
5500 7 0.161770 32.602441 4.181253 206.862248
5550 2 0.651718 32.144092 4.174661 110.303777
5600 4 0.639184 31.441588 4.171590 182.284884
5650 5 0.470759 30.912390 4.173426 190.847706
5700 2 0.322688 30.262307 4.381342 237.294595
5750 4 0.390756 30.196416 4.218163 180.187641
5800 2 0.440639 27.674521 4.652456 192.761334
5850 3 0.214631 31.229225 4.450910 209.967682
5900 7 0.201198 31.618955 4.430038 171.311919
5950 5 0.362267 31.837433 4.301066 216.978062
6000 4 0.420077 32.547338 4.133591 261.946683
6050 4 0.522957 33.881388 4.209086 209.270068
6100 7 0.397179 35.666511 4.212800 163.497147
6150 2 0.641670 36.636544 4.638302 195.837815
6200 1 0.716505 35.326371 4.200530 228.614700
6250 8 0.241646 35.394930 4.400307 186.475999
6300 3 0.428539 36.708020 4.439749 159.793901
6350 4 0.469274 36.016720 4.443970 198.479365
6400 3 0.494776 37.725917 4.296979 212.202048
6450 7 0.571955 37.258118 4.105706 129.812409
6500 4 0.445105 37.072374 4.620671 204.769037
6550 4 0.121725 37.391996 4.374398 170.881411
6600 3 0.652893 38.881194 4.455555 184.999432
6650 3 0.143030 38.121480 4.488065 196.419740
6700 8 0.292784 36.814220 4.140830 213.287311
6750 6 0.031710 38.124574 4.530186 192.651472
6800 8 0.031323 38.577948 4.611584 224.241745
6850 3 0.109208 40.317450 4.288363 239.822567
6900 3 0.751613 39.928654 4.251114 224.688481
6950 2 0.699731 38.445532 4.520685 202.926560
7000 2 0.340611 37.953027 4.781973 178.529786
7050 3 0.794630 33.758751 4.357870 197.114942
7100 2 0.207668 36.288821 4.390385 202.595570
7150 3 0.347896 34.816271 4.504316 236.428891
7200 2 0.395966 36.023057 4.439001 162.154609
7250 7 0.538047 36.232509 3.705509 225.663483
7300 2 0.378672 33.957017 4.661287 191.771056
7350 3 0.509437 35.699756 4.567040 175.193761
7400 3 0.544332 35.489868 4.650166 157.031670
7450 4 0.219485 34.563092 4.498211 216.168264
7500 4 0.258837 34.357863 4.623505 134.896225
7550 8 0.036179 36.724314 4.754796 122.886165
7600 2 0.221296 35.837187 4.744539 186.667218
7650 3 0.202712 36.465284 4.575096 269.883853
7700 3 0.714941 37.967999 4.192249 199.201419
7750 13 0.241128 38.904952 4.373590 183.754572
7800 2 0.292661 39.045509 4.273982 193.674573
7850 4 0.143520 38.238767 4.501942 191.814050
7900 6 0.034532 38.189791 4.550124 185.641866
7950 2 0.170629 37.936876 4.557424 182.631791
8000 5 0.199425 38.848297 4.266085 219.062628
8050 5 0.170969 38.447897 4.498434 229.197717
8100 1 0.439763 38.742518 4.588448 162.328160
8150 4 0.471652 39.198469 4.429208 208.275174
8200 12 0.326281 39.571419 4.118219 176.467256
8250 4 0.518740 38.819773 4.111511 188.249647
8300 6 0.553968 39.139240 4.109140 202.655646
8350 5 0.208235 38.995276 4.363984 211.116692
8400 8 0.139428 40.454697 4.048672 205.258467
8450 3 0.255156 41.068276 4.526718 268.753306
8500 3 0.150098 42.191230 4.796282 114.925994
8550 4 0.125592 44.945339 4.359932 201.595417
8600 13 0.229295 44.007917 3.841936 232.596367
8650 10 0.138240 44.990516 4.064663 216.794976
8700 8 0.301739 43.974147 4.092456 192.107275
8750 11 0.324310 45.442587 4.078040 235.692628
8800 3 0.487430 47.042211 4.672461 233.105278
8850 1 0.608641 44.203440 4.666018 244.552896
8900 8 0.517274 47.917445 3.776702 216.890766
8950 2 0.540567 47.783864 4.310807 195.357596
9000 1 0.582498 48.210551 4.353909 121.105476
9050 3 0.473093 50.409349 4.460309 227.921256
9100 7 0.316221 51.384043 3.812792 200.626533
9150 1 0.578080 48.173647 4.352212 197.927638
9200 5 0.485829 48.361340 4.518109 198.554868
9250 9 0.618815 47.976213 3.768360 221.491343
9300 6 0.792190 46.652823 3.914447 219.156846
9350 4 0.385855 46.574430 4.546994 124.045230
9400 1 0.310484 48.262340 4.436466 210.055672
9450 3 0.416349 45.805320 4.435653 182.009046
9500 2 0.399570 45.593744 4.434776 197.787633
9550 2 0.261641 45.734789 4.500575 219.067559
9600 5 0.131824 46.247433 4.463434 233.511481
9650 10 0.212006 46.882321 4.390612 195.446233
9700 7 0.030631 46.021388 4.552063 181.675895
9750 12 0.019887 46.884735 4.327699 231.475410
9800 8 0.286611 46.360259 4.394761 190.077417
9850 8 0.282955 45.472283 4.235762 145.727118
9900 4 0.031222 44.967653 4.641846 171.033422
9950 6 0.395573 44.033696 4.493137 190.290745
10000 7 0.058870 44.533300 4.609591 192.035741
10050 6 0.330298 45.049668 4.332750 133.436434
10100 5 0.822279 45.009167 4.054856 235.222306
10150 3 0.818679 45.403215 4.001821 203.747853
10200 2 0.600527 45.626703 4.628899 127.588241
10250 7 0.223969 45.027281 4.158414 188.957396
10300 3 0.558702 45.152547 4.289973 183.415520
10350 4 0.629032 45.034819 4.447089 198.787205
10400 1 0.565184 44.679111 4.635929 165.324285
10450 4 0.414664 43.485473 4.477848 191.258200
10500 4 0.228364 42.892237 4.445134 181.182963
10550 3 0.021663 43.065747 4.355244 176.582457
10600 2 0.224844 44.452360 4.421251 181.591317
10650 5 0.557415 42.781620 4.000863 173.458479
10700 2 0.463985 42.914588 4.289279 215.137494
10750 2 0.543054 41.402799 4.544378 206.002375
10800 6 0.483644 41.068330 4.206969 125.914409
10850 3 0.202477 42.129137 4.100223 206.333062
10900 7 0.271995 43.014986 4.247106 225.821281
10950 6 0.331204 43.031048 4.179509 209.163067
11000 4 0.403797 43.917519 4.220231 150.779684
11050 1 0.320496 46.387350 4.687246 202.150340
11100 4 0.351493 47.510419 4.211169 291.957080
11150 6 0.088389 45.508065 4.529054 169.830267
11200 5 0.097103 43.037809 4.237453 200.103128
11250 8 0.433897 46.332434 3.869704 209.444737
11300 6 0.282615 46.828845 4.470857 158.274232
11350 4 0.212351 48.717444 4.250160 202.581262
11400 2 0.424537 46.190578 4.258499 191.890361
11450 4 0.444009 46.776154 4.576840 172.306035
11500 6 0.561406 46.631193 4.353076 122.388415
11550 2 0.487637 43.829385 4.615873 257.059960
11600 4 0.446732 44.094587 4.478803 177.072983
11650 2 0.247303 44.260508 4.504891 241.175155
11700 9 0.110628 42.215082 4.150181 213.218116
11750 9 0.408825 39.434002 4.444160 196.362166
11800 4 0.395209 39.122801 4.051814 196.720636
11850 12 0.091307 39.209825 4.455644 174.340128
11900 8 0.330144 38.119386 4.493313 219.141153
11950 6 0.243338 39.000241 4.211500 136.983904
12000 7 0.177432 41.618264 4.258363 165.181486
12050 9 0.336569 41.455661 4.481328 247.249845
12100 2 0.427918 39.105690 4.391684 166.439017
12150 12 0.175090 38.363561 4.112801 144.877685
12200 14 0.245394 42.334343 4.105299 168.244423
12250 12 0.143839 39.625221 4.534767 246.459818
12300 3 0.589879 41.890738 4.269685 144.167404
12350 10 0.183738 39.334032 4.188853 218.982284
12400 9 0.232375 41.893794 4.285993 198.479777
12450 16 0.140972 44.188139 4.201706 137.868724
12500 7 0.073254 41.301856 4.227518 202.108192
12550 8 0.476627 38.893281 3.879716 193.902979
12600 11 0.008088 39.465267 4.478276 192.441230
12650 13 0.036982 38.422172 4.381911 121.969805
12700 8 0.510172 39.160237 4.528437 190.508306
12750 2 0.567451 36.101182 4.200132 219.787256
12800 8 0.228494 39.966865 4.455841 211.597198
12850 11 0.129707 39.511823 4.409914 181.965857
12900 4 0.201259 38.906227 4.608085 215.212352
12950 10 0.065962 39.647270 4.230473 186.115169
13000 9 0.488549 40.785778 4.184139 197.218703
13050 11 0.199094 41.145764 4.410327 188.853162
13100 2 0.263668 41.621761 4.305693 238.274398
13150 4 0.306688 41.076029 4.302061 166.016303
13200 5 0.394579 42.050812 4.055078 200.247625
13250 4 0.234295 44.329509 4.361302 197.127229
13300 1 0.295832 43.176081 4.302235 171.872164
13350 3 0.476982 41.783682 4.590718 201.571603
13400 1 0.459420 41.396395 4.836147 187.444835
13450 2 0.103654 42.432711 4.546823 212.487085
13500 3 0.165859 41.670652 4.733607 212.572798
13550 1 0.286009 42.692170 4.733607 212.572798
13600 9 0.117085 44.828654 4.553770 212.366364
13650 7 0.022214 46.215756 4.444946 211.931507
13700 3 0.380363 43.246759 4.540000 212.001162
13750 2 0.209698 39.369882 4.540000 212.001162
13800 10 0.112924 41.518388 4.558129 209.557820
13850 5 0.142065 40.802052 4.545841 196.012347
13900 6 0.157868 39.935888 4.196482 203.188596
13950 4 0.423717 39.623095 4.075696 227.967949
14000 5 0.456294 37.489267 4.497749 219.529642
14050 3 0.266745 36.542978 4.194223 228.960587
14100 3 0.307060 37.745562 4.348043 200.795374
14150 10 0.241627 41.507464 4.286895 195.421172
14200 4 0.655121 43.169952 4.187066 200.499067
14250 10 0.414106 46.985265 3.788647 180.308755
14300 4 0.966062 43.659414 3.608175 201.596919
14350 2 0.531695 41.996466 4.296953 203.063343
14400 1 0.397272 43.892199 4.737926 183.692616
14450 4 0.637040 45.433052 4.361025 185.763415
14500 3 0.442381 42.977390 4.319796 170.515009
14550 4 0.330443 39.371711 4.413634 234.078936
14600 8 0.206662 42.463349 4.288724 209.514363
14650 6 0.340832 41.201505 4.062909 167.258627
14700 3 0.455999 45.441580 4.586239 174.437136
14750 3 0.109637 41.848603 4.350572 213.527076
14800 5 0.257759 41.380939 4.590193 201.885046
14850 6 0.134073 41.612216 4.577411 208.912547
14900 5 0.313268 43.494046 4.577411 208.912547
14950 2 0.112093 41.814525 4.419598 209.114245
15000 6 0.203525 40.806281 4.380100 205.652215
15050 8 0.260339 42.887261 4.353054 217.792208
15100 7 0.251622 42.149588 4.446547 219.884461
15150 6 0.262840 37.400422 4.417027 121.299124
15200 1 0.286345 35.622551 4.806374 181.608156
15250 4 0.234519 38.401339 4.527955 206.562764
15300 5 0.138468 39.838879 3.957857 205.452171
15350 6 0.087939 36.338351 4.645138 192.265366
15400 10 0.174287 39.100417 4.363737 210.448159
15450 7 0.228303 37.162458 4.302324 205.552322
15500 5 0.257703 40.265832 4.471475 229.467890
15550 4 0.036971 39.488939 4.616300 223.907278
15600 3 0.017134 36.707341 4.744870 264.221920
15650 3 0.218333 36.552503 4.725297 192.156104
15700 2 0.301082 35.251545 4.636015 206.255916
15750 4 0.246618 33.054967 4.657008 140.073969
15800 3 0.170235 35.408347 4.503073 226.533540
15850 2 0.300630 37.570624 4.537994 164.455253
15900 5 0.348521 35.464104 4.220378 205.267963
15950 1 0.375437 38.627435 4.641014 192.278084
16000 4 0.118339 35.709296 4.539410 189.858713
16050 4 0.012674 31.355117 4.519297 193.774850
16100 6 0.308712 35.047807 4.387645 147.463241
16150 3 0.343777 32.004156 4.337886 187.438838
16200 4 0.056972 31.878906 4.172980 180.589528
16250 5 0.874991 31.042086 4.373285 186.020743
16300 2 0.598378 32.036273 4.613689 200.658661
16350 5 0.247212 32.141165 4.465323 204.187074
16400 4 0.193836 31.370177 4.376234 195.572521
16450 5 0.230035 33.330146 4.410044 208.814821
16500 5 0.136787 36.601370 4.503383 209.934290
16550 1 0.098174 31.578343 4.563850 209.822432
16600 4 0.072128 32.373990 4.619439 205.874455
16650 2 0.165647 31.409360 4.461958 214.703537
16700 1 0.359180 32.389590 4.538184 214.585341
16750 3 0.274544 31.165415 4.538184 214.585341
16800 1 0.550590 32.379127 4.434329 212.312512
16850 3 0.583912 28.670129 4.434329 212.312512
16900 4 0.354662 26.899720 4.369848 214.402717
16950 5 0.288435 27.862240 4.247381 213.542394
17000 3 0.583804 29.904972 4.247381 213.542394
17050 5 0.566562 28.990785 4.247381 213.542394
17100 7 0.449729 30.585092 4.247381 213.542394
17150 3 0.541173 28.653089 4.287237 209.640032
17200 4 0.242140 30.271493 4.473436 210.522424
17250 2 0.046728 30.506298 4.473123 205.926713
17300 1 0.862040 25.287733 4.268184 213.285688
17350 5 0.460362 23.705443 4.152897 209.529756
17400 4 0.480071 21.971166 4.153691 207.606908
17450 6 0.542910 23.120267 4.100920 199.718435
17500 7 0.388700 23.226065 4.140563 197.501543
17550 5 0.384026 24.018700 4.378819 199.319085
17600 9 0.163293 23.005702 4.243356 155.396819
17650 8 0.207676 25.967609 4.300967 188.904618
17700 5 0.301000 25.289150 4.286591 195.628135
17750 6 0.592074 25.295024 4.192629 184.729423
17800 4 0.695622 21.324105 4.598155 170.237401
17850 3 0.589884 23.555305 4.375058 232.775897
17900 2 0.718990 24.568492 4.505484 232.928808
17950 1 0.648652 21.518899 4.251984 249.974931
18000 4 0.469246 22.408340 4.589796 166.854243
18050 2 0.516652 22.733447 4.296523 217.769293
18100 7 0.429580 23.303129 4.107468 221.650982
18150 7 0.510841 26.092461 4.193675 151.662148
18200 3 0.440352 24.417512 4.587806 222.622733
18250 2 0.240803 18.683996 4.362895 174.804800
18300 2 0.239448 20.521710 4.548495 180.383582
18350 2 0.491050 22.177947 4.682038 152.797674
18400 3 0.734388 25.682504 4.523366 197.223386
18450 3 0.629097 24.714610 4.222180 207.603974
18500 3 0.625148 22.805083 4.397992 194.290410
18550 3 0.489614 28.085964 4.347916 240.204297
18600 4 0.568349 27.491781 4.426364 197.067899
18650 2 0.624548 24.598758 4.500358 226.286209
18700 2 0.778806 24.433891 4.575779 141.337039
18750 3 0.682823 24.978026 4.240474 193.725015
18800 3 0.803061 24.692018 3.869818 235.081052
18850 3 0.762617 28.649530 4.240908 204.137436
18900 4 0.788190 22.821361 4.072294 198.814999
18950 3 0.662443 22.863253 4.138374 202.330365
19000 6 0.275730 22.355796 4.019762 247.879184
19050 10 0.301310 21.990175 4.039506 202.400518
19100 2 0.631977 23.469950 4.666569 209.009038
19150 4 0.739496 24.910163 4.159757 209.481199
19200 6 0.297743 24.379881 4.131598 259.723469
19250 1 0.415500 25.095384 4.534737 196.371288
19300 6 0.676913 24.680775 4.371557 186.353384
19350 3 0.395595 22.258405 4.475356 188.000428
19400 3 0.401848 24.791403 4.320315 198.705945
19450 2 0.522366 24.057692 4.458828 199.764914
19500 5 0.060125 24.063144 4.680500 190.265363
19550 2 0.117583 20.721163 4.544219 196.467617
19600 6 0.207823 22.443196 4.236459 189.676844
19650 2 0.235147 24.124170 4.238959 195.618747
19700 1 0.408724 24.186638 4.568140 240.197473
19750 2 0.598554 23.511973 4.585946 219.951903
19800 9 0.272476 22.749964 4.382766 232.966970
19850 18 0.237847 23.612509 4.042801 211.213345
19900 20 0.061971 23.036001 4.087164 192.187805
19950 4 0.351883 29.207021 4.411488 162.104685
20000 11 0.162454 28.717107 4.197850 249.591320
20050 8 0.140617 29.093638 4.207485 189.306037
20100 9 0.217000 25.983957 4.516820 263.764405
20150 6 0.064017 28.090610 4.334752 212.242496
20200 5 0.419543 30.255173 4.320466 198.210911
20250 1 0.171654 24.929903 4.474916 182.040161
20300 2 0.460919 25.399473 4.518802 238.015682
20350 3 0.598381 24.923713 4.323863 212.706156
20400 4 0.557544 25.670223 4.351991 211.660124
20450 2 0.580404 25.046394 4.498113 211.640671
20500 3 0.604669 24.258778 4.459700 215.011718
20550 3 0.724028 26.603250 4.380816 206.129922
20600 5 0.495987 24.273920 4.289069 206.776954
20650 3 0.668762 22.354696 4.399149 213.573090
20700 6 0.381177 26.640757 4.008774 195.985914
20750 2 0.506921 26.214651 4.206349 184.774838
20800 7 0.596713 27.214097 4.106295 293.537923
20850 2 0.470551 24.950091 4.651667 207.353751
20900 3 0.432055 23.415449 4.273904 161.615210
20950 2 0.495676 24.578006 4.483585 215.752252
21000 2 0.556425 21.862614 4.675846 151.201242
21050 1 0.552289 22.466155 4.414768 163.200978
21100 2 0.870714 21.389597 4.351858 218.037669
21150 1 0.811405 21.630796 4.555838 156.547832
21200 1 0.644419 21.397335 4.129620 189.018867
21250 1 0.589634 16.259281 4.732535 209.193760
21300 3 0.638293 19.903159 4.309148 150.588065
21350 1 0.559654 20.092130 4.897399 184.550913
21400 1 0.565107 22.777816 4.296684 192.946813
21450 6 0.664972 20.150525 3.869589 256.720461
21500 5 0.526132 19.751298 3.843044 171.811534
21550 2 0.850356 19.493509 4.127035 216.018684
21600 2 0.692942 16.348393 4.392196 202.442641
21650 1 0.598563 20.175854 4.536012 140.581191
21700 1 0.603746 17.035780 4.482378 194.423153
21750 2 0.750980 17.859596 4.267242 207.929358
21800 2 0.431931 16.804559 4.398291 223.705955
21850 2 0.371351 12.850932 4.374218 119.705664
21900 3 0.693552 12.806491 4.148492 181.014935
21950 2 0.860003 16.839734 4.661798 123.320161
22000 4 0.678057 17.584613 3.927158 195.954629
22050 4 0.688531 15.296684 4.092146 171.070290
22100 5 0.597089 13.747493 4.064805 200.964620
22150 1 0.591772 13.775673 4.440691 195.573377
22200 1 0.390965 6.477077 4.562316 204.237374
22250 3 0.667431 8.793033 4.107311 198.896457
22300 2 0.693774 12.289690 4.293645 242.363594
22350 3 0.614392 10.208048 4.473896 187.278989
22400 2 0.531836 7.892018 4.612851 237.887291
22450 4 0.566148 10.732007 4.309413 141.075509
22500 1 0.549120 13.901205 4.428218 233.144604
22550 1 0.535854 17.327490 4.618517 175.106929
22600 4 0.588111 11.477516 4.141782 192.245450
22650 2 0.552333 10.900187 4.142967 181.953304
22700 6 0.424906 13.151087 4.189386 188.852908
22750 2 0.527843 14.353587 4.293631 193.698675
22800 4 0.531622 11.753511 4.621119 192.132665
22850 1 0.473727 13.620165 4.604339 197.501408
22900 1 0.455185 8.972812 4.531276 201.131429
22950 2 0.504268 14.597987 4.538309 196.689808
23000 1 0.585476 12.172158 4.415253 342.286289
23050 2 0.648552 10.257828 4.342952 186.838313
23100 1 0.707622 13.867180 4.530566 183.116560
23150 2 0.744462 14.595236 4.203694 218.447148
23200 4 0.697418 12.854366 4.203666 182.056197
23250 4 0.743783 13.793314 4.270934 252.872404
23300 1 0.806158 13.516456 4.339872 168.957068
23350 4 0.688836 17.290950 4.220867 202.702375
23400 5 0.600856 21.282798 3.999608 215.554698
23450 3 0.919425 20.888322 3.869887 268.679756
23500 2 0.783529 19.242688 4.468751 149.203135
23550 2 0.563256 19.951338 4.545251 186.060803
23600 1 0.521412 21.148819 4.583163 187.749491
23650 3 0.424027 16.571966 4.665883 189.392129
23700 1 0.472851 18.568758 4.453402 205.432484
23750 2 0.390540 18.154834 4.306799 175.960265
23800 2 0.384872 17.956278 4.533122 213.066827
23850 1 0.546344 20.737583 4.692208 201.979101
23900 1 0.434710 19.396688 4.681352 232.627913
23950 2 0.302521 18.448100 4.478837 193.555465
24000 3 0.234718 19.092603 4.392509 216.072939
24050 1 0.400703 17.512248 4.387718 208.998716
24100 1 0.557664 20.533389 4.387718 208.998716
24150 1 0.510820 24.777615 4.200262 222.095290
24200 2 0.660345 24.483285 4.602518 213.142391
24250 2 0.548039 23.220743 4.510614 165.108578
24300 2 0.226842 21.511963 4.370741 230.072789
24350 1 0.578282 20.029785 4.913462 201.498392
24400 3 0.646309 19.742186 4.356411 190.054981
24450 3 0.423152 18.758406 4.328183 174.872392
24500 3 0.299114 20.136333 4.391219 201.692300
24550 1 1.240610 18.920857 4.829977 194.288270
24600 3 0.918709 18.333367 4.274630 161.731346
24650 3 0.958073 22.469325 4.377166 176.511768
24700 5 0.656538 21.855837 4.221980 243.548529
24750 1 0.391943 21.251214 4.389200 200.591658
24800 2 0.750374 18.659334 4.252283 205.855198
24850 3 0.610907 17.844498 4.275078 196.995558
24900 4 0.409401 17.461383 4.495389 212.980777
24950 4 0.430799 18.570838 4.263235 198.984500
25000 4 0.601204 18.400079 4.071004 197.248118
25050 3 0.532509 16.334845 4.201164 160.981455
25100 2 1.094513 15.492784 4.189203 140.447805
25150 1 0.736711 18.069710 4.460506 189.127718
25200 1 0.595299 23.648609 4.563555 159.881221
25250 4 0.620741 22.157808 4.145150 154.127106
25300 2 0.743031 17.384001 4.424562 163.170968
25350 3 0.355889 17.402839 4.207826 203.560526
25400 4 0.566417 17.980898 4.450469 209.501317
25450 4 0.461889 20.618867 4.300658 194.353576
25500 4 0.372646 19.246227 4.615519 183.950140
25550 3 0.245529 19.949365 4.683228 200.985836
25600 2 0.304350 14.998724 4.509390 196.618872
25650 1 0.074916 13.241507 4.480898 179.641725
25700 2 0.465903 14.582074 4.437073 210.607361
25750 12 0.276330 16.501525 4.240375 219.820187
25800 2 0.515309 18.247886 4.508419 184.802661
25850 4 0.674209 14.465574 4.348802 190.627819
25900 5 0.143340 16.517378 4.490958 219.307885
25950 7 0.211201 18.409760 4.606155 206.659230
26000 2 0.361417 16.151352 4.435185 203.755767
26050 10 0.029630 16.755689 4.316712 210.799700
26100 5 0.457396 17.420901 4.390626 208.513878
26150 11 0.089644 18.429818 4.521252 151.803918
26200 16 0.224606 19.634584 4.240550 175.294354
26250 14 0.033378 21.069819 4.510741 190.254726
26300 7 0.288985 17.110659 3.914664 267.756205
26350 5 0.256655 19.615936 4.313725 178.067911
26400 6 0.412409 20.405827 4.137010 215.214041
26450 3 0.256934 17.649122 4.396005 174.249077
26500 3 0.132122 21.660136 4.433202 155.171684
26550 7 0.291410 19.482281 3.890633 237.249941
26600 5 0.409142 17.295560 4.030528 198.840902
26650 12 0.275416 20.458829 4.129904 165.567819
26700 14 0.201934 19.204340 4.076038 184.713551
26750 8 0.302168 22.399129 4.270283 209.807047
26800 10 0.189363 20.719593 4.273947 134.168694
26850 13 0.316461 20.875721 4.320718 222.624806
26900 12 0.304044 18.500881 3.692115 225.203381
26950 9 0.242849 18.447460 4.021413 176.892499
27000 8 0.690057 19.185602 3.491279 209.037091
27050 13 0.575066 19.032326 3.260904 255.417248
27100 5 0.558751 17.627586 3.848944 206.432024
27150 3 0.170601 18.429988 4.673469 201.098773
27200 4 0.427934 22.352270 4.546784 203.378616
27250 2 0.176038 19.747695 4.498453 228.301211
27300 3 0.443031 18.872861 4.456521 253.359515
27350 3 0.470604 22.003482 4.437822 221.510293
27400 1 0.604783 17.504608 4.414099 194.970948
27450 5 0.455609 18.837231 4.125817 260.515182
27500 3 0.396290 13.189796 3.927005 216.660246
27550 2 0.447802 13.434982 4.548751 242.760394
27600 2 0.481999 15.095323 4.548236 212.380401
27650 3 0.564804 18.788252 4.499543 206.967990
27700 3 0.529324 20.620381 4.202539 240.031057
27750 6 0.528381 20.026758 4.036457 203.666340
27800 5 0.425501 21.107706 4.259042 215.951208
27850 3 0.403515 19.610480 4.302190 197.225445
27900 2 0.683834 22.329722 4.594757 192.695526
27950 4 0.187483 21.206824 4.506558 222.830008
28000 6 0.161888 17.366616 4.296918 219.754942
28050 2 0.130578 21.252592 4.480116 207.146063
28100 2 0.098705 16.514921 4.445347 182.066602
28150 4 0.136530 18.735539 4.575607 211.994308
28200 7 0.324646 18.583326 4.863284 184.272673
28250 8 0.272668 18.378133 4.447916 203.533765
28300 6 0.628747 14.015969 4.295340 201.339447
28350 8 0.214110 19.328050 4.164392 203.167893
28400 8 0.163064 23.659126 4.030709 199.724613
28450 3 0.485314 21.116248 4.005194 202.012592
28500 10 0.570990 21.520272 3.831968 200.805607
28550 8 0.428165 21.535437 3.831968 200.805607
