0 8 2.830000 24.210000 3.700000 47.000000 1.019793 4.917565 
50 11 2.592830 24.622924 3.653439 53.607898 0.408906 8.430281 
100 11 2.502158 23.644489 3.856858 51.044550 0.399937 2.575939 
150 14 2.464974 23.544230 3.764769 44.915930 0.356029 5.299926 
200 11 2.470592 21.937085 3.758797 47.607281 0.206475 6.151261 
250 15 2.473119 22.337141 3.848537 28.475545 0.338159 3.357023 
300 10 2.434007 23.794568 3.724879 45.355183 0.337508 1.313013 
350 13 2.462749 23.593454 3.832084 42.279538 0.328131 1.483925 
400 13 2.351041 22.514298 3.785701 45.792274 0.406414 0.487155 
450 12 2.330429 22.695600 3.784460 52.809565 0.246406 0.320744 
500 14 2.251718 23.513133 3.786180 43.070820 0.173993 0.588417 
550 14 2.285516 23.637276 3.817252 46.254041 0.324078 1.382995 
600 13 2.072025 23.131746 3.832854 48.514850 0.252068 8.621991 
650 11 2.131268 22.249855 3.812580 59.170557 0.308638 10.531547 
700 12 1.846824 21.921738 3.832736 57.183542 0.458483 11.755593 
750 13 1.705295 21.747510 3.833654 58.089966 0.291054 4.275073 
800 14 1.958888 22.248643 3.832888 56.214468 0.333831 3.076057 
850 14 2.130829 21.711121 3.810478 55.215469 0.480872 4.276246 
900 12 1.840766 22.140887 3.823273 54.552981 0.295191 5.063807 
950 14 1.782843 21.927293 3.864690 54.199574 0.278843 1.555046 
1000 12 1.684234 22.345189 3.857473 63.367146 0.330313 1.716307 
1050 10 1.667191 22.630313 3.874386 91.600981 0.379823 2.391326 
1100 12 1.632363 22.847631 3.765015 65.562651 0.296576 3.221628 
1150 11 1.636296 24.204351 3.946247 55.203569 0.351428 1.940778 
1200 13 1.651535 23.960938 4.060962 55.004525 0.323264 1.999890 
1250 13 1.467443 23.387114 4.208015 36.963882 0.293214 2.473908 
1300 14 1.015097 22.007211 4.171968 59.737967 0.338961 2.588788 
1350 15 1.134954 22.028743 4.235193 41.623936 0.239646 3.616168 
1400 13 1.293335 22.751366 3.952419 48.152791 0.238771 6.562847 
1450 14 1.317323 23.610626 3.913320 61.835668 0.277363 9.521061 
1500 12 1.460480 25.022023 4.108447 58.322970 0.248241 7.619431 
1550 12 1.410024 25.583779 4.117059 52.679415 0.309260 5.098626 
1600 13 1.252625 26.086839 4.140772 50.953031 0.252830 5.610283 
1650 14 1.450195 26.797717 3.696737 58.034386 0.322935 4.735330 
1700 12 1.764312 26.477287 3.750725 48.479583 0.407333 1.732481 
1750 15 1.714434 25.201643 3.627606 56.276082 0.306706 2.431410 
1800 12 1.922590 24.956629 3.492079 65.094137 0.223086 4.257456 
1850 15 1.646495 25.976821 3.718476 57.419814 0.279113 5.054280 
1900 13 1.336503 25.182327 3.795140 46.000636 0.256468 7.145007 
1950 12 1.634748 25.326981 3.913820 42.633866 0.228252 3.524757 
2000 14 1.728196 24.098441 4.024253 44.716487 0.163509 0.872852 
2050 12 1.636787 25.879099 4.161054 46.329795 0.245980 1.314695 
2100 10 1.618331 25.040802 4.127963 43.493841 0.167261 2.385848 
2150 10 1.619680 25.091555 4.246415 39.172147 0.129014 3.295746 
2200 13 1.636262 24.745653 4.267132 45.656707 0.137693 2.433890 
2250 12 1.692226 24.823080 4.073652 49.649797 0.166097 3.745950 
2300 13 1.632665 24.655399 4.126877 48.648983 0.195061 5.297460 
2350 13 1.524477 26.713019 3.998620 51.246040 0.217321 19.224394 
2400 15 1.658397 26.647745 4.086986 50.408405 0.264218 17.479203 
2450 10 1.610646 26.536765 4.132149 40.344497 0.239313 16.596889 
2500 13 1.305294 26.567103 4.059363 47.267674 0.262415 6.004780 
2550 13 1.337710 27.428868 3.988104 50.890227 0.193550 7.683522 
2600 15 1.244836 27.798262 4.268524 40.139290 0.272474 5.197385 
2650 11 1.503939 25.631468 4.281530 42.006701 0.216384 13.979884 
2700 11 1.397628 27.079409 4.123754 54.853929 0.224192 11.420777 
2750 13 1.241046 26.281109 4.196657 34.516936 0.193666 11.325982 
2800 12 1.205923 24.888555 4.003581 60.022268 0.203655 11.872408 
2850 12 1.233491 24.227700 4.206000 43.834227 0.222062 21.623743 
2900 12 1.229512 24.504851 4.024063 51.129977 0.219883 26.366948 
2950 13 1.241067 24.916225 4.119184 60.148901 0.167972 28.179880 
3000 13 1.187142 24.589776 4.162776 59.955768 0.267729 33.459513 
3050 12 1.365959 25.493765 4.219034 52.566229 0.340233 23.920514 
3100 12 1.450366 23.924902 4.261315 49.754964 0.192477 30.084274 
3150 12 1.195595 25.056836 4.351328 40.526225 0.183257 17.069714 
3200 13 1.227947 24.540558 3.877065 60.244036 0.358244 48.524522 
3250 15 1.162290 28.606306 4.059281 62.206788 0.297118 92.146527 
3300 11 0.971577 26.388885 3.935036 68.244589 0.202646 55.881537 
3350 14 0.751158 27.421840 4.232167 70.719585 0.273870 93.517150 
3400 15 0.835838 27.122785 4.189178 80.790053 0.581566 81.200519 
3450 14 1.064887 22.718821 4.193662 62.993043 0.289174 111.680763 
3500 14 0.831758 26.890831 4.176682 74.467778 0.276425 56.142488 
3550 14 0.661590 25.133406 4.154375 66.111431 0.217101 59.999114 
3600 15 0.818556 24.602089 4.170948 49.066845 0.328988 51.423682 
3650 14 0.757765 25.496875 4.167802 69.766605 0.261614 54.182682 
3700 15 1.126902 26.723893 4.174173 54.408089 0.316821 57.313632 
3750 13 0.872851 29.209069 4.163339 69.421300 0.410474 57.642530 
3800 10 0.987165 31.721338 4.180150 58.154698 0.336685 83.770733 
3850 12 1.123531 32.927778 4.222290 50.723453 0.297822 137.055575 
3900 14 1.251149 30.370916 4.316612 33.497220 0.400906 224.483681 
3950 10 1.056642 26.357511 4.279865 57.744916 0.256341 1056.258559 
4000 13 0.872112 26.643765 4.286419 51.216964 0.211025 1980.546987 
4050 13 0.503188 21.764814 4.262770 38.447636 0.260362 364.020560 
4100 13 0.673772 24.418829 4.311113 48.555733 0.203408 101.368868 
4150 12 0.678294 24.700012 4.368253 62.561127 0.206502 94.067210 
4200 13 0.752162 26.816121 4.417323 56.576469 0.199132 104.996866 
4250 13 0.677750 23.062031 4.436646 63.600280 0.206536 210.691107 
4300 11 0.650005 27.693561 4.508232 57.028699 0.181277 364.074407 
4350 14 0.659188 26.311848 4.443343 32.712982 0.189163 350.128545 
4400 13 0.675689 26.603909 4.357643 34.902339 0.203141 196.132788 
4450 13 0.787362 33.161144 4.574445 37.891370 0.115664 195.400244 
4500 14 0.649917 28.463141 4.263269 49.576259 0.121694 271.761699 
4550 12 0.727623 30.375072 4.325096 49.639381 0.211149 144.300009 
4600 12 0.636420 27.332073 4.406337 75.061243 0.233265 112.044971 
4650 12 0.633956 25.359318 4.499658 37.740130 0.215403 96.755601 
4700 12 0.497486 23.371553 4.647022 51.556753 0.102428 113.690548 
4750 15 0.507432 23.337055 4.586713 34.166165 0.197324 46.382761 
4800 15 0.653780 25.285012 4.717666 38.509087 0.178806 104.748111 
4850 14 0.704738 23.910023 4.757802 15.113378 0.282602 243.339387 
4900 14 0.484926 23.701655 4.590776 34.664415 0.150304 353.719889 
4950 14 0.588854 24.849292 4.502891 44.565957 0.242619 760.129456 
5000 14 0.447119 25.038682 4.593787 49.642030 0.373321 303.879271 
5050 15 0.761654 25.978437 4.458484 42.512925 0.268239 420.329126 
5100 15 0.546026 26.410340 4.313574 48.011631 0.268710 923.577305 
5150 14 0.606910 27.402073 4.630299 21.236552 0.316557 813.430281 
5200 12 0.643829 25.619204 4.533528 51.777353 0.558489 920.826053 
5250 15 0.414513 23.552135 4.610049 55.030419 0.473817 736.241032 
5300 13 0.668552 19.696756 4.698120 65.952760 0.506854 971.334346 
5350 14 0.519922 20.004427 4.598299 33.624655 0.609223 1268.774107 
5400 12 0.582053 23.121337 4.556009 43.359050 0.485281 1340.097196 
5450 14 0.466756 23.889195 4.505031 55.403655 0.450978 2850.672277 
5500 12 0.660494 27.838189 4.466260 56.976223 0.422985 1788.626432 
5550 10 0.501902 24.425625 4.843047 51.399596 0.351954 4088.587629 
5600 13 0.371568 28.291440 4.862919 14.049267 0.557701 2652.542258 
5650 14 0.558427 25.366212 4.619560 29.475424 0.534702 5294.300445 
5700 12 0.684931 25.700366 4.629130 34.825166 0.485922 4990.920877 
5750 15 0.727107 24.394747 4.585116 22.810654 0.296501 1685.152603 
5800 15 0.560821 25.063875 4.591497 35.457137 0.248956 1859.098740 
5850 14 0.388533 22.360030 4.584376 40.384731 0.467262 1272.401119 
5900 11 0.432350 21.703956 4.595955 62.070741 0.515137 882.337016 
5950 14 0.347182 25.681427 4.579165 103.196737 0.365343 821.740990 
6000 13 0.550242 24.673078 4.765393 73.979451 0.587475 611.820186 
6050 15 0.480429 24.148505 4.376538 53.830331 0.532564 808.340016 
6100 12 0.167668 22.030714 4.594000 88.826674 0.592247 1036.279770 
6150 16 0.245173 24.600467 4.625479 43.643732 0.520391 2808.539487 
6200 14 0.750039 24.319562 4.702385 64.237205 0.337697 3043.099254 
6250 15 0.536474 24.989201 4.623740 20.180413 0.433633 3303.227708 
6300 14 0.591873 27.566219 4.436039 44.097241 0.331298 1980.415251 
6350 14 0.369361 26.027988 4.444230 59.750987 0.484058 2307.047223 
6400 13 0.517652 33.223152 4.636009 46.596671 0.406036 3862.915625 
6450 12 0.898866 28.614195 4.735247 28.106144 0.460053 1448.533024 
6500 14 0.451374 24.296962 4.772345 46.732293 0.537887 537.601033 
6550 14 0.580468 26.677323 4.628287 95.672437 0.409077 817.977441 
6600 12 0.578980 22.457041 4.379847 76.139652 0.283637 982.590933 
6650 15 0.299069 26.303724 4.491397 27.128946 0.390741 970.459867 
6700 14 0.269548 29.221948 4.683233 36.398811 0.514005 1007.635000 
6750 13 0.314555 25.226423 4.410612 80.200599 0.439746 2029.510228 
6800 11 0.412346 23.141661 4.654014 42.328509 0.574215 4043.627200 
6850 12 0.341340 25.554768 4.672075 88.767165 0.408573 1276.897259 
6900 14 0.428559 24.300595 4.287776 85.116008 0.400932 486.481472 
6950 14 0.381732 28.991789 4.730940 73.742426 0.293667 327.010670 
7000 13 0.082490 25.430293 4.550584 38.556763 0.301177 342.429432 
7050 12 0.095580 24.902389 4.513640 65.592750 0.295118 1354.543995 
7100 13 0.078788 29.802588 4.760691 122.419816 0.336105 565.512248 
7150 12 0.060289 27.644277 4.650282 56.254205 0.416667 1122.029994 
7200 14 0.099284 27.389780 4.410698 115.145026 0.486569 3423.349395 
7250 13 0.518564 27.270685 4.679542 64.098219 0.673623 8945.024193 
7300 13 0.162619 25.421956 4.596593 94.343403 0.337018 16662.638758 
7350 12 0.221444 23.574026 4.769584 47.664266 0.284579 7605.743400 
7400 11 0.202513 25.594520 4.842624 50.590626 0.330518 12045.199292 
7450 12 0.187449 24.978008 4.804774 21.806391 0.380223 12436.820265 
7500 13 0.171754 30.135804 4.801372 68.868614 0.250039 13386.019749 
7550 13 0.010892 27.929869 4.728061 42.752016 0.502120 15610.742574 
7600 13 0.148275 31.354893 4.614488 44.878258 0.331505 16461.497545 
7650 12 0.438095 22.618293 4.815819 3.696383 0.517270 37858.275811 
7700 14 0.467025 26.871513 4.328486 47.261929 0.219567 43209.436550 
7750 12 0.325206 37.238008 4.799453 29.266317 0.619462 45847.618087 
7800 13 0.302230 34.479886 4.426074 73.949201 0.542908 60641.418828 
7850 17 0.290165 34.443295 4.707892 63.756267 0.641255 22146.629450 
7900 10 0.291862 38.606074 4.331386 72.859396 0.642322 21343.655433 
7950 11 0.118540 37.256145 4.891862 39.421461 0.369102 12399.830925 
8000 13 0.193531 39.904675 4.784648 44.559909 0.564809 4666.385395 
8050 13 0.310082 38.842992 4.596534 49.335231 0.425179 12846.784122 
8100 15 0.311094 39.009648 4.589177 51.541739 0.427294 44187.896173 
8150 13 0.072173 41.301124 4.604301 33.117183 0.303511 14147.375634 
8200 11 0.320591 40.863670 4.869487 21.320072 0.599403 7367.739467 
8250 11 0.373436 38.484332 4.742565 40.500791 0.616043 21145.983799 
8300 14 0.384714 37.000909 4.495563 41.799215 0.508122 15008.334653 
8350 17 0.442292 36.432969 4.528312 52.109579 0.605530 18691.676431 
8400 13 0.269599 37.482002 4.767971 28.925891 0.504331 16873.635204 
8450 11 0.169704 35.807397 4.552153 111.211755 0.456254 21265.298618 
8500 14 0.231404 33.275005 4.422576 70.614900 0.516751 10290.174642 
8550 16 0.109385 27.702626 4.709313 84.704617 0.513666 19765.655221 
8600 12 0.020692 31.452036 4.511510 27.173651 0.698084 24518.194656 
8650 13 0.199843 36.866358 4.577250 139.599531 0.578626 11221.872018 
8700 12 0.395644 30.214217 4.722153 40.734547 0.643777 20453.530623 
8750 15 0.446827 35.775645 4.612848 30.146043 0.565590 19705.464346 
8800 14 0.344601 30.635081 4.539839 91.351277 0.390811 10205.461703 
8850 13 0.248695 25.583857 4.781978 38.649885 0.371798 3735.382530 
8900 13 0.198895 31.175666 4.603562 33.270116 0.376974 3060.040686 
8950 12 0.196283 37.095951 4.838867 56.483254 0.361185 4062.469248 
9000 12 0.128808 36.263290 4.884241 81.141699 0.296898 1355.987422 
9050 14 0.241168 35.253267 4.552039 40.188222 0.294548 980.354031 
9100 10 0.063187 34.346308 5.147112 34.361358 0.198472 571.254696 
9150 12 0.141756 34.931348 5.068573 43.000736 0.219948 437.272347 
9200 12 0.057592 41.024233 4.654809 44.778461 0.454145 1301.748284 
9250 11 0.204186 43.825795 4.937591 38.175584 0.441308 582.449122 
9300 15 0.144285 47.759538 4.696250 53.232522 0.644029 785.221721 
9350 12 0.218479 45.148803 4.782909 40.682319 0.291802 476.504969 
9400 14 0.205358 44.895904 4.773098 45.955365 0.262617 228.808727 
9450 13 0.178054 42.021527 4.808413 43.302263 0.224871 309.223905 
9500 14 0.127475 44.148311 4.865565 43.100098 0.261457 414.979364 
9550 11 0.167249 49.209306 4.916164 43.040690 0.330198 393.545107 
9600 13 0.104071 41.195333 4.805514 43.673903 0.384036 566.037874 
9650 13 0.064984 40.304650 4.810909 22.520949 0.564762 914.601501 
9700 11 0.187284 41.077025 4.742079 41.557910 0.715237 1552.677155 
9750 11 0.136781 43.741702 4.695494 41.373363 0.758717 2022.441825 
9800 14 0.497695 36.815191 4.629693 74.227924 0.782760 1023.100832 
9850 11 0.367205 29.599120 4.676835 57.328673 0.661758 462.958448 
9900 12 0.394042 38.430388 4.677379 17.715575 0.527682 698.467960 
9950 14 0.380858 44.248581 4.538083 68.640901 0.439628 583.314821 
10000 15 0.294929 42.270263 4.616338 9.193836 0.652851 459.697641 
10050 11 0.205820 51.564044 4.617131 58.372117 0.307938 577.825664 
10100 15 0.297657 51.059947 4.567982 55.469381 0.344650 1773.255112 
10150 13 0.440144 48.497103 4.440779 58.276863 0.287480 5818.830774 
10200 12 0.458561 45.287425 4.867239 40.798374 0.295534 3946.571312 
10250 13 0.344183 40.202680 4.930408 31.751439 0.280518 2113.520844 
10300 14 0.523598 40.997750 4.480011 58.242455 0.367341 3136.753847 
10350 12 0.338602 46.147238 4.498069 98.052483 0.384936 1272.544844 
10400 15 0.288542 37.495526 4.773921 22.347472 0.641225 2096.574748 
10450 14 0.230618 49.347582 4.591689 95.928249 0.401128 2846.397794 
10500 14 0.316029 37.895581 4.533228 60.108618 0.342043 4149.972453 
10550 11 0.347021 45.429085 4.754595 38.933554 0.633890 1411.554423 
10600 16 0.084421 57.901232 4.662345 39.955506 0.424196 1121.237362 
10650 13 0.269425 54.446648 4.558718 67.816119 0.476726 979.794222 
10700 12 0.275025 51.396089 4.430550 32.670603 0.409785 1313.440646 
10750 12 0.393534 49.282547 4.783080 49.660460 0.491125 1180.956444 
10800 13 0.423403 48.008359 4.573142 47.560993 0.412906 2857.593029 
10850 12 0.286385 50.391129 4.613163 49.171872 0.374501 1275.490101 
10900 13 0.264605 45.907035 4.786444 43.364362 0.901300 791.923652 
10950 15 0.167103 45.621757 5.026131 38.091634 0.275849 483.911075 
11000 10 0.193891 43.934502 4.772156 44.343327 0.259192 497.698518 
11050 11 0.293802 44.002720 4.713965 43.943461 0.501170 661.459837 
11100 15 0.375612 37.496712 4.725521 38.663295 0.678886 2274.141875 
11150 11 0.281806 32.114653 4.720676 41.379519 0.544542 2303.478783 
11200 14 0.621086 36.327035 4.752826 39.638359 0.395042 1898.246329 
11250 11 0.274988 35.103955 4.752826 39.638359 0.591372 5916.785070 
11300 12 0.319507 39.329795 4.683283 41.018191 0.528268 3682.363658 
11350 12 0.423770 35.162160 4.518398 39.408540 0.499011 4200.508954 
11400 14 0.469698 42.234845 4.518398 39.408540 0.195988 4718.864877 
11450 14 0.292571 37.073264 4.655752 52.012809 0.316809 4806.886383 
11500 12 0.339643 35.735975 4.721267 51.633843 0.286283 9823.721867 
11550 14 0.410897 27.900876 4.597880 61.343752 0.322050 19895.636386 
11600 16 0.281261 29.832306 4.738475 45.221776 0.732533 25505.301267 
11650 13 0.248303 32.065751 4.771404 53.945008 0.508477 15380.294390 
11700 15 0.368146 35.356777 4.755495 69.940116 0.573054 8110.074801 
11750 15 0.292416 31.577188 4.637396 37.431006 0.935586 16041.244611 
11800 14 0.009649 31.588229 4.563118 49.850888 0.937067 23105.271529 
11850 16 0.420190 32.018368 4.536500 35.082135 0.859898 9401.746693 
11900 12 0.515737 34.204407 4.569809 41.772616 0.754701 3273.187766 
11950 11 0.518488 26.944790 4.336830 61.880344 0.613811 2288.534066 
12000 14 0.416698 31.082494 4.790634 9.336324 0.701273 4843.870975 
12050 12 0.325912 36.113409 4.793146 39.763803 0.790347 15963.359304 
12100 14 0.365606 34.083640 4.597643 42.907333 0.607739 10769.191236 
12150 10 0.440740 33.876859 4.501164 43.476827 1.005517 8623.213911 
12200 12 0.752742 38.239917 4.349635 66.621015 0.838361 8345.593865 
12250 13 0.639735 40.847132 4.600820 39.993857 0.864510 4992.489581 
12300 14 0.477032 42.019955 4.696865 17.646571 0.401421 2444.022495 
12350 12 0.532876 38.118439 4.377047 68.715665 0.506902 1544.205766 
12400 13 1.123226 45.816452 4.435574 48.033014 0.682961 2688.835043 
12450 13 1.303624 37.486538 4.487690 37.670735 1.235654 2707.103159 
12500 15 1.466504 45.092344 4.538515 8.566422 0.948950 5575.236983 
12550 14 1.783080 48.949233 4.458172 18.831262 0.999392 4175.064157 
12600 14 1.223405 41.464208 4.609626 26.836726 1.215951 14607.420788 
12650 14 1.183075 35.959310 4.681408 16.911102 0.949541 6346.715925 
12700 13 1.317147 41.393395 4.611919 20.552608 0.668787 4257.318985 
12750 11 0.817154 38.653259 4.525152 31.361011 0.402886 4022.678403 
12800 13 0.871384 39.580796 4.401375 31.041307 0.525997 16172.711179 
12850 8 1.165346 36.932985 4.509847 43.106580 1.143126 20788.443926 
12900 14 1.653569 30.613260 4.498265 35.429849 0.669633 5583.804972 
12950 14 1.445125 37.426514 4.162840 41.952602 0.821440 9265.381848 
13000 11 1.386023 31.169978 4.334100 42.133280 0.790452 4000.798544 
13050 12 1.428829 38.293575 4.134715 41.534746 1.002538 9358.732446 
13100 13 0.704921 36.860344 4.147422 39.799767 0.498645 4713.645336 
13150 13 1.040723 38.131689 4.199340 39.790218 0.291516 2199.564892 
13200 16 1.426499 37.653699 4.685257 6.809048 0.469988 3946.328779 
13250 11 1.201727 49.531744 5.050843 6.635337 0.441746 6750.238303 
13300 11 1.460995 44.267094 4.915083 24.378132 0.293300 2596.354715 
13350 10 1.350305 48.264164 4.549582 37.063467 0.258680 6554.893512 
13400 11 1.445438 42.417135 4.378203 38.736249 0.326588 18143.269803 
13450 11 1.396004 40.156852 4.330895 28.684056 0.261968 21922.780454 
13500 12 1.562903 36.659309 4.374685 42.203165 0.297710 54820.920880 
13550 12 1.326465 40.942136 4.305314 28.743801 0.311152 32788.870650 
13600 15 1.340507 35.083253 4.524537 28.940718 0.471778 25987.671931 
13650 14 1.283828 42.307921 4.232689 34.841594 0.424874 14621.601311 
13700 12 1.277573 35.457934 4.136103 41.085507 0.340951 5307.400838 
13750 12 1.523732 27.770860 4.158765 49.429719 0.244265 7526.791315 
13800 13 1.790754 32.785315 4.649890 7.261935 0.641648 1356.220488 
13850 11 1.448905 35.948519 4.590604 25.187676 0.595375 788.728929 
13900 13 2.280193 43.252352 4.486716 21.394237 0.516687 950.168075 
13950 14 1.730655 44.018790 4.673235 13.213802 0.394166 1289.129571 
14000 14 2.478476 37.533598 4.593977 3.148921 0.589836 2088.005629 
14050 13 2.713956 44.676895 4.497268 6.364463 0.481162 2710.707057 
14100 12 1.754666 43.140269 4.290534 39.261027 0.603920 2860.084079 
14150 15 2.015809 37.144642 4.291031 12.031715 0.524912 3562.634413 
14200 12 1.637834 30.386386 4.525669 25.194235 0.429807 1214.557429 
14250 10 1.629575 26.388970 4.410035 41.956982 0.518304 990.921436 
14300 13 1.769964 40.328422 4.359982 17.970788 0.321775 700.378118 
14350 12 1.264608 31.858238 4.311214 30.921279 0.335140 2732.487159 
14400 13 0.679346 23.097163 4.475792 29.485892 0.384099 2984.944556 
14450 12 0.698709 37.776087 4.429146 25.222115 0.497525 9912.789252 
14500 18 0.629808 33.170597 4.443480 40.554667 0.455986 17282.386663 
14550 14 1.170385 37.946643 4.500187 42.210310 0.335734 12720.957104 
14600 12 0.768759 33.243421 4.470210 31.299789 0.415526 10287.035595 
14650 13 1.193700 34.140973 4.425465 14.295795 0.344151 6755.290252 
14700 11 0.936882 32.059819 4.514240 38.614717 0.312625 4672.950844 
14750 11 1.060262 34.286501 4.462785 48.655478 0.339705 4178.008392 
14800 12 0.858482 29.560876 4.436884 50.842577 0.501180 3817.902150 
14850 11 0.822486 26.887159 4.353684 32.271017 0.371313 5643.038048 
14900 14 1.081714 27.037789 4.304254 38.197930 0.527657 9143.001327 
14950 13 0.820771 28.489023 4.417732 51.339040 0.492540 3153.790244 
15000 13 0.752574 29.668877 4.304564 37.941267 0.647874 2397.957492 
15050 13 0.682598 29.792976 4.445295 79.359020 0.576109 2734.515013 
15100 13 0.827079 31.080481 4.344913 51.543143 0.553001 8063.351221 
15150 13 0.734801 31.005848 4.327839 63.928785 0.612314 15420.947930 
15200 14 0.808815 28.413905 4.252641 58.151228 0.238560 8153.904459 
15250 13 0.943765 29.924301 4.326068 48.733001 0.227123 12111.040899 
15300 13 1.207868 28.962902 4.327278 49.670252 0.664405 7171.175046 
15350 13 1.013263 26.731811 4.327782 41.399279 0.672360 11164.240604 
15400 14 1.009846 22.563506 4.223521 57.522742 0.872655 5829.213390 
15450 12 1.263320 24.055108 4.243216 60.021473 0.815508 2002.699125 
15500 14 1.874209 26.711278 4.292215 12.691291 0.896993 924.010606 
15550 10 1.169415 27.989544 4.287598 44.439487 0.451339 469.321414 
15600 15 1.234619 30.541567 4.272609 13.279175 0.556745 615.743331 
15650 15 1.148746 28.363166 4.450089 45.430045 0.288908 537.038760 
15700 12 1.110371 29.287616 4.371027 59.218688 0.480624 643.919849 
15750 11 1.355100 28.902622 4.374243 49.286732 0.257425 761.545070 
15800 15 1.239210 28.618000 4.607316 13.794236 0.374445 996.338430 
15850 12 1.206375 30.001917 4.478107 34.853685 0.345072 723.935630 
15900 13 1.111366 27.603862 4.345854 39.208250 0.442592 1744.945167 
15950 11 1.106336 29.028954 4.442399 40.752336 0.366190 959.553565 
16000 11 1.389966 28.184045 4.322656 34.311681 0.314563 798.927153 
16050 16 1.019043 29.269645 4.367853 36.860455 0.222411 1053.497345 
16100 16 0.789253 27.884379 4.448455 35.902759 0.273896 3241.616476 
16150 12 0.766528 27.663909 4.507658 37.493589 0.295173 6894.465063 
16200 14 0.610396 29.684608 4.507658 37.493589 0.464002 7407.436603 
16250 11 1.039428 28.536622 4.507658 37.493589 0.454316 1722.748033 
16300 13 1.085917 30.915826 4.545541 38.048957 0.484076 898.238215 
16350 15 0.741618 30.242859 4.545541 38.048957 0.591649 725.037090 
16400 11 0.745407 28.082071 4.545541 38.048957 0.558975 1089.690358 
16450 12 1.041609 27.011396 4.545541 38.048957 0.283250 1410.263394 
16500 12 1.497747 30.908341 4.390358 38.250806 0.342432 1237.265347 
16550 11 1.557600 28.313161 4.410383 38.369072 0.338740 1770.625424 
16600 13 1.062427 22.920495 4.426253 39.704295 0.402861 2635.118321 
16650 13 0.947507 20.443604 4.428145 38.364303 0.305814 1840.158071 
16700 12 1.078555 27.700455 4.506746 39.046068 0.346232 3756.860962 
16750 9 0.991504 29.383362 4.505130 37.723366 0.343922 2558.627633 
16800 14 1.042222 25.775574 4.507233 38.959686 0.245077 1015.985715 
16850 12 1.176072 26.614397 4.311112 37.533837 0.388410 1455.149865 
16900 14 0.856134 31.689420 4.312652 37.930319 0.420067 1576.046648 
16950 17 0.783731 31.565698 4.473482 37.550119 0.402819 3572.624791 
17000 16 1.007967 31.154311 4.476809 39.159419 0.305027 2243.940511 
17050 15 0.824624 25.016809 4.470763 37.912352 0.243688 3001.113254 
17100 12 1.381719 25.406410 4.326235 38.231520 0.244296 4599.615577 
17150 13 1.495946 35.278635 4.422731 39.943177 0.323007 2216.518438 
17200 14 0.968720 29.381993 4.773107 35.518762 0.254951 3016.014608 
17250 14 0.956327 34.299143 4.575134 37.994139 0.248410 1121.691133 
17300 12 0.954010 25.124954 4.532497 33.989952 0.187704 2787.518322 
17350 14 1.056424 32.335034 4.681411 31.196009 0.407646 3744.414649 
17400 13 0.882163 33.036157 4.546418 35.512823 0.303863 2530.386067 
17450 14 0.851727 32.404650 4.414923 36.297012 0.278247 2868.756875 
17500 13 0.934263 35.941373 4.505975 50.534714 0.313041 1417.423815 
17550 13 0.847997 35.260570 4.514079 41.167894 0.736382 2498.675526 
17600 11 0.802598 29.476864 4.487528 65.171519 0.950875 4352.387774 
17650 14 0.958365 25.481003 4.564925 15.282297 0.531271 5548.917712 
17700 13 1.230767 25.173392 4.411031 23.815223 0.361531 3347.900375 
17750 13 1.185777 25.527559 4.428894 51.271846 0.249697 812.858686 
17800 11 0.995387 27.413617 4.688165 12.732045 0.374119 724.276842 
17850 13 0.794586 35.150833 4.861860 8.393442 0.299840 401.652248 
17900 14 0.938833 34.789466 4.792479 7.456933 0.203383 356.766857 
17950 12 0.638488 26.851417 4.820180 21.288916 0.238698 547.663458 
18000 11 0.477454 18.198287 4.546456 38.655304 0.511117 259.754146 
18050 13 0.681223 20.847380 4.398911 43.687290 0.448777 214.617051 
18100 10 0.580396 11.667632 4.733719 33.281819 0.588646 345.567544 
18150 11 0.731139 20.334081 4.403442 39.488235 0.686593 548.123705 
18200 14 0.922854 22.643946 4.216689 50.304810 0.519672 256.649643 
18250 14 0.425688 27.503924 4.505129 35.838399 0.259421 93.013085 
18300 15 0.741781 33.290027 4.820067 37.343191 0.258490 72.860233 
18350 14 0.949554 27.392630 4.687039 30.466237 0.310543 174.067073 
18400 13 0.931288 30.628328 4.657567 31.071940 0.365610 201.980850 
18450 13 1.004306 31.997417 4.711230 28.179321 0.282891 454.535073 
18500 12 1.053379 34.050708 4.751273 15.175163 0.233975 133.335768 
18550 11 0.976277 33.877863 4.540514 20.082648 0.301753 61.711010 
18600 14 0.703736 34.360194 4.433554 24.109542 0.208125 94.380541 
18650 12 0.772218 32.770836 4.667054 45.132966 0.170369 65.319497 
18700 13 0.906054 34.322327 4.588577 25.754719 0.250365 142.333221 
18750 13 1.010800 28.898460 4.305336 37.657261 0.268495 123.155759 
18800 13 1.034885 25.277143 4.377196 32.478542 0.232347 125.765850 
18850 13 0.983104 23.699512 4.350464 36.964091 0.209827 135.179243 
18900 12 0.911298 34.796958 4.332512 40.463966 0.299053 152.290031 
18950 13 1.074688 39.321819 4.400299 57.330252 0.393057 286.162709 
19000 12 0.787944 35.296794 4.332229 58.670559 0.495562 424.980302 
19050 11 0.844869 33.218268 4.287871 53.304205 0.550730 466.793235 
19100 13 1.023091 33.674186 4.342047 64.344523 0.498928 522.608950 
19150 12 1.215600 31.314868 4.445334 42.625959 0.624901 593.602287 
19200 13 1.374561 34.080312 4.424543 37.159220 0.567628 249.930203 
19250 15 0.876355 25.637509 4.401082 25.487113 0.301350 160.705303 
19300 12 0.986751 33.050980 4.413281 35.747930 0.295396 513.390353 
19350 13 0.737954 40.389800 4.437950 28.805680 0.514083 729.030691 
19400 12 0.640021 38.722496 4.366662 49.464403 0.416701 620.140526 
19450 12 0.556761 39.175892 4.418308 71.767620 0.434568 335.839962 
19500 15 0.558462 35.214559 4.496989 46.535767 0.423763 920.654465 
19550 14 0.537768 34.857438 4.454507 40.025231 0.427218 1428.040741 
19600 15 0.628636 35.396400 4.516236 50.074540 0.513518 1026.335654 
19650 12 0.580315 35.542111 4.738220 4.816287 0.262718 1877.675059 
19700 15 0.353840 38.132896 4.813413 58.113158 0.221227 2588.898349 
19750 14 0.206005 29.503847 4.691905 87.144968 0.374265 1681.725302 
19800 12 0.292855 37.476582 4.673644 48.810174 0.750661 1493.956230 
19850 12 0.211576 33.571346 4.722164 80.751590 1.159184 3403.883823 
19900 13 0.343183 32.338268 4.607916 49.420216 1.028945 3549.773758 
19950 12 0.311932 32.215417 4.585639 50.358858 0.918148 1483.917739 
20000 13 0.539248 23.640723 4.619380 53.770550 0.783981 2465.366553 
20050 10 0.499156 27.920973 4.851960 81.281901 1.133760 2350.800302 
20100 16 0.438541 33.326359 4.357688 49.645668 0.879333 2984.141005 
20150 11 0.185814 31.429530 4.754336 73.244075 0.554133 977.629939 
20200 14 0.251994 30.276000 4.842046 75.666058 0.569928 949.728313 
20250 11 0.076292 28.315497 4.833131 36.336429 0.478946 529.982100 
20300 12 0.143793 22.621326 4.714491 53.188739 0.260293 1276.853261 
20350 13 0.338049 29.573424 4.776997 55.493962 0.217113 1351.137751 
20400 13 0.353822 34.045040 4.756560 29.939182 0.265088 1814.221682 
20450 13 0.314037 33.443685 4.689694 38.378547 0.247950 2841.939076 
20500 14 0.082512 33.791371 4.550354 30.308778 0.443793 4327.149109 
20550 13 0.098811 31.316990 4.629684 35.294835 0.203863 5948.974742 
20600 14 0.181257 27.856143 4.699781 42.580905 0.483299 6681.653500 
20650 12 0.057967 35.035947 4.925107 49.171573 0.321110 3772.595565 
20700 14 0.099771 31.962104 4.930479 36.531026 0.356654 4620.179621 
20750 14 0.220325 34.123758 4.742694 21.521583 0.347417 7744.674107 
20800 12 0.125336 29.207959 4.911139 53.635410 0.248041 3328.522959 
20850 14 0.109723 35.695924 4.725406 61.002303 0.362743 1829.189590 
20900 12 0.132164 27.119366 4.794023 44.397831 0.366698 1684.872016 
20950 12 0.221273 33.566284 4.803944 59.087166 0.431470 1662.841095 
21000 14 0.379283 28.632619 4.907545 41.629510 0.332452 1183.793683 
21050 11 0.384891 30.878168 4.598912 25.108372 0.213005 907.371139 
21100 11 0.171098 30.893642 4.830173 17.398812 0.232242 415.914817 
21150 13 0.234246 35.711086 4.654805 31.796714 0.183513 577.118652 
21200 15 0.137646 26.051067 4.993700 26.533713 0.187111 287.499074 
21250 11 0.162643 25.217354 4.911849 44.014509 0.166101 209.502628 
21300 11 0.266925 32.312553 4.818012 35.467492 0.261157 233.300608 
21350 10 0.252529 32.650295 4.658627 69.740581 0.213924 164.287172 
21400 12 0.277498 22.712531 4.650603 15.404833 0.175801 50.017625 
21450 12 0.290478 30.333042 4.757080 19.166722 0.368804 47.761245 
21500 13 0.313931 23.651587 4.708100 24.265618 0.398280 58.745588 
21550 12 0.495232 30.859040 4.576086 44.392708 0.296602 54.088847 
21600 13 0.425480 29.845804 4.438942 40.374166 0.176829 26.214984 
21650 14 0.346057 21.290237 4.512288 70.918565 0.183701 17.771014 
21700 13 0.433743 29.867585 4.442418 57.166439 0.217548 13.162310 
21750 14 0.441867 25.443174 4.462341 34.673883 0.224282 30.400474 
21800 12 0.494321 28.323585 4.486242 60.709934 0.151010 32.901494 
21850 13 0.469752 29.554020 4.314404 90.826359 0.197688 32.815424 
21900 12 0.483638 23.118422 4.514011 80.209854 0.119040 33.497520 
21950 11 0.524708 23.851798 4.609424 64.201058 0.248257 26.358971 
22000 14 0.707776 24.047904 4.373023 36.680012 0.387660 33.053096 
22050 13 0.578982 22.308898 4.494479 50.875379 0.398848 38.615208 
22100 13 0.675395 25.085051 4.461917 74.630442 0.347743 38.740341 
22150 15 0.477892 21.632100 4.435032 29.952119 0.428546 62.107238 
22200 16 0.519672 21.181103 4.394954 54.184650 0.281939 29.246794 
22250 12 0.296036 22.443642 4.392426 61.856999 0.386279 25.386898 
22300 14 0.339052 19.620630 4.543223 75.675352 0.330268 78.134760 
22350 12 0.373828 15.395060 4.642693 73.949480 0.224392 160.323091 
22400 15 0.247473 16.330127 4.809172 28.397694 0.229750 152.424768 
22450 14 0.379077 12.908023 4.403814 45.288879 0.348548 85.899102 
22500 14 0.384387 15.565847 4.835024 9.897158 0.214062 105.108166 
22550 14 0.193586 15.642644 4.516589 49.674362 0.337860 184.921458 
22600 12 0.227684 21.769681 4.318475 104.062363 0.391226 274.604094 
22650 15 0.219945 23.090455 4.718394 25.209743 0.382418 119.093355 
22700 12 0.175976 27.147518 4.461363 39.944631 0.346863 184.800493 
22750 15 0.272147 32.830177 4.565794 53.610243 0.369223 124.935080 
22800 12 0.246572 29.641056 4.932869 46.480756 0.315316 82.789320 
22850 12 0.169136 28.150171 4.880667 49.172925 0.297179 140.983722 
22900 11 0.129906 25.764860 4.670280 42.703774 0.261089 97.984326 
22950 12 0.227647 23.934582 4.720717 31.145683 0.143556 110.193063 
23000 14 0.351559 22.503941 4.660088 53.931818 0.246218 108.337485 
23050 15 0.284366 23.395121 4.685843 70.735576 0.257302 287.719020 
23100 13 0.110206 22.732247 4.423847 22.380764 0.258964 376.388500 
23150 14 0.207510 26.530437 4.531172 100.887202 0.206656 223.985344 
23200 15 0.108820 22.468284 4.747824 47.664434 0.197422 533.129217 
23250 16 0.089804 21.295101 4.734078 31.250881 0.279153 195.279024 
23300 12 0.100589 29.061011 4.488798 70.159516 0.237957 105.629930 
23350 14 0.176819 21.747301 4.691370 32.195510 0.238749 161.932098 
23400 11 0.030823 32.723787 4.836717 41.211174 0.329472 222.982456 
23450 11 0.220286 28.029335 5.030587 31.995474 0.293015 108.729724 
23500 13 0.044636 24.009713 4.947158 47.100356 0.229139 169.711138 
23550 13 0.086612 27.136967 4.878441 44.337943 0.221226 104.771516 
23600 13 0.100036 30.323077 5.158869 35.191719 0.194110 36.565484 
23650 13 0.102299 22.399477 4.882940 24.419713 0.246419 29.582530 
23700 15 0.119890 26.424105 4.849295 53.034749 0.123642 36.829997 
23750 14 0.071107 23.704505 4.717763 46.986668 0.168505 29.600274 
23800 13 0.046869 24.171367 4.552414 40.475251 0.266028 92.496345 
23850 12 0.215719 28.075682 4.603197 55.669619 0.204895 229.940375 
23900 15 0.141641 26.668568 4.417346 50.004997 0.232319 130.242449 
23950 14 0.239856 30.631341 4.552577 70.516394 0.293549 66.281495 
24000 13 0.141040 28.206030 4.580843 62.373562 0.325700 182.006437 
24050 12 0.166700 29.073161 4.523022 122.302709 0.297382 126.213041 
24100 13 0.165869 24.121169 4.548331 57.152532 0.277426 140.351160 
24150 12 0.091656 25.260879 4.715783 48.776556 0.269952 208.481775 
24200 11 0.050435 21.998118 4.784120 83.943140 0.322019 101.533186 
24250 15 0.120170 23.468492 4.357650 111.385540 0.314756 196.319541 
24300 14 0.229987 20.730944 4.792486 29.736156 0.329528 256.309095 
24350 13 0.358119 25.087066 4.496452 41.600314 0.270587 466.095948 
24400 12 0.265713 27.690312 4.661791 78.697628 0.286325 675.363148 
24450 13 0.207193 34.105816 4.777084 51.924483 0.217753 726.981217 
24500 12 0.264471 28.060669 4.679860 56.699095 0.402996 239.542079 
24550 12 0.134238 24.251242 4.594056 40.358131 0.245215 775.753420 
24600 13 0.108142 24.705047 4.633074 69.890600 0.448271 591.325177 
24650 14 0.089268 31.083920 4.618637 28.872270 0.322061 1027.743212 
24700 14 0.264400 26.253738 4.745259 56.610220 0.407207 713.325676 
24750 14 0.271438 23.661547 4.252424 72.525737 0.289117 827.724339 
24800 12 0.228597 27.376742 4.493144 55.661565 0.443835 489.472288 
24850 10 0.301655 34.456000 4.720014 30.464578 0.424323 927.625041 
24900 14 0.073151 29.920348 4.850176 110.053536 0.365234 1225.061662 
24950 14 0.483069 28.471507 4.593452 40.541928 0.310311 419.079644 
25000 12 0.323340 23.988572 4.405598 51.182372 0.353309 1134.804258 
25050 13 0.225225 23.453445 4.525064 75.123327 0.374825 1695.045858 
25100 13 0.310602 23.652458 4.662005 45.761290 0.211734 1681.071553 
25150 14 0.367484 28.419655 4.468263 74.598380 0.252945 1998.044871 
25200 13 0.268150 29.331428 4.674830 16.218497 0.242060 1590.738803 
25250 13 0.309617 33.186291 4.648705 64.209976 0.218220 3798.856408 
25300 15 0.214776 30.177330 4.649842 60.431683 0.221423 4939.285284 
25350 16 0.203067 24.856055 4.363899 49.932634 0.385104 8851.959538 
25400 12 0.381263 32.470792 4.631292 51.567604 0.239460 3814.458285 
25450 13 0.256053 38.710854 4.601848 29.214901 0.416526 5999.734069 
25500 15 0.253338 36.844910 4.742996 64.736794 0.376562 3534.565905 
25550 14 0.282645 34.440287 4.682105 92.102105 0.307343 4485.416189 
25600 16 0.374315 26.731532 4.479424 62.085382 0.326351 9236.760128 
25650 11 0.396837 28.713523 4.337146 68.526712 0.306560 8981.618869 
25700 14 0.347394 28.700378 4.642563 39.134063 0.312321 17694.506027 
25750 13 0.329391 23.435010 4.531676 47.969764 0.674739 28298.100101 
25800 13 0.334323 25.625367 4.730306 39.188307 0.360161 30069.107916 
25850 13 0.293272 27.150237 4.619760 40.654955 0.433083 13143.631404 
25900 12 0.163253 34.613387 4.675946 20.864957 0.343625 8874.559003 
25950 14 0.324195 32.746004 4.293781 55.070554 0.357255 4024.804171 
26000 10 0.321962 40.654089 4.784124 38.879500 0.445214 10719.671705 
26050 13 0.345579 39.959074 4.515495 40.426628 0.673876 13794.799750 
26100 12 0.455789 42.786858 4.471435 53.745716 0.543727 15102.566102 
26150 14 0.598133 37.784670 4.672637 33.172887 0.811288 10759.229431 
26200 14 0.663693 38.042779 4.700902 54.410436 0.931914 11883.748261 
26250 13 0.152815 39.931950 4.806812 47.369833 0.804200 16468.441538 
26300 15 0.552921 43.822168 4.571410 42.075553 0.450309 73211.302507 
26350 15 0.542016 42.773609 4.620599 65.047362 0.566988 26682.696607 
26400 14 0.493039 47.094880 4.724197 45.460863 0.621311 14374.860940 
26450 16 0.845786 49.416007 4.446871 26.644737 0.391451 14370.670528 
26500 13 0.706456 42.596453 4.622817 24.493705 0.364040 7818.230019 
26550 9 0.674064 46.937222 4.531909 58.792582 0.565905 8172.016062 
26600 12 0.489435 46.599253 4.416927 52.423654 0.558378 3085.775312 
26650 12 0.207737 41.977575 4.386655 60.129149 0.894773 3584.727413 
26700 13 0.653809 32.032943 4.691701 34.214030 0.860754 3802.115606 
26750 10 0.722924 37.956462 4.414642 49.732868 1.035129 4060.102326 
26800 13 1.083433 37.152727 4.459635 50.394841 1.296530 1733.272105 
26850 13 0.957382 34.139687 4.345886 52.646900 1.253744 2897.622061 
26900 11 1.010253 33.915936 4.476351 23.756182 0.944726 5269.601617 
26950 13 1.130528 42.710082 4.075883 79.314944 0.745573 3445.281436 
27000 15 0.929995 37.731560 4.201863 75.558766 0.785989 2561.066601 
27050 15 1.176575 36.395001 4.315178 48.040095 0.962799 3197.130932 
27100 14 1.153422 30.239888 4.027935 59.071351 0.684946 1214.325837 
27150 13 1.044903 25.669098 4.243267 43.584217 0.709079 746.440613 
27200 12 1.084448 28.759585 4.249783 48.113680 0.547673 833.449055 
27250 12 1.138508 27.881010 4.068414 61.885653 0.469939 574.982193 
27300 15 1.184961 25.753932 4.385601 29.520198 0.318466 176.494850 
27350 15 1.059271 31.162476 4.425782 4.756100 0.338835 105.757380 
27400 15 1.123011 34.221936 4.779743 17.746547 0.237385 87.815235 
27450 11 1.138311 32.031094 4.899755 7.830692 0.316886 101.882381 
27500 14 1.153777 26.120036 4.281007 41.978113 0.222774 74.323431 
27550 14 1.207433 30.851434 4.460763 33.748123 0.375738 55.669737 
27600 13 1.187795 37.783499 4.554335 33.269861 0.262637 119.472997 
27650 15 1.210814 33.550199 4.286627 34.621464 0.388846 108.111399 
27700 10 1.107502 31.442426 4.630608 36.283834 0.369850 160.676912 
27750 13 1.118913 34.637036 4.512592 28.266634 0.237070 276.224405 
27800 11 1.155372 36.095628 4.194869 43.155562 0.421630 528.759564 
27850 13 1.323826 32.500883 4.299475 29.178633 0.500380 513.500759 
27900 12 1.317441 37.003521 4.308495 35.236259 0.519471 500.210397 
27950 14 1.168484 38.470138 4.192708 51.035741 0.410722 355.993309 
28000 13 1.094181 37.140438 4.224481 64.562937 0.408065 241.338736 
28050 12 1.000573 40.465876 3.993250 84.349711 0.448023 135.054740 
28100 12 0.845300 39.730719 4.174493 65.376477 0.436633 368.843245 
28150 14 0.818694 38.942860 4.134463 58.493539 0.472941 978.021481 
28200 14 1.007113 39.232158 4.115105 63.613456 0.623354 1883.072599 
28250 13 0.708987 39.253062 4.204920 70.790722 0.493522 1748.690081 
28300 14 0.981937 40.400148 4.299325 69.108086 0.513975 1061.486644 
28350 14 1.193882 43.395864 4.137834 55.187330 0.753001 485.854955 
28400 13 1.354450 41.858158 4.331583 51.036659 0.581642 1131.176689 
28450 11 1.109359 47.270611 4.223230 46.870267 0.745195 1375.802082 
28500 13 1.019029 37.063627 4.223230 46.870267 0.677181 2786.580594 
28550 13 0.927893 41.920087 4.137014 46.787545 0.514342 4490.128227 
