0 4.917565 1.019793 2.857020 24.191412 0.001568 0.001210 0.451926 0.523438 0.525176  3.743395 45.856502 0.484341 9.694833 0.153776
50 8.430281 0.408906 2.671906 23.874140 0.009413 0.015065 0.489095 0.445086 0.733831  3.738059 47.425330 0.057830 5.922463 0.146171
100 2.575939 0.399937 2.570446 24.215495 0.003441 0.000344 0.642814 0.258751 0.834801  3.751551 50.969198 0.043772 3.675635 0.146020
150 5.299926 0.356029 2.487818 24.223614 0.005417 -0.003110 0.824453 0.176399 0.785343  3.761950 48.792783 0.014787 4.670363 0.146989
200 6.151261 0.206475 2.475818 24.543915 0.003051 0.001765 1.182079 0.176080 0.754971  3.760447 43.953674 0.027635 7.570591 0.142061
250 3.357023 0.338159 2.451953 24.529292 0.002010 -0.001099 1.518729 0.153111 0.669691  3.803637 43.776627 0.064842 9.366133 0.141095
300 1.313013 0.337508 2.436426 23.978289 0.001622 -0.000979 1.724272 0.255745 0.432363  3.773341 46.530670 0.056810 6.460494 0.138558
350 1.483925 0.328131 2.391467 24.492982 0.003113 0.000806 1.377302 0.245152 0.410209  3.842951 48.335679 0.069681 7.869948 0.142848
400 0.487155 0.406414 2.393468 24.337866 0.002231 -0.001008 1.099867 0.203147 0.630674  3.799568 48.184578 0.051129 6.288926 0.143797
450 0.320744 0.246406 2.346655 25.077648 0.000590 -0.000205 1.108946 0.200320 0.673821  3.784331 50.085362 0.026938 5.912410 0.142207
500 0.588417 0.173993 2.271646 24.844451 0.005574 -0.003159 0.885827 0.236573 0.575683  3.782536 44.118313 0.011798 9.779263 0.144255
550 1.382995 0.324078 2.253297 23.656390 0.007372 -0.004696 1.552163 0.237769 0.471669  3.822252 41.722422 0.030905 10.918160 0.145208
600 8.621991 0.252068 2.105333 24.321284 0.001651 0.000696 1.483843 0.299357 0.720744  3.825559 50.682094 0.016827 4.836958 0.145051
650 10.531547 0.308638 2.132908 24.857065 0.002214 0.000215 1.134362 0.295418 0.542394  3.820387 58.956794 0.012799 3.729363 0.130857
700 11.755593 0.458483 1.967184 25.119454 0.004515 -0.003355 1.217306 0.430700 0.552305  3.827781 56.493037 0.007947 1.349473 0.149913
750 4.275073 0.291054 2.009943 24.664718 0.039334 -0.018178 1.568080 0.352680 0.578050  3.832503 56.770226 0.008443 1.227977 0.148561
800 3.076057 0.333831 2.020705 24.713019 0.005900 0.024215 1.165743 0.348801 0.581200  3.832407 55.536940 0.010008 1.326542 0.162671
850 4.276246 0.480872 1.990973 24.562338 0.019030 -0.019412 0.900783 0.325476 0.572183  3.827743 55.104935 0.025309 0.377172 0.152393
900 5.063807 0.295191 1.861153 24.520397 0.002025 -0.002931 1.642295 0.238101 0.454207  3.840895 55.443769 0.015190 1.153604 0.147131
950 1.555046 0.278843 1.832489 24.145806 0.016374 -0.004471 1.384137 0.253977 0.637317  3.868712 53.797275 0.072798 2.627963 0.152950
1000 1.716307 0.330313 1.765777 24.439465 0.003510 -0.001452 0.802418 0.415984 0.612540  3.782803 60.608580 0.061382 17.425127 0.149967
1050 2.391326 0.379823 1.638808 24.384411 0.003083 0.008405 1.073817 0.527274 0.835736  3.868567 66.289784 0.112026 12.551359 0.141239
1100 3.221628 0.296576 1.707158 24.672844 0.027865 0.051882 1.042259 0.524477 0.948731  3.867634 63.723674 0.063283 2.738651 0.142370
1150 1.940778 0.351428 1.605281 23.869746 0.010298 0.041193 1.014267 0.836250 0.870025  3.915254 59.749158 0.145616 5.944702 0.146837
1200 1.999890 0.323264 1.542002 24.314938 0.007930 -0.019486 0.946844 0.758068 0.906004  3.803851 60.745689 0.122281 12.570514 0.157704
1250 2.473908 0.293214 1.449644 24.152521 0.003977 -0.002268 1.786662 0.692294 0.521003  3.928488 64.016471 0.172311 18.812993 0.146598
1300 2.588788 0.338961 1.282981 23.425847 0.020692 0.049905 1.506883 0.704134 0.603989  3.898032 63.647082 0.113747 10.133950 0.147934
1350 3.616168 0.239646 1.361323 23.827653 0.029680 0.043001 1.772903 0.695616 0.670972  3.965740 59.143564 0.170830 12.110356 0.145492
1400 6.562847 0.238771 1.339877 23.480458 0.087785 0.123755 2.390683 0.765476 0.803823  3.867684 51.658450 0.224509 17.724339 0.149586
1450 9.521061 0.277363 1.429017 22.087326 0.002966 0.001681 2.078288 0.486155 1.344993  4.001384 56.623965 0.232948 3.281214 0.141006
1500 7.619431 0.248241 1.465974 24.476696 0.002433 0.000432 1.626447 0.571790 0.907818  3.854265 59.900035 0.272853 2.813660 0.146146
1550 5.098626 0.309260 1.437805 22.837721 0.009567 -0.014934 1.572281 0.974267 0.723271  4.034578 59.689091 0.219863 4.727488 0.146140
1600 5.610283 0.252830 1.435659 23.262206 0.012623 -0.011306 2.374318 0.633226 0.787515  4.056153 53.510792 0.163098 4.900378 0.145571
1650 4.735330 0.322935 1.405864 23.116900 0.010661 -0.004626 2.522647 0.650821 0.590379  3.906826 59.277722 0.202486 5.421783 0.145633
1700 1.732481 0.407333 1.602958 24.088929 0.012514 0.010410 2.099501 0.495538 0.598020  3.880984 49.597627 0.186899 3.290240 0.148541
1750 2.431410 0.306706 1.591984 23.372493 0.007229 0.010203 1.588307 0.442586 0.450119  3.920300 59.594702 0.391625 3.388449 0.162071
1800 4.257456 0.223086 1.659519 24.403814 0.045995 0.030961 1.189047 0.402767 0.602413  3.710162 54.061075 0.463023 7.353285 0.144651
1850 5.054280 0.279113 1.650075 24.214887 0.006832 0.001562 1.179223 0.414788 0.987311  3.971873 55.433964 0.229890 11.974410 0.154971
1900 7.145007 0.256468 1.626114 24.445121 0.019991 0.024746 1.066763 0.489934 0.995800  3.915569 53.898171 0.249035 8.648367 0.145610
1950 3.524757 0.228252 1.700608 24.728033 0.001694 0.000874 0.702657 0.512196 1.087043  4.073830 52.210928 0.280408 6.204659 0.146861
2000 0.872852 0.163509 1.695328 25.370357 0.001158 0.000133 0.851179 0.623296 1.231268  4.076875 42.179046 0.277242 2.855800 0.148314
2050 1.314695 0.245980 1.684643 25.033120 0.011850 -0.003307 0.667850 0.677263 0.754744  4.191202 44.988707 0.297890 3.095449 0.146956
2100 2.385848 0.167261 1.704628 24.650386 0.005372 -0.001960 0.513766 0.729005 0.882602  4.007446 43.420666 0.186438 7.744471 0.134895
2150 3.295746 0.129014 1.802866 24.874515 0.007519 -0.002047 0.528798 0.673890 0.918759  4.249481 33.657424 0.281881 4.662249 0.148366
2200 2.433890 0.137693 1.690769 24.721756 0.002347 -0.000327 0.106581 0.515361 1.242474  3.900031 45.049901 0.240468 6.572900 0.149687
2250 3.745950 0.166097 1.639173 24.913662 0.003027 0.000170 0.067194 0.547826 1.788774  4.181969 49.999218 0.182862 4.148954 0.147774
2300 5.297460 0.195061 1.664441 24.970679 0.003348 -0.001484 0.134875 0.526896 2.133564  4.168387 46.043598 0.295762 6.615631 0.149017
2350 19.224394 0.217321 1.544801 26.233182 0.005779 0.002307 0.382383 0.543500 2.855020  3.723548 53.238834 0.440885 4.610582 0.152225
2400 17.479203 0.264218 1.615095 26.206247 0.002431 0.000328 0.271817 0.687446 2.529199  3.995791 51.253264 0.401351 4.217473 0.130654
2450 16.596889 0.239313 1.621400 26.515192 0.023395 0.016603 0.104489 0.740910 2.100146  4.174632 48.604633 0.366897 10.842139 0.141443
2500 6.004780 0.262415 1.552408 26.917098 0.012485 0.018199 0.385319 0.529629 2.097190  3.955558 50.765493 0.437912 5.607639 0.145844
2550 7.683522 0.193550 1.370643 27.353457 0.036810 0.017493 0.700236 0.520226 2.211665  4.091423 57.099255 0.203629 5.743882 0.145301
2600 5.197385 0.272474 1.440305 26.514221 0.025213 0.024480 0.960669 0.612655 2.779163  4.014515 45.659431 0.264235 9.741260 0.139001
2650 13.979884 0.216384 1.500093 26.098776 0.079022 0.057224 0.657039 0.540923 1.848070  4.112545 45.340985 0.320423 1.681049 0.147619
2700 11.420777 0.224192 1.512974 25.635307 0.114905 0.108489 0.845345 0.528508 1.785337  4.134469 51.423197 0.305381 4.093131 0.145684
2750 11.325982 0.193666 1.301305 25.143045 0.021715 0.018446 1.213993 0.644898 1.782562  4.017312 55.142944 0.198380 14.153516 0.152428
2800 11.872408 0.203655 1.250168 25.333569 0.004903 0.012721 0.693406 0.821093 1.991259  4.149295 44.311330 0.163324 14.715238 0.131912
2850 21.623743 0.222062 1.330834 24.615048 0.004605 0.001529 0.353178 0.565774 2.063556  4.030265 45.695904 0.172264 15.801174 0.145789
2900 26.366948 0.219883 1.276345 24.917226 0.003353 -0.003825 0.418381 0.551911 1.374880  4.087134 52.058766 0.312031 7.884365 0.145346
2950 28.179880 0.167972 1.280635 25.512456 0.006769 0.003198 1.083897 0.579417 2.395873  4.129843 50.555506 0.203222 8.706613 0.145988
3000 33.459513 0.267729 1.271665 25.296598 0.004661 -0.001682 1.075317 0.457800 2.140176  4.084162 55.376627 0.125097 16.527316 0.154584
3050 23.920514 0.340233 1.328094 25.728330 0.007648 0.010596 1.500643 0.392304 1.320402  4.138922 60.641494 0.127137 9.082756 0.146640
3100 30.084274 0.192477 1.289994 25.886780 0.008434 0.011070 2.008253 0.536813 1.376679  4.155846 40.888949 0.092870 14.726489 0.155532
3150 17.069714 0.183257 1.245372 25.967694 0.003606 -0.000883 1.692216 0.953279 1.045254  4.332443 44.781427 0.205876 17.015453 0.142692
3200 48.524522 0.358244 1.298162 25.205234 0.002159 0.001661 1.522973 0.568573 1.403805  4.123173 51.279813 0.101525 7.906641 0.150758
3250 92.146527 0.297118 1.168244 26.177640 0.006598 0.001882 1.489383 0.451462 1.361576  4.208338 47.213782 0.160468 19.168991 0.152443
3300 55.881537 0.202646 1.026343 26.324382 0.002752 -0.000933 1.341901 0.488316 1.645755  4.085745 51.161735 0.147966 23.784311 0.157017
3350 93.517150 0.273870 0.859198 25.113859 0.005373 -0.003014 1.548198 0.407776 2.179387  4.159583 66.114640 0.066271 19.775031 0.137495
3400 81.200519 0.581566 0.837600 25.014557 0.006665 0.007761 1.953863 0.636481 2.425365  4.162889 49.722652 0.021554 15.808616 0.141579
3450 111.680763 0.289174 0.801314 23.753812 0.016179 0.029078 2.228718 0.477546 2.393093  4.185563 63.233834 0.025975 5.536379 0.149262
3500 56.142488 0.276425 0.813262 25.904156 0.069636 -0.000838 1.949681 0.279947 2.832046  4.169837 75.962841 0.009420 6.309618 0.143953
3550 59.999114 0.217101 0.734988 26.171030 0.004268 -0.011799 2.505642 0.446366 2.660244  4.163331 57.113399 0.007878 20.475022 0.142059
3600 51.423682 0.328988 0.757523 28.586893 0.001573 0.000758 2.314783 0.673774 2.864897  4.159379 53.002060 0.006563 13.918468 0.144578
3650 54.182682 0.261614 0.853650 27.628331 0.005253 -0.003815 2.284557 0.550834 2.226641  4.159978 60.857049 0.006563 13.164638 0.145856
3700 57.313632 0.316821 0.871026 27.889552 0.010782 0.019650 2.331517 0.600151 1.466486  4.179512 59.864075 0.019763 7.467326 0.148117
3750 57.642530 0.410474 0.841136 29.386171 0.003867 0.000033 2.332747 0.372679 1.459559  4.178472 63.379689 0.027583 10.368899 0.145827
3800 83.770733 0.336685 0.949562 30.129371 0.005851 -0.002238 2.579737 0.315990 1.572945  4.199327 57.946210 0.020284 17.746018 0.140269
3850 137.055575 0.297822 0.944998 31.084689 0.008623 -0.002839 3.237010 0.252029 2.021365  4.211637 56.535044 0.026539 25.792221 0.149078
3900 224.483681 0.400906 0.962493 28.317710 0.010214 -0.010035 2.912481 0.293439 2.771707  4.294010 61.368578 0.028236 29.964990 0.153078
3950 1056.258559 0.256341 0.957523 26.847144 0.074686 -0.007949 2.801827 0.231267 3.824551  4.298662 51.766184 0.011520 6.275016 0.147554
4000 1980.546987 0.211025 0.855011 25.633359 0.053217 -0.021486 2.736480 0.455600 3.442986  4.270881 53.894584 0.048090 7.869532 0.150204
4050 364.020560 0.260362 0.655019 29.624660 0.071046 -0.026748 3.085201 0.790604 5.275145  4.286827 47.559042 0.041593 8.310295 0.147863
4100 101.368868 0.203408 0.598397 26.398731 0.030782 -0.007321 2.053187 0.669689 3.523995  4.325227 53.573630 0.028508 11.816128 0.153562
4150 94.067210 0.206502 0.712886 24.730365 0.007911 -0.000306 2.681411 0.488327 2.257204  4.396067 59.621078 0.071718 2.608091 0.150312
4200 104.996866 0.199132 0.756256 21.695532 0.001182 0.000053 2.508143 0.403166 3.979181  4.388508 59.576157 0.030198 3.214603 0.141343
4250 210.691107 0.206536 0.725550 25.274296 0.005914 0.003095 2.352602 0.327037 3.625936  4.435093 55.013369 0.039077 7.436647 0.144749
4300 364.074407 0.181277 0.659892 22.877456 0.001371 0.000103 2.853573 0.200133 3.132736  4.458878 62.879839 0.121796 7.591915 0.160067
4350 350.128545 0.189163 0.686303 24.530346 0.002866 0.002250 2.606678 0.286638 2.855860  4.507631 50.205125 0.091299 19.270826 0.150322
4400 196.132788 0.203141 0.666542 25.285342 0.003123 -0.000237 2.445041 0.214916 2.467413  4.357532 49.674163 0.180153 17.592922 0.141276
4450 195.400244 0.115664 0.719786 27.120133 0.001173 -0.001082 2.553024 0.286852 2.344276  4.326058 48.188779 0.179891 11.842858 0.149877
4500 271.761699 0.121694 0.691457 25.280441 0.001136 0.000673 3.258403 0.332906 2.168451  4.368894 48.464142 0.116031 7.604250 0.152825
4550 144.300009 0.211149 0.735046 29.026477 0.003260 -0.000014 3.097992 0.344329 2.157890  4.408698 57.766372 0.212202 12.922632 0.140839
4600 112.044971 0.233265 0.743038 25.846833 0.012821 0.000511 3.252589 0.462972 1.590050  4.365063 48.158140 0.496551 19.319518 0.147577
4650 96.755601 0.215403 0.639641 27.918044 0.002374 0.002059 3.456816 0.291680 1.108743  4.606987 49.987368 0.409199 14.377183 0.145445
4700 113.690548 0.102428 0.525995 29.672448 0.004986 -0.002070 3.519672 0.217493 1.256579  4.684019 54.289066 0.232690 15.879821 0.147617
4750 46.382761 0.197324 0.582883 28.004664 0.001408 -0.000065 3.657771 0.158766 1.327556  4.500318 45.490574 0.178024 6.078982 0.146498
4800 104.748111 0.178806 0.662326 26.126154 0.003684 0.002964 3.472418 0.154705 1.109183  4.658524 45.510901 0.324284 9.489930 0.155750
4850 243.339387 0.282602 0.637957 28.212106 0.001318 0.001850 3.265117 0.122343 1.366856  4.473145 43.309537 0.229572 17.023916 0.143113
4900 353.719889 0.150304 0.567739 27.218260 0.006547 0.000099 2.811775 0.206396 0.701305  4.525690 49.205819 0.288932 14.985105 0.154755
4950 760.129456 0.242619 0.541015 27.998581 0.005619 -0.000756 2.741169 0.158502 0.718704  4.662102 42.287602 0.129614 22.152022 0.150918
5000 303.879271 0.373321 0.540760 25.814206 0.005561 0.001827 2.539540 0.180894 0.751730  4.619652 42.169714 0.176612 13.034687 0.152582
5050 420.329126 0.268239 0.644742 25.765557 0.010899 0.005707 2.974404 0.265669 0.664860  4.756700 42.307145 0.262991 2.542590 0.154260
5100 923.577305 0.268710 0.641564 27.023800 0.012267 0.000983 3.189487 0.364806 0.588247  4.620272 47.022710 0.315142 1.136287 0.149981
5150 813.430281 0.316557 0.633800 25.848033 0.009503 0.013182 3.499542 0.644967 0.612054  4.628505 28.287913 0.173150 9.379296 0.150191
5200 920.826053 0.558489 0.631420 27.837090 0.004950 0.000721 3.592885 0.554311 1.003945  4.557471 45.807927 0.324751 18.427476 0.144709
5250 736.241032 0.473817 0.634165 26.143429 0.024727 -0.020066 3.577339 0.292561 1.190548  4.465526 60.643600 0.488909 29.334259 0.151361
5300 971.334346 0.506854 0.582515 23.637327 0.009865 0.000346 3.027983 0.247556 2.004123  4.533072 66.127531 0.261634 13.512174 0.158460
5350 1268.774107 0.609223 0.534820 25.464454 0.037077 -0.005540 2.788536 0.233889 3.043556  4.412632 48.541279 0.188794 14.753577 0.157403
5400 1340.097196 0.485281 0.600989 21.964995 0.001517 -0.000065 2.760613 0.363472 3.089958  4.523097 47.008538 0.109786 4.919643 0.155730
5450 2850.672277 0.450978 0.596138 23.555560 0.012412 -0.007369 2.788105 0.350399 2.499712  4.531137 47.679387 0.125258 7.463059 0.149776
5500 1788.626432 0.422985 0.652119 23.297471 0.007174 -0.005081 2.800552 0.357563 2.121758  4.522169 48.996602 0.186583 12.825191 0.145434
5550 4088.587629 0.351954 0.736224 21.885284 0.018009 -0.018786 3.134453 0.341233 2.549940  4.666551 38.663953 0.390383 17.538254 0.158125
5600 2652.542258 0.557701 0.720957 23.455916 0.030607 -0.021546 3.482571 0.214608 2.574956  4.441293 58.657691 0.268742 27.956270 0.155223
5650 5294.300445 0.534702 0.654623 22.060569 0.054313 -0.068836 3.638723 0.362725 1.402541  4.502825 49.417826 0.092275 29.147654 0.149496
5700 4990.920877 0.485922 0.568839 20.582214 0.037096 -0.023109 3.595978 0.219968 1.241761  4.549462 44.355254 0.194937 36.953563 0.148672
5750 1685.152603 0.296501 0.659905 22.503037 0.009768 -0.040472 3.367953 0.314290 1.283920  4.544685 38.895004 0.154978 10.534606 0.148040
5800 1859.098740 0.248956 0.601079 20.641471 0.008205 -0.011187 3.356928 0.310941 1.344100  4.643106 53.231086 0.212570 14.692981 0.137430
5850 1272.401119 0.467262 0.518669 21.092033 0.022932 0.042539 2.952054 0.236487 1.931884  4.532666 44.322983 0.144683 24.331537 0.152323
5900 882.337016 0.515137 0.679594 20.814891 0.062664 0.104267 3.332261 0.173651 2.229765  4.518841 33.453856 0.137323 37.404877 0.141049
5950 821.740990 0.365343 0.598403 21.111122 0.049527 0.078992 3.127614 0.145319 1.454487  4.424620 59.011754 0.157360 27.413881 0.147806
6000 611.820186 0.587475 0.667686 22.414086 0.014970 0.003571 2.987064 0.157789 0.889221  4.517702 49.877940 0.145639 21.203151 0.150075
6050 808.340016 0.532564 0.639252 24.749295 0.058515 0.049787 2.790905 0.187808 0.996769  4.532113 55.970742 0.287362 21.185021 0.148511
6100 1036.279770 0.592247 0.576379 21.913028 0.077337 -0.009453 2.905098 0.199672 1.919101  4.675920 54.948436 0.065773 35.834420 0.156081
6150 2808.539487 0.520391 0.579013 23.442596 0.077562 0.030563 3.166433 0.311217 0.826092  4.611768 55.907158 0.074239 15.901555 0.161233
6200 3043.099254 0.337697 0.613607 23.902176 0.103941 0.020161 3.053922 0.288296 1.155267  4.564623 49.006464 0.088589 14.674350 0.155033
6250 3303.227708 0.433633 0.565410 24.870202 0.027917 0.037278 2.985727 0.228785 1.614606  4.590270 43.249804 0.079065 25.277066 0.150579
6300 1980.415251 0.331298 0.562817 26.409614 0.092219 0.061935 3.083306 0.157533 1.154123  4.571914 39.101224 0.098554 21.524963 0.153501
6350 2307.047223 0.484058 0.480664 24.586196 0.065010 0.035123 3.086838 0.151214 1.063442  4.595397 42.871950 0.150121 19.805455 0.147437
6400 3862.915625 0.406036 0.532608 24.502592 0.094271 0.070703 2.952912 0.166689 1.461608  4.473858 45.793374 0.210253 4.355813 0.157935
6450 1448.533024 0.460053 0.610396 25.724084 0.070412 0.059538 2.921295 0.211638 3.135922  4.673442 41.389496 0.232548 5.270001 0.165257
6500 537.601033 0.537887 0.512131 24.838405 0.082159 0.036369 2.779334 0.210406 4.012435  4.274410 49.930655 0.740441 15.235005 0.140263
6550 817.977441 0.409077 0.478374 25.330944 0.041478 0.050535 2.349483 0.257409 4.844504  4.612089 51.260312 0.305263 23.763447 0.143767
6600 982.590933 0.283637 0.529469 25.029518 0.000995 0.004387 2.389398 0.164643 5.424976  4.446688 44.734719 0.195031 17.204353 0.145290
6650 970.459867 0.390741 0.460753 24.873878 0.017309 -0.028305 2.442112 0.328910 6.498556  4.712425 48.731570 0.219550 22.079201 0.144538
6700 1007.635000 0.514005 0.248434 24.847856 0.024743 -0.004993 2.308419 0.493676 6.395645  4.656483 44.298178 0.153069 29.722957 0.148346
6750 2029.510228 0.439746 0.273976 24.673333 0.016861 -0.014568 2.429210 0.509348 7.847437  4.485021 62.738392 0.220790 23.092085 0.166464
6800 4043.627200 0.574215 0.365101 25.542414 0.015723 -0.019019 2.363952 0.342880 7.511463  4.627955 53.367573 0.215930 25.773880 0.152126
6850 1276.897259 0.408573 0.407198 23.337016 0.005061 -0.003536 2.349598 0.275991 8.608421  4.713057 43.907741 0.200708 44.853642 0.150977
6900 486.481472 0.400932 0.336365 24.911890 0.033470 -0.016777 2.416974 0.211803 8.625630  4.370313 65.324972 0.185132 49.604911 0.143345
6950 327.010670 0.293667 0.304287 27.655711 0.004652 -0.001147 2.163824 0.191493 6.549417  4.516748 49.310442 0.626959 39.397488 0.157503
7000 342.429432 0.301177 0.179382 24.270908 0.007421 0.031471 2.293204 0.188156 10.084204  4.625361 59.942415 0.118416 21.096445 0.157028
7050 1354.543995 0.295118 0.207619 25.610953 0.013556 0.042286 2.257400 0.189163 13.828348  4.671715 62.739245 0.110003 9.862645 0.158616
7100 565.512248 0.336105 0.264325 28.217241 0.016767 0.032693 2.191043 0.177130 15.398684  4.595975 58.014502 0.150028 43.957762 0.155969
7150 1122.029994 0.416667 0.235464 26.320453 0.008819 0.022988 2.244802 0.141434 14.125319  4.608655 68.420269 0.172248 33.089092 0.152721
7200 3423.349395 0.486569 0.157707 27.180094 0.006169 0.013710 2.223988 0.259519 14.337518  4.706432 44.636430 0.256619 44.201896 0.148470
7250 8945.024193 0.673623 0.277989 27.622892 0.011927 0.015917 2.202165 0.205904 14.551583  4.617387 58.951468 0.206391 34.100586 0.152536
7300 16662.638758 0.337018 0.250097 25.145699 0.013901 0.027939 2.140263 0.103138 12.628638  4.689026 53.679351 0.198221 39.192579 0.150099
7350 7605.743400 0.284579 0.244298 25.125984 0.001974 0.008728 2.143277 0.116513 12.543915  4.647643 50.217777 0.094891 5.410886 0.147034
7400 12045.199292 0.330518 0.230432 26.499765 0.008547 0.015794 2.276906 0.142141 11.112482  4.784972 52.610595 0.234068 3.157954 0.147408
7450 12436.820265 0.380223 0.278273 28.299722 0.008433 0.013554 2.468744 0.133819 12.858886  4.786299 41.736042 0.120552 19.733186 0.150212
7500 13386.019749 0.250039 0.228006 27.775820 0.010516 0.026180 2.468890 0.150368 13.367203  4.822709 53.141345 0.140344 9.163108 0.143952
7550 15610.742574 0.502120 0.204077 27.595748 0.024331 0.046395 2.658630 0.111051 15.554429  4.763720 48.672560 0.146635 6.070067 0.155758
7600 16461.497545 0.331505 0.248495 29.043712 0.011275 0.018021 2.897209 0.123677 15.162486  4.711911 48.676259 0.341974 6.542186 0.149742
7650 37858.275811 0.517270 0.341787 27.788362 0.012353 0.026259 2.842386 0.152655 11.510860  4.655455 43.357959 0.335207 16.431187 0.146199
7700 43209.436550 0.219567 0.319102 29.025797 0.013218 0.016404 2.840363 0.204133 16.024176  4.976820 40.584776 0.526291 16.093552 0.150604
7750 45847.618087 0.619462 0.298195 35.183611 0.013718 0.022455 3.031557 0.146814 14.991445  4.411848 41.860882 0.404891 25.855340 0.154502
7800 60641.418828 0.542908 0.300447 34.780422 0.011265 0.009574 3.217511 0.181839 13.226852  4.601714 64.987230 0.269409 9.403148 0.146111
7850 22146.629450 0.641255 0.360357 36.123031 0.007476 0.011320 3.154362 0.167885 19.183913  4.637224 61.342010 0.202874 13.346254 0.151417
7900 21343.655433 0.642322 0.329434 40.355006 0.009028 0.019424 2.965146 0.164825 18.127419  4.575905 66.333496 0.308655 7.626678 0.151288
7950 12399.830925 0.369102 0.242597 37.894916 0.064206 0.084498 2.974791 0.168478 20.475804  4.889842 41.559124 0.354200 11.782355 0.140840
8000 4666.385395 0.564809 0.248506 38.760187 0.009516 0.013965 2.679998 0.121003 13.958773  4.902744 48.011722 0.348245 9.574252 0.149343
8050 12846.784122 0.425179 0.392258 40.471061 0.026644 0.050719 2.769209 0.239435 14.027275  4.582777 64.816358 0.118296 33.116442 0.152818
8100 44187.896173 0.427294 0.429924 39.761474 0.012811 0.013731 2.753512 0.144484 11.439442  4.731054 34.531710 0.180936 43.885680 0.147257
8150 14147.375634 0.303511 0.394599 41.016866 0.066875 0.031930 2.837272 0.291016 11.671329  4.672515 43.731652 0.164858 14.608949 0.153555
8200 7367.739467 0.599403 0.401664 40.349730 0.012776 0.017604 2.795477 0.219762 15.513860  4.709605 32.524701 0.253918 7.590982 0.150380
8250 21145.983799 0.616043 0.463603 37.926401 0.009490 -0.005761 2.932958 0.173129 10.604204  4.601914 43.431841 0.162808 2.031907 0.139519
8300 15008.334653 0.508122 0.447842 38.438544 0.005246 -0.003304 3.213446 0.195520 8.886352  4.540235 41.656483 0.306604 3.738812 0.147615
8350 18691.676431 0.605530 0.413133 37.807022 0.004514 -0.003111 3.198800 0.194175 11.385747  4.556426 36.798032 0.255990 7.563642 0.152703
8400 16873.635204 0.504331 0.300690 34.673027 0.010612 -0.017988 3.294020 0.149076 11.098781  4.601768 59.714026 0.242927 30.759584 0.152610
8450 21265.298618 0.456254 0.217441 32.199890 0.002083 0.004232 3.195951 0.237530 10.795275  4.629436 65.437340 0.380993 27.928588 0.153682
8500 10290.174642 0.516751 0.234478 32.502724 0.008716 0.040672 3.451782 0.244116 11.394272  4.398578 56.668711 0.281363 44.572568 0.147462
8550 19765.655221 0.513666 0.227466 30.738991 0.008356 -0.018194 3.374377 0.142517 12.639697  4.628827 68.268302 0.195226 30.068059 0.142440
8600 24518.194656 0.698084 0.268057 32.052997 0.023610 -0.042775 3.340117 0.133771 12.241345  4.691709 45.389816 0.219811 26.165312 0.152121
8650 11221.872018 0.578626 0.244394 30.957047 0.005997 -0.010564 3.276337 0.203459 11.422291  4.579552 58.175119 0.199439 36.801813 0.158550
8700 20453.530623 0.643777 0.287187 31.017378 0.011474 -0.014558 3.288713 0.114106 11.653415  4.685819 46.671692 0.176289 5.889996 0.163182
8750 19705.464346 0.565590 0.346248 28.943595 0.006500 -0.005483 3.347352 0.117780 12.037267  4.836619 29.247110 0.213706 21.456291 0.151580
8800 10205.461703 0.390811 0.271871 29.764538 0.008614 -0.007132 3.476412 0.161328 11.465686  4.713345 52.679219 0.287153 17.198540 0.151099
8850 3735.382530 0.371798 0.247724 37.207154 0.002298 -0.002639 3.442853 0.117104 12.879037  4.427997 27.502626 0.272671 23.390876 0.146907
8900 3060.040686 0.376974 0.265430 35.997138 0.005334 -0.007366 3.398679 0.134979 6.615779  4.659505 35.455603 0.295492 12.885091 0.148295
8950 4062.469248 0.361185 0.225027 38.366953 0.008191 -0.004509 3.363135 0.107371 5.532658  4.686665 61.122621 0.378540 14.805361 0.149636
9000 1355.987422 0.296898 0.196602 39.007074 0.004155 0.000100 3.404197 0.116633 4.822374  4.874064 29.368204 0.208547 43.271398 0.165103
9050 980.354031 0.294548 0.146371 41.130192 0.010962 -0.003111 3.425679 0.119038 4.166689  4.780796 28.903629 0.195772 7.553320 0.152847
9100 571.254696 0.198472 0.197690 44.209039 0.009246 0.005870 3.396862 0.109326 7.999037  4.766655 37.724552 0.272028 4.212639 0.157235
9150 437.272347 0.219948 0.221272 42.734848 0.008202 -0.003497 3.548369 0.101564 7.449263  4.781825 37.761544 0.318123 3.674137 0.149560
9200 1301.748284 0.454145 0.238305 45.034584 0.016467 -0.001503 3.333966 0.111945 5.108131  4.731126 50.056135 0.274486 20.855764 0.143230
9250 582.449122 0.441308 0.187211 45.246067 0.005252 0.000958 3.309770 0.123723 7.379734  4.681927 44.603026 0.293823 6.038431 0.155312
9300 785.221721 0.644029 0.227203 45.757790 0.002894 0.000174 3.430326 0.105455 6.572993  4.681034 49.114279 0.172335 5.237681 0.160308
9350 476.504969 0.291802 0.218800 45.650281 0.003318 0.000125 3.494960 0.108014 5.658106  4.812993 40.649510 0.207721 3.928217 0.155717
9400 228.808727 0.262617 0.204887 47.389841 0.001959 -0.000554 3.592642 0.125915 3.386467  4.726906 44.759508 0.193089 1.275551 0.158975
9450 309.223905 0.224871 0.160987 44.377170 0.001133 -0.000530 3.756626 0.136904 4.317520  4.628798 45.394423 0.304288 1.091211 0.155278
9500 414.979364 0.261457 0.158187 41.259752 0.003284 -0.003173 3.802019 0.155590 4.799504  4.725144 43.943037 0.220003 1.004073 0.149657
9550 393.545107 0.330198 0.180819 43.104369 0.018419 0.032612 3.817063 0.101922 4.134891  4.706033 43.914231 0.310025 0.927256 0.156860
9600 566.037874 0.384036 0.170957 40.115812 0.001980 0.001797 3.738513 0.140449 5.495017  4.814651 44.234553 0.372410 2.050421 0.152265
9650 914.601501 0.564762 0.182226 38.437391 0.004573 0.003204 3.844684 0.109810 7.577519  4.696833 65.682782 0.226723 33.327509 0.150333
9700 1552.677155 0.715237 0.179171 41.122473 0.007797 -0.002165 3.828910 0.147517 15.845276  4.889628 41.144551 0.212356 11.969302 0.152053
9750 2022.441825 0.758717 0.169234 40.409030 0.043103 -0.038460 3.835029 0.121548 15.850065  4.775580 45.090872 0.104551 22.662951 0.145045
9800 1023.100832 0.782760 0.289525 38.147603 0.016034 0.003463 3.876517 0.144375 17.440324  4.557275 43.343919 0.265457 33.742068 0.154350
9850 462.958448 0.661758 0.368788 35.071768 0.012705 0.019164 3.867753 0.168132 15.889028  4.764631 45.537551 0.160871 11.607639 0.149453
9900 698.467960 0.527682 0.456179 38.937316 0.005436 0.008992 3.830778 0.163236 18.262939  4.685153 56.267841 0.204129 40.435657 0.161606
9950 583.314821 0.439628 0.448447 41.562400 0.004809 -0.013735 4.025729 0.256539 7.665113  4.517691 49.805042 0.382596 8.006688 0.150642
10000 459.697641 0.652851 0.421094 43.173205 0.025828 -0.061612 4.020587 0.353207 10.056136  4.669393 39.039787 0.164231 13.477019 0.163515
10050 577.825664 0.307938 0.372558 47.185123 0.008299 -0.020982 4.148326 0.253083 15.360794  4.495987 51.771256 0.165278 12.097081 0.144152
10100 1773.255112 0.344650 0.343188 46.822915 0.003184 -0.008867 4.066916 0.195569 15.850592  4.540080 46.207443 0.223465 9.997932 0.143748
10150 5818.830774 0.287480 0.348261 48.738130 0.006817 0.011947 4.065297 0.192266 15.860930  4.654099 39.455853 0.373064 7.538995 0.162432
10200 3946.571312 0.295534 0.407874 48.020414 0.032561 0.062053 4.088875 0.124620 15.965345  4.720467 41.118246 0.179675 3.409671 0.149569
10250 2113.520844 0.280518 0.375286 45.947746 0.020906 0.023406 4.087338 0.137156 24.469851  4.796285 40.040692 0.140775 6.554752 0.142045
10300 3136.753847 0.367341 0.367392 46.701920 0.011535 0.012625 3.993364 0.148244 13.667435  4.624605 49.524119 0.244035 27.401221 0.164731
10350 1272.544844 0.384936 0.354305 44.289638 0.003561 0.004105 3.958444 0.149829 8.040649  4.703922 58.242761 0.232267 30.214633 0.145200
10400 2096.574748 0.641225 0.417776 45.105306 0.024484 0.023831 3.856537 0.169406 15.624989  4.635121 60.797914 0.225539 43.936534 0.157225
10450 2846.397794 0.401128 0.361371 46.298286 0.028718 -0.000506 3.861715 0.252022 19.876296  4.726848 50.802459 0.262025 36.055581 0.149507
10500 4149.972453 0.342043 0.332422 45.598268 0.012907 0.000324 3.814172 0.166468 14.424080  4.667254 51.214070 0.228386 13.583967 0.148707
10550 1411.554423 0.633890 0.243843 45.525621 0.047742 0.067297 3.868989 0.140481 8.075937  4.603350 46.914537 0.213318 7.645151 0.144392
10600 1121.237362 0.424196 0.271247 45.421156 0.070336 0.075898 3.890159 0.174683 11.734577  4.716081 47.544756 0.214719 13.795110 0.144627
10650 979.794222 0.476726 0.349084 47.116731 0.037459 -0.001318 3.966397 0.151269 10.838702  4.724041 50.427087 0.191861 28.395025 0.155908
10700 1313.440646 0.409785 0.418642 49.374775 0.034212 0.036010 3.933177 0.105825 10.611480  4.535967 41.212498 0.304693 22.838578 0.150238
10750 1180.956444 0.491125 0.360971 47.947089 0.020951 0.012868 3.817570 0.151090 14.734045  4.575387 59.152701 0.231986 6.666560 0.143983
10800 2857.593029 0.412906 0.372811 43.617476 0.002669 0.001859 3.915763 0.124197 23.800438  4.819386 49.185469 0.301854 12.395162 0.151037
10850 1275.490101 0.374501 0.324076 43.512938 0.005446 0.008022 3.899667 0.115890 28.938449  4.638702 54.739330 0.166317 7.142550 0.150860
10900 791.923652 0.901300 0.288911 44.374375 0.009286 -0.018136 4.053944 0.101488 24.986883  4.664689 45.647455 0.293320 10.727900 0.146980
10950 483.911075 0.275849 0.313043 44.218715 0.005361 -0.005708 4.015977 0.104823 28.521489  4.956176 51.170209 0.231847 11.206472 0.159480
11000 497.698518 0.259192 0.352306 39.201909 0.011932 -0.007252 3.970714 0.109181 18.546251  4.744564 42.186283 0.263264 3.081094 0.162036
11050 661.459837 0.501170 0.368230 40.959665 0.003394 -0.002562 3.914170 0.151059 17.738117  4.671687 41.530259 0.185124 3.632100 0.148139
11100 2274.141875 0.678886 0.454146 39.129251 0.004420 0.002551 3.944762 0.177180 20.105466  4.885932 38.959627 0.210225 3.160361 0.147199
11150 2303.478783 0.544542 0.437965 37.179922 0.016948 0.005112 4.085596 0.225456 14.164924  4.650691 41.513529 0.185433 1.035986 0.150715
11200 1898.246329 0.395042 0.565372 39.584579 0.013265 -0.006814 4.090872 0.166725 9.828439  4.765009 40.422803 0.241707 0.769678 0.156263
11250 5916.785070 0.591372 0.407533 37.164369 0.030955 0.014977 4.111198 0.209186 9.857029  4.637561 39.596830 0.277508 1.188878 0.148082
11300 3682.363658 0.528268 0.442066 38.117651 0.069419 0.057801 4.173585 0.230671 8.764943  4.620000 38.199760 0.444274 1.769614 0.153672
11350 4200.508954 0.499011 0.350374 36.668887 0.027026 0.016993 4.112855 0.209666 9.160600  4.755330 37.964972 0.216414 1.392786 0.153995
11400 4718.864877 0.195988 0.382420 35.209204 0.008785 0.003507 4.216202 0.191297 11.678071  4.850081 39.957837 0.300518 2.680348 0.152251
11450 4806.886383 0.316809 0.340960 32.700794 0.002876 0.000128 4.146452 0.175612 17.578975  4.761806 50.370874 0.304312 9.028795 0.145696
11500 9823.721867 0.286283 0.335829 30.460191 0.000999 0.000544 4.086892 0.140851 18.209641  4.741467 44.174215 0.213249 11.006021 0.145771
11550 19895.636386 0.322050 0.382743 28.324912 0.001061 -0.000393 4.196249 0.141452 14.840911  4.700225 55.102572 0.310353 26.886364 0.158403
11600 25505.301267 0.732533 0.335664 27.941105 0.003889 -0.002643 4.176410 0.114405 12.853998  4.614202 48.442202 0.258594 9.634996 0.151206
11650 15380.294390 0.508477 0.328134 30.287046 0.001480 0.002207 4.246258 0.102183 10.717431  4.614102 60.283195 0.229410 9.130381 0.150380
11700 8110.074801 0.573054 0.349770 33.883474 0.005596 -0.001229 4.195342 0.149047 9.860478  4.784478 47.995001 0.223857 49.677218 0.155484
11750 16041.244611 0.935586 0.327272 30.884574 0.008023 -0.000155 4.203554 0.111504 10.795129  4.687796 59.900737 0.149788 23.800876 0.148013
11800 23105.271529 0.937067 0.406483 27.759375 0.024907 0.000236 4.172965 0.192617 8.544764  4.704500 46.317281 0.222273 9.308563 0.151838
11850 9401.746693 0.859898 0.404487 32.812245 0.011136 -0.009758 4.245096 0.130751 12.538944  4.812990 40.878262 0.417078 18.316469 0.149420
11900 3273.187766 0.754701 0.377480 30.039472 0.005884 -0.006239 4.253554 0.220697 7.285924  4.698443 38.545844 0.290604 12.111268 0.146240
11950 2288.534066 0.613811 0.381006 31.840234 0.009663 -0.002553 4.258083 0.228411 8.235263  4.725884 38.561729 0.260132 22.915194 0.150378
12000 4843.870975 0.701273 0.421556 30.595057 0.013239 0.018403 4.314365 0.413146 8.034149  4.665311 34.121327 0.301594 32.598389 0.148453
12050 15963.359304 0.790347 0.385682 32.976976 0.007204 0.010742 4.252653 0.277056 9.754078  4.720311 37.731547 0.084165 19.351133 0.157016
12100 10769.191236 0.607739 0.472353 34.270224 0.043886 -0.011004 4.271479 0.284491 7.912392  4.556026 49.478003 0.171123 38.886162 0.154258
12150 8623.213911 1.005517 0.558766 31.623272 0.049530 -0.003608 4.338797 0.251840 5.895902  4.578660 46.947536 0.200244 25.642052 0.146876
12200 8345.593865 0.838361 0.589092 34.909663 0.021518 0.007036 4.362426 0.191245 7.207127  4.579444 59.475096 0.245774 13.370352 0.157902
12250 4992.489581 0.864510 0.716162 35.334713 0.056285 0.009119 4.392750 0.244817 9.438130  4.404484 33.094080 0.434156 18.837796 0.148119
12300 2444.022495 0.401421 0.641999 35.323787 0.055872 0.022985 4.366104 0.246100 20.797370  4.447368 44.875726 0.358694 35.537218 0.162995
12350 1544.205766 0.506902 0.736750 38.658221 0.049151 0.037391 4.324222 0.274866 26.452622  4.480743 59.380140 0.559003 48.246705 0.141466
12400 2688.835043 0.682961 0.735010 36.871912 0.215355 0.107403 4.366142 0.266041 21.006764  4.313474 48.856748 0.248580 6.902265 0.159271
12450 2707.103159 1.235654 0.893880 43.100939 0.155030 0.064240 4.301158 0.290941 13.069478  4.546740 39.521855 0.334743 12.013727 0.149322
12500 5575.236983 0.948950 0.882651 44.043672 0.348945 0.081314 4.311511 0.378937 14.995670  4.660226 26.683846 0.338190 9.483974 0.149991
12550 4175.064157 0.999392 1.033307 42.081660 0.321493 0.035365 4.337578 0.255150 15.355956  4.632136 24.087634 0.371923 10.221386 0.149563
12600 14607.420788 1.215951 0.915504 41.488546 0.109874 0.027307 4.409675 0.310047 15.634495  4.789033 37.777230 0.390095 21.336204 0.169109
12650 6346.715925 0.949541 0.827660 37.500789 0.304478 -0.059131 4.422869 0.224193 14.695354  4.566849 33.869452 0.174452 27.505303 0.146744
12700 4257.318985 0.668787 1.061496 38.881748 0.086192 -0.036561 4.475449 0.339987 21.439869  4.467981 33.745781 0.244256 4.069678 0.156736
12750 4022.678403 0.402886 1.036074 42.884949 0.067261 0.009462 4.530517 0.687541 19.290463  4.551715 32.380527 0.133468 6.734817 0.159973
12800 16172.711179 0.525997 0.842531 39.531611 0.059843 0.029951 4.533953 0.477414 22.670051  4.426547 45.774528 0.094681 13.390884 0.145212
12850 20788.443926 1.143126 0.926063 40.275702 0.083372 0.044096 4.561971 0.449881 16.265153  4.213157 49.239447 0.205217 12.599136 0.158970
12900 5583.804972 0.669633 1.130287 41.195128 0.322994 0.075408 4.497711 0.266822 19.442939  4.519650 36.488184 0.137184 6.796394 0.148991
12950 9265.381848 0.821440 1.149112 36.856899 0.189875 0.034928 4.463292 0.367381 31.510628  4.190058 45.011633 0.213529 5.140456 0.151839
13000 4000.798544 0.790452 1.233655 31.826841 0.420876 0.128092 4.488889 0.451998 38.364522  4.360448 38.771941 0.195018 2.907015 0.151315
13050 9358.732446 1.002538 1.175831 38.594429 0.219126 0.119924 4.443287 0.591491 23.217785  4.273300 37.741994 0.161640 1.657395 0.151435
13100 4713.645336 0.498645 1.177133 38.456781 0.208551 0.108805 4.430287 0.449226 16.660840  4.393445 38.315385 0.139491 1.253233 0.154783
13150 2199.564892 0.291516 1.379007 42.331774 0.408479 0.267056 4.501452 0.227735 13.473775  4.585310 38.406872 0.367724 2.837887 0.162090
13200 3946.328779 0.469988 1.364579 41.829160 0.267743 0.127377 4.580097 0.374806 13.144520  4.400491 30.073265 0.247053 10.032413 0.157723
13250 6750.238303 0.441746 1.366825 44.936476 0.198760 0.125430 4.580801 0.260870 15.309915  4.397050 42.163900 0.411326 19.208321 0.140846
13300 2596.354715 0.293300 1.469307 42.410700 0.084789 0.055793 4.617642 0.350619 16.971640  4.373030 44.446103 0.586731 13.797585 0.150873
13350 6554.893512 0.258680 1.392715 43.109605 0.287594 0.149852 4.653232 0.370473 16.272691  4.223964 40.697658 0.247846 8.690375 0.148863
13400 18143.269803 0.326588 1.385472 44.399589 0.091412 0.063641 4.691912 0.323285 17.709505  4.337831 33.796198 0.270918 8.298292 0.148071
13450 21922.780454 0.261968 1.326744 44.963262 0.270352 0.174293 4.700871 0.525330 7.876458  4.333189 38.332795 0.272128 14.347635 0.149447
13500 54820.920880 0.297710 1.285231 40.923959 0.048076 0.030991 4.780738 0.634415 9.655525  4.428973 37.761192 0.211135 8.938526 0.143287
13550 32788.870650 0.311152 1.233419 41.447193 0.007578 0.000716 4.663519 0.458796 13.969030  4.109297 39.818481 0.210591 14.691501 0.154114
13600 25987.671931 0.471778 1.245058 36.678761 0.015338 -0.005206 4.654509 0.450967 17.691353  4.403360 43.274586 0.370581 21.585668 0.138454
13650 14621.601311 0.424874 1.202077 35.523998 0.003097 0.003010 4.694618 0.960920 12.203657  4.257076 44.337118 0.351770 17.132554 0.150283
13700 5307.400838 0.340951 1.273518 35.672080 0.003156 -0.004585 4.664987 0.951535 17.566928  4.169261 34.667164 0.605903 21.266317 0.154562
13750 7526.791315 0.244265 1.400683 37.081176 0.002993 -0.002745 4.659321 0.765214 23.885673  4.361877 37.674119 0.289849 13.592038 0.143644
13800 1356.220488 0.641648 1.509888 38.112198 0.016936 -0.004370 4.625156 0.847044 22.812334  4.499716 23.898588 0.186428 14.121716 0.158405
13850 788.728929 0.595375 1.538477 37.074839 0.021863 0.000449 4.582147 0.717234 19.246495  4.560055 23.432783 0.451429 5.084436 0.157517
13900 950.168075 0.516687 1.602952 35.607977 0.082900 0.065448 4.653058 0.603665 10.520626  4.722698 24.529907 0.305712 6.332790 0.152927
13950 1289.129571 0.394166 1.535826 41.262284 0.140312 0.062164 4.590704 0.326182 11.143265  4.596260 15.083929 0.262688 10.325429 0.159651
14000 2088.005629 0.589836 1.525457 38.359753 0.134310 -0.010334 4.599615 0.482799 13.882601  4.599563 15.233356 0.190466 11.102311 0.161196
14050 2710.707057 0.481162 1.701819 37.470714 0.206298 0.026216 4.560436 0.511090 17.334923  4.480386 29.400676 0.184681 16.741288 0.154214
14100 2860.084079 0.603920 1.580991 36.889233 0.084491 0.006196 4.562357 0.522102 26.348559  4.354335 36.174186 0.170040 22.125369 0.155936
14150 3562.634413 0.524912 1.548668 37.926999 0.181055 -0.008503 4.558810 0.645091 16.957754  4.514738 42.503221 0.269140 21.130106 0.163201
14200 1214.557429 0.429807 1.476405 38.265651 0.220430 0.038043 4.530978 0.501303 11.929421  4.507676 29.296898 0.203771 14.252929 0.151958
14250 990.921436 0.518304 1.480652 36.053824 0.174301 0.073477 4.546410 0.379978 16.550749  4.417098 43.439675 0.289705 20.897376 0.147916
14300 700.378118 0.321775 1.416848 36.776209 0.075889 0.047911 4.592867 0.738550 22.414582  4.658840 17.938350 0.265740 6.589891 0.158033
14350 2732.487159 0.335140 1.318788 33.127405 0.047050 0.020974 4.577887 0.777101 17.678189  4.714798 18.119390 0.305375 9.464240 0.153151
14400 2984.944556 0.384099 1.218892 29.501165 0.093653 0.029986 4.525728 0.670249 15.807445  4.472550 26.863438 0.262402 6.349937 0.170737
14450 9912.789252 0.497525 1.162831 35.116642 0.257957 0.110120 4.551360 0.545456 14.188443  4.561642 27.368972 0.362351 2.938095 0.152312
14500 17282.386663 0.455986 1.046409 36.207193 0.137812 0.061190 4.592850 0.480383 17.007711  4.579441 29.414021 0.260656 10.426238 0.150075
14550 12720.957104 0.335734 1.020121 34.217792 0.072310 0.023290 4.539834 0.428885 18.529506  4.547665 34.246613 0.179234 13.872126 0.155657
14600 10287.035595 0.415526 1.070958 34.508089 0.075011 0.045665 4.520989 0.512205 14.421185  4.548631 29.757826 0.203184 16.918816 0.154163
14650 6755.290252 0.344151 1.097851 33.717915 0.044387 0.020044 4.482288 0.456754 12.197247  4.498186 29.604089 0.119169 12.649079 0.151287
14700 4672.950844 0.312625 1.068252 28.791261 0.002982 0.000746 4.535378 0.467430 8.202583  4.557701 33.626294 0.098008 14.095141 0.160656
14750 4178.008392 0.339705 0.917936 27.154734 0.007709 0.013011 4.529183 0.335688 6.965742  4.402282 47.599091 0.043659 10.984528 0.156687
14800 3817.902150 0.501180 0.917518 24.990033 0.002766 0.001341 4.591776 0.534825 3.340959  4.427448 51.614035 0.024350 6.304670 0.144856
14850 5643.038048 0.371313 0.880555 26.412229 0.004146 -0.002983 4.587247 0.414538 3.340959  4.401912 39.959349 0.076642 14.825173 0.141166
14900 9143.001327 0.527657 0.872106 25.454576 0.052910 -0.012987 4.540266 0.491454 2.191785  4.472841 54.943678 0.168936 21.683548 0.152633
14950 3153.790244 0.492540 0.807571 26.497960 0.009589 0.001074 4.512702 0.452854 1.744680  4.499175 37.969372 0.094441 16.837149 0.150359
15000 2397.957492 0.647874 0.839864 28.207632 0.006980 -0.012793 4.410431 0.406785 1.744680  4.384292 55.028698 0.122162 15.394686 0.152717
15050 2734.515013 0.576109 0.775754 29.983841 0.009741 -0.006420 4.412836 0.515369 1.792203  4.404015 55.829026 0.088028 43.242634 0.145585
15100 8063.351221 0.553001 0.831515 27.069839 0.002595 0.000257 4.409951 0.435404 1.706801  4.324977 45.044175 0.056395 14.423065 0.153825
15150 15420.947930 0.612314 0.866283 26.337488 0.022542 0.000767 4.449605 0.505170 1.798682  4.338769 57.259022 0.051901 44.542621 0.149090
15200 8153.904459 0.238560 0.892666 29.408164 0.003137 0.003728 4.508485 0.437567 1.414244  4.303084 47.931869 0.033495 14.107656 0.145972
15250 12111.040899 0.227123 0.842459 28.065698 0.005133 0.003845 4.476467 0.322307 1.850607  4.330826 55.820541 0.020962 8.438453 0.157962
15300 7171.175046 0.664405 0.948791 29.720892 0.419627 0.190177 4.462859 0.467086 2.002263  4.333580 43.724947 0.015662 13.303394 0.154235
15350 11164.240604 0.672360 0.990793 29.020582 0.032648 0.013003 4.477978 0.371029 2.474944  4.323799 51.782085 0.044267 20.808406 0.154361
15400 5829.213390 0.872655 0.986312 25.456351 0.051818 0.019614 4.450333 0.323701 2.224444  4.290586 44.990512 0.062281 11.872321 0.152767
15450 2002.699125 0.815508 0.971855 26.257590 0.115813 0.067832 4.419531 0.577473 2.224444  4.250903 43.362831 0.059292 19.557295 0.144478
15500 924.010606 0.896993 0.931038 26.925909 0.073998 0.011871 4.417289 0.490636 2.158960  4.232253 53.041719 0.045776 30.618389 0.149899
15550 469.321414 0.451339 0.851772 24.540670 0.029340 0.004348 4.465504 0.670823 1.911919  4.282985 41.812629 0.083679 18.050542 0.140546
15600 615.743331 0.556745 0.844590 31.628618 0.045401 0.005257 4.457374 0.512747 1.481040  4.364507 58.722837 0.053728 37.160554 0.152553
15650 537.038760 0.288908 1.033377 26.440930 0.108594 -0.004912 4.462333 0.435408 1.331359  4.396785 50.803035 0.054306 15.809693 0.143469
15700 643.919849 0.480624 0.926949 27.927934 0.066020 0.007883 4.452573 0.524545 1.306630  4.344279 59.090918 0.046941 11.355756 0.147683
15750 761.545070 0.257425 1.164975 27.498715 0.087385 0.012285 4.423159 0.359810 0.788710  4.295879 40.482886 0.068734 22.173087 0.147591
15800 996.338430 0.374445 1.292469 25.679591 0.030976 0.010344 4.435140 0.401708 0.788710  4.536893 41.806043 0.134967 25.127856 0.145780
15850 723.935630 0.345072 1.296804 29.186998 0.011150 0.004379 4.400183 0.441906 0.759242  4.448616 42.504150 0.209783 5.693450 0.157297
15900 1744.945167 0.442592 1.199749 29.864737 0.032208 0.004153 4.384109 0.301752 1.017204  4.405346 39.372845 0.077471 2.867580 0.143080
15950 959.553565 0.366190 1.325177 28.691306 0.014324 0.020019 4.355353 0.588531 1.145707  4.332942 37.103606 0.083445 2.896475 0.145690
16000 798.927153 0.314563 1.438530 29.123818 0.044535 0.052762 4.367044 0.629503 1.192539  4.299001 35.859696 0.119253 3.177624 0.148200
16050 1053.497345 0.222411 1.232721 27.407529 0.095160 0.100259 4.398580 0.457868 1.027897  4.409807 36.689833 0.053787 5.167642 0.151234
16100 3241.616476 0.273896 1.205564 28.395406 0.152691 0.118618 4.402014 0.409479 1.015905  4.396546 36.803152 0.038168 3.263625 0.149268
16150 6894.465063 0.295173 1.141962 27.448747 0.032430 0.021071 4.374555 0.298680 1.106003  4.365617 37.928577 0.098417 0.860093 0.156634
16200 7407.436603 0.464002 1.006454 30.106426 0.218942 0.057461 4.369089 0.631274 0.946724  4.466841 37.626196 0.106405 0.429138 0.155156
16250 1722.748033 0.454316 1.134638 30.615040 0.124839 0.006001 4.334893 0.571255 0.946724  4.432502 37.905985 0.056267 0.436328 0.143267
16300 898.238215 0.484076 0.980890 29.895466 0.106634 -0.031282 4.360213 0.666806 0.946724  4.412107 37.799114 0.090400 0.295188 0.142859
16350 725.037090 0.591649 0.972857 31.387933 0.086687 -0.035671 4.368594 0.583813 1.005118  4.356060 37.649243 0.078602 0.546478 0.148222
16400 1089.690358 0.558975 0.944620 24.298496 0.105800 -0.051855 4.392246 0.397290 0.870720  4.411415 37.687691 0.095397 0.546478 0.149645
16450 1410.263394 0.283250 0.901817 27.329446 0.056362 -0.019738 4.393153 0.613082 1.163401  4.375740 38.027782 0.079803 0.546478 0.142980
16500 1237.265347 0.342432 0.976680 30.152389 0.111948 0.007331 4.399041 0.352069 1.163401  4.384991 38.539957 0.074578 0.546478 0.151117
16550 1770.625424 0.338740 0.865663 26.168553 0.055988 0.028358 4.397998 0.470185 1.905484  4.361354 38.426537 0.135566 0.673267 0.158516
16600 2635.118321 0.402861 0.854347 26.406668 0.096794 0.054726 4.396087 0.268235 2.038388  4.342527 38.734006 0.156195 0.673267 0.152407
16650 1840.158071 0.305814 0.983055 25.735715 0.029618 0.013395 4.378660 0.443605 2.463601  4.328715 38.557799 0.141633 0.654116 0.151764
16700 3756.860962 0.346232 1.053464 27.236124 0.044352 0.031480 4.359428 0.589497 2.178504  4.447709 38.670291 0.121079 0.654116 0.150572
16750 2558.627633 0.343922 1.124203 29.553305 0.033473 0.009456 4.393895 0.448705 1.795699  4.437931 38.465828 0.203193 0.449425 0.146799
16800 1015.985715 0.245077 1.198694 30.128372 0.029104 -0.005660 4.388618 0.636515 1.949864  4.463070 38.342094 0.292311 0.449425 0.148622
16850 1455.149865 0.388410 1.030871 27.344137 0.009219 -0.001153 4.375148 0.463363 2.194715  4.391360 38.052804 0.262695 0.572567 0.155084
16900 1576.046648 0.420067 1.004359 29.114521 0.009245 -0.009171 4.397494 0.499720 1.789448  4.436312 37.841388 0.353116 0.936054 0.148413
16950 3572.624791 0.402819 0.907793 29.416794 0.038471 0.009203 4.398846 0.393913 1.731943  4.450327 38.003477 0.158367 0.657135 0.151590
17000 2243.940511 0.305027 1.076351 27.820316 0.031069 -0.002579 4.389732 0.256697 1.588762  4.394486 37.912215 0.181654 1.063412 0.156484
17050 3001.113254 0.243688 0.943234 25.829073 0.017031 -0.008421 4.387034 0.384945 1.593059  4.500412 38.053651 0.216796 1.132735 0.147334
17100 4599.615577 0.244296 0.995628 26.150304 0.063081 -0.031238 4.398885 0.453735 2.155286  4.350329 38.243968 0.080884 1.176173 0.147036
17150 2216.518438 0.323007 0.994830 25.623324 0.044507 -0.005810 4.410543 0.532257 5.942123  4.357868 38.737738 0.094619 2.712981 0.149078
17200 3016.014608 0.254951 1.039062 27.627072 0.028046 0.020386 4.438735 0.477771 13.241844  4.461601 34.575164 0.127596 3.180529 0.154339
17250 1121.691133 0.248410 1.019911 26.163062 0.002384 0.006044 4.456862 0.443629 9.388826  4.504372 34.082228 0.305881 3.366610 0.156556
17300 2787.518322 0.187704 1.053950 26.976305 0.031142 0.011807 4.472152 0.473929 6.088151  4.392053 32.862490 0.178043 2.279735 0.151885
17350 3744.414649 0.407646 1.020242 26.838367 0.002357 -0.001569 4.485702 0.588839 7.076834  4.414085 34.135294 0.182913 2.712820 0.153363
17400 2530.386067 0.303863 0.872430 32.350162 0.018948 0.001393 4.503043 0.374272 14.152996  4.592527 33.361806 0.159771 3.048244 0.155831
17450 2868.756875 0.278247 0.935600 33.694414 0.004464 -0.000788 4.519787 0.565669 15.905331  4.453332 36.533941 0.157284 2.077935 0.153517
17500 1417.423815 0.313041 0.901934 31.572444 0.002394 0.001680 4.475212 0.418469 18.324088  4.363824 36.127628 0.165835 7.803337 0.142974
17550 2498.675526 0.736382 0.848071 34.184232 0.005272 0.001658 4.456588 0.297020 13.409994  4.430774 38.691222 0.072851 7.555529 0.152992
17600 4352.387774 0.950875 0.787866 37.485181 0.009977 -0.013751 4.442578 0.650103 14.709355  4.543958 47.332763 0.127699 17.463976 0.143469
17650 5548.917712 0.531271 0.690582 34.212132 0.053164 0.045223 4.429745 0.407261 7.179590  4.516761 35.886546 0.147973 14.766190 0.150151
17700 3347.900375 0.361531 0.789416 32.565922 0.175043 0.097451 4.436842 0.549954 4.464903  4.616037 50.797779 0.188916 19.480858 0.153423
17750 812.858686 0.249697 0.804025 29.646731 0.047155 0.038539 4.432354 0.331473 3.374448  4.498045 38.338061 0.165465 14.337074 0.141056
17800 724.276842 0.374119 0.840513 29.868724 0.012026 -0.029021 4.429405 0.318911 3.944294  4.398524 43.376408 0.255238 12.257828 0.154670
17850 401.652248 0.299840 0.778096 30.076284 0.003084 0.000386 4.445330 0.279027 7.050914  4.513520 42.378964 0.232440 22.716397 0.147356
17900 356.766857 0.203383 0.691799 30.039848 0.013889 -0.007770 4.428274 0.299610 6.999940  4.448514 48.826411 0.207754 24.369948 0.149359
17950 547.663458 0.238698 0.590250 26.343076 0.003118 -0.004534 4.412837 0.474904 8.141456  4.384051 50.347537 0.409133 40.350633 0.151324
18000 259.754146 0.511117 0.479223 23.588820 0.005357 0.006963 4.379767 0.409502 8.020199  4.426480 55.461985 0.277409 15.585030 0.156887
18050 214.617051 0.448777 0.653708 22.683499 0.017227 0.024848 4.359323 0.297998 5.387911  4.475169 53.258705 0.175920 16.005317 0.145294
18100 345.567544 0.588646 0.624382 20.855700 0.028422 0.011450 4.361897 0.440929 5.889152  4.495622 44.439329 0.290704 10.604129 0.151831
18150 548.123705 0.686593 0.831949 26.123648 0.010745 -0.004012 4.350453 0.417488 6.792525  4.307520 41.854936 0.360910 19.318075 0.153367
18200 256.649643 0.519672 0.834757 27.637136 0.041026 0.039118 4.358120 0.423805 11.359981  4.458885 53.539095 0.401827 9.374292 0.143342
18250 93.013085 0.259421 0.772837 28.495152 0.058914 0.058095 4.353658 0.471805 12.976620  4.466044 41.030002 0.292272 5.372906 0.154438
18300 72.860233 0.258490 0.808467 28.150831 0.033989 0.039679 4.373701 0.433130 10.391763  4.315430 45.637277 0.368156 17.308731 0.150848
18350 174.067073 0.310543 1.010962 30.721634 0.024417 0.044445 4.364760 0.238056 11.061360  4.358783 38.858980 0.323765 10.422929 0.148086
18400 201.980850 0.365610 1.000586 33.361899 0.032900 0.037572 4.353783 0.202610 5.998337  4.521593 49.086238 0.416967 26.908176 0.155643
18450 454.535073 0.282891 0.970615 30.321836 0.002213 0.001653 4.352116 0.187531 7.341693  4.414647 46.206810 0.462763 19.811939 0.157564
18500 133.335768 0.233975 0.978626 30.773086 0.001615 -0.001019 4.340617 0.202855 7.041943  4.443138 35.323662 0.497374 42.240569 0.144759
18550 61.711010 0.301753 0.928701 32.182343 0.003759 0.004674 4.368434 0.202565 7.783504  4.397402 35.106350 0.422629 16.916809 0.144748
18600 94.380541 0.208125 0.888912 30.161720 0.018392 0.008569 4.355794 0.191553 6.301422  4.652198 33.405757 0.507453 10.548930 0.152281
18650 65.319497 0.170369 0.842441 29.238024 0.011954 0.006889 4.361019 0.193993 6.693413  4.695937 49.648218 0.403188 21.876886 0.155172
18700 142.333221 0.250365 0.903116 30.680728 0.007134 0.006144 4.364902 0.214888 9.267661  4.641926 27.080901 0.313314 16.370097 0.151516
18750 123.155759 0.268495 0.930526 31.781177 0.030390 -0.000149 4.371912 0.360346 7.137010  4.491896 40.132002 0.318364 19.938231 0.145771
18800 125.765850 0.232347 1.004889 26.967607 0.005049 -0.000253 4.346907 0.321976 6.056414  4.467017 33.782123 0.343900 18.474069 0.148186
18850 135.179243 0.209827 0.995499 32.483966 0.001759 -0.000712 4.322430 0.290386 7.974569  4.593427 43.161299 0.459437 9.943437 0.143987
18900 152.290031 0.299053 0.927761 34.372097 0.000948 0.000660 4.301106 0.306408 6.121486  4.323427 54.066077 0.292184 6.137604 0.150499
18950 286.162709 0.393057 0.978535 37.156296 0.001909 0.000542 4.284994 0.345854 3.430578  4.287589 49.639375 0.258592 11.571099 0.152690
19000 424.980302 0.495562 0.853487 33.306103 0.003321 -0.000553 4.279190 0.391290 2.446055  4.410476 51.066039 0.337970 7.164772 0.145007
19050 466.793235 0.550730 0.791609 33.972035 0.007999 -0.010038 4.265052 0.420761 3.403988  4.300025 45.942214 0.228170 28.486661 0.148718
19100 522.608950 0.498928 0.881262 33.979958 0.010780 0.021731 4.282888 0.389726 7.058117  4.475282 56.658180 0.164922 19.905814 0.149264
19150 593.602287 0.624901 0.898391 32.505438 0.033932 0.016650 4.301829 0.552058 5.570055  4.463136 41.403818 0.090015 3.561922 0.144154
19200 249.930203 0.567628 0.772635 33.331806 0.066787 0.031122 4.290866 0.556082 4.133470  4.437098 41.320968 0.067726 7.241516 0.146189
19250 160.705303 0.301350 0.774284 33.772127 0.030756 0.001887 4.291122 0.748131 6.338212  4.426596 41.980567 0.024963 16.742658 0.149136
19300 513.390353 0.295396 0.705745 32.143874 0.010732 0.002555 4.277560 0.562591 3.475855  4.417972 46.295160 0.023415 12.955123 0.151818
19350 729.030691 0.514083 0.744726 31.127076 0.000850 0.000266 4.284491 0.311134 3.754143  4.450628 45.415224 0.016844 30.991589 0.159356
19400 620.140526 0.416701 0.660293 33.152257 0.003802 -0.000540 4.306400 0.392897 3.912864  4.399795 50.929976 0.031260 19.309411 0.159008
19450 335.839962 0.434568 0.608381 37.512451 0.007803 0.016637 4.289799 0.413049 5.466855  4.412257 55.521708 0.034178 22.095667 0.142348
19500 920.654465 0.423763 0.554575 37.697896 0.003164 0.000534 4.295768 0.341540 5.921502  4.486600 52.799847 0.021777 27.565828 0.147613
19550 1428.040741 0.427218 0.570634 33.620163 0.005385 0.008818 4.284334 0.309914 6.074546  4.500953 37.650633 0.044589 17.632194 0.149483
19600 1026.335654 0.513518 0.512969 34.787719 0.008961 -0.015617 4.274501 0.218153 7.131520  4.682313 57.837279 0.317227 19.837272 0.151550
19650 1877.675059 0.262718 0.482624 34.586958 0.003647 -0.014379 4.271107 0.290884 6.893707  4.694822 45.429014 0.098874 37.067301 0.149733
19700 2588.898349 0.221227 0.358130 30.968738 0.010618 0.004586 4.274288 0.213642 7.465598  4.648357 46.799146 0.079594 48.242179 0.158889
19750 1681.725302 0.374265 0.219573 31.304501 0.007080 -0.002545 4.287818 0.170831 12.154343  4.608515 47.835257 0.159959 29.575761 0.160543
19800 1493.956230 0.750661 0.177128 30.879059 0.005320 0.006184 4.284279 0.167429 15.487641  4.593628 55.828809 0.177759 23.987888 0.165262
19850 3403.883823 1.159184 0.174075 29.270856 0.002123 0.002625 4.276882 0.173623 10.400915  4.657578 59.455672 0.394414 8.531684 0.169429
19900 3549.773758 1.028945 0.301072 29.190351 0.018470 0.012438 4.278511 0.113159 8.844681  4.623709 58.461054 0.193208 11.908804 0.157026
19950 1483.917739 0.918148 0.284364 28.922549 0.015007 0.009336 4.277819 0.129437 11.182049  4.731904 50.954247 0.182185 2.569144 0.156495
20000 2465.366553 0.783981 0.329632 33.036225 0.038984 -0.004080 4.249013 0.108665 9.669732  4.772525 51.237714 0.210421 4.391204 0.151169
20050 2350.800302 1.133760 0.241123 29.428753 0.018777 0.017716 4.261380 0.112552 7.946478  4.732732 60.070831 0.299686 29.621327 0.146507
20100 2984.141005 0.879333 0.206015 33.790713 0.024639 0.004340 4.258717 0.120859 7.009686  4.689582 56.339563 0.167275 23.820914 0.154075
20150 977.629939 0.554133 0.303497 31.963196 0.020494 0.005263 4.275221 0.179434 10.461009  4.746090 40.669522 0.121102 26.004102 0.147068
20200 949.728313 0.569928 0.362161 32.697424 0.014767 -0.005322 4.274678 0.126159 11.067175  4.670025 46.543437 0.318793 29.859185 0.155203
20250 529.982100 0.478946 0.315504 34.806265 0.040070 0.032239 4.265085 0.242650 9.710356  4.682846 48.649521 0.328642 15.397655 0.152512
20300 1276.853261 0.260293 0.344036 30.537088 0.008498 0.009345 4.263326 0.194650 13.242480  4.772891 42.775279 0.239040 18.374741 0.149272
20350 1351.137751 0.217113 0.306787 28.852166 0.006325 -0.001467 4.238404 0.171664 11.173835  4.792506 46.622375 0.223806 27.336684 0.154593
20400 1814.221682 0.265088 0.295100 29.366514 0.001930 -0.000003 4.245542 0.186256 9.942197  4.814579 30.891760 0.315293 3.284423 0.157276
20450 2841.939076 0.247950 0.328128 31.207199 0.002730 -0.000528 4.246824 0.165764 8.070214  4.766986 33.062579 0.155162 2.359250 0.162657
20500 4327.149109 0.443793 0.282679 32.355930 0.008294 -0.000610 4.241589 0.166831 9.165240  4.772280 34.004831 0.206143 2.062148 0.154486
20550 5948.974742 0.203863 0.197587 32.765423 0.003055 -0.001549 4.230674 0.153243 11.413244  4.795022 35.413714 0.337069 1.878105 0.145102
20600 6681.653500 0.483299 0.164967 29.804986 0.001383 -0.000345 4.248684 0.102717 14.375289  4.653268 44.507378 0.417830 4.676658 0.158458
20650 3772.595565 0.321110 0.151610 30.009428 0.004885 -0.009539 4.236780 0.118781 12.946776  4.898797 47.422502 0.418517 30.610931 0.152515
20700 4620.179621 0.356654 0.120214 29.772627 0.001205 -0.000125 4.239507 0.129191 17.731352  4.729343 49.757703 0.217942 30.748342 0.159708
20750 7744.674107 0.347417 0.152871 32.862737 0.005483 -0.001707 4.259995 0.115284 16.231507  4.844892 36.312781 0.317463 8.447007 0.160450
20800 3328.522959 0.248041 0.152805 32.861459 0.001804 0.001122 4.263076 0.123681 10.122386  4.754015 51.708157 0.368524 13.430823 0.151456
20850 1829.189590 0.362743 0.098704 34.199212 0.002964 0.000028 4.262010 0.112043 11.039401  4.840213 38.451830 0.092841 21.599537 0.141723
20900 1684.872016 0.366698 0.132831 30.639373 0.001077 -0.000179 4.259896 0.125882 8.169405  4.794802 50.541613 0.254684 13.808250 0.150893
20950 1662.841095 0.431470 0.195436 30.280319 0.001960 0.000063 4.257453 0.103141 8.398528  4.790399 43.457400 0.209312 17.221192 0.150580
21000 1183.793683 0.332452 0.312377 32.333220 0.003162 -0.000465 4.261375 0.105374 9.671390  4.652301 38.675250 0.297313 8.975464 0.144589
21050 907.371139 0.213005 0.316691 29.314434 0.016008 0.011344 4.276937 0.101830 15.922868  4.628377 57.872585 0.228065 12.656621 0.156433
21100 415.914817 0.232242 0.277741 30.969655 0.031567 0.045793 4.276666 0.101358 13.417074  4.674844 45.148927 0.279585 19.923662 0.151449
21150 577.118652 0.183513 0.270443 31.340309 0.009957 0.019810 4.279224 0.101200 10.654289  4.724436 47.096776 0.082861 22.576340 0.148730
21200 287.499074 0.187111 0.211290 30.955776 0.026363 0.043183 4.290755 0.100628 7.316797  4.934312 36.934643 0.173281 12.387280 0.154138
21250 209.502628 0.166101 0.219738 34.005775 0.011550 0.013921 4.292203 0.134110 6.841046  4.708850 49.501704 0.234975 14.112380 0.152559
21300 233.300608 0.261157 0.208493 33.717576 0.011327 0.014070 4.297386 0.104608 6.448183  4.754744 38.146129 0.131557 4.855115 0.151071
21350 164.287172 0.213924 0.229972 34.196042 0.002513 -0.000078 4.304809 0.124208 8.343787  4.774335 46.714890 0.140627 21.024759 0.154621
21400 50.017625 0.175801 0.240032 30.869977 0.002362 -0.000172 4.295692 0.173240 13.257725  4.812517 39.374071 0.170159 11.884211 0.150370
21450 47.761245 0.368804 0.315182 28.419224 0.004217 -0.002942 4.303718 0.155253 14.510533  4.695721 40.489728 0.089976 17.003579 0.155229
21500 58.745588 0.398280 0.286515 28.487944 0.023402 -0.022841 4.303558 0.184043 13.176825  4.605676 46.605540 0.057365 42.419843 0.152337
21550 54.088847 0.296602 0.378621 30.004725 0.008863 -0.009512 4.300600 0.194477 13.241936  4.615435 46.673364 0.052861 47.883771 0.152991
21600 26.214984 0.176829 0.420684 27.561697 0.002160 0.001024 4.297419 0.222763 16.812599  4.478478 32.318201 0.058342 41.076051 0.140148
21650 17.771014 0.183701 0.435017 23.368768 0.003510 -0.001848 4.297267 0.163254 16.973779  4.608416 65.324087 0.122047 13.738007 0.160465
21700 13.162310 0.217548 0.438618 26.669507 0.003315 0.001956 4.306458 0.180133 10.071551  4.510148 50.798058 0.065488 45.369141 0.144270
21750 30.400474 0.224282 0.442666 27.111498 0.007240 -0.004765 4.289395 0.243122 11.829618  4.465116 40.478006 0.050135 43.490546 0.152143
21800 32.901494 0.151010 0.515059 30.133089 0.002046 -0.002718 4.285083 0.126640 14.816981  4.440807 61.016078 0.059110 22.716158 0.149603
21850 32.815424 0.197688 0.568288 28.521000 0.001349 -0.002418 4.287909 0.183148 10.947892  4.418377 58.540145 0.070819 29.592145 0.153916
21900 33.497520 0.119040 0.506859 27.459308 0.001744 0.003171 4.279442 0.212858 15.428634  4.415765 61.832015 0.080745 27.647950 0.147513
21950 26.358971 0.248257 0.557496 27.041116 0.003734 -0.002505 4.264648 0.286883 9.586248  4.436057 54.138698 0.152850 24.173347 0.142431
22000 33.053096 0.387660 0.677077 28.418528 0.000768 -0.000026 4.257415 0.370230 9.782812  4.474502 45.798613 0.223562 12.239813 0.149993
22050 38.615208 0.398848 0.658597 27.072356 0.014723 0.005114 4.252144 0.338413 12.777142  4.461814 45.203978 0.033737 15.430048 0.158798
22100 38.740341 0.347743 0.626476 24.836835 0.015090 0.000451 4.248461 0.552723 12.087412  4.485372 57.972773 0.040427 39.721901 0.151441
22150 62.107238 0.428546 0.489637 23.658487 0.005682 0.000861 4.239991 0.487927 8.986798  4.446911 33.240586 0.035170 35.344564 0.141909
22200 29.246794 0.281939 0.472667 21.977759 0.007575 -0.001929 4.248567 0.511966 6.937199  4.362773 63.374025 0.073380 34.223361 0.141984
22250 25.386898 0.386279 0.326289 22.599221 0.002845 -0.000918 4.237202 0.243209 4.421017  4.432516 55.867866 0.049348 42.742410 0.149662
22300 78.134760 0.330268 0.353058 25.327695 0.001383 0.000454 4.234812 0.194581 4.946022  4.550157 55.177403 0.070302 30.403729 0.156386
22350 160.323091 0.224392 0.373037 20.010938 0.005032 0.004688 4.244077 0.255122 3.928129  4.491338 47.216123 0.102189 40.292404 0.152688
22400 152.424768 0.229750 0.238964 21.295555 0.007131 -0.005044 4.244746 0.302798 3.018409  4.553477 64.517722 0.223208 39.414526 0.152825
22450 85.899102 0.348548 0.266398 17.667998 0.012916 0.005146 4.230798 0.207681 2.482005  4.553645 38.254402 0.275231 39.608554 0.156162
22500 105.108166 0.214062 0.246547 18.863693 0.004287 0.002318 4.225263 0.123614 2.695905  4.656612 52.700867 0.339389 27.042992 0.147598
22550 184.921458 0.337860 0.260200 22.746743 0.003620 -0.000639 4.220308 0.148894 3.538563  4.744956 45.569028 0.216342 33.377992 0.164739
22600 274.604094 0.391226 0.260967 23.257030 0.020531 0.007823 4.214805 0.118614 3.235211  4.629646 44.685877 0.254045 43.186665 0.149820
22650 119.093355 0.382418 0.268741 22.764861 0.014029 0.013056 4.216189 0.120692 4.005045  4.765610 59.498362 0.350297 30.673181 0.151737
22700 184.800493 0.346863 0.259085 23.816447 0.030243 0.010202 4.209688 0.115869 5.478920  4.742393 37.110424 0.443844 12.379472 0.156381
22750 124.935080 0.369223 0.189656 27.089285 0.009651 -0.001589 4.205162 0.102531 5.759401  4.656117 54.018159 0.190338 9.609039 0.159745
22800 82.789320 0.315316 0.239348 27.641659 0.002984 -0.002195 4.213262 0.103255 3.682087  4.841062 44.351293 0.219541 7.931224 0.151657
22850 140.983722 0.297179 0.135445 25.565635 0.001554 0.001126 4.211648 0.139748 5.340790  4.837912 35.756957 0.321845 13.415705 0.151543
22900 97.984326 0.261089 0.116279 25.313511 0.003290 0.000344 4.208711 0.109051 8.829537  4.574565 44.054382 0.215631 22.443373 0.145643
22950 110.193063 0.143556 0.179375 22.790994 0.010978 0.004431 4.206537 0.166580 9.520943  4.674214 51.024028 0.206120 20.513303 0.148958
23000 108.337485 0.246218 0.230643 24.009321 0.022725 -0.001123 4.204783 0.155802 11.325867  4.750422 57.994165 0.090401 20.091041 0.162407
23050 287.719020 0.257302 0.243750 23.659087 0.002069 -0.000936 4.210904 0.110192 15.335515  4.735206 50.950400 0.169377 20.650903 0.142111
23100 376.388500 0.258964 0.215004 19.146969 0.003686 0.000094 4.204096 0.109754 10.606368  4.822339 31.207724 0.353408 15.141570 0.161221
23150 223.985344 0.206656 0.232953 19.434503 0.001501 0.000150 4.210035 0.113224 6.693942  4.632862 37.307739 0.135706 41.404189 0.150866
23200 533.129217 0.197422 0.165739 22.227518 0.001411 0.000357 4.212118 0.178678 7.511242  4.660920 67.154155 0.224970 22.736936 0.145825
23250 195.279024 0.279153 0.128076 26.879295 0.007056 -0.000378 4.217654 0.131612 7.009161  4.566836 40.266343 0.240500 18.957554 0.159265
23300 105.629930 0.237957 0.179390 27.918674 0.004955 -0.004231 4.225377 0.111432 10.196629  4.751470 63.428038 0.120164 35.545654 0.140838
23350 161.932098 0.238749 0.154647 28.417323 0.009983 0.003206 4.234110 0.114333 9.253748  4.630983 46.882147 0.190251 15.845511 0.155267
23400 222.982456 0.329472 0.125825 28.230763 0.003182 0.003609 4.238067 0.132681 8.337657  4.747275 39.228341 0.238559 18.309684 0.157912
23450 108.729724 0.293015 0.123017 25.820761 0.017455 0.029845 4.239691 0.126564 10.818084  4.944013 39.581759 0.215146 28.062393 0.150060
23500 169.711138 0.229139 0.070839 31.712328 0.001805 0.000709 4.242881 0.143575 13.890007  4.858334 30.745091 0.304960 9.294730 0.163068
23550 104.771516 0.221226 0.111211 28.801821 0.003258 0.001213 4.240441 0.186192 8.407688  4.874556 38.773871 0.187364 4.550774 0.150142
23600 36.565484 0.194110 0.130792 30.679462 0.003055 0.008508 4.238488 0.136042 5.764544  4.783954 40.789667 0.316665 6.059737 0.156247
23650 29.582530 0.246419 0.091104 27.407246 0.002435 0.001859 4.246972 0.168255 4.649366  4.791231 46.770217 0.189122 43.700969 0.152575
23700 36.829997 0.123642 0.141694 24.583662 0.001088 0.000287 4.251482 0.104450 5.622238  4.940982 53.525501 0.180098 37.607854 0.159785
23750 29.600274 0.168505 0.075030 26.487658 0.004541 0.002911 4.249117 0.102847 6.443524  4.861766 50.395368 0.428981 15.381413 0.150570
23800 92.496345 0.266028 0.063244 24.796362 0.001972 0.000684 4.253055 0.283425 9.019075  4.659286 46.324056 0.170277 6.151942 0.159240
23850 229.940375 0.204895 0.110017 26.359099 0.003211 -0.003613 4.249837 0.333900 10.996495  4.825964 49.798328 0.274096 32.875240 0.146264
23900 130.242449 0.232319 0.174968 25.964042 0.002796 0.000717 4.253610 0.180840 17.721144  4.477786 57.762066 0.156412 43.182295 0.153974
23950 66.281495 0.293549 0.188141 25.601602 0.002298 0.000457 4.258525 0.134261 23.528861  4.711986 53.900267 0.243642 36.760792 0.153765
24000 182.006437 0.325700 0.170282 25.857107 0.005204 0.007120 4.255928 0.194849 15.019318  4.644716 43.749906 0.155918 41.358134 0.145197
24050 126.213041 0.297382 0.179225 24.222222 0.009599 0.012792 4.258141 0.119992 13.440526  4.797847 56.808512 0.137856 33.289199 0.149916
24100 140.351160 0.277426 0.146816 23.561202 0.004761 0.002547 4.259121 0.112811 8.997660  4.622021 50.353139 0.130063 16.722664 0.148666
24150 208.481775 0.269952 0.120892 24.716869 0.011396 0.003739 4.253829 0.127004 10.901882  4.757648 51.558899 0.187174 30.189662 0.148673
24200 101.533186 0.322019 0.085069 25.720939 0.003495 0.003022 4.253826 0.111657 13.197557  5.018753 52.464481 0.444561 17.863904 0.163303
24250 196.319541 0.314756 0.139119 29.916681 0.002869 -0.002657 4.254539 0.106303 9.518788  4.687106 78.740714 0.296306 25.508539 0.160201
24300 256.309095 0.329528 0.147119 28.137842 0.003513 0.012617 4.260344 0.102735 8.772779  4.781797 55.235183 0.329125 34.790943 0.152425
24350 466.095948 0.270587 0.252914 26.467078 0.006342 0.009603 4.261317 0.132210 12.206734  4.739884 41.512305 0.147093 20.668689 0.151498
24400 675.363148 0.286325 0.261692 27.819107 0.005198 0.003724 4.257446 0.172098 11.471719  4.582915 43.789883 0.252462 34.997749 0.150063
24450 726.981217 0.217753 0.222251 26.595273 0.033108 0.083594 4.258639 0.162446 15.980936  4.720750 44.039136 0.231912 37.909290 0.153539
24500 239.542079 0.402996 0.318360 24.645328 0.023862 0.082540 4.254712 0.131260 10.117845  4.636257 39.182567 0.255416 15.799613 0.147790
24550 775.753420 0.245215 0.366817 21.487316 0.040031 0.077504 4.256162 0.184643 6.725281  4.695986 45.336011 0.141722 14.152176 0.155989
24600 591.325177 0.448271 0.314056 21.510078 0.016077 0.033587 4.249341 0.212262 8.337288  4.536477 43.280456 0.239904 28.560111 0.151093
24650 1027.743212 0.322061 0.300558 21.304824 0.011147 0.022047 4.242236 0.259412 8.760543  4.513101 38.672586 0.148283 15.531356 0.148820
24700 713.325676 0.407207 0.304867 23.162095 0.034803 0.070781 4.236279 0.178063 10.923330  4.714792 57.236094 0.209448 13.532152 0.146773
24750 827.724339 0.289117 0.220773 23.971138 0.002641 0.002433 4.235291 0.197611 13.515589  4.605561 64.273755 0.196541 20.900410 0.143201
24800 489.472288 0.443835 0.263676 24.973036 0.004734 -0.004493 4.238792 0.214096 12.784140  4.524640 51.945917 0.178635 33.274717 0.151095
24850 927.625041 0.424323 0.321836 26.122328 0.012879 0.003204 4.239683 0.136934 11.936526  4.645039 43.130374 0.098224 32.747979 0.150849
24900 1225.061662 0.365234 0.316257 27.295738 0.015047 0.007104 4.243296 0.162255 9.055879  4.481083 74.007621 0.240561 48.226375 0.149965
24950 419.079644 0.310311 0.348358 26.539639 0.012128 -0.002135 4.245153 0.173722 23.773468  4.812950 44.162440 0.349710 12.109525 0.156585
25000 1134.804258 0.353309 0.273509 28.821914 0.005601 -0.006005 4.244803 0.134851 15.035997  4.570820 56.786567 0.210194 42.199514 0.157328
25050 1695.045858 0.374825 0.294576 28.100801 0.002729 0.000078 4.236997 0.210429 9.471701  4.546437 56.523824 0.248797 32.283740 0.143618
25100 1681.071553 0.211734 0.339846 26.717737 0.004267 0.014217 4.230578 0.156831 10.675860  4.547043 42.184069 0.318082 16.862308 0.152944
25150 1998.044871 0.252945 0.336276 28.703346 0.002124 0.001630 4.225102 0.152274 11.154813  4.612553 41.450291 0.283171 16.133905 0.155618
25200 1590.738803 0.242060 0.325765 26.888863 0.004115 0.015406 4.227669 0.208051 12.493974  4.627345 29.486061 0.187517 16.085998 0.156215
25250 3798.856408 0.218220 0.259176 29.569733 0.004198 -0.007145 4.225814 0.185925 13.191272  4.561720 51.869819 0.155561 15.061069 0.145624
25300 4939.285284 0.221423 0.260465 34.496921 0.001098 -0.002313 4.223496 0.161781 8.429509  4.558123 48.451630 0.207404 6.605264 0.146073
25350 8851.959538 0.385104 0.275901 31.605594 0.005754 0.003424 4.231513 0.184907 10.288603  4.720894 37.580603 0.190821 9.634722 0.153466
25400 3814.458285 0.239460 0.283394 31.283972 0.005717 0.007310 4.227301 0.125512 12.346962  4.794197 40.976849 0.173726 39.818736 0.153208
25450 5999.734069 0.416526 0.288504 32.368088 0.002376 0.003891 4.224199 0.189344 15.399412  4.759887 41.024949 0.263195 20.108714 0.151248
25500 3534.565905 0.376562 0.241135 30.000576 0.010019 0.003836 4.221106 0.159029 10.513322  4.703838 58.285384 0.175746 19.373110 0.150047
25550 4485.416189 0.307343 0.259881 29.875103 0.022822 -0.014901 4.221328 0.116801 17.528390  4.631614 67.298635 0.108133 11.473168 0.154319
25600 9236.760128 0.326351 0.327734 31.108092 0.004298 0.002031 4.221401 0.162281 17.237006  4.566267 64.029576 0.105299 29.425367 0.155288
25650 8981.618869 0.306560 0.341890 26.326837 0.007281 0.000735 4.223756 0.124577 11.264725  4.478942 53.082133 0.340838 18.795928 0.158181
25700 17694.506027 0.312321 0.275144 26.664011 0.014896 -0.002077 4.226890 0.130677 8.543971  4.587040 42.302369 0.276116 30.186052 0.158972
25750 28298.100101 0.674739 0.258172 25.196447 0.006146 -0.000220 4.227529 0.105656 11.019580  4.734786 45.702619 0.219847 7.051806 0.156721
25800 30069.107916 0.360161 0.270258 25.830035 0.002647 -0.004259 4.229231 0.155603 10.212718  4.773257 39.826303 0.191497 9.692712 0.157021
25850 13143.631404 0.433083 0.304896 28.859349 0.002443 0.005741 4.223878 0.168636 13.282800  4.737193 44.926125 0.208912 12.803956 0.150818
25900 8874.559003 0.343625 0.279652 32.172682 0.003437 0.004649 4.215861 0.117517 18.468419  4.714249 37.209688 0.196823 6.456727 0.157814
25950 4024.804171 0.357255 0.270264 34.974165 0.002156 0.002083 4.210727 0.123637 16.904879  4.552993 44.851270 0.294500 16.822231 0.148375
26000 10719.671705 0.445214 0.339692 36.931921 0.001550 0.003184 4.207585 0.245685 24.065262  4.704224 38.309892 0.196857 13.662062 0.155521
26050 13794.799750 0.673876 0.380121 37.690570 0.005265 0.001701 4.207106 0.289944 26.994051  4.436122 42.831863 0.348349 11.702625 0.154472
26100 15102.566102 0.543727 0.309351 39.274721 0.011235 -0.010790 4.208799 0.188786 21.825275  4.558242 49.170668 0.297059 14.843832 0.149633
26150 10759.229431 0.811288 0.288800 38.918873 0.032922 -0.008905 4.211702 0.131987 11.887960  4.608216 58.900981 0.142708 15.215491 0.155388
26200 11883.748261 0.931914 0.317509 38.282565 0.018411 0.003914 4.213366 0.108989 15.845280  4.636591 47.158574 0.516844 10.148630 0.153884
26250 16468.441538 0.804200 0.279948 40.652134 0.018199 0.018147 4.215193 0.178451 8.457269  4.903777 38.242823 0.301645 8.162489 0.155505
26300 73211.302507 0.450309 0.465226 40.906209 0.013774 0.020045 4.215881 0.163449 7.877062  4.780813 41.769769 0.234102 3.345039 0.154862
26350 26682.696607 0.566988 0.491835 41.313718 0.010913 0.006104 4.213933 0.274712 7.591607  4.694576 40.066335 0.353676 36.632158 0.150206
26400 14374.860940 0.621311 0.670786 44.124989 0.010539 0.009444 4.211058 0.362016 11.146747  4.503482 45.147738 0.172930 12.277696 0.158743
26450 14370.670528 0.391451 0.688687 44.861985 0.021715 0.024598 4.214378 0.334508 13.825638  4.484742 44.576665 0.162211 21.010681 0.151585
26500 7818.230019 0.364040 0.700027 44.589550 0.004303 0.017072 4.212525 0.420191 18.301446  4.499906 42.721587 0.057364 27.849830 0.143501
26550 8172.016062 0.565905 0.692254 46.726934 0.003030 -0.003263 4.212405 0.317633 20.334416  4.397087 58.216469 0.164248 7.387281 0.149525
26600 3085.775312 0.558378 0.594904 42.889636 0.008628 -0.008207 4.214956 0.442840 18.695153  4.471801 54.917461 0.154208 8.135352 0.152673
26650 3584.727413 0.894773 0.461653 42.502954 0.019296 0.012626 4.213059 0.379590 15.448281  4.584353 55.933729 0.208160 9.106001 0.148619
26700 3802.115606 0.860754 0.658811 39.130048 0.014907 0.003042 4.205920 0.311079 16.023487  4.651151 39.502312 0.350776 24.529769 0.151642
26750 4060.102326 1.035129 0.679786 38.715591 0.016085 -0.002958 4.208171 0.194663 9.636203  4.613437 53.147814 0.358243 9.539157 0.139953
26800 1733.272105 1.296530 0.771128 33.113017 0.009020 -0.004285 4.210682 0.122291 10.446938  4.366637 40.100035 0.288741 13.811674 0.150439
26850 2897.622061 1.253744 0.719512 34.261430 0.004850 0.003557 4.214179 0.255364 10.035694  4.532918 54.481155 0.182527 13.641854 0.153251
26900 5269.601617 0.944726 0.894380 35.086402 0.019134 -0.000283 4.214358 0.472147 11.610111  4.397268 37.995893 0.114855 40.231118 0.152686
26950 3445.281436 0.745573 1.123441 36.042636 0.044179 0.001543 4.220348 0.323428 8.511418  4.235538 53.880750 0.107846 15.340978 0.156991
27000 2561.066601 0.785989 1.155045 33.867034 0.029236 0.003437 4.225512 0.390763 5.188876  4.172237 50.561121 0.104868 14.285125 0.149704
27050 3197.130932 0.962799 1.152591 34.385738 0.017846 -0.016965 4.221833 0.371124 8.521137  4.173340 60.959256 0.086534 12.283276 0.141372
27100 1214.325837 0.684946 1.205698 34.745343 0.039021 -0.021006 4.219138 0.466683 9.086271  4.150104 57.395500 0.104268 4.761711 0.152242
27150 746.440613 0.709079 1.097300 31.258917 0.009483 0.008056 4.223058 0.443528 8.239816  4.191571 39.066380 0.043921 29.578918 0.148814
27200 833.449055 0.547673 1.158572 30.499325 0.013751 0.024799 4.223431 0.636745 7.032563  4.169042 61.797338 0.083310 10.466196 0.147297
27250 574.982193 0.469939 1.170553 28.644588 0.003951 -0.000370 4.229303 0.431829 6.476398  4.202110 59.976801 0.112609 14.706489 0.148549
27300 176.494850 0.318466 1.186317 30.778988 0.002808 -0.003207 4.231964 0.452953 12.063713  4.115573 56.313433 0.230940 13.344956 0.148452
27350 105.757380 0.338835 1.148106 30.484215 0.007699 0.008874 4.230508 0.606540 18.448310  4.549864 61.611396 0.383068 44.047535 0.152604
27400 87.815235 0.237385 1.134780 29.926388 0.002149 0.001603 4.227768 0.363002 10.843616  4.412509 39.199887 0.390154 27.594185 0.146764
27450 101.882381 0.316886 1.123963 28.931943 0.003044 -0.000440 4.229455 0.330966 13.553316  4.265292 60.381338 0.390414 25.777464 0.146748
27500 74.323431 0.222774 1.178465 28.583240 0.002958 -0.000432 4.236293 0.228443 14.432014  4.322785 42.984933 0.341978 5.568244 0.154891
27550 55.669737 0.375738 1.179002 28.880828 0.002265 -0.000399 4.239830 0.217770 15.370424  4.472169 39.496695 0.319715 4.556392 0.144960
27600 119.472997 0.262637 1.190639 33.434436 0.000877 -0.000656 4.239413 0.115368 17.409751  4.352488 38.663943 0.359954 9.731565 0.155421
27650 108.111399 0.388846 1.176002 36.040832 0.002792 -0.004628 4.241587 0.141503 15.913276  4.389867 39.891550 0.237430 7.700101 0.156991
27700 160.676912 0.369850 1.171304 37.397782 0.002035 -0.002420 4.239521 0.155672 7.699796  4.469058 49.894164 0.190913 15.945580 0.145489
27750 276.224405 0.237070 1.124436 36.210766 0.001682 0.001471 4.240860 0.208903 7.739421  4.433989 39.145292 0.161497 14.574897 0.149977
27800 528.759564 0.421630 1.115894 36.733222 0.004145 -0.000636 4.241839 0.358523 9.651886  4.236587 45.112287 0.263200 8.964152 0.155627
27850 513.500759 0.500380 1.185044 35.292265 0.012259 -0.003850 4.245175 0.503150 15.876172  4.505273 36.903138 0.319954 16.153348 0.154302
27900 500.210397 0.519471 1.173244 37.945114 0.009321 -0.007374 4.248210 0.666589 17.161486  4.518429 49.984501 0.252092 12.850810 0.151589
27950 355.993309 0.410722 1.156632 37.195397 0.001198 0.002280 4.239877 0.450681 21.099235  4.186709 50.604246 0.195453 6.490149 0.149092
28000 241.338736 0.408065 1.062864 38.695775 0.001472 -0.003079 4.243559 0.449457 15.992533  4.253501 63.778880 0.598441 24.814314 0.158119
28050 135.054740 0.448023 0.933138 39.502356 0.005286 0.010129 4.244691 0.360396 13.285033  4.203004 61.495014 0.219609 24.639707 0.148905
28100 368.843245 0.436633 0.832343 37.577761 0.017494 0.029012 4.254939 0.603644 10.554914  4.222649 62.502643 0.141837 15.318552 0.147493
28150 978.021481 0.472941 0.824131 36.800426 0.025209 0.001995 4.252725 0.566893 7.583409  4.245795 56.132807 0.064035 13.429563 0.146849
28200 1883.072599 0.623354 0.876512 37.111086 0.030774 0.018918 4.251145 0.353783 8.141484  4.211574 60.077130 0.054887 3.371701 0.153155
28250 1748.690081 0.493522 0.993110 42.312291 0.118154 0.046890 4.254771 0.381225 9.001352  4.171331 61.421093 0.049749 14.828603 0.154354
28300 1061.486644 0.513975 1.077126 38.970049 0.153217 0.074817 4.251912 0.495156 9.907854  4.174748 54.796667 0.052760 14.319248 0.144388
28350 485.854955 0.753001 1.166825 41.037278 0.107236 0.014045 4.254686 0.512360 10.647960  4.198009 48.854191 0.063678 15.627385 0.146732
28400 1131.176689 0.581642 1.183223 40.761510 0.059908 0.009990 4.257828 0.596066 8.088518  4.210028 49.127672 0.064957 9.418999 0.152443
28450 1375.802082 0.745195 1.103659 38.247266 0.006414 -0.000862 4.254724 0.754335 10.648880  4.216206 48.225265 0.051055 14.177584 0.144814
28500 2786.580594 0.677181 1.011425 35.807259 0.012436 0.006769 4.257263 0.546309 9.156952  4.209805 50.028851 0.051055 4.214120 0.147977
28550 4490.128227 0.514342 0.933657 38.234610 0.013322 0.000188 4.260021 0.667693 6.279532  4.179423 47.517929 0.029973 3.728197 0.154521
