0 11 2.810000 25.538510 4.199415 39.332136
50 3 2.512421 24.708027 4.380861 166.920889
100 3 2.062485 24.852057 4.374348 217.877525
150 2 2.214066 25.055852 4.392673 272.113694
200 1 2.098026 25.256672 4.507848 180.251925
250 2 1.986169 24.999938 4.611542 231.561107
300 3 1.999036 24.422506 4.425155 289.373558
350 2 1.726107 24.966406 4.447578 337.376701
400 3 1.778456 24.242604 4.519251 268.990553
450 4 1.502922 24.946623 4.495336 202.970098
500 4 1.414422 24.955687 4.621485 213.294565
550 1 1.676912 25.126291 4.959913 166.544386
600 2 1.672067 25.607343 4.712328 171.736135
650 2 1.444166 25.643102 4.634445 178.942769
700 3 1.518140 26.765451 4.610117 190.636622
750 4 1.602123 26.789952 4.601219 180.109565
800 5 1.388501 27.003749 4.869457 177.447570
850 4 1.161003 27.360068 4.631914 190.122971
900 4 1.295570 27.437987 4.553071 214.420384
950 4 1.085476 27.594110 4.586989 190.166155
1000 6 1.123962 27.391745 4.436925 237.655494
1050 4 1.173922 28.811873 4.564031 180.890676
1100 3 1.179915 28.094985 4.793645 227.005486
1150 4 1.111136 27.457511 4.562468 210.614967
1200 2 0.784939 25.845358 4.911486 188.299789
1250 5 0.876137 24.740604 4.395890 257.300002
1300 4 1.040379 25.932372 4.996263 160.988442
1350 2 1.300359 26.987368 5.065366 179.781053
1400 3 1.356300 26.619344 4.609436 145.433480
1450 3 1.388715 26.252879 5.069303 155.968801
1500 1 1.459735 26.553855 4.924668 135.892271
1550 2 1.300758 26.062897 5.252496 196.099279
1600 2 1.226375 25.817718 5.291202 212.772047
1650 1 1.183810 25.782292 5.262657 290.769835
1700 2 1.030000 28.463219 5.188779 147.019100
1750 3 1.366815 27.720522 5.024449 209.877327
1800 3 1.090004 27.644952 4.738720 216.122007
1850 3 1.280923 27.495904 4.802370 192.533162
1900 5 1.138341 26.772094 4.867257 291.560214
1950 3 1.173356 23.723249 5.096938 193.862938
2000 2 1.135382 24.491930 5.040937 189.911859
2050 2 1.242282 25.361024 4.950818 185.748497
2100 1 1.258157 23.702470 5.162482 209.278272
2150 1 1.359918 24.578261 5.418037 176.869070
2200 2 1.345172 22.688601 5.379272 197.280730
2250 2 1.375243 23.867122 5.173628 184.071826
2300 3 1.463863 24.386967 5.095985 193.838536
2350 2 1.531419 23.433725 4.769567 201.569741
2400 1 1.350494 23.256058 4.797014 217.583204
2450 3 1.197699 25.491740 4.781218 198.820766
2500 1 1.600668 24.063868 5.041134 212.908537
2550 2 1.049842 25.239642 5.172582 220.498219
2600 2 1.329958 24.025346 5.254772 181.051519
2650 1 1.585155 26.493122 5.115870 216.843611
2700 3 1.301057 25.184980 4.930060 177.603252
2750 2 1.195111 25.977404 4.799479 196.997610
2800 2 1.358675 27.460766 4.926663 238.931077
2850 2 1.287987 27.415538 4.804963 197.908752
2900 3 1.162774 25.911881 4.767699 204.171323
2950 2 1.312598 23.926190 4.805719 213.324259
3000 5 1.325240 25.144434 4.712645 158.872353
3050 1 1.604271 24.257567 4.912494 171.959558
3100 3 1.218005 24.594035 5.171472 234.013313
3150 3 1.061335 23.392208 4.543250 262.385966
3200 4 1.018758 23.466563 4.407064 236.369705
3250 3 1.017848 22.734268 4.365288 210.071329
3300 6 0.892740 25.020130 4.229077 199.974677
3350 4 1.245427 23.617762 4.451923 225.989182
3400 4 1.219643 21.799005 5.001916 180.758855
3450 4 0.907218 21.591778 5.191860 162.408231
3500 2 0.832283 21.754539 5.174985 176.322884
3550 3 1.058923 19.275090 5.103018 190.257718
3600 5 0.835446 21.082741 4.768876 196.953715
3650 4 1.040986 25.372481 4.761431 219.205466
3700 7 0.754941 27.181267 4.487778 227.265033
3750 5 0.765453 27.665770 4.599322 194.762366
3800 4 0.915102 27.660090 4.842914 246.012731
3850 4 0.843512 24.283079 5.054854 143.875137
3900 4 1.017176 23.180408 4.653891 173.055463
3950 3 0.771278 25.851298 4.869193 201.436977
4000 2 0.735551 28.277553 5.055670 211.979272
4050 2 0.705741 21.009386 5.310690 187.758564
4100 2 0.740615 18.633195 5.238025 198.034749
4150 2 0.704733 21.509886 5.080095 202.307964
4200 2 0.806440 19.213307 5.180420 201.414724
4250 4 0.791545 21.630312 4.930817 204.533886
4300 3 0.803108 18.899543 5.135460 207.166844
4350 1 0.872523 18.599651 5.219101 201.140332
4400 1 0.909390 16.075827 5.133973 201.641218
4450 2 0.934160 20.933638 5.288890 207.760726
4500 1 0.883904 23.605755 5.317333 206.818073
4550 2 0.861772 25.081564 5.386747 196.854661
4600 1 0.781225 23.409288 5.399199 184.532184
4650 1 0.517606 25.530166 5.428406 203.204087
4700 1 0.821999 24.125902 5.311173 215.552490
4750 3 0.861789 22.950366 5.160730 204.017434
4800 2 0.701649 21.674869 5.042105 213.492320
4850 5 0.711127 20.980942 5.011370 200.496953
4900 3 0.766639 22.200007 4.915598 193.853103
4950 1 0.897008 23.729232 5.073032 194.724879
5000 4 0.793310 22.450393 5.322100 207.705534
5050 5 0.570693 24.704629 5.023566 229.984706
5100 7 0.565156 26.208110 4.810050 181.553639
5150 3 0.682241 26.455053 4.710869 201.475401
5200 6 0.675544 29.015001 4.642786 165.382033
5250 2 0.459289 30.718089 5.056701 192.869295
5300 7 0.304364 31.314881 5.149887 159.162124
5350 11 0.402707 31.107035 4.848437 159.422567
5400 7 0.348695 32.268809 4.829990 206.010033
5450 6 0.312686 30.850432 4.898152 221.078190
5500 2 0.277511 33.140560 5.171821 215.498194
5550 3 0.411239 31.567267 5.015465 218.537495
5600 11 0.396085 31.173211 4.286392 221.652661
5650 8 0.749761 31.285479 4.358349 281.445384
5700 5 0.635660 29.366701 4.808534 191.045862
5750 3 1.015478 30.731202 5.358984 226.411824
5800 3 1.042397 28.441337 4.898481 216.059778
5850 3 1.153078 29.956281 4.857911 216.325710
5900 1 1.585991 31.413216 5.222418 147.130902
5950 2 1.575673 31.335539 5.175386 202.430310
6000 4 1.157832 32.826264 4.873594 151.256810
6050 3 0.963567 34.284082 4.920309 263.045821
6100 4 1.087711 35.427809 4.597598 238.975133
6150 3 0.796968 36.147470 5.113598 173.107955
6200 3 0.814598 35.256608 5.018332 203.089314
6250 5 0.388482 35.274738 5.107391 212.225879
6300 2 0.751934 36.454410 5.153830 271.465357
6350 9 0.663194 36.768203 4.912886 182.139025
6400 5 0.579123 37.697284 4.664237 199.298776
6450 7 0.306722 37.379895 5.229071 169.084916
6500 5 0.468706 36.769046 5.133595 205.538490
6550 7 0.550473 36.620819 4.854277 192.112503
6600 4 0.865655 38.085686 4.774216 198.167415
6650 5 0.501551 38.533158 4.658100 198.078936
6700 8 0.482945 36.443073 4.864560 220.247341
6750 9 0.721491 38.992189 4.785698 196.952120
6800 4 0.939441 38.428654 4.791938 202.525361
6850 2 1.063483 37.755054 5.201237 229.850519
6900 2 0.722791 39.421925 5.200987 165.068554
6950 3 0.842754 36.614456 4.897340 270.401912
7000 4 0.374906 35.268451 5.106432 160.241761
7050 5 0.208858 35.579312 5.086146 207.986791
7100 2 1.046923 40.804598 5.106758 238.123496
7150 3 1.060050 33.017425 4.711528 225.387539
7200 8 0.576243 34.645570 4.779457 208.920003
7250 7 0.659027 36.991198 4.995486 168.939125
7300 6 0.512304 36.488176 4.919363 219.840938
7350 7 0.732578 35.201199 4.773238 194.592236
7400 3 0.922384 35.133726 5.013376 205.118557
7450 5 0.665165 31.845631 5.018328 207.379453
7500 3 0.678372 35.391574 5.207899 159.602903
7550 5 0.587177 37.221049 4.872766 257.681375
7600 8 0.467081 36.151074 4.749817 181.644841
7650 2 0.413948 37.511789 5.728644 225.453709
7700 1 0.288600 38.561144 5.438346 230.123520
7750 4 0.247967 38.527793 5.163031 151.941182
7800 5 0.301277 38.357110 5.242348 182.884606
7850 13 0.353007 38.632549 4.832280 175.046548
7900 10 0.677766 38.755803 4.715317 192.577411
7950 2 0.639501 38.334767 5.067143 209.321798
8000 4 0.656963 38.536032 4.952789 206.673562
8050 6 0.450105 38.750052 4.962763 180.953350
8100 2 0.719299 38.804270 5.122076 260.844751
8150 4 0.655825 38.771849 4.981334 223.972116
8200 3 0.704042 40.109340 4.908939 176.316369
8250 6 0.524893 38.675662 4.674163 182.341774
8300 6 0.412112 38.344094 4.847195 185.523980
8350 7 0.532611 39.897565 4.578657 206.422062
8400 6 0.351990 38.621585 5.179213 189.102223
8450 7 0.164749 43.289751 5.120952 262.446795
8500 3 0.530645 42.594780 5.643352 211.927260
8550 5 0.108128 44.544487 5.510097 223.471487
8600 11 0.295871 45.816583 4.818418 165.464307
8650 7 0.512717 45.392965 4.831877 216.946066
8700 6 0.696637 46.754360 4.643856 189.109419
8750 5 0.809798 43.540419 4.750486 215.069158
8800 10 0.398146 43.868580 4.565620 236.967072
8850 6 0.699571 46.658212 4.610257 189.533037
8900 6 0.478097 47.421900 5.011043 164.552106
8950 3 0.488625 47.131760 5.420500 188.975821
9000 8 0.646466 46.284320 5.060740 178.663920
9050 1 0.396678 47.263930 5.231177 210.679893
9100 2 0.615694 50.274931 5.434298 169.133867
9150 2 0.591861 47.282105 4.895864 226.295739
9200 6 0.625571 47.126503 4.424469 197.356733
9250 7 0.770312 47.870986 4.548831 207.801909
9300 7 0.615302 45.468298 4.414889 202.308192
9350 5 0.572271 49.655771 5.245912 153.216873
9400 3 0.553682 47.430303 4.864891 214.525144
9450 1 0.412251 45.137334 5.358485 203.918401
9500 4 0.554247 45.478521 5.026370 181.330692
9550 5 0.169724 48.654267 4.801510 223.134460
9600 5 0.208662 47.574292 5.402728 241.533194
9650 8 0.283816 47.144935 5.104113 227.595014
9700 13 0.129849 45.874792 5.115594 160.300230
9750 5 0.465213 47.208426 5.160774 187.887099
9800 15 0.425541 45.259548 4.793842 154.798471
9850 8 0.555852 44.874853 5.082991 255.644735
9900 6 0.507414 45.951731 4.983331 236.798310
9950 5 0.940277 43.861858 5.298790 188.876421
10000 5 0.661542 45.827543 4.934766 176.653343
10050 4 0.462289 46.276908 5.098438 186.159391
10100 2 0.785007 46.827498 4.831670 211.932263
10150 5 0.534945 44.404568 5.029212 208.368345
10200 3 0.634455 46.943682 5.286879 118.903023
10250 4 0.851597 43.413452 5.045136 210.439993
10300 3 0.585185 45.324977 4.933435 191.420202
10350 10 0.501884 45.975259 4.940059 191.437377
10400 8 0.875814 43.226156 4.633558 173.444865
10450 4 0.696981 44.834499 4.772150 181.561568
10500 2 0.950873 41.818512 4.873049 145.286671
10550 8 0.706548 43.181060 4.875878 156.030808
10600 6 0.753984 42.815596 4.560030 182.600146
10650 6 0.556758 43.678676 4.591936 236.233785
10700 5 0.520741 42.156553 4.950217 260.481624
10750 6 0.495103 42.246772 5.432878 208.428400
10800 2 0.442297 41.547625 5.199994 239.375368
10850 8 0.607627 41.422855 4.779703 226.711153
10900 7 0.699066 44.507284 4.844342 219.871464
10950 3 0.654207 42.463222 4.661642 235.219207
11000 2 0.474865 44.389090 5.231289 225.120875
11050 7 0.238024 43.771079 5.243890 229.206131
11100 15 0.381663 45.738297 4.774898 194.909782
11150 7 0.366572 45.175801 4.751617 181.821959
11200 4 0.339173 44.481794 5.340900 214.539189
11250 6 0.476147 46.475087 4.964232 207.993218
11300 12 0.293673 46.277465 4.697747 211.729852
11350 5 0.313764 49.050785 5.114456 194.472229
11400 2 0.556779 47.251003 5.299578 189.894724
11450 1 0.546223 44.310320 5.153896 205.000113
11500 2 0.538556 46.212137 5.119281 150.100277
11550 3 0.495794 46.048086 5.442791 204.533706
11600 8 0.422390 44.306829 4.650375 235.077486
11650 2 0.521259 43.974445 5.214727 214.029519
11700 5 0.210487 42.586074 5.100515 145.999509
11750 17 0.149477 42.093652 4.804026 210.183794
11800 6 0.137797 40.823662 5.122152 222.327050
11850 6 0.025116 39.525869 5.183953 221.160525
11900 7 0.065113 38.371996 5.374056 161.923816
11950 9 0.092215 39.978428 5.006337 216.148955
12000 9 0.174285 40.117296 4.915859 200.658484
12050 7 0.395290 42.180537 5.042210 143.347155
12100 4 0.412009 38.380823 5.277783 183.823420
12150 13 0.395860 39.052396 4.294543 168.286800
12200 9 0.521304 43.398946 4.619621 166.594625
12250 19 0.411204 39.185428 4.481811 170.371902
12300 5 0.681366 42.134163 4.522406 230.312442
12350 3 1.002291 39.658599 5.066079 199.275205
12400 5 0.766074 42.225800 4.625853 222.561478
12450 12 0.704033 44.670433 4.563365 148.238315
12500 11 0.569137 41.990079 4.387376 192.817130
12550 12 0.743103 41.293983 4.005379 228.605283
12600 6 0.693900 39.602887 4.471198 192.171915
12650 10 0.556155 38.243891 4.598800 220.829134
12700 9 0.518973 39.457165 4.837068 198.241409
12750 7 0.679621 36.708224 5.098743 147.578925
12800 6 0.552822 39.576277 4.482347 193.358463
12850 9 0.448208 38.160683 4.591667 172.756521
12900 5 0.479513 40.169792 5.216358 229.099260
12950 8 0.670763 40.577020 4.474539 208.383369
13000 8 1.015914 39.205677 4.080005 186.017368
13050 10 0.624433 41.979385 4.211872 210.408339
13100 4 0.704219 43.178378 5.034410 194.253645
13150 4 0.804560 40.093752 4.936403 227.826172
13200 8 0.527555 39.635738 4.747132 197.976275
13250 7 0.823691 43.550138 4.635773 206.818948
13300 3 0.611115 41.951617 5.064370 174.521551
13350 1 0.638671 41.260267 5.293141 185.972541
13400 4 0.626156 44.349035 5.201968 184.301454
13450 3 0.761628 43.356064 5.503833 211.054453
13500 5 0.294065 41.900941 5.503833 211.054453
13550 1 0.374075 43.160547 5.314166 211.554166
13600 7 0.524588 45.458993 5.314166 211.554166
13650 12 0.151608 46.037987 5.312544 214.425163
13700 2 0.480284 43.891822 5.101585 206.856324
13750 1 0.418320 38.982584 5.479126 206.951469
13800 2 0.154080 39.894605 5.439825 204.949853
13850 5 0.074026 42.801800 5.611326 205.282025
13900 4 0.131912 38.246772 5.216918 183.674274
13950 8 0.315988 38.388820 5.051721 205.371422
14000 4 0.472645 38.340224 5.188224 215.571444
14050 8 0.476117 37.032360 4.716098 199.713666
14100 5 0.544881 35.830151 4.985155 198.292899
14150 2 0.319636 40.163683 5.080280 190.777890
14200 8 0.328295 39.975377 5.059133 198.367606
14250 4 0.714245 45.377984 5.028747 190.792080
14300 4 0.641097 44.142036 4.798576 212.129458
14350 13 0.711948 44.756647 3.828721 187.336177
14400 5 1.165178 45.823179 4.764132 184.312442
14450 4 0.887603 46.245911 4.736129 181.637981
14500 6 0.841142 43.583914 5.008786 184.056921
14550 4 0.547765 44.433004 4.841770 173.778034
14600 2 0.572603 44.323678 5.313926 218.452649
14650 6 0.507952 41.952565 4.828904 201.560168
14700 8 0.541383 42.794523 4.710862 165.284978
14750 6 0.254758 44.591753 5.016154 208.234120
14800 8 0.424633 43.329873 4.765792 202.624285
14850 9 0.476116 40.866850 4.765792 202.624285
14900 8 0.485576 45.195628 4.928059 203.084455
14950 2 0.265812 41.316312 5.208977 205.165872
15000 9 0.005547 41.130107 5.147323 203.904559
15050 5 0.226492 43.596149 5.167811 216.935264
15100 7 0.206232 38.780053 5.075988 216.476054
15150 21 0.230258 40.457228 4.542078 147.158234
15200 3 0.235141 37.089865 5.496639 165.648437
15250 4 0.427955 37.238645 5.128767 243.210821
15300 6 0.329069 38.286861 4.836530 228.101737
15350 10 0.368412 40.443417 4.987591 204.354921
15400 9 0.606532 38.344214 4.479579 213.591048
15450 8 0.383830 39.838694 4.906722 199.322033
15500 12 0.345677 37.484896 4.471195 175.353786
15550 5 0.583142 39.360975 5.260429 185.523895
15600 4 0.214789 40.097676 5.366421 215.230123
15650 6 0.363721 35.275604 5.315249 176.320579
15700 3 0.258707 33.674944 5.059624 213.955609
15750 2 0.245427 32.063265 5.391494 262.599631
15800 9 0.234934 36.285375 5.615062 241.046908
15850 4 0.333085 35.174804 5.345676 140.201323
15900 6 0.661060 35.575050 4.862048 232.328285
15950 4 1.037448 36.450545 5.257646 210.531284
16000 4 0.693766 38.650287 5.232201 181.993263
16050 5 0.661110 35.351721 5.142085 203.911753
16100 3 0.054730 36.575098 5.081421 200.668946
16150 2 0.263508 32.973961 5.261702 181.385868
16200 9 0.237903 32.169583 4.857559 181.776612
16250 6 0.166230 33.952970 5.209903 195.211823
16300 1 0.517546 30.635344 5.252119 199.038517
16350 6 0.431204 34.224404 5.114372 196.652846
16400 5 0.651664 33.292037 5.285227 196.020446
16450 1 0.415398 33.566584 5.323264 205.417130
16500 6 0.258383 35.018756 5.056894 214.859848
16550 4 0.171591 32.860179 5.269284 212.845751
16600 3 0.153335 33.838404 5.269284 212.845751
16650 2 0.166857 34.458340 5.061121 212.486561
16700 1 0.024454 32.904081 5.249499 213.035156
16750 1 0.399109 30.150472 5.136028 211.905381
16800 8 0.404259 32.685297 5.136028 211.905381
16850 3 0.472742 29.483500 5.290411 214.556733
16900 2 0.793524 23.581676 5.290411 214.556733
16950 3 0.286404 28.004640 5.117485 213.300563
17000 6 0.414436 28.135874 5.212262 213.002269
17050 2 0.701799 29.154104 5.212262 213.002269
17100 4 0.638382 31.921697 5.212262 213.002269
17150 1 0.468944 29.982937 5.240654 212.491356
17200 3 0.359041 29.255659 5.232999 213.112711
17250 2 0.473230 25.089857 5.189791 214.625869
17300 3 0.580578 25.706549 5.446400 209.126115
17350 4 0.499387 22.740856 5.494020 206.976566
17400 1 0.375768 19.894832 5.392461 212.157416
17450 6 0.497076 22.464560 5.172140 208.019575
17500 2 0.556062 22.162547 5.107170 202.385854
17550 6 0.500494 22.041465 4.542522 241.173051
17600 10 0.162534 23.349586 4.529443 219.496211
17650 5 0.548995 24.550783 4.979120 199.929595
17700 5 0.767612 26.863169 4.550031 194.081242
17750 4 0.895834 24.750746 4.353027 182.431299
17800 4 1.078636 23.050732 4.578258 196.965232
17850 5 0.799434 21.336957 4.669406 201.587427
17900 3 0.922433 20.799937 4.841040 204.969594
17950 4 1.098230 21.473748 4.850707 246.912965
18000 6 0.693873 21.935298 5.014397 166.565130
18050 5 0.656903 23.729477 4.626758 213.205028
18100 6 0.643393 22.802978 5.015178 232.613404
18150 9 0.514767 25.322951 4.682160 175.716862
18200 3 0.546725 23.648709 5.240614 191.215028
18250 4 0.217513 22.104385 5.314307 103.262221
18300 4 0.714611 17.519854 4.712495 192.153866
18350 5 0.935819 21.231615 4.461872 284.849099
18400 3 0.999671 25.703127 4.724652 267.011278
18450 4 0.653462 23.411228 5.212705 171.083953
18500 2 0.623948 21.949175 5.310485 232.010724
18550 2 0.529954 26.382474 5.026763 180.804014
18600 3 0.571511 30.961495 5.186259 220.486058
18650 2 0.599741 23.525954 5.206383 214.389323
18700 3 0.534569 23.437453 5.245253 242.332439
18750 4 0.792681 27.175509 4.711534 232.959161
18800 3 0.780466 27.196103 4.970491 177.592207
18850 3 0.688506 25.766648 5.250488 169.289066
18900 3 0.769774 24.869555 4.839065 181.169615
18950 4 0.719434 26.281260 4.724039 235.895652
19000 4 0.739381 22.745831 4.838786 246.462465
19050 7 0.586024 24.386753 5.109813 245.064397
19100 3 0.695222 23.484882 4.829052 212.779215
19150 5 0.585582 25.036303 4.689825 198.643495
19200 6 0.334929 23.356114 4.950449 215.841642
19250 6 0.784608 25.212364 4.823001 202.922404
19300 7 0.705185 22.470990 4.684991 188.004293
19350 6 0.552567 22.493739 4.919910 192.265524
19400 3 0.735251 25.367983 4.903509 193.440175
19450 3 0.620421 26.193606 5.119711 198.351519
19500 5 0.697567 22.181793 4.870489 212.988307
19550 5 0.803042 22.085862 4.952766 245.625850
19600 11 0.800045 20.917951 4.023429 174.963324
19650 3 0.859548 24.852654 4.787568 231.629662
19700 3 0.672200 23.189828 4.910238 227.652920
19750 4 0.372562 27.393259 5.284343 194.829486
19800 7 0.265552 21.341286 5.106691 152.784684
19850 20 0.323449 24.157605 4.590253 116.269438
19900 11 0.383598 25.038285 4.424466 159.649675
19950 11 0.558911 25.686738 4.561920 204.356704
20000 10 0.641411 27.890948 4.293486 220.217486
20050 11 0.529164 27.775580 4.639411 216.930008
20100 11 0.614897 25.309150 4.610595 205.515828
20150 2 0.647883 25.538432 4.715406 235.689888
20200 2 0.698691 28.463180 4.943055 181.082260
20250 4 0.814854 26.846486 5.176954 173.229901
20300 2 0.729120 25.761123 4.989927 238.507758
20350 3 0.517388 23.115528 5.118389 230.530417
20400 2 0.577947 22.674060 5.282656 215.868709
20450 2 0.532011 22.682584 5.328848 207.068802
20500 5 0.580229 22.140614 5.194737 208.013111
20550 3 0.588718 24.647831 4.866619 205.489190
20600 6 0.550321 25.337133 4.906101 208.191597
20650 4 0.626110 25.303180 4.752017 212.563046
20700 6 0.442293 25.866962 4.899183 210.062985
20750 7 0.482758 25.435861 4.657278 197.377762
20800 7 0.472735 26.589136 5.610576 81.236218
20850 4 0.421139 27.088855 4.932858 180.238760
20900 3 0.483303 23.042310 4.948556 149.101318
20950 4 0.490832 20.477118 4.660745 196.683674
21000 3 0.568849 22.019547 5.235109 146.844419
21050 4 0.613107 21.220972 4.763855 220.617067
21100 2 0.535187 22.024408 5.378596 202.462250
21150 6 0.617054 20.386674 5.506087 189.497947
21200 2 0.611259 21.172841 5.004579 250.029531
21250 2 0.570184 21.104750 5.013023 229.360234
21300 4 0.489861 19.839437 5.387656 214.460769
21350 1 0.598960 19.706288 4.994569 190.458656
21400 1 0.585737 21.451626 5.203726 192.391254
21450 2 0.696327 20.724772 5.027716 276.671576
21500 2 0.804755 19.986741 4.940778 191.393656
21550 8 0.630691 17.382931 4.805837 250.672909
21600 2 0.599666 20.343788 5.209339 193.265484
21650 2 0.649043 18.895971 4.871484 226.598906
21700 2 0.671745 16.992876 5.084082 210.642422
21750 4 0.573129 17.861449 5.177497 254.458100
21800 1 0.602390 16.417333 5.334254 209.415894
21850 2 0.641548 11.419729 5.420665 220.341794
21900 1 0.808955 13.912153 4.976167 181.694260
21950 4 0.544833 16.438503 4.750860 304.081187
22000 4 0.721844 16.875344 5.001626 209.713354
22050 4 0.569906 15.054541 5.172221 315.417129
22100 2 0.595010 13.454953 4.761452 250.528799
22150 3 0.511236 15.998967 5.085107 190.518000
22200 1 0.430239 8.876185 5.512398 236.782744
22250 4 0.595199 6.476231 4.810343 204.447938
22300 2 0.557962 12.086187 5.315322 170.157115
22350 1 0.499882 8.442093 4.692250 225.477609
22400 2 0.580215 9.890996 4.698974 229.046395
22450 3 0.511884 10.002241 5.132775 169.536646
22500 3 0.541032 17.065731 5.242967 197.242734
22550 5 0.554657 18.350630 5.066319 183.011575
22600 4 0.651092 10.741595 4.855980 195.577332
22650 6 0.764487 12.644189 5.067841 180.859769
22700 3 0.593264 14.609328 5.095236 183.844960
22750 1 0.552226 16.041770 5.298780 183.336715
22800 6 0.596186 11.909182 5.210955 190.493552
22850 4 0.491352 10.896796 5.119037 195.188054
22900 3 0.579329 12.673877 5.338061 195.637650
22950 2 0.470558 13.721220 5.085796 219.520742
23000 2 0.626191 9.678799 5.076153 298.329593
23050 3 0.941144 13.657724 5.277851 208.708291
23100 3 0.681970 9.984065 5.212148 171.142352
23150 4 0.638497 14.460723 5.319864 203.688898
23200 3 0.647408 17.060126 5.346979 171.571084
23250 6 0.706794 10.839512 5.044456 232.741121
23300 3 0.759866 13.717973 5.017898 191.141527
23350 1 0.717044 19.994084 5.559320 173.906227
23400 3 0.778558 23.846448 4.967183 206.614216
23450 3 0.783092 17.735131 4.714441 213.756705
23500 5 0.764817 19.672651 4.899498 206.571011
23550 4 0.712511 21.909303 5.178885 144.002148
23600 2 0.642921 19.313610 5.326682 209.087617
23650 3 0.566054 18.799969 5.171640 203.042063
23700 2 0.590929 15.107987 5.091805 183.237208
23750 1 0.354032 17.958471 5.293066 166.922754
23800 1 0.444418 17.383189 5.348451 172.413511
23850 4 0.478861 20.159273 4.773926 159.679173
23900 5 0.317810 18.158099 4.901879 223.209669
23950 5 0.368505 17.393132 5.107766 202.396944
24000 3 0.806834 15.709317 4.850591 215.602510
24050 2 0.378176 18.030906 5.350863 215.109860
24100 3 0.506226 22.521728 4.955516 216.661878
24150 6 0.487870 24.478821 4.618145 218.651287
24200 6 0.615649 23.752699 4.620472 226.749021
24250 5 0.680079 21.997109 4.687577 183.500418
24300 4 0.957128 19.884114 4.933922 203.720353
24350 2 0.875993 21.915759 5.174033 199.171086
24400 2 0.650981 20.149141 5.160026 217.082461
24450 4 0.766722 18.997550 5.081365 162.597160
24500 3 0.797570 15.788596 4.882563 172.061250
24550 3 1.107956 19.635499 5.395035 211.844088
24600 4 0.570358 18.647981 4.955579 188.129084
24650 6 0.581820 22.083918 5.142705 172.190075
24700 5 0.418736 20.829657 4.827859 241.818640
24750 5 0.785708 20.000589 4.777704 204.219708
24800 5 0.592103 20.744310 5.040951 187.325338
24850 7 0.459095 20.251910 4.589834 197.801013
24900 6 0.540998 21.180223 4.842194 170.893783
24950 2 0.586405 20.131659 5.210874 194.235171
25000 1 0.383214 18.381741 5.213680 211.275729
25050 6 0.390711 17.083759 4.956760 241.687645
25100 1 0.640089 16.280962 5.556534 176.893535
25150 5 0.763067 19.569259 4.690645 234.496863
25200 3 0.697442 21.979488 5.055832 205.021530
25250 1 0.932540 24.145736 5.144884 234.945785
25300 3 0.660586 16.723716 4.934237 189.175349
25350 3 0.503362 18.549674 5.024956 159.097753
25400 6 0.347042 17.740666 5.093091 203.125123
25450 3 0.565471 17.915522 5.462037 197.947928
25500 5 0.422875 22.994460 5.140401 196.913148
25550 4 0.354509 17.295725 5.369335 188.256608
25600 6 0.417272 16.841428 4.966559 174.960687
25650 4 0.489833 14.179160 4.918332 200.404694
25700 2 0.583773 14.508048 4.939897 186.693135
25750 5 0.333542 18.214640 5.005483 211.071225
25800 4 0.599553 15.871675 5.033855 218.926046
25850 6 0.517678 16.336080 4.770505 203.612640
25900 7 0.415244 20.719479 4.911183 209.360629
25950 3 0.564538 19.611571 4.917127 194.071211
26000 5 0.394444 18.680223 4.623579 239.517702
26050 6 0.511323 19.509490 4.687962 205.415528
26100 6 0.551128 18.900634 5.008874 208.070638
26150 8 0.322617 22.304476 4.793879 202.587871
26200 8 0.105467 18.389881 5.102088 194.789490
26250 7 0.171347 18.199847 5.163020 259.574190
26300 5 0.326249 15.937226 5.039978 195.952711
26350 5 0.306303 18.931238 5.305111 199.549251
26400 4 0.455950 20.299240 5.228374 219.921061
26450 5 0.482525 22.956321 5.025775 196.410799
26500 7 0.587271 19.183886 4.809255 187.688014
26550 3 0.420336 20.850429 5.274924 217.826269
26600 9 0.534519 16.656809 4.419752 212.990572
26650 9 0.782086 20.551945 4.588128 162.142943
26700 8 0.469299 20.568982 4.882742 197.772847
26750 7 0.511411 19.196450 4.803278 225.994247
26800 16 0.505312 19.765985 4.414576 169.653716
26850 7 0.546603 17.291804 4.274878 233.406289
26900 11 0.691949 19.264886 4.217752 205.338642
26950 5 0.773644 19.113448 4.912061 122.422663
27000 5 0.465216 17.914050 5.245876 229.189704
27050 8 0.329365 20.874330 4.774273 214.827411
27100 5 0.308808 18.176198 5.156471 171.018149
27150 3 0.250119 18.458850 5.314500 240.786739
27200 9 0.266763 21.873569 5.129571 193.799201
27250 4 0.717178 20.715072 4.765642 230.096378
27300 6 0.757199 19.640029 4.829308 198.935562
27350 6 0.368022 19.840005 5.130451 200.233571
27400 2 0.466236 19.085787 5.005865 181.051162
27450 3 0.460661 14.737538 4.898828 258.043725
27500 3 0.382552 16.313087 4.796554 221.185564
27550 4 0.434255 14.761758 4.559189 230.109870
27600 2 0.433652 14.567605 5.170642 209.443416
27650 4 0.520228 16.273533 5.127708 212.875366
27700 5 0.444157 21.872573 4.786487 227.349430
27750 1 0.514238 19.508274 5.183732 204.618971
27800 5 0.475247 22.333859 4.841915 289.936007
27850 8 0.407336 18.206105 4.666359 216.086096
27900 5 0.522331 22.913874 5.118768 222.447280
27950 7 0.838044 19.423352 4.917893 199.944975
28000 5 0.393381 20.233645 5.107033 210.203507
28050 2 0.521351 20.647282 5.347835 210.587458
28100 3 0.279518 19.253421 5.351665 214.174710
28150 4 0.474824 16.210737 5.092730 209.702631
28200 10 0.206949 17.499917 5.149690 197.153719
28250 8 0.310988 18.931069 5.076204 197.059646
28300 4 0.395743 19.488727 4.974338 203.074276
28350 8 0.643146 18.839587 4.665945 199.141079
28400 11 0.455178 19.957699 4.639516 207.249044
28450 5 0.476913 19.332667 4.942016 203.442200
28500 8 0.312949 21.119145 5.078920 201.356439
28550 5 0.398872 21.638838 5.078920 201.356439
