0 8 2.830000 24.210000 3.700000 47.000000 1.019793 4.917565 
50 8 2.708382 23.963602 3.701994 51.792178 0.408906 8.430281 
100 10 2.408033 24.298516 3.764521 43.620688 0.399937 2.575939 
150 8 2.467725 24.109726 3.761693 50.016293 0.356029 5.299926 
200 10 2.432585 24.654819 3.769204 44.849861 0.206475 6.151261 
250 12 2.468926 24.901684 3.821645 36.670853 0.338159 3.357023 
300 11 2.438204 24.721926 3.794980 39.147301 0.337508 1.313013 
350 10 2.458760 24.487249 3.652036 44.445827 0.328131 1.483925 
400 12 2.358045 26.164996 3.793275 48.567145 0.406414 0.487155 
450 10 2.342849 26.165501 3.803584 43.581869 0.246406 0.320744 
500 12 2.406327 26.321454 3.779204 26.711735 0.173993 0.588417 
550 13 2.160755 26.257974 3.825858 29.102028 0.324078 1.382995 
600 11 2.103929 26.229540 3.827244 47.478239 0.252068 8.621991 
650 10 2.127112 25.419480 3.833177 53.170937 0.308638 10.531547 
700 11 2.026327 26.206802 3.825217 56.426270 0.458483 11.755593 
750 12 1.731916 26.894933 3.842812 56.247797 0.291054 4.275073 
800 10 1.992273 25.387832 3.820311 54.972865 0.333831 3.076057 
850 10 1.866892 24.996210 3.820311 54.972865 0.480872 4.276246 
900 11 1.840525 25.684795 3.856875 54.412859 0.295191 5.063807 
950 14 1.661608 25.792008 3.870945 53.053571 0.278843 1.555046 
1000 13 1.738789 24.886027 3.771064 58.800696 0.330313 1.716307 
1050 12 1.657730 24.064942 3.700120 46.990457 0.379823 2.391326 
1100 10 1.858221 24.423784 3.768051 68.940857 0.296576 3.221628 
1150 14 1.553403 26.319668 3.608799 68.445227 0.351428 1.940778 
1200 14 1.658575 27.627294 3.778083 58.589757 0.323264 1.999890 
1250 13 1.534993 27.241818 3.583031 47.403824 0.293214 2.473908 
1300 12 1.302736 24.551280 3.769309 67.965117 0.338961 2.588788 
1350 14 1.410404 25.651331 3.958608 45.050070 0.239646 3.616168 
1400 11 1.279699 25.809655 3.966900 55.878282 0.238771 6.562847 
1450 11 1.375249 23.797661 4.026388 57.414450 0.277363 9.521061 
1500 13 1.433677 23.736908 3.934196 58.711239 0.248241 7.619431 
1550 11 1.504073 21.635972 4.012474 58.020422 0.309260 5.098626 
1600 11 1.466318 20.160736 3.911324 61.631558 0.252830 5.610283 
1650 10 1.454780 19.789364 3.668753 65.679527 0.322935 4.735330 
1700 14 1.391181 19.884300 3.600220 49.446332 0.407333 1.732481 
1750 15 1.690215 20.679866 3.787173 54.427955 0.306706 2.431410 
1800 14 1.577791 21.655578 3.775268 49.461284 0.223086 4.257456 
1850 15 1.721491 23.274946 3.600604 56.520590 0.279113 5.054280 
1900 13 1.612844 23.093414 3.505597 66.077000 0.256468 7.145007 
1950 13 1.676474 26.018804 3.590939 53.390744 0.228252 3.524757 
2000 14 1.741972 26.204043 3.570424 39.676056 0.163509 0.872852 
2050 16 1.721108 25.025498 3.679036 43.544607 0.245980 1.314695 
2100 15 1.718647 25.082189 3.750953 39.738392 0.167261 2.385848 
2150 11 2.025375 25.096388 3.710377 34.730121 0.129014 3.295746 
2200 12 1.738784 24.882782 3.894093 47.370069 0.137693 2.433890 
2250 14 1.680753 24.864923 3.929863 45.351823 0.166097 3.745950 
2300 11 1.712223 25.021115 3.880658 46.511763 0.195061 5.297460 
2350 13 1.660191 25.904329 3.793196 43.491241 0.217321 19.224394 
2400 13 1.510120 26.514353 3.729048 53.884000 0.264218 17.479203 
2450 12 1.352116 26.351205 3.687258 66.140771 0.239313 16.596889 
2500 12 1.574369 26.627074 3.688015 56.748437 0.262415 6.004780 
2550 12 1.112794 27.294472 3.812958 51.326760 0.193550 7.683522 
2600 12 1.635984 26.420998 3.761279 44.819920 0.272474 5.197385 
2650 11 1.942963 26.463595 3.834715 44.130699 0.216384 13.979884 
2700 13 1.503333 26.037317 3.969173 52.033897 0.224192 11.420777 
2750 13 1.291004 24.498973 3.953973 33.395226 0.193666 11.325982 
2800 11 1.371856 26.075340 3.935975 54.107730 0.203655 11.872408 
2850 13 1.343285 25.087241 4.176600 43.937753 0.222062 21.623743 
2900 13 1.292935 25.306025 4.253016 52.606531 0.219883 26.366948 
2950 13 1.229282 25.761801 4.319265 47.955189 0.167972 28.179880 
3000 14 1.322693 25.272065 4.154221 21.320519 0.267729 33.459513 
3050 10 1.420065 26.788780 4.106573 39.361116 0.340233 23.920514 
3100 12 1.276641 28.030996 4.125458 38.634004 0.192477 30.084274 
3150 10 1.158318 27.475127 4.214398 23.466967 0.183257 17.069714 
3200 10 1.302383 27.645714 4.135699 43.626097 0.358244 48.524522 
3250 13 1.019635 24.936671 4.033215 40.234204 0.297118 92.146527 
3300 12 1.095821 26.779443 4.224467 24.877269 0.202646 55.881537 
3350 12 0.751997 23.364467 4.123416 64.485827 0.273870 93.517150 
3400 12 0.925300 28.486650 4.161631 59.186382 0.581566 81.200519 
3450 13 0.797599 26.338640 4.198369 63.559171 0.289174 111.680763 
3500 12 0.723431 26.675526 4.149283 81.824254 0.276425 56.142488 
3550 13 0.695664 25.134598 4.163329 52.207829 0.217101 59.999114 
3600 11 0.751199 26.361452 4.155209 52.448529 0.328988 51.423682 
3650 13 0.919030 26.301726 4.164597 53.984293 0.261614 54.182682 
3700 13 0.875192 30.431911 4.187524 64.330958 0.316821 57.313632 
3750 15 0.868550 33.385356 4.182571 62.909078 0.410474 57.642530 
3800 13 0.853947 30.581286 4.201626 52.829377 0.336685 83.770733 
3850 12 0.861685 30.147979 4.175055 67.549721 0.297822 137.055575 
3900 14 0.804594 26.975975 4.269154 32.272587 0.400906 224.483681 
3950 10 0.587040 26.529916 4.314068 49.661540 0.256341 1056.258559 
4000 9 0.933371 23.505859 4.317230 42.681766 0.211025 1980.546987 
4050 15 0.677424 32.447715 4.276722 37.064455 0.260362 364.020560 
4100 11 0.465855 30.599717 4.268048 42.245570 0.203408 101.368868 
4150 10 0.584416 27.303473 4.393665 57.509945 0.206502 94.067210 
4200 12 0.729777 26.284458 4.412262 58.142235 0.199132 104.996866 
4250 14 0.633061 27.735426 4.421309 40.064089 0.206536 210.691107 
4300 13 0.651074 28.460109 4.283857 73.147196 0.181277 364.074407 
4350 12 0.676171 26.823420 4.302749 54.834049 0.189163 350.128545 
4400 11 0.627570 27.095492 4.514791 21.917160 0.203141 196.132788 
4450 14 0.726175 24.390641 4.282898 38.539596 0.115664 195.400244 
4500 13 0.680886 24.747932 4.265879 55.916214 0.121694 271.761699 
4550 13 0.720355 28.345210 4.424824 59.259686 0.211149 144.300009 
4600 13 0.647270 30.241371 4.690673 38.249166 0.233265 112.044971 
4650 12 0.634577 30.891508 4.331784 59.317378 0.215403 96.755601 
4700 12 0.541710 29.972290 4.450493 33.177121 0.102428 113.690548 
4750 11 0.576462 30.017085 4.504757 39.304045 0.197324 46.382761 
4800 14 0.528011 28.682558 4.423829 32.168366 0.178806 104.748111 
4850 12 0.660084 28.173288 4.435674 38.946551 0.282602 243.339387 
4900 13 0.624304 27.808111 4.383663 39.524607 0.150304 353.719889 
4950 13 0.460702 25.065027 4.525078 27.903271 0.242619 760.129456 
5000 10 0.575668 24.457685 4.312657 36.241281 0.373321 303.879271 
5050 15 0.578747 25.513457 4.452134 36.278456 0.268239 420.329126 
5100 16 0.750603 25.794270 4.566919 44.998487 0.268710 923.577305 
5150 12 0.737551 26.126612 4.631951 29.154551 0.316557 813.430281 
5200 15 0.636229 26.544385 4.127746 30.782804 0.558489 920.826053 
5250 13 0.483103 26.560245 4.222013 46.860339 0.473817 736.241032 
5300 15 0.465993 24.659695 4.223620 72.019558 0.506854 971.334346 
5350 13 0.295158 26.598362 4.294997 47.715338 0.609223 1268.774107 
5400 15 0.599903 26.483706 4.307618 48.221935 0.485281 1340.097196 
5450 13 0.457662 24.094563 4.408718 41.894826 0.450978 2850.672277 
5500 12 0.788562 23.916686 4.259168 48.799073 0.422985 1788.626432 
5550 11 0.770970 24.064182 4.205435 37.922552 0.351954 4088.587629 
5600 16 1.100837 23.320355 4.099316 22.865958 0.557701 2652.542258 
5650 13 0.551839 23.166316 4.429656 38.034473 0.534702 5294.300445 
5700 12 0.213281 18.774334 4.615136 5.472599 0.485922 4990.920877 
5750 11 0.556839 19.819268 4.345633 37.631634 0.296501 1685.152603 
5800 15 0.454234 20.149538 4.447979 32.123453 0.248956 1859.098740 
5850 14 0.954826 20.090609 4.237319 21.399262 0.467262 1272.401119 
5900 12 1.239321 22.926977 4.519014 4.308192 0.515137 882.337016 
5950 11 1.151430 21.284522 4.521921 37.181432 0.365343 821.740990 
6000 13 0.858953 19.805832 4.253507 27.211710 0.587475 611.820186 
6050 13 0.794690 18.228985 4.176394 46.930201 0.532564 808.340016 
6100 13 0.515021 17.783773 4.550536 22.928796 0.592247 1036.279770 
6150 14 0.609138 21.321643 4.603947 20.991766 0.520391 2808.539487 
6200 11 0.237975 20.504812 4.505294 22.865958 0.337697 3043.099254 
6250 15 0.331781 21.722726 4.506607 33.612412 0.433633 3303.227708 
6300 13 0.218132 20.661432 4.486393 14.316599 0.331298 1980.415251 
6350 12 0.293612 20.131465 4.339230 55.380892 0.484058 2307.047223 
6400 12 0.119644 21.035216 4.247168 55.861895 0.406036 3862.915625 
6450 12 0.312196 24.216390 4.343177 46.397340 0.460053 1448.533024 
6500 14 0.490584 22.992459 4.332504 32.433515 0.537887 537.601033 
6550 14 0.639981 23.364903 4.379665 18.203783 0.409077 817.977441 
6600 11 0.556615 24.756158 4.328608 56.566590 0.283637 982.590933 
6650 12 0.582875 24.651684 4.636078 40.074002 0.390741 970.459867 
6700 15 0.149780 21.417524 4.629784 37.159254 0.514005 1007.635000 
6750 13 0.130758 25.217055 4.432494 39.190253 0.439746 2029.510228 
6800 13 0.213029 24.784445 4.347935 38.570364 0.574215 4043.627200 
6850 12 0.466910 22.509926 4.436794 28.773689 0.408573 1276.897259 
6900 15 0.215410 23.736624 4.269106 101.183412 0.400932 486.481472 
6950 11 0.295824 25.244822 4.478939 47.537492 0.293667 327.010670 
7000 13 0.103542 24.607583 4.533393 80.045123 0.301177 342.429432 
7050 16 0.061008 26.711237 4.502388 72.519051 0.295118 1354.543995 
7100 13 0.388170 24.513465 4.434866 55.380521 0.336105 565.512248 
7150 14 0.352195 26.637808 4.563080 36.929337 0.416667 1122.029994 
7200 15 0.113698 27.043211 4.661128 31.492501 0.486569 3423.349395 
7250 12 0.185920 29.507385 4.356224 47.809761 0.673623 8945.024193 
7300 14 0.234666 22.060894 4.507582 51.754545 0.337018 16662.638758 
7350 16 0.225630 24.689241 4.518127 51.603183 0.284579 7605.743400 
7400 15 0.144825 29.760013 4.716804 48.408624 0.330518 12045.199292 
7450 13 0.226742 29.694145 4.711779 25.633696 0.380223 12436.820265 
7500 12 0.317504 28.792943 4.577262 46.570721 0.250039 13386.019749 
7550 13 0.445708 26.154334 4.686187 45.688751 0.502120 15610.742574 
7600 15 0.282469 25.995406 4.536388 45.860063 0.331505 16461.497545 
7650 17 0.263267 26.223643 4.217858 29.001840 0.517270 37858.275811 
7700 12 0.037126 30.893466 4.508153 15.466531 0.219567 43209.436550 
7750 12 0.128498 36.291075 4.399986 62.519346 0.619462 45847.618087 
7800 13 0.307395 38.903140 4.363645 74.125310 0.542908 60641.418828 
7850 15 0.235753 40.091601 4.504408 69.752547 0.641255 22146.629450 
7900 16 0.431909 41.671057 4.249767 70.276400 0.642322 21343.655433 
7950 13 0.282647 35.420836 4.426068 44.615429 0.369102 12399.830925 
8000 14 0.226680 38.284394 4.587370 46.531684 0.564809 4666.385395 
8050 13 0.263305 40.134154 4.490895 79.725674 0.425179 12846.784122 
8100 14 0.422642 41.828590 4.480064 31.419807 0.427294 44187.896173 
8150 13 0.433840 37.624570 4.548570 49.309998 0.303511 14147.375634 
8200 13 0.573680 40.270309 4.448634 23.916744 0.599403 7367.739467 
8250 14 0.360884 40.152762 4.435108 47.635510 0.616043 21145.983799 
8300 15 0.422591 38.008212 4.396121 41.715591 0.508122 15008.334653 
8350 15 0.362857 40.112744 4.564736 42.481525 0.605530 18691.676431 
8400 14 0.238729 33.489011 4.205099 71.444167 0.504331 16873.635204 
8450 13 0.151865 29.577991 4.447662 31.803237 0.456254 21265.298618 
8500 12 0.286650 39.898880 4.195760 49.618858 0.516751 10290.174642 
8550 13 0.262218 28.900728 4.262216 75.391783 0.513666 19765.655221 
8600 13 0.285981 26.159756 4.672657 77.437660 0.698084 24518.194656 
8650 10 0.255611 27.124155 4.347113 67.167664 0.578626 11221.872018 
8700 10 0.148386 31.048236 4.601631 49.082546 0.643777 20453.530623 
8750 12 0.312093 33.917449 4.557221 30.237075 0.565590 19705.464346 
8800 14 0.166164 31.038365 4.424575 48.695517 0.390811 10205.461703 
8850 17 0.261346 34.570990 4.591471 5.436219 0.371798 3735.382530 
8900 13 0.319221 36.910447 4.683945 17.568804 0.376974 3060.040686 
8950 12 0.355040 43.247197 4.405190 71.810930 0.361185 4062.469248 
9000 14 0.289995 38.769958 4.395923 10.876930 0.296898 1355.987422 
9050 14 0.401869 37.444014 4.550785 23.042061 0.294548 980.354031 
9100 10 0.270633 40.049797 4.632255 33.661108 0.198472 571.254696 
9150 9 0.157939 37.177365 4.602016 37.599234 0.219948 437.272347 
9200 11 0.243038 49.296530 4.614597 37.983149 0.454145 1301.748284 
9250 13 0.213324 46.014269 4.555592 47.202000 0.441308 582.449122 
9300 13 0.340559 45.110342 4.334831 54.962071 0.644029 785.221721 
9350 15 0.231291 45.209898 4.639564 33.150737 0.291802 476.504969 
9400 12 0.229559 48.145004 4.433383 43.884948 0.262617 228.808727 
9450 10 0.079977 48.084863 4.721556 44.881945 0.224871 309.223905 
9500 10 0.115225 40.268313 4.625959 44.367485 0.261457 414.979364 
9550 12 0.080881 38.195989 4.625959 44.367485 0.330198 393.545107 
9600 13 0.190297 51.145141 4.625959 44.367485 0.384036 566.037874 
9650 12 0.201459 40.417973 4.684832 64.402203 0.564762 914.601501 
9700 13 0.263447 40.835145 4.680978 37.443864 0.715237 1552.677155 
9750 10 0.109461 35.927409 4.735450 40.228248 0.758717 2022.441825 
9800 15 0.326187 39.400274 4.454958 30.935853 0.782760 1023.100832 
9850 15 0.532701 33.244773 4.516723 53.591412 0.661758 462.958448 
9900 15 0.430693 43.404104 4.575142 36.625918 0.527682 698.467960 
9950 12 0.295911 37.342802 4.179515 65.545747 0.439628 583.314821 
10000 11 0.234500 40.495293 4.370828 42.519434 0.652851 459.697641 
10050 15 0.351407 43.441154 4.507087 45.686950 0.307938 577.825664 
10100 13 0.276306 42.657771 4.356457 47.164334 0.344650 1773.255112 
10150 13 0.305734 49.752548 4.255876 34.330918 0.287480 5818.830774 
10200 12 0.324903 49.877767 4.510060 42.098433 0.295534 3946.571312 
10250 12 0.509296 44.275655 4.668363 37.888758 0.280518 2113.520844 
10300 11 0.389141 45.464850 4.551755 46.792598 0.367341 3136.753847 
10350 11 0.403602 49.734509 4.584529 52.483953 0.384936 1272.544844 
10400 14 0.821653 42.737474 4.288005 10.541179 0.641225 2096.574748 
10450 12 0.438320 45.681207 4.143478 23.901075 0.401128 2846.397794 
10500 13 0.381708 43.790758 4.291368 52.571297 0.342043 4149.972453 
10550 12 0.420347 42.345723 4.244859 54.574204 0.633890 1411.554423 
10600 11 0.550738 42.845261 4.436793 53.596606 0.424196 1121.237362 
10650 15 0.600038 48.812943 4.506982 29.539380 0.476726 979.794222 
10700 14 0.503505 49.749987 4.411817 48.632415 0.409785 1313.440646 
10750 13 0.314604 44.498611 4.518098 55.600081 0.491125 1180.956444 
10800 10 0.315931 51.082326 4.665391 47.537383 0.412906 2857.593029 
10850 14 0.429823 41.621127 4.377339 55.961464 0.374501 1275.490101 
10900 10 0.181461 39.643537 4.643128 33.594368 0.901300 791.923652 
10950 16 0.168597 40.900006 4.553936 57.791289 0.275849 483.911075 
11000 13 0.264274 35.041772 4.423659 47.883251 0.259192 497.698518 
11050 13 0.348026 36.692591 4.475387 40.657268 0.501170 661.459837 
11100 16 0.551803 34.978883 4.412646 39.051091 0.678886 2274.141875 
11150 12 0.237774 44.337899 4.346040 42.963161 0.544542 2303.478783 
11200 13 0.520907 35.505748 4.391843 40.440997 0.395042 1898.246329 
11250 11 0.517235 37.332951 4.425929 40.072816 0.591372 5916.785070 
11300 13 0.486225 35.422741 4.387194 40.083767 0.528268 3682.363658 
11350 14 0.272479 44.012610 4.305316 38.247065 0.499011 4200.508954 
11400 15 0.251560 37.962670 4.317642 37.562212 0.195988 4718.864877 
11450 14 0.321787 28.794528 4.269558 40.120787 0.316809 4806.886383 
11500 13 0.349797 34.171023 4.343719 49.116158 0.286283 9823.721867 
11550 15 0.370635 24.767643 4.381249 29.763822 0.322050 19895.636386 
11600 12 0.202777 28.028807 4.557908 37.639501 0.732533 25505.301267 
11650 10 0.332082 29.348009 4.313975 64.132538 0.508477 15380.294390 
11700 15 0.310370 34.823684 4.503158 70.907862 0.573054 8110.074801 
11750 13 0.324159 29.893607 4.536787 61.948596 0.935586 16041.244611 
11800 15 0.422909 32.518744 4.649129 29.216747 0.937067 23105.271529 
11850 13 0.595513 35.052830 4.506154 32.076622 0.859898 9401.746693 
11900 15 0.493949 36.630274 4.369945 40.166098 0.754701 3273.187766 
11950 13 0.273630 30.970126 4.765504 28.994564 0.613811 2288.534066 
12000 16 0.207928 32.565405 4.531179 21.149970 0.701273 4843.870975 
12050 15 0.412682 36.470313 4.617789 56.783994 0.790347 15963.359304 
12100 11 0.309643 40.095207 4.618086 35.692793 0.607739 10769.191236 
12150 13 0.730898 40.566397 4.242442 54.666373 1.005517 8623.213911 
12200 13 0.822169 39.976626 4.245883 39.960160 0.838361 8345.593865 
12250 14 0.902632 34.289755 4.362092 6.604037 0.864510 4992.489581 
12300 14 0.929333 33.532758 3.925555 43.825252 0.401421 2444.022495 
12350 13 1.557708 34.769778 4.241335 16.048568 0.506902 1544.205766 
12400 11 1.712261 34.392173 4.078455 36.057321 0.682961 2688.835043 
12450 11 1.441093 38.549940 4.287099 30.705542 1.235654 2707.103159 
12500 13 0.970538 44.556158 4.301162 14.663222 0.948950 5575.236983 
12550 14 1.022014 39.826114 4.288352 22.481071 0.999392 4175.064157 
12600 10 1.001004 42.088179 4.508163 11.843418 1.215951 14607.420788 
12650 11 0.832007 39.326122 4.475661 21.664011 0.949541 6346.715925 
12700 12 1.084731 37.787283 4.216266 33.569050 0.668787 4257.318985 
12750 14 1.176873 37.596229 4.357479 34.158442 0.402886 4022.678403 
12800 15 1.005851 35.432653 4.457444 25.808803 0.525997 16172.711179 
12850 12 0.767123 38.329118 4.302313 47.750980 1.143126 20788.443926 
12900 10 1.017241 41.934161 4.364544 51.142223 0.669633 5583.804972 
12950 14 1.058765 37.290800 4.345026 38.862066 0.821440 9265.381848 
13000 13 1.030192 34.938448 3.993169 37.861129 0.790452 4000.798544 
13050 11 1.046879 38.382470 3.994316 38.453851 1.002538 9358.732446 
13100 14 1.444489 39.893590 4.197576 38.362516 0.498645 4713.645336 
13150 11 1.679325 43.413028 4.062046 37.226729 0.291516 2199.564892 
13200 9 1.836511 46.629372 4.144779 28.399241 0.469988 3946.328779 
13250 12 1.850653 45.743136 4.116466 31.607408 0.441746 6750.238303 
13300 10 1.731069 49.397863 3.863952 36.522783 0.293300 2596.354715 
13350 9 1.741367 45.623995 4.065179 38.944441 0.258680 6554.893512 
13400 14 1.695577 37.087118 4.106903 30.843875 0.326588 18143.269803 
13450 13 1.917676 34.996878 4.338835 15.320751 0.261968 21922.780454 
13500 12 1.245030 40.271049 4.054385 34.579526 0.297710 54820.920880 
13550 15 1.219151 40.691432 4.084062 17.776839 0.311152 32788.870650 
13600 13 1.316711 38.947118 3.983150 34.737626 0.471778 25987.671931 
13650 16 1.150007 40.243886 3.991359 48.173705 0.424874 14621.601311 
13700 14 1.313214 38.388053 4.079435 20.753962 0.340951 5307.400838 
13750 15 1.398591 38.564683 4.176672 21.047179 0.244265 7526.791315 
13800 13 1.399275 34.304556 4.429953 12.659590 0.641648 1356.220488 
13850 12 1.371983 39.379623 4.423934 15.632897 0.595375 788.728929 
13900 12 1.270043 35.672186 4.600495 16.585286 0.516687 950.168075 
13950 13 1.516135 38.656886 4.494990 4.014753 0.394166 1289.129571 
14000 11 2.044819 35.757488 4.441601 10.984499 0.589836 2088.005629 
14050 12 2.123696 41.956028 4.361347 5.511598 0.481162 2710.707057 
14100 12 2.053105 40.116379 4.481714 3.929320 0.603920 2860.084079 
14150 13 2.081688 39.894877 4.547490 8.888685 0.524912 3562.634413 
14200 13 1.512484 35.293103 4.516846 11.587875 0.429807 1214.557429 
14250 12 1.737643 42.631979 4.365240 6.950976 0.518304 990.921436 
14300 14 1.584179 34.734054 4.268893 15.528444 0.321775 700.378118 
14350 14 1.562732 29.722421 4.157920 14.586460 0.335140 2732.487159 
14400 10 1.974595 35.265933 4.351284 17.889190 0.384099 2984.944556 
14450 10 2.248717 34.757387 4.545330 19.679161 0.497525 9912.789252 
14500 11 2.059932 29.078537 4.533716 29.255627 0.455986 17282.386663 
14550 12 1.568771 32.704744 4.573833 11.777759 0.335734 12720.957104 
14600 12 1.195833 33.794327 4.531140 22.767856 0.415526 10287.035595 
14650 12 1.486137 31.385481 4.428932 14.653124 0.344151 6755.290252 
14700 13 1.102007 24.316400 4.462042 21.354016 0.312625 4672.950844 
14750 13 0.806338 30.433461 4.401794 33.890937 0.339705 4178.008392 
14800 10 0.918037 32.688936 4.416544 44.390723 0.501180 3817.902150 
14850 14 0.708177 24.521653 4.336909 15.401782 0.371313 5643.038048 
14900 12 0.715162 20.612355 4.464117 6.164239 0.527657 9143.001327 
14950 12 0.762527 24.101467 4.494621 56.729665 0.492540 3153.790244 
15000 12 0.987406 24.934402 4.395841 23.127421 0.647874 2397.957492 
15050 15 0.839808 24.521226 4.304723 37.480282 0.576109 2734.515013 
15100 14 0.940710 25.981255 4.309228 17.775967 0.553001 8063.351221 
15150 15 1.051955 23.936629 4.308159 19.172312 0.612314 15420.947930 
15200 12 0.882742 26.289018 4.244628 56.001918 0.238560 8153.904459 
15250 12 0.915219 23.459230 4.326277 62.710857 0.227123 12111.040899 
15300 14 0.488916 22.450554 4.336207 34.584616 0.664405 7171.175046 
15350 15 1.047705 23.496523 4.354804 15.040769 0.672360 11164.240604 
15400 12 1.007659 22.867845 4.323107 39.428648 0.872655 5829.213390 
15450 13 0.896565 19.550753 4.301280 19.159433 0.815508 2002.699125 
15500 11 0.804991 18.088737 4.243667 11.894630 0.896993 924.010606 
15550 13 0.807419 17.553752 4.295607 32.572548 0.451339 469.321414 
15600 14 0.529136 15.875329 4.403326 17.990954 0.556745 615.743331 
15650 10 0.452937 16.221958 4.432795 35.920036 0.288908 537.038760 
15700 11 0.505051 17.362750 4.205453 59.009061 0.480624 643.919849 
15750 15 0.786558 19.692287 4.281493 26.223052 0.257425 761.545070 
15800 12 1.046254 18.911792 4.527838 14.282771 0.374445 996.338430 
15850 13 1.171119 17.347944 4.419108 26.337724 0.345072 723.935630 
15900 11 1.389499 17.241990 4.373708 38.991152 0.442592 1744.945167 
15950 12 1.563716 17.555208 4.326787 37.499300 0.366190 959.553565 
16000 13 1.593268 20.550579 4.195247 31.712854 0.314563 798.927153 
16050 13 1.328718 20.699690 4.368248 34.930873 0.222411 1053.497345 
16100 10 0.867195 23.335600 4.401593 36.862962 0.273896 3241.616476 
16150 12 0.960577 25.178276 4.358876 38.722042 0.295173 6894.465063 
16200 15 0.561161 25.081658 4.482636 37.826223 0.464002 7407.436603 
16250 11 0.225696 24.604459 4.482636 37.826223 0.454316 1722.748033 
16300 13 0.374875 25.015978 4.482636 37.826223 0.484076 898.238215 
16350 12 0.400485 22.841731 4.482636 37.826223 0.591649 725.037090 
16400 12 0.346057 23.116896 4.482636 37.826223 0.558975 1089.690358 
16450 12 0.130561 23.528262 4.426021 38.525075 0.283250 1410.263394 
16500 12 0.517233 22.401075 4.435623 38.655320 0.342432 1237.265347 
16550 14 0.676955 21.040446 4.377076 38.391919 0.338740 1770.625424 
16600 14 0.523666 20.806292 4.282553 37.387092 0.402861 2635.118321 
16650 11 0.673137 22.276837 4.396257 37.754041 0.305814 1840.158071 
16700 12 0.809538 20.068345 4.365156 39.092600 0.346232 3756.860962 
16750 13 0.789689 20.565586 4.409027 39.113399 0.343922 2558.627633 
16800 13 1.558634 26.175014 4.409027 39.113399 0.245077 1015.985715 
16850 10 1.268474 25.606966 4.382658 38.113441 0.388410 1455.149865 
16900 11 0.946688 23.380161 4.382658 38.113441 0.420067 1576.046648 
16950 13 0.780868 25.843026 4.571089 37.771795 0.402819 3572.624791 
17000 12 0.854243 23.890766 4.513943 38.656524 0.305027 2243.940511 
17050 10 0.617212 20.604005 4.361080 38.029434 0.243688 3001.113254 
17100 13 0.412098 23.711300 4.324804 37.823427 0.244296 4599.615577 
17150 15 0.522806 15.820459 4.381159 42.419646 0.323007 2216.518438 
17200 12 1.112475 27.242696 4.449539 33.542084 0.254951 3016.014608 
17250 13 0.983226 23.242471 4.504330 32.016763 0.248410 1121.691133 
17300 14 0.926919 26.814425 4.395562 32.589145 0.187704 2787.518322 
17350 13 0.993210 28.193274 4.409391 35.714287 0.407646 3744.414649 
17400 12 0.860383 30.317474 4.481409 39.255530 0.303863 2530.386067 
17450 13 0.900363 32.699817 4.372543 33.622446 0.278247 2868.756875 
17500 11 0.979560 39.797173 4.286490 29.678211 0.313041 1417.423815 
17550 13 0.922221 38.471161 4.325690 31.213945 0.736382 2498.675526 
17600 13 0.939104 33.674243 4.446045 36.432664 0.950875 4352.387774 
17650 13 1.004182 31.936632 4.433645 24.561568 0.531271 5548.917712 
17700 12 0.763477 37.566317 4.543279 34.842850 0.361531 3347.900375 
17750 12 0.948637 33.233273 4.227123 34.398327 0.249697 812.858686 
17800 16 0.714370 32.416824 3.811659 71.358365 0.374119 724.276842 
17850 13 0.777941 29.864587 3.962535 39.397269 0.299840 401.652248 
17900 10 0.648340 33.038995 4.231654 54.596781 0.203383 356.766857 
17950 13 0.594152 26.057594 4.328106 26.416163 0.238698 547.663458 
18000 12 0.449131 27.380405 4.329727 53.396108 0.511117 259.754146 
18050 13 0.740310 29.018198 4.343842 56.334279 0.448777 214.617051 
18100 13 0.754588 24.712101 3.999507 36.924780 0.588646 345.567544 
18150 12 0.833433 25.502915 3.965515 55.151158 0.686593 548.123705 
18200 14 0.915718 26.810596 4.175401 48.208259 0.519672 256.649643 
18250 14 0.496129 28.814717 4.203705 46.827895 0.259421 93.013085 
18300 15 0.846408 27.982400 4.145581 32.063905 0.258490 72.860233 
18350 15 1.111201 32.202987 4.052621 36.555985 0.310543 174.067073 
18400 13 1.230559 32.864219 4.061404 15.567046 0.365610 201.980850 
18450 14 0.887439 33.890890 4.125717 58.174925 0.282891 454.535073 
18500 10 1.003657 35.297882 4.310528 12.315889 0.233975 133.335768 
18550 13 0.932083 31.046034 4.548218 13.661923 0.301753 61.711010 
18600 14 0.975987 33.152656 4.330564 21.434245 0.208125 94.380541 
18650 14 0.919230 33.460438 4.199905 22.510729 0.170369 65.319497 
18700 13 0.760710 37.317465 4.105167 45.634056 0.250365 142.333221 
18750 13 0.974069 38.101862 4.033186 60.638396 0.268495 123.155759 
18800 10 0.957592 35.773753 4.235010 36.623754 0.232347 125.765850 
18850 11 1.023567 34.172575 4.596709 38.795076 0.209827 135.179243 
18900 8 0.975484 33.620544 4.236512 62.684793 0.299053 152.290031 
18950 12 1.003505 33.236541 4.200497 30.605830 0.393057 286.162709 
19000 11 0.920591 33.531252 4.411884 48.777946 0.495562 424.980302 
19050 15 0.700611 31.638603 4.073665 38.791410 0.550730 466.793235 
19100 13 0.957722 36.925090 4.220835 36.812633 0.498928 522.608950 
19150 8 0.772468 35.450233 4.411672 38.181768 0.624901 593.602287 
19200 10 0.591135 33.648358 4.467175 45.795033 0.567628 249.930203 
19250 10 0.553731 34.056761 4.412898 46.621257 0.301350 160.705303 
19300 12 0.649915 32.783635 4.425753 42.200195 0.295396 513.390353 
19350 13 0.745871 32.521520 4.461532 18.227574 0.514083 729.030691 
19400 12 0.786979 34.526018 4.425933 17.648135 0.416701 620.140526 
19450 11 0.655395 39.127769 4.396494 33.846509 0.434568 335.839962 
19500 14 0.501329 45.381415 4.474765 40.896045 0.423763 920.654465 
19550 15 0.597511 38.259454 4.509508 5.211266 0.427218 1428.040741 
19600 14 0.296000 40.479149 4.541151 83.629930 0.513518 1026.335654 
19650 12 0.394589 37.799865 4.641186 16.350081 0.262718 1877.675059 
19700 13 0.339651 39.549895 4.703106 3.900312 0.221227 2588.898349 
19750 11 0.086014 34.277555 4.452562 60.133815 0.374265 1681.725302 
19800 13 0.221609 27.873250 4.530449 27.099989 0.750661 1493.956230 
19850 12 0.239652 31.463351 4.273230 57.367526 1.159184 3403.883823 
19900 12 0.501617 32.664791 4.282454 56.678210 1.028945 3549.773758 
19950 13 0.426136 29.175097 4.437169 53.199899 0.918148 1483.917739 
20000 13 0.402351 29.714645 4.556608 50.744147 0.783981 2465.366553 
20050 12 0.276014 30.978185 4.676305 100.604619 1.133760 2350.800302 
20100 11 0.203647 32.227896 4.667477 49.563542 0.879333 2984.141005 
20150 14 0.416601 33.990972 4.564943 42.912669 0.554133 977.629939 
20200 12 0.512093 34.362585 4.301834 38.779288 0.569928 949.728313 
20250 11 0.508120 37.382937 4.367981 65.125699 0.478946 529.982100 
20300 12 0.325578 35.805976 4.483264 39.671379 0.260293 1276.853261 
20350 14 0.382361 31.841960 4.553147 5.227944 0.217113 1351.137751 
20400 13 0.240394 25.324269 4.391817 29.354761 0.265088 1814.221682 
20450 14 0.315549 32.134905 4.477570 34.275996 0.247950 2841.939076 
20500 13 0.231726 38.852093 4.546087 34.226961 0.443793 4327.149109 
20550 14 0.232143 30.846865 4.312856 37.076866 0.203863 5948.974742 
20600 13 0.201530 27.831668 4.273790 39.010492 0.483299 6681.653500 
20650 15 0.200611 25.491589 4.579702 26.885426 0.321110 3772.595565 
20700 15 0.088951 30.088703 4.754633 43.483701 0.356654 4620.179621 
20750 14 0.192086 31.756952 4.401959 15.802415 0.347417 7744.674107 
20800 14 0.075841 33.620590 4.347408 40.157253 0.248041 3328.522959 
20850 13 0.102756 25.605477 4.711164 4.405702 0.362743 1829.189590 
20900 12 0.082047 27.629787 4.394705 62.481009 0.366698 1684.872016 
20950 14 0.195528 27.686124 4.475262 27.193691 0.431470 1662.841095 
21000 11 0.407507 30.805414 4.267107 41.047995 0.332452 1183.793683 
21050 13 0.356592 28.966768 4.494660 36.196462 0.213005 907.371139 
21100 13 0.223311 32.793490 4.506831 18.774733 0.232242 415.914817 
21150 15 0.207179 30.023431 4.677375 44.235670 0.183513 577.118652 
21200 13 0.149045 36.791243 4.648498 20.758191 0.187111 287.499074 
21250 12 0.167569 25.957045 4.581376 39.971691 0.166101 209.502628 
21300 13 0.074827 28.665490 4.779040 31.559016 0.261157 233.300608 
21350 15 0.244469 35.037953 4.686887 30.505463 0.213924 164.287172 
21400 12 0.152723 27.530762 4.802066 29.386689 0.175801 50.017625 
21450 13 0.298530 25.052930 4.537825 42.718438 0.368804 47.761245 
21500 12 0.040999 30.327478 4.633271 16.431891 0.398280 58.745588 
21550 15 0.285316 27.601869 4.656166 3.271110 0.296602 54.088847 
21600 12 0.389229 25.106957 4.554387 19.351415 0.176829 26.214984 
21650 11 0.479965 23.258486 4.371606 28.357800 0.183701 17.771014 
21700 13 0.455291 34.338850 4.570860 5.846246 0.217548 13.162310 
21750 14 0.424988 30.121384 4.455921 5.593183 0.224282 30.400474 
21800 14 0.570499 37.166157 4.454597 42.014801 0.151010 32.901494 
21850 13 0.526124 30.874159 4.405671 83.648680 0.197688 32.815424 
21900 12 0.539041 28.011082 4.333259 30.457946 0.119040 33.497520 
21950 13 0.568553 20.381607 4.337688 49.342103 0.248257 26.358971 
22000 13 0.707739 29.838577 4.287340 60.425347 0.387660 33.053096 
22050 13 0.463314 30.342932 4.472012 31.901518 0.398848 38.615208 
22100 16 0.642800 25.739672 4.501090 9.886015 0.347743 38.740341 
22150 12 0.401308 25.046709 4.435765 50.142204 0.428546 62.107238 
22200 11 0.446129 17.780006 4.436708 14.604110 0.281939 29.246794 
22250 11 0.323127 20.824849 4.456449 15.985006 0.386279 25.386898 
22300 11 0.377842 21.293259 4.510658 13.690701 0.330268 78.134760 
22350 14 0.356340 19.741928 4.558576 6.688718 0.224392 160.323091 
22400 13 0.101191 17.341129 4.493278 61.559200 0.229750 152.424768 
22450 13 0.313953 14.313225 4.403385 17.297427 0.348548 85.899102 
22500 13 0.135053 17.697197 4.628790 28.383800 0.214062 105.108166 
22550 10 0.241462 17.025795 4.300189 79.170033 0.337860 184.921458 
22600 15 0.264175 17.758997 4.248350 67.446971 0.391226 274.604094 
22650 11 0.218131 27.504364 4.410699 48.780551 0.382418 119.093355 
22700 14 0.132030 29.853514 4.506458 51.460972 0.346863 184.800493 
22750 11 0.227989 28.223543 4.786853 37.731643 0.369223 124.935080 
22800 12 0.223895 30.462330 4.415559 53.389917 0.315316 82.789320 
22850 14 0.089320 30.691531 4.634942 38.088491 0.297179 140.983722 
22900 13 0.105403 25.548285 4.512546 73.390719 0.261089 97.984326 
22950 14 0.125324 24.708587 4.454263 84.039008 0.143556 110.193063 
23000 12 0.022223 21.026511 4.933214 59.828605 0.246218 108.337485 
23050 15 0.159414 21.070577 4.390764 61.820738 0.257302 287.719020 
23100 12 0.270296 15.204250 4.697646 27.927158 0.258964 376.388500 
23150 13 0.281122 15.319552 4.487664 82.696992 0.206656 223.985344 
23200 13 0.133865 21.241635 4.573752 71.595890 0.197422 533.129217 
23250 11 0.063001 24.425124 4.596074 27.456928 0.279153 195.279024 
23300 10 0.129335 36.425915 4.568899 77.942148 0.237957 105.629930 
23350 11 0.126067 28.182256 4.512949 48.783898 0.238749 161.932098 
23400 13 0.193986 23.668357 4.512161 25.153769 0.329472 222.982456 
23450 12 0.178523 24.943213 4.522684 50.064468 0.293015 108.729724 
23500 14 0.104075 26.929375 4.468138 12.977469 0.229139 169.711138 
23550 15 0.041896 35.829839 4.480275 41.166047 0.221226 104.771516 
23600 13 0.113554 29.452522 4.228767 43.601557 0.194110 36.565484 
23650 13 0.096380 29.065976 4.718115 66.794926 0.246419 29.582530 
23700 11 0.124857 24.610368 4.893839 6.425228 0.123642 36.829997 
23750 12 0.068312 24.623898 4.552928 48.874944 0.168505 29.600274 
23800 12 0.051568 25.089542 4.321166 40.697196 0.266028 92.496345 
23850 12 0.033722 30.437916 4.508292 18.247350 0.204895 229.940375 
23900 14 0.155118 27.638519 4.364086 43.855567 0.232319 130.242449 
23950 15 0.151781 26.555619 4.508033 36.256460 0.293549 66.281495 
24000 12 0.276362 26.503190 4.465399 28.002783 0.325700 182.006437 
24050 10 0.223947 35.911220 4.707444 85.632096 0.297382 126.213041 
24100 12 0.059104 30.996174 4.628409 48.712937 0.277426 140.351160 
24150 14 0.083490 24.353320 4.615759 35.599665 0.269952 208.481775 
24200 13 0.137298 27.756941 4.605919 8.045824 0.322019 101.533186 
24250 15 0.192615 26.640559 4.163496 81.668693 0.314756 196.319541 
24300 13 0.202007 19.736413 4.765413 7.526606 0.329528 256.309095 
24350 11 0.308864 24.098772 4.533907 41.337566 0.270587 466.095948 
24400 11 0.280759 24.485514 4.623956 56.280324 0.286325 675.363148 
24450 15 0.185110 21.505544 4.792475 14.754920 0.217753 726.981217 
24500 11 0.293977 21.422257 4.363678 40.157512 0.402996 239.542079 
24550 11 0.394101 20.020594 4.596539 8.986685 0.245215 775.753420 
24600 11 0.205287 19.006129 4.395940 19.537978 0.448271 591.325177 
24650 14 0.155761 22.542474 4.225350 35.719400 0.322061 1027.743212 
24700 11 0.107936 21.710292 4.530527 66.963387 0.407207 713.325676 
24750 14 0.201159 22.946230 4.416364 86.566635 0.289117 827.724339 
24800 13 0.247272 22.837280 4.612744 4.280746 0.443835 489.472288 
24850 13 0.381890 24.644523 4.508996 10.166801 0.424323 927.625041 
24900 12 0.435560 25.482426 4.484517 51.418292 0.365234 1225.061662 
24950 14 0.461878 28.693037 4.319635 30.353629 0.310311 419.079644 
25000 13 0.419116 30.533081 4.516136 74.723462 0.353309 1134.804258 
25050 13 0.330610 32.152098 4.473537 27.067465 0.374825 1695.045858 
25100 11 0.339530 33.417812 4.414156 18.376465 0.211734 1681.071553 
25150 13 0.347079 29.570472 4.350740 30.034283 0.252945 1998.044871 
25200 15 0.244957 30.850505 4.549204 15.536359 0.242060 1590.738803 
25250 15 0.245228 36.205792 4.427338 72.724775 0.218220 3798.856408 
25300 13 0.326608 36.861911 4.239536 54.052675 0.221423 4939.285284 
25350 15 0.200312 27.277906 4.782626 30.949285 0.385104 8851.959538 
25400 12 0.124276 37.189762 4.572063 20.718886 0.239460 3814.458285 
25450 16 0.352680 37.101407 4.361732 16.567421 0.416526 5999.734069 
25500 11 0.377152 28.805183 4.553924 15.199814 0.376562 3534.565905 
25550 13 0.393710 31.976205 4.519080 38.053952 0.307343 4485.416189 
25600 14 0.173292 30.955058 4.482163 52.301580 0.326351 9236.760128 
25650 12 0.186362 32.626921 4.282176 70.346339 0.306560 8981.618869 
25700 14 0.197020 30.580639 4.584652 92.055357 0.312321 17694.506027 
25750 11 0.105497 29.090918 4.510334 60.486078 0.674739 28298.100101 
25800 14 0.195222 25.032578 4.770589 42.894315 0.360161 30069.107916 
25850 11 0.274419 20.836538 4.578761 23.829054 0.433083 13143.631404 
25900 13 0.291544 24.526952 4.585688 42.443814 0.343625 8874.559003 
25950 14 0.348777 29.890526 4.484619 32.174766 0.357255 4024.804171 
26000 12 0.388119 27.736687 4.540402 22.819647 0.445214 10719.671705 
26050 13 0.298641 37.038355 4.242145 41.640879 0.673876 13794.799750 
26100 15 0.231003 39.997430 4.373152 44.233089 0.543727 15102.566102 
26150 14 0.144238 37.191295 4.582422 58.102344 0.811288 10759.229431 
26200 11 0.270435 30.834508 4.438967 38.220172 0.931914 11883.748261 
26250 15 0.267212 41.379803 4.347419 37.777118 0.804200 16468.441538 
26300 12 0.503582 37.043089 4.323106 40.708569 0.450309 73211.302507 
26350 16 0.412165 49.523523 4.687322 28.520164 0.566988 26682.696607 
26400 11 0.693368 47.607249 4.358603 44.400860 0.621311 14374.860940 
26450 12 0.762179 51.613152 4.348087 24.124292 0.391451 14370.670528 
26500 16 0.708079 47.416833 4.396486 42.269768 0.364040 7818.230019 
26550 12 0.718538 42.420535 4.258543 43.239585 0.565905 8172.016062 
26600 14 0.674408 45.223496 4.341432 38.694565 0.558378 3085.775312 
26650 10 0.666376 44.847635 4.385772 55.143946 0.894773 3584.727413 
26700 13 0.849438 36.431901 4.208198 59.100776 0.860754 3802.115606 
26750 11 0.838539 35.528716 4.184424 37.831252 1.035129 4060.102326 
26800 11 0.823386 35.314770 4.165950 39.631322 1.296530 1733.272105 
26850 12 0.672038 33.695210 4.245447 59.345858 1.253744 2897.622061 
26900 13 0.581452 35.011865 4.317412 47.782193 0.944726 5269.601617 
26950 9 1.243868 33.457960 4.186136 37.395047 0.745573 3445.281436 
27000 11 1.026045 32.227348 4.212721 51.118886 0.785989 2561.066601 
27050 11 1.059514 39.409960 4.061123 47.744946 0.962799 3197.130932 
27100 11 1.223001 31.887518 4.129080 64.391940 0.684946 1214.325837 
27150 12 1.034644 26.257447 4.190037 52.516491 0.709079 746.440613 
27200 10 1.123204 24.057233 4.136201 43.679780 0.547673 833.449055 
27250 11 1.250373 31.466364 4.194808 51.849680 0.469939 574.982193 
27300 12 1.085479 33.761713 4.102459 55.745622 0.318466 176.494850 
27350 12 1.172250 33.708834 3.810779 75.971687 0.338835 105.757380 
27400 13 1.176866 26.400214 3.695755 58.919260 0.237385 87.815235 
27450 12 1.113161 24.329549 3.935633 66.347923 0.316886 101.882381 
27500 14 1.164139 29.483053 4.005960 44.657613 0.222774 74.323431 
27550 11 1.189477 30.524387 4.091222 41.112512 0.375738 55.669737 
27600 15 1.183347 33.954409 4.145501 38.188227 0.262637 119.472997 
27650 12 1.194971 33.906237 4.017912 40.018102 0.388846 108.111399 
27700 13 1.195183 31.146739 4.226246 18.208851 0.369850 160.676912 
27750 13 1.164562 32.511132 4.372971 22.932349 0.237070 276.224405 
27800 13 1.112331 31.692877 4.233475 43.052904 0.421630 528.759564 
27850 12 1.159548 34.681020 4.149667 40.509337 0.500380 513.500759 
27900 13 1.179770 41.237851 4.201324 29.033601 0.519471 500.210397 
27950 14 1.186220 44.905544 3.899633 55.450488 0.410722 355.993309 
28000 12 1.074820 40.632663 3.977529 34.305431 0.408065 241.338736 
28050 10 0.888383 36.922614 4.489003 24.185866 0.448023 135.054740 
28100 14 0.750846 35.185271 4.201366 42.203173 0.436633 368.843245 
28150 11 1.010411 40.536655 4.162939 69.720594 0.472941 978.021481 
28200 12 0.647288 42.222995 4.143613 57.752543 0.623354 1883.072599 
28250 15 0.737409 39.558677 4.096709 55.651762 0.493522 1748.690081 
28300 13 0.810989 37.742939 4.144627 50.501679 0.513975 1061.486644 
28350 12 0.448307 41.360883 4.080156 69.548241 0.753001 485.854955 
28400 12 0.584144 48.222502 4.285061 41.177752 0.581642 1131.176689 
28450 9 1.209129 45.185726 4.192228 46.865033 0.745195 1375.802082 
28500 14 0.718299 39.417863 4.192228 46.865033 0.677181 2786.580594 
28550 13 1.024272 38.263345 4.163430 48.170412 0.514342 4490.128227 
