0 6 2.807374 24.973552 4.200000 20.000000
50 4 2.520694 24.848713 4.264417 225.408109
100 4 2.196105 24.816268 4.362106 236.562533
150 4 2.261449 24.766575 4.400270 293.142097
200 3 2.234078 23.984033 4.424839 314.301681
250 5 2.020011 23.921536 4.472475 210.582799
300 6 1.907957 23.867778 4.930256 153.428910
350 5 1.755401 24.499742 4.942227 201.951807
400 6 1.783139 24.643916 4.359954 210.073381
450 5 1.680215 25.069856 4.549192 245.049103
500 4 1.702728 24.860501 4.717597 191.435437
550 5 1.583853 25.100157 4.692261 206.052236
600 3 1.598296 25.585735 4.689845 178.135544
650 3 1.587602 25.116738 4.902345 200.541200
700 4 1.523746 26.274101 4.857218 183.879784
750 5 1.256404 27.428691 4.951535 193.235423
800 5 1.399009 26.665108 4.769537 189.557151
850 4 1.499505 27.502835 4.758239 196.061776
900 7 1.443113 28.352855 4.849103 209.733788
950 4 1.307855 27.503786 5.172245 175.178308
1000 5 1.062277 29.362089 5.228354 212.781815
1050 5 0.771037 28.302708 5.365821 149.013837
1100 5 0.909648 26.857485 5.413211 165.223617
1150 8 0.714132 27.336371 5.119033 190.602327
1200 6 0.739723 26.042208 5.061327 210.355597
1250 8 1.324426 24.075169 4.809771 166.742859
1300 3 1.084639 25.758489 4.981523 231.230294
1350 2 1.634279 26.406015 5.156901 283.397186
1400 1 2.017069 27.453601 5.512250 273.390267
1450 2 1.282788 25.689751 5.862144 174.646267
1500 1 1.294722 26.286904 5.689547 215.921146
1550 2 1.376296 25.930028 5.567815 224.919184
1600 3 1.161829 25.708279 5.626942 134.812604
1650 2 1.184809 26.930655 5.574637 190.583548
1700 4 1.032703 26.377845 5.294994 201.611646
1750 2 1.170969 25.219569 5.491259 176.506147
1800 1 0.985033 27.728075 5.793179 181.229838
1850 2 1.071129 27.367060 5.522200 199.780899
1900 5 1.314694 26.492984 5.203083 167.857050
1950 3 1.233278 24.137691 5.230467 176.735642
2000 3 1.022562 23.958308 5.371621 217.441649
2050 4 1.186176 25.265909 5.761414 203.049983
2100 2 1.308596 24.312041 5.612590 194.781604
2150 2 1.413934 25.141434 5.288924 195.544515
2200 2 1.311678 24.011167 5.335037 194.938595
2250 3 1.307730 25.470643 5.669192 190.185679
2300 1 1.476225 22.154297 5.693693 195.482191
2350 2 1.489246 23.350697 5.718223 198.429914
2400 3 1.376370 23.968304 5.480162 180.835598
2450 1 1.283659 24.643165 5.409436 216.479286
2500 2 1.435462 22.843163 5.616158 203.235580
2550 3 1.322510 24.919488 5.754621 201.155320
2600 2 1.162599 24.216490 5.631695 124.579290
2650 2 1.312635 26.163901 5.684128 230.043453
2700 3 1.500596 26.853958 5.698594 167.688686
2750 5 0.970386 25.597093 5.617717 160.980762
2800 5 1.290369 26.194353 5.328232 209.493826
2850 3 1.185039 27.561088 5.367085 220.357726
2900 2 1.344954 25.753916 5.725400 201.583780
2950 2 1.201791 24.383176 5.265573 231.974462
3000 2 1.221345 25.319515 5.825357 216.426998
3050 1 1.027727 25.954639 5.955746 142.079486
3100 1 0.876339 23.858394 5.885715 186.404610
3150 1 1.079788 24.015073 6.020979 215.230718
3200 2 0.965925 24.454989 5.793304 192.849037
3250 2 1.014362 23.543580 5.892871 208.893216
3300 2 0.875698 23.678696 5.645733 187.470371
3350 2 0.887357 25.656357 5.797392 214.389432
3400 4 1.003145 20.816763 5.880159 185.857163
3450 2 1.078142 21.146181 6.163004 207.740268
3500 5 0.690756 24.807899 5.953985 158.821120
3550 4 0.784402 22.028584 5.383169 215.933551
3600 7 0.677555 26.668296 4.968098 183.049862
3650 2 0.906586 22.396610 5.438376 193.252882
3700 5 0.733242 25.273175 5.514975 224.521491
3750 4 0.798978 20.388588 5.573552 195.030340
3800 4 0.842633 25.338204 5.799261 197.765582
3850 4 0.843021 22.072852 5.817453 217.699986
3900 8 0.575102 24.258383 5.596675 236.094182
3950 6 0.762034 24.465699 5.338665 236.459772
4000 2 0.528663 25.503921 5.427593 213.686912
4050 2 0.641904 24.267541 5.700716 204.913059
4100 1 0.722392 18.577205 6.022028 219.576342
4150 1 0.889017 25.132321 5.945764 199.038424
4200 1 0.728462 21.160653 5.634017 198.952739
4250 3 0.758676 18.965019 5.607412 206.787555
4300 1 0.817728 15.836732 5.657453 204.211028
4350 1 0.738100 17.952992 5.640365 201.745786
4400 1 0.914728 22.339027 5.703063 204.932057
4450 2 0.886080 19.564995 5.753791 193.434458
4500 3 0.890437 23.153037 5.517543 179.499818
4550 3 0.875701 23.879706 5.667848 199.571138
4600 1 0.675316 26.797169 5.851375 210.888602
4650 3 0.504328 25.667782 5.767499 208.769405
4700 3 0.837216 25.529961 5.619320 201.873530
4750 2 0.713304 23.153603 5.559555 199.001391
4800 3 0.852363 24.987595 5.295336 178.017753
4850 5 0.730683 20.291696 5.141251 190.698316
4900 3 0.674185 22.612135 5.132637 190.308828
4950 6 0.820027 23.304481 5.413271 163.536805
5000 5 0.660766 25.117592 5.711642 170.307914
5050 1 0.752874 25.604980 6.129808 209.548805
5100 2 0.528435 26.858903 6.011914 191.448590
5150 1 0.506347 26.134245 5.591802 163.576385
5200 8 0.403687 28.797337 5.334367 204.330116
5250 8 0.400738 31.079890 5.660941 146.875656
5300 6 0.430153 29.255058 5.340021 181.941947
5350 8 0.399131 29.447757 5.780821 189.555988
5400 5 0.299827 32.757276 5.541053 192.574286
5450 5 0.336831 30.100476 5.746689 219.582454
5500 3 0.474107 32.287174 5.727555 170.997945
5550 5 0.509193 32.090001 5.474963 230.303164
5600 7 0.463996 31.654205 5.875749 196.358461
5650 11 0.169698 30.573561 5.848446 239.453472
5700 8 0.187979 29.920372 5.929386 120.711341
5750 6 0.618059 29.351560 5.519961 209.849292
5800 6 0.585682 28.239948 5.717504 180.293847
5850 4 0.873736 29.707860 5.624002 201.772790
5900 4 0.888370 32.034622 5.301106 219.643217
5950 5 0.834692 31.486655 5.309518 267.238835
6000 11 0.593439 32.551916 4.803423 149.728506
6050 6 0.593684 34.739425 5.543903 199.177396
6100 5 0.954692 35.626417 5.618032 251.891696
6150 4 0.964074 36.213157 5.183763 305.567165
6200 7 1.003486 35.264803 4.846391 268.669534
6250 1 1.033830 35.028650 5.712975 217.182323
6300 2 0.858191 36.245684 5.689157 210.757142
6350 6 0.684298 36.664269 5.190927 302.153973
6400 6 0.507604 37.776603 5.158983 266.119782
6450 3 0.647305 38.098522 5.805264 159.793801
6500 7 0.385147 37.011975 5.786133 152.659290
6550 4 0.207921 36.597508 5.409618 231.915911
6600 3 0.323110 37.694120 5.654512 204.814752
6650 2 0.409656 38.108498 5.970241 184.675726
6700 8 0.378430 36.530594 5.561184 203.520931
6750 3 0.409802 37.781506 5.876973 209.057880
6800 6 0.637797 38.963214 5.486654 229.829112
6850 8 0.735882 38.457284 5.423137 208.592066
6900 4 0.704875 38.262492 5.619047 191.452072
6950 3 0.571114 38.170525 5.659312 216.465670
7000 3 1.319122 37.613982 5.092313 211.567240
7050 2 1.238767 34.427513 5.460252 191.150496
7100 6 0.676419 37.456942 5.127287 218.927773
7150 6 1.279010 35.197330 4.480997 237.877481
7200 6 1.127353 35.593531 5.014494 201.152487
7250 10 1.027251 36.253903 5.204802 164.952969
7300 3 1.080789 35.239349 5.527186 190.234606
7350 3 0.633723 37.671299 5.946283 243.604744
7400 3 0.628744 33.729784 5.708166 200.960689
7450 6 0.627733 34.415866 5.419219 238.282851
7500 2 0.287058 34.672117 5.647818 180.529591
7550 6 0.177179 36.951842 5.717057 166.807217
7600 3 0.355950 36.629631 5.874796 338.419423
7650 4 0.480379 37.582689 5.458743 156.269612
7700 3 0.297462 37.502111 5.921333 238.848550
7750 9 0.042427 36.979847 5.644563 272.090375
7800 5 0.549868 38.178907 5.709319 202.499312
7850 9 0.399224 37.934399 5.745212 171.393370
7900 5 0.133923 38.360852 5.524311 193.509536
7950 5 0.662798 37.798560 5.300504 219.194123
8000 4 0.989138 37.895821 5.220645 162.464861
8050 9 0.774302 38.511229 5.057552 149.791801
8100 6 0.890551 38.778418 5.276815 183.765456
8150 6 0.946103 38.963140 4.976947 234.022855
8200 11 0.466896 40.431523 5.423435 160.931663
8250 7 0.382261 38.529986 5.601800 212.921991
8300 9 0.393949 38.670428 5.308233 209.854000
8350 2 0.056300 37.696169 5.948503 179.663478
8400 6 0.021645 39.563848 5.815541 182.852920
8450 9 0.336453 43.042424 5.628327 221.815467
8500 12 0.340781 43.940484 5.418116 194.138504
8550 6 0.336616 43.310931 6.038509 186.622712
8600 10 0.061121 45.779001 5.382644 252.947358
8650 8 0.232280 45.703562 5.341999 244.717836
8700 7 0.173548 45.236228 5.417964 197.030563
8750 8 0.260900 42.910988 5.453390 201.423901
8800 6 0.442149 46.986021 5.510743 226.262010
8850 6 0.653365 46.398458 5.460548 154.859098
8900 3 0.622988 48.247167 5.748881 173.866271
8950 4 0.607275 46.593045 5.869992 176.709563
9000 5 0.585233 49.153850 5.924479 251.351560
9050 4 0.463936 47.845927 5.645201 196.920668
9100 1 0.750166 47.304254 5.775421 194.829418
9150 2 0.479583 48.226105 5.831499 236.862453
9200 3 0.645255 47.874689 5.667720 192.487976
9250 6 0.356414 49.791911 5.637864 209.652364
9300 2 0.567752 47.311925 5.924195 221.233099
9350 5 0.506004 47.260568 5.906161 182.190943
9400 4 0.448921 46.827966 5.953735 199.874945
9450 5 0.456175 43.594155 5.570468 175.077570
9500 2 0.327522 45.531972 6.091645 164.788913
9550 3 0.101777 45.849423 5.423550 226.396418
9600 7 0.284199 45.514081 5.275602 225.246316
9650 8 0.091887 45.375196 5.713861 277.921993
9700 12 0.270823 44.827239 5.857733 219.619546
9750 8 0.003546 45.372139 5.353092 235.462350
9800 11 0.276111 45.263929 5.137955 179.556869
9850 8 0.307422 44.203475 5.749325 155.382776
9900 5 0.228456 43.040752 5.740682 297.131451
9950 5 0.222500 43.792253 5.881961 199.884253
10000 8 0.044716 44.656174 5.874891 183.391539
10050 3 0.506320 44.349093 5.793644 180.003558
10100 3 0.507412 46.468833 6.037074 212.091653
10150 1 0.750599 44.954997 5.989992 199.228860
10200 7 0.558631 45.614534 5.437032 167.838455
10250 1 0.620941 45.141507 6.054480 166.830410
10300 1 0.582334 45.225181 6.126987 190.514859
10350 1 0.525405 44.148610 5.836526 191.426896
10400 9 0.331056 44.952962 5.706886 167.338832
10450 5 0.582124 41.961403 5.712492 189.684808
10500 4 0.529005 41.802636 5.716913 212.301570
10550 7 0.421210 43.099631 5.383194 198.591717
10600 12 0.314298 42.732380 5.612060 174.062447
10650 5 0.174333 41.286923 5.477543 222.518951
10700 5 0.685416 41.850148 5.218375 227.177681
10750 5 0.555217 43.171675 5.517967 231.042014
10800 7 0.538611 41.403625 5.697752 225.213114
10850 7 0.342753 42.627815 5.393958 217.141583
10900 16 0.297282 43.834690 5.777172 134.796026
10950 2 0.418539 41.133995 5.809105 234.116915
11000 6 0.377786 44.965225 5.758658 170.144099
11050 2 0.410906 44.298342 5.615539 183.295427
11100 8 0.290018 45.465706 5.184888 234.528593
11150 6 0.408716 45.300888 5.416237 186.870455
11200 5 0.391251 45.186876 5.831735 203.412422
11250 8 0.692969 45.853825 5.040600 209.995658
11300 5 0.528968 48.739793 5.609584 193.441962
11350 4 0.202473 47.687064 5.882201 194.666871
11400 3 0.545873 46.106937 5.308637 194.037503
11450 3 0.398816 48.149404 5.787808 236.883511
11500 5 0.480621 42.637376 5.609513 123.003308
11550 4 0.282216 44.578573 5.862095 250.558005
11600 11 0.507275 44.886995 5.698701 113.411965
11650 5 0.354573 42.229751 5.983680 260.369246
11700 12 0.217901 41.127494 5.807995 246.937590
11750 13 0.186653 41.276816 5.320068 175.819042
11800 11 0.479467 39.330761 5.445306 180.974958
11850 8 0.118785 38.500337 5.304412 96.901526
11900 11 0.185049 38.205441 5.404034 182.782572
11950 11 0.304892 39.757254 5.535991 215.721828
12000 9 0.308196 40.389711 5.346090 219.822702
12050 13 0.459501 40.580484 5.118720 232.685157
12100 6 0.275276 40.623558 5.734903 215.156296
12150 18 0.197267 39.624693 5.095568 197.150299
12200 8 0.252796 42.404272 5.680715 202.168952
12250 14 0.169657 40.278152 5.474647 200.527489
12300 7 0.527578 42.556270 5.544178 167.969419
12350 9 0.527434 40.397513 5.518609 213.404726
12400 8 0.312799 41.104389 5.522259 209.735032
12450 20 0.360831 43.248135 5.178084 165.831550
12500 6 0.343402 41.551308 5.849544 183.712312
12550 6 0.516828 38.925567 5.675886 200.719445
12600 17 0.295416 40.372534 4.985512 230.741821
12650 16 0.399605 40.497789 5.227380 112.704944
12700 5 0.949016 38.836935 5.165606 214.231322
12750 7 0.554818 37.585212 5.059924 216.043317
12800 10 0.489827 41.182228 5.186738 211.705715
12850 10 0.440125 38.666541 5.230818 192.531698
12900 10 0.436776 39.846278 5.081006 169.071058
12950 14 0.144646 40.456831 5.507059 180.986531
13000 8 0.387751 42.082416 5.320954 232.218339
13050 15 0.451449 39.932094 5.267803 206.059909
13100 7 0.509962 42.123745 5.171864 191.535573
13150 3 0.576667 42.005336 5.645215 220.995188
13200 5 0.512869 41.156895 5.646297 211.705448
13250 13 0.648831 41.137745 4.679683 259.431606
13300 4 0.711655 43.561754 5.843304 190.999000
13350 1 0.383278 41.320646 5.758301 206.493232
13400 3 0.710671 39.617877 5.451530 188.085212
13450 4 0.550913 43.442994 5.333919 207.407227
13500 5 0.595148 41.443126 5.333919 207.407227
13550 6 0.289994 43.146870 5.610761 212.923880
13600 7 0.389568 44.901898 5.592588 208.809226
13650 10 0.345544 46.502560 5.555582 215.020022
13700 2 0.200149 42.118314 5.879688 201.565534
13750 3 0.185689 41.772369 6.017556 209.405375
13800 13 0.058283 43.999869 5.981443 201.114004
13850 10 0.092392 41.545103 5.880150 205.288152
13900 5 0.146604 38.834317 6.057004 166.424968
13950 7 0.423558 36.567843 5.691817 146.142696
14000 8 0.463768 39.010531 5.088680 225.106885
14050 6 0.538217 37.436146 5.516187 204.765192
14100 6 0.254209 38.204141 5.774621 191.203305
14150 5 0.410234 38.922606 5.501420 208.105318
14200 2 0.463501 41.943944 5.611989 206.795824
14250 4 0.316717 43.413452 5.848687 210.209211
14300 3 0.197465 42.276401 5.735914 232.632121
14350 1 0.494605 41.930835 5.842529 213.769803
14400 2 0.639035 45.414401 6.090344 181.761089
14450 6 0.687334 45.301597 5.231849 209.082149
14500 2 0.564464 42.432798 5.844088 168.960077
14550 4 0.559979 41.901953 5.737113 199.340961
14600 7 0.354806 45.831052 5.563619 248.859542
14650 5 0.486312 44.981698 5.486341 218.376947
14700 2 0.607979 41.827835 5.863626 210.685351
14750 3 0.312779 43.955798 5.672872 224.372247
14800 6 0.291195 40.128027 5.778124 211.187819
14850 4 0.421383 43.408916 5.734891 207.197214
14900 6 0.247019 46.611781 5.734891 207.197214
14950 10 0.175394 43.267511 5.734891 207.197214
15000 5 0.187005 40.623411 5.819873 207.743041
15050 11 0.124448 42.039323 5.701447 220.968781
15100 12 0.216848 40.129647 5.737531 211.409388
15150 8 0.022566 39.822006 5.663472 273.404521
15200 1 0.378603 37.612103 5.936476 211.695796
15250 7 0.356744 36.347588 5.447151 241.597495
15300 4 0.294655 38.140353 6.012899 183.474492
15350 11 0.246524 37.404344 5.497174 255.851307
15400 10 0.266848 37.303526 5.429556 210.367046
15450 7 0.604477 39.510667 5.386163 196.999008
15500 9 0.206442 38.275985 5.827470 150.797343
15550 8 0.455133 40.327984 5.345320 209.041483
15600 7 0.600994 34.992164 5.171484 263.452070
15650 1 0.381371 37.112172 6.062667 144.401481
15700 7 0.254302 34.661269 5.693218 209.665149
15750 2 0.221274 32.235213 5.913529 205.338329
15800 2 0.406823 34.408860 6.022672 202.767623
15850 4 0.435737 32.678639 5.482037 207.764316
15900 4 0.355053 32.620854 5.218877 217.402971
15950 11 0.494236 41.030399 5.157436 209.721284
16000 5 0.379872 37.358805 5.387108 203.172749
16050 3 0.589261 38.854044 5.722590 194.266495
16100 2 0.245254 35.118406 5.947621 183.975670
16150 5 0.262211 33.689835 5.862018 187.716498
16200 10 0.078501 32.279429 5.690146 187.672370
16250 6 0.418895 32.693102 5.589008 193.119956
16300 6 0.359738 31.386410 5.606020 205.683038
16350 7 0.131238 33.521845 5.930235 197.394103
16400 5 0.186590 33.009593 6.053956 203.244486
16450 4 0.181112 33.527418 6.216244 203.869755
16500 5 0.206627 33.298632 6.027787 212.234543
16550 2 0.118242 31.658701 6.198699 206.357466
16600 4 0.140701 33.532344 6.032983 207.269196
16650 4 0.367136 31.262158 5.786766 213.554581
16700 2 0.464585 33.906399 5.764066 212.260890
16750 11 0.546091 34.095045 5.704479 214.138494
16800 3 0.579370 30.584544 5.704479 214.138494
16850 3 0.469637 29.909551 5.704479 214.138494
16900 2 0.470833 27.408171 5.704479 214.138494
16950 7 0.446889 28.557043 5.704479 214.138494
17000 5 0.634395 28.214528 5.704479 214.138494
17050 2 0.457446 32.553730 5.759886 212.960871
17100 2 0.480775 28.792801 5.894261 214.106304
17150 1 0.453220 30.391103 6.057509 213.051550
17200 1 0.527462 33.576630 5.970367 214.206478
17250 1 0.470012 26.411590 5.970367 214.206478
17300 3 0.717472 24.415644 5.839850 214.495494
17350 3 0.282634 25.570640 5.800161 209.556259
17400 3 0.517001 24.461675 5.638156 208.760715
17450 4 0.463801 20.525638 5.635541 213.142270
17500 8 0.466817 22.291869 5.192801 188.200852
17550 12 0.505290 25.006588 4.816663 213.341051
17600 8 0.481059 25.970831 5.723225 208.563494
17650 3 0.494413 26.743573 6.169772 212.426714
17700 7 1.143077 23.185283 5.244262 179.865679
17750 1 0.441010 23.598360 5.766115 202.501765
17800 7 0.718182 21.879398 5.585802 172.847118
17850 1 0.993615 23.724756 5.820411 232.688422
17900 4 0.876178 23.854255 5.856028 174.291510
17950 3 0.383134 20.693838 6.106580 220.695249
18000 7 0.432583 24.427251 5.500685 211.919601
18050 5 0.752040 25.469337 5.665327 181.106550
18100 9 0.425890 25.232604 5.582584 135.458551
18150 11 0.465910 25.232251 5.263460 274.210850
18200 11 0.704905 24.413719 5.118281 214.267594
18250 4 0.623167 20.403719 5.530075 231.418495
18300 4 0.807608 18.790787 5.552404 244.137102
18350 2 0.692243 20.353584 5.888191 165.831483
18400 4 0.705556 24.377389 5.643806 213.101328
18450 3 0.594580 27.361302 5.915178 271.708455
18500 4 0.640772 21.547159 5.706714 227.219699
18550 2 0.585046 27.191049 5.767055 239.080128
18600 4 0.656518 26.375368 5.649440 235.471378
18650 4 0.622380 25.131086 5.660648 219.068845
18700 3 0.674860 23.727732 5.969949 259.766983
18750 7 0.800041 23.758960 4.946798 235.565673
18800 2 0.822558 28.112601 5.310201 186.924813
18850 3 0.679800 28.231194 6.205173 204.207012
18900 4 0.609473 25.512502 5.616819 213.909369
18950 3 0.638811 23.873469 5.839042 250.568794
19000 5 0.506566 25.670646 5.248479 257.309357
19050 14 0.341408 24.424137 5.362036 244.890860
19100 4 0.795432 20.185237 5.423459 203.026346
19150 6 0.671164 20.122298 5.526766 200.713992
19200 8 0.034969 25.724528 5.779264 194.681540
19250 2 0.640568 24.050353 5.817290 204.667690
19300 5 0.673518 24.486955 5.560190 185.580678
19350 5 0.587420 24.100609 5.660052 186.558711
19400 5 0.644635 24.129278 5.338879 184.732305
19450 5 0.618503 24.794364 5.279622 210.637139
19500 9 0.538322 21.411446 5.290955 223.153957
19550 4 0.620934 22.526889 5.890313 259.468193
19600 5 0.411674 23.285141 5.744991 225.923043
19650 7 0.389028 22.196244 5.603868 229.269729
19700 7 0.451728 23.372302 5.344934 220.372195
19750 3 0.567442 24.991999 5.998494 189.553292
19800 5 0.338442 22.050467 5.789562 210.443341
19850 14 0.191572 23.031931 5.691896 212.963896
19900 11 0.200619 23.337444 5.328382 177.955393
19950 11 0.117475 25.568927 5.639899 218.168301
20000 8 0.209565 27.222171 5.966983 225.881448
20050 11 0.073354 23.733995 5.632504 237.189496
20100 14 0.156918 24.420102 5.923069 214.761492
20150 6 0.288171 27.700520 5.697640 216.453792
20200 6 0.051096 27.090988 5.855311 206.263693
20250 7 0.165720 27.822987 5.755545 194.644786
20300 1 0.635072 27.108934 5.966543 176.380165
20350 1 0.624153 26.617042 5.613933 228.469626
20400 3 0.623048 25.126197 5.584971 222.104391
20450 2 0.581256 24.208206 5.676865 213.755353
20500 4 0.667329 23.203806 5.701930 214.048070
20550 4 0.697061 22.098237 5.665785 198.060690
20600 1 0.514401 25.766599 6.016892 209.187039
20650 5 0.202897 26.625796 5.807362 210.469230
20700 4 0.330546 25.101776 5.912937 207.264760
20750 1 0.500920 24.410366 5.952428 197.059131
20800 1 0.483798 27.597389 6.116862 136.206055
20850 7 0.466596 27.871866 6.102459 192.913519
20900 8 0.462033 26.235067 5.631552 191.091847
20950 8 0.358142 21.690490 5.673728 224.131534
21000 5 0.614672 23.829600 5.467999 143.744833
21050 2 0.631277 20.675853 6.030677 190.966864
21100 1 0.505324 25.193990 5.899164 224.264931
21150 1 0.216245 19.952273 5.763742 210.335021
21200 3 0.455227 23.382206 5.519273 193.660962
21250 4 0.696131 18.257445 5.362095 189.071191
21300 2 0.559688 18.901909 5.468787 192.801730
21350 3 0.582773 20.633375 5.582516 188.009113
21400 4 0.607772 22.131427 5.740573 155.122926
21450 1 0.444360 21.483552 5.902951 215.913685
21500 8 0.529868 21.618663 5.342150 239.389850
21550 1 0.599335 19.734799 6.062642 161.830919
21600 3 0.638067 21.380095 5.783418 175.974337
21650 3 0.597278 18.715430 5.827409 252.000596
21700 2 0.562558 16.114683 5.999072 172.551400
21750 2 0.627331 19.162244 5.624889 231.926068
21800 1 0.555118 13.796447 5.920843 225.315110
21850 4 0.331283 13.404796 5.949221 167.496050
21900 1 0.423416 14.464154 5.955956 202.728800
21950 1 0.698087 18.026927 5.639718 220.046744
22000 4 0.582889 14.213831 5.654142 162.029442
22050 3 0.684273 13.160557 5.409144 268.798754
22100 1 0.589245 15.335207 6.085924 176.995566
22150 5 0.503475 14.153488 5.547449 247.461086
22200 2 0.648471 7.978736 6.159703 241.047035
22250 2 0.699175 9.381922 5.676318 232.144375
22300 6 0.612000 10.582692 5.240063 245.805694
22350 3 0.420450 9.103126 6.046528 206.862953
22400 4 0.471755 11.469935 5.616821 213.855059
22450 5 0.716717 12.818106 5.225572 191.296803
22500 3 0.514629 14.781182 5.459222 252.656258
22550 6 0.557236 18.340647 5.674912 180.848343
22600 4 0.823238 12.179466 5.854110 194.245066
22650 7 0.620540 12.536105 5.448160 202.189823
22700 4 0.564416 15.268483 5.860519 190.811250
22750 5 0.523324 14.729053 5.735428 194.563784
22800 3 0.513633 13.637328 5.587661 204.553234
22850 3 0.454158 11.019910 5.942589 196.239945
22900 4 0.546797 12.644114 5.448951 198.088635
22950 4 0.490223 13.348392 5.448951 198.088635
23000 4 0.732767 11.430992 5.089005 192.564528
23050 5 0.640811 11.100048 5.566532 313.531971
23100 2 0.653904 12.347090 5.757857 177.381402
23150 2 0.681151 18.102199 6.373326 214.003248
23200 2 0.728417 13.154017 5.818916 159.826916
23250 4 0.641120 13.915449 5.643542 169.795327
23300 2 0.677571 15.222431 5.735341 204.169034
23350 6 0.662856 17.365159 5.295642 212.238701
23400 4 0.824184 21.526900 5.222001 186.157278
23450 2 0.942619 18.914388 5.721812 177.708890
23500 6 0.617411 18.643753 5.400489 171.081051
23550 3 0.917893 22.229896 5.565224 160.490519
23600 1 0.948879 18.423237 5.712655 189.032058
23650 3 0.650590 18.240763 5.810413 198.581906
23700 2 0.378693 15.630390 6.014936 201.738897
23750 4 0.458749 17.374755 5.548667 165.561173
23800 3 0.510458 17.578944 5.960277 166.387656
23850 3 0.609165 18.178849 5.425457 259.289911
23900 5 0.280942 16.615364 5.923044 229.118846
23950 2 0.343655 16.568978 6.020710 190.208716
24000 6 0.315060 19.240352 5.241705 212.794046
24050 7 0.620418 15.844848 5.158135 215.465955
24100 3 0.651688 21.224985 5.302022 218.324732
24150 3 0.494103 25.385076 5.433731 225.939465
24200 5 0.546185 23.568844 5.146802 209.359780
24250 7 0.791484 20.420025 5.135240 182.915175
24300 7 0.557607 22.878633 5.120396 219.088498
24350 4 0.578834 22.018220 5.664348 197.641199
24400 2 0.674403 23.774703 5.654632 157.961243
24450 1 1.253028 22.135985 6.091064 238.371578
24500 1 1.334817 19.941519 5.756745 147.697412
24550 4 1.374601 17.526094 5.183743 223.342711
24600 4 0.984039 18.948787 5.331376 232.396779
24650 3 1.017882 19.758214 5.315732 238.715926
24700 2 1.140974 23.347088 5.814468 195.149860
24750 2 0.833490 17.838742 5.523288 191.753899
24800 9 0.605759 19.290507 5.403991 190.601497
24850 6 0.541446 17.822774 5.327171 221.854372
24900 7 0.522508 21.491614 5.725346 188.833987
24950 4 0.524756 19.368607 6.058461 202.506679
25000 2 0.548101 18.949367 5.960130 182.313318
25050 5 0.327356 13.632486 5.644202 213.650939
25100 3 0.314094 14.162021 5.912651 175.828141
25150 2 0.497104 16.319715 5.755067 228.212824
25200 3 0.023309 19.171467 6.037209 219.540886
25250 5 0.207414 22.180436 5.991817 105.842336
25300 2 0.397887 15.050882 5.760282 288.925111
25350 2 0.504112 18.870548 5.787245 212.016172
25400 5 0.270589 18.663669 5.573930 180.145451
25450 7 0.464838 19.779953 5.645470 197.292812
25500 8 0.363752 18.674989 5.833328 191.091858
25550 4 0.635094 16.376342 5.779967 195.435913
25600 5 0.476960 16.544843 5.809674 196.053098
25650 3 0.263008 15.592684 6.177419 202.837972
25700 1 0.301168 14.040809 5.956102 203.284880
25750 7 0.214084 16.175215 5.829012 202.841261
25800 5 0.566751 15.358938 5.508789 210.139021
25850 4 0.360507 14.980110 5.488693 202.831083
25900 4 0.269874 18.685471 5.904294 205.498890
25950 5 0.503142 18.295498 5.665758 170.020526
26000 8 0.280867 19.847322 5.263209 235.707407
26050 6 0.265354 21.139455 5.234961 212.972683
26100 8 0.528711 19.200391 5.106957 205.668780
26150 11 0.475005 18.902728 4.898099 204.277271
26200 14 0.173726 20.666745 5.259463 204.116154
26250 16 0.110737 17.490612 5.305840 147.031520
26300 5 0.103078 20.950675 5.670947 179.712310
26350 8 0.528665 20.184042 5.733808 168.530032
26400 9 0.367645 20.119818 5.721684 153.091419
26450 8 0.066972 21.188830 5.683603 201.913316
26500 2 0.166068 20.148893 6.238163 145.920881
26550 6 0.168962 20.502662 5.825459 289.222504
26600 8 0.189101 19.100136 5.697729 176.158308
26650 12 0.036930 20.568135 5.607413 200.694963
26700 8 0.048895 18.196832 5.598966 169.408169
26750 10 0.336997 21.627648 5.373442 215.688666
26800 24 0.217147 20.587429 5.188889 164.278571
26850 12 0.341796 18.155532 5.265926 237.112355
26900 9 0.471068 18.196111 5.183239 212.547969
26950 12 0.645644 17.478784 5.268186 118.778492
27000 11 0.396929 15.651484 5.357423 220.814896
27050 18 0.144937 17.485018 5.565885 180.146036
27100 4 0.249698 16.486421 5.528239 107.445844
27150 8 0.543794 16.202162 5.677054 160.688666
27200 5 0.449886 20.430341 5.973293 178.572259
27250 9 0.168167 16.681982 5.568158 210.734222
27300 5 0.374675 17.856914 5.582916 116.705811
27350 3 0.229181 18.328568 5.983132 193.112615
27400 3 0.291510 19.676741 5.658806 199.816558
27450 6 0.445924 19.693660 5.381085 154.505828
27500 3 0.459724 15.668320 5.663754 178.473789
27550 1 0.443731 14.336011 6.039611 216.857874
27600 3 0.423633 19.005157 5.897514 199.658899
27650 4 0.363327 18.862935 5.746433 174.553593
27700 6 0.633658 18.696879 5.639354 190.218469
27750 5 0.441075 17.151337 6.010604 180.095284
27800 7 0.498931 21.485952 5.423180 242.211670
27850 7 0.483662 21.201816 5.458757 209.665626
27900 6 0.481597 20.344893 5.733580 201.815160
27950 7 0.450106 19.778825 5.425590 216.709234
28000 4 0.642630 18.990183 5.624776 222.111863
28050 3 0.762156 17.308341 5.618870 216.879311
28100 11 0.541207 17.815122 5.404960 178.678382
28150 5 0.911871 16.539756 5.035451 148.254767
28200 9 0.551211 17.052666 5.224883 207.243785
28250 8 0.542647 16.608240 5.179178 191.889469
28300 9 0.439978 17.192089 5.335561 193.233270
28350 8 0.381802 20.043645 5.647092 202.204754
28400 5 0.450746 19.359156 5.680280 205.412780
28450 8 0.484613 17.385151 5.620859 200.643315
28500 11 0.101242 22.874459 5.651035 201.494214
28550 13 0.220350 26.000680 5.651035 201.494214
