0 11 2.893962 23.716877 3.700000 47.000000 1.019793 4.917565 
50 12 2.755110 24.111632 3.760219 47.394431 0.408906 8.430281 
100 12 2.580064 24.385607 3.762253 57.330175 0.399937 2.575939 
150 12 2.463212 25.179495 3.778153 55.588357 0.356029 5.299926 
200 16 2.382334 24.422531 3.741325 47.798158 0.206475 6.151261 
250 13 2.385718 23.917317 3.875863 62.497542 0.338159 3.357023 
300 11 2.431205 23.574111 3.903366 47.199390 0.337508 1.313013 
350 13 2.371977 24.972406 3.731406 54.363218 0.328131 1.483925 
400 15 2.388673 25.165768 3.791613 43.934042 0.406414 0.487155 
450 13 2.339245 25.417895 3.806468 50.890558 0.246406 0.320744 
500 12 2.246885 24.412343 3.790621 57.660563 0.173993 0.588417 
550 12 2.296136 23.853763 3.801294 63.088735 0.324078 1.382995 
600 13 2.075754 24.200089 3.806237 56.681768 0.252068 8.621991 
650 12 2.150914 23.032091 3.835416 60.376694 0.308638 10.531547 
700 14 2.063791 24.175146 3.822849 54.718579 0.458483 11.755593 
750 16 2.211742 24.412413 3.826490 54.980238 0.291054 4.275073 
800 16 1.854984 24.011919 3.838132 54.313912 0.333831 3.076057 
850 15 2.250957 23.658532 3.835981 55.156545 0.480872 4.276246 
900 15 1.845861 23.699370 3.835981 55.156545 0.295191 5.063807 
950 15 1.566177 23.496358 3.850630 52.867915 0.278843 1.555046 
1000 16 1.750868 23.040253 3.760407 53.177436 0.330313 1.716307 
1050 14 1.707916 23.040056 3.743025 77.243170 0.379823 2.391326 
1100 14 1.928098 23.609596 3.784213 66.595606 0.296576 3.221628 
1150 13 1.640248 24.656157 3.903282 71.208557 0.351428 1.940778 
1200 13 1.292801 23.792312 3.772829 80.434358 0.323264 1.999890 
1250 14 1.398131 23.505949 3.840600 69.027246 0.293214 2.473908 
1300 14 1.621444 23.796165 3.965723 60.414562 0.338961 2.588788 
1350 12 1.676515 22.938407 3.864567 78.509619 0.239646 3.616168 
1400 12 1.353816 22.558822 3.961265 87.584974 0.238771 6.562847 
1450 16 1.427620 21.635230 3.904236 54.265948 0.277363 9.521061 
1500 14 1.430685 22.339755 3.896659 65.044483 0.248241 7.619431 
1550 14 1.373237 23.168583 3.874359 55.811614 0.309260 5.098626 
1600 13 1.515577 23.848998 4.055087 60.395060 0.252830 5.610283 
1650 12 1.360183 25.896976 4.072741 64.381427 0.322935 4.735330 
1700 15 1.667410 24.845807 3.935136 50.459076 0.407333 1.732481 
1750 15 1.752186 24.316049 3.916376 57.154859 0.306706 2.431410 
1800 14 1.797131 24.830851 3.925543 56.620151 0.223086 4.257456 
1850 11 1.599197 25.746745 4.025917 64.220955 0.279113 5.054280 
1900 15 1.713925 25.468901 4.168140 52.269328 0.256468 7.145007 
1950 13 1.702573 25.235107 4.245215 44.606909 0.228252 3.524757 
2000 13 1.690690 25.707163 4.245633 43.999371 0.163509 0.872852 
2050 14 1.461432 26.484304 4.368292 50.854878 0.245980 1.314695 
2100 12 1.656707 24.935510 4.305887 41.000079 0.167261 2.385848 
2150 16 1.856486 24.292461 4.306341 35.664564 0.129014 3.295746 
2200 12 1.711132 24.982959 4.313352 41.169167 0.137693 2.433890 
2250 16 1.607244 24.980222 4.251481 60.591345 0.166097 3.745950 
2300 15 1.719105 25.109187 4.388002 57.270760 0.195061 5.297460 
2350 10 1.526570 25.973605 4.340270 56.380572 0.217321 19.224394 
2400 13 1.690214 26.419834 4.253956 50.049827 0.264218 17.479203 
2450 11 1.642833 26.695181 4.247532 61.874267 0.239313 16.596889 
2500 14 1.719370 26.705547 4.132622 52.523773 0.262415 6.004780 
2550 13 1.162195 27.782962 4.240426 54.735508 0.193550 7.683522 
2600 13 1.371827 25.802832 4.126376 56.419440 0.272474 5.197385 
2650 14 1.381283 27.122520 4.175874 45.053456 0.216384 13.979884 
2700 13 1.048026 26.030014 4.229878 50.272454 0.224192 11.420777 
2750 12 1.401348 24.237846 4.095355 89.907871 0.193666 11.325982 
2800 13 1.160649 23.213720 3.965414 62.806134 0.203655 11.872408 
2850 13 1.305103 24.111078 3.973166 66.101944 0.222062 21.623743 
2900 12 1.288678 24.917614 4.080288 55.582590 0.219883 26.366948 
2950 12 1.276561 25.043544 4.093376 55.997045 0.167972 28.179880 
3000 11 1.377184 26.940031 4.400248 76.799715 0.267729 33.459513 
3050 15 1.284941 23.207324 4.332865 54.997403 0.340233 23.920514 
3100 16 1.290965 23.917986 4.175104 56.171193 0.192477 30.084274 
3150 12 1.192658 23.992445 4.301833 59.471799 0.183257 17.069714 
3200 11 1.269598 22.928558 4.305494 55.568367 0.358244 48.524522 
3250 12 1.238815 25.189502 4.186179 60.413309 0.297118 92.146527 
3300 13 0.974017 25.829381 4.259372 97.459684 0.202646 55.881537 
3350 15 0.862142 28.223057 4.197706 87.813586 0.273870 93.517150 
3400 13 0.749612 25.763229 4.190069 48.984402 0.581566 81.200519 
3450 14 0.954719 25.376832 4.174629 64.213004 0.289174 111.680763 
3500 13 1.111470 24.445346 4.177007 76.979796 0.276425 56.142488 
3550 13 0.761682 25.790538 4.158682 85.156609 0.217101 59.999114 
3600 12 0.744722 28.295471 4.150858 65.524978 0.328988 51.423682 
3650 13 0.827344 29.458384 4.169931 72.035906 0.261614 54.182682 
3700 13 0.941874 28.946930 4.194449 69.051777 0.316821 57.313632 
3750 13 0.846728 29.268300 4.171115 82.474748 0.410474 57.642530 
3800 13 0.919990 28.575686 4.186184 86.796510 0.336685 83.770733 
3850 13 1.006560 30.109249 4.238816 102.223082 0.297822 137.055575 
3900 15 0.915698 29.446512 4.304410 64.333758 0.400906 224.483681 
3950 14 0.872697 25.323575 4.295632 65.315732 0.256341 1056.258559 
4000 15 0.391334 27.437091 4.281923 61.437465 0.211025 1980.546987 
4050 11 0.355602 26.982231 4.324671 62.530907 0.260362 364.020560 
4100 13 0.576427 24.656093 4.353355 62.412538 0.203408 101.368868 
4150 12 0.729736 27.283675 4.351717 55.020999 0.206502 94.067210 
4200 15 0.744592 23.337716 4.433823 65.238280 0.199132 104.996866 
4250 14 0.752371 27.382625 4.486658 51.622474 0.206536 210.691107 
4300 14 0.685217 24.570209 4.489339 73.324633 0.181277 364.074407 
4350 12 0.675756 20.736268 4.330816 67.104056 0.189163 350.128545 
4400 13 0.574666 27.350381 4.409409 55.034166 0.203141 196.132788 
4450 15 0.741224 26.021603 4.503424 42.683502 0.115664 195.400244 
4500 14 0.758864 30.460437 4.633825 55.000913 0.121694 271.761699 
4550 13 0.730350 30.914179 4.927847 41.539072 0.211149 144.300009 
4600 15 0.683022 26.421921 4.586727 81.240509 0.233265 112.044971 
4650 12 0.712168 29.197739 5.041404 66.620771 0.215403 96.755601 
4700 16 0.529626 27.943171 4.853134 29.509042 0.102428 113.690548 
4750 13 0.543297 24.969250 4.795715 46.637107 0.197324 46.382761 
4800 12 0.724732 24.303305 4.887700 50.974507 0.178806 104.748111 
4850 14 0.603309 24.113730 4.513263 46.695730 0.282602 243.339387 
4900 13 0.633890 24.899304 4.510628 72.042096 0.150304 353.719889 
4950 16 0.591035 24.465263 4.628318 56.908528 0.242619 760.129456 
5000 11 0.690625 23.366976 4.682647 48.311379 0.373321 303.879271 
5050 13 0.734169 25.074356 4.630449 46.360283 0.268239 420.329126 
5100 13 0.524092 24.196223 4.611917 48.020141 0.268710 923.577305 
5150 12 0.600990 24.464650 4.779392 25.921710 0.316557 813.430281 
5200 11 0.698001 24.335250 5.224322 4.964578 0.558489 920.826053 
5250 14 0.493055 23.201390 4.942354 77.164787 0.473817 736.241032 
5300 13 0.880102 21.354255 4.522490 81.290044 0.506854 971.334346 
5350 15 0.741118 23.457949 4.537954 68.137318 0.609223 1268.774107 
5400 14 0.652551 21.352854 4.469693 54.715624 0.485281 1340.097196 
5450 13 0.692121 26.772472 4.596612 62.052985 0.450978 2850.672277 
5500 10 0.504334 24.748952 4.837693 54.349323 0.422985 1788.626432 
5550 14 0.499347 25.432069 4.686172 52.448425 0.351954 4088.587629 
5600 13 0.506358 23.067862 4.335590 89.943759 0.557701 2652.542258 
5650 16 0.603298 24.840379 4.387632 98.554628 0.534702 5294.300445 
5700 12 0.157691 22.837704 4.696021 100.040784 0.485922 4990.920877 
5750 16 0.563530 25.065524 4.634003 41.757932 0.296501 1685.152603 
5800 12 0.724603 23.755890 4.819515 49.338938 0.248956 1859.098740 
5850 13 0.568854 23.489373 4.854346 57.854538 0.467262 1272.401119 
5900 13 0.596134 26.850698 4.492152 81.086222 0.515137 882.337016 
5950 13 0.557325 23.990738 4.668432 85.789221 0.365343 821.740990 
6000 14 0.520853 23.018168 4.642978 63.114018 0.587475 611.820186 
6050 15 0.499507 24.921864 4.713776 58.761113 0.532564 808.340016 
6100 13 0.231939 26.830756 4.725051 87.440097 0.592247 1036.279770 
6150 13 0.370620 26.515416 4.670431 67.302861 0.520391 2808.539487 
6200 10 0.887776 25.105534 4.686148 47.962649 0.337697 3043.099254 
6250 17 0.527129 28.294690 4.615586 81.799291 0.433633 3303.227708 
6300 14 0.776769 24.891153 4.577007 53.110077 0.331298 1980.415251 
6350 11 0.822125 24.104254 4.705604 64.919463 0.484058 2307.047223 
6400 12 1.031641 24.582047 4.945087 49.695241 0.406036 3862.915625 
6450 13 1.152868 23.927864 5.097261 31.922506 0.460053 1448.533024 
6500 14 0.722576 19.009112 4.671700 75.274628 0.537887 537.601033 
6550 14 0.757638 23.678910 4.957981 41.530501 0.409077 817.977441 
6600 12 0.542266 25.976485 4.897866 45.484377 0.283637 982.590933 
6650 16 0.408470 22.717446 4.632073 69.057236 0.390741 970.459867 
6700 16 0.049493 24.715953 4.857477 77.074243 0.514005 1007.635000 
6750 14 0.213867 24.192445 4.688574 87.317497 0.439746 2029.510228 
6800 12 0.226753 26.733059 4.681933 67.316421 0.574215 4043.627200 
6850 14 0.528147 26.511438 4.626807 36.476256 0.408573 1276.897259 
6900 13 0.450278 23.884533 4.369745 100.945225 0.400932 486.481472 
6950 15 0.373245 26.401204 4.563384 83.988991 0.293667 327.010670 
7000 15 0.188933 22.572089 4.657231 94.755341 0.301177 342.429432 
7050 16 0.302778 24.261368 4.679257 75.790940 0.295118 1354.543995 
7100 13 0.389311 31.904769 4.595300 82.793787 0.336105 565.512248 
7150 13 0.151189 24.681907 4.872978 68.385398 0.416667 1122.029994 
7200 14 0.257151 26.688665 4.549000 107.066375 0.486569 3423.349395 
7250 16 0.395452 28.200813 4.840054 16.053311 0.673623 8945.024193 
7300 13 0.359768 28.057561 4.819004 48.216142 0.337018 16662.638758 
7350 13 0.323815 26.140635 4.960631 45.420862 0.284579 7605.743400 
7400 15 0.251964 22.582715 4.775790 53.564763 0.330518 12045.199292 
7450 12 0.360266 29.637750 4.937908 60.965639 0.380223 12436.820265 
7500 14 0.343785 28.413194 4.772937 48.016001 0.250039 13386.019749 
7550 14 0.338765 23.079510 4.979379 49.878987 0.502120 15610.742574 
7600 14 0.313372 31.888485 4.857812 51.638346 0.331505 16461.497545 
7650 15 0.378362 29.596142 4.894784 59.377350 0.517270 37858.275811 
7700 14 0.256278 30.175942 4.991728 35.862370 0.219567 43209.436550 
7750 15 0.306875 36.909516 4.801730 69.611532 0.619462 45847.618087 
7800 17 0.456934 39.136352 4.675980 66.960708 0.542908 60641.418828 
7850 17 0.424250 38.237166 4.827083 47.355621 0.641255 22146.629450 
7900 16 0.398742 34.687332 4.958082 56.384122 0.642322 21343.655433 
7950 13 0.174543 39.233024 4.883130 41.007050 0.369102 12399.830925 
8000 16 0.238907 32.410248 5.221599 41.919334 0.564809 4666.385395 
8050 13 0.498956 39.468534 4.683599 110.228152 0.425179 12846.784122 
8100 13 0.666365 37.606970 4.828178 38.637003 0.427294 44187.896173 
8150 17 0.628769 37.704778 4.609137 40.008614 0.303511 14147.375634 
8200 13 0.325246 37.712054 4.932241 28.358523 0.599403 7367.739467 
8250 14 0.440696 41.423916 4.767853 41.534498 0.616043 21145.983799 
8300 10 0.438010 44.323249 5.179691 41.091741 0.508122 15008.334653 
8350 14 0.365112 32.535423 5.045766 36.197351 0.605530 18691.676431 
8400 15 0.039414 36.467578 4.958125 16.226683 0.504331 16873.635204 
8450 14 0.249903 34.943291 5.109308 67.063414 0.456254 21265.298618 
8500 14 0.372280 32.147421 4.639866 49.431841 0.516751 10290.174642 
8550 15 0.096154 23.647451 4.822127 158.414056 0.513666 19765.655221 
8600 15 0.100400 33.728729 5.155840 44.461528 0.698084 24518.194656 
8650 13 0.081449 29.129693 4.908876 138.952196 0.578626 11221.872018 
8700 12 0.027531 30.006483 5.014648 55.802558 0.643777 20453.530623 
8750 15 0.262439 28.433320 5.095423 33.145470 0.565590 19705.464346 
8800 14 0.176439 33.551931 4.889615 53.464174 0.390811 10205.461703 
8850 14 0.203989 29.972957 5.107926 47.689499 0.371798 3735.382530 
8900 16 0.263015 42.444585 4.828876 58.815445 0.376974 3060.040686 
8950 15 0.095543 41.244258 5.150720 63.117430 0.361185 4062.469248 
9000 13 0.131139 42.572419 5.169977 29.797906 0.296898 1355.987422 
9050 14 0.085848 45.697631 5.263594 30.659741 0.294548 980.354031 
9100 16 0.063619 46.439679 4.944234 36.208004 0.198472 571.254696 
9150 14 0.055567 46.816535 5.281435 42.036277 0.219948 437.272347 
9200 11 0.165219 47.551005 5.223760 16.028540 0.454145 1301.748284 
9250 14 0.128388 44.539104 5.028901 42.470977 0.441308 582.449122 
9300 14 0.233719 47.347616 5.053570 50.514224 0.644029 785.221721 
9350 15 0.244319 43.659521 4.939987 38.134444 0.291802 476.504969 
9400 13 0.203735 40.706327 4.869483 46.894752 0.262617 228.808727 
9450 12 0.149308 40.773689 4.893856 45.127516 0.224871 309.223905 
9500 13 0.204665 39.767234 4.823149 43.404617 0.261457 414.979364 
9550 14 0.260968 43.613094 4.957069 44.745810 0.330198 393.545107 
9600 13 0.156664 36.984870 4.957069 44.745810 0.384036 566.037874 
9650 12 0.105590 35.414610 4.924540 89.826301 0.564762 914.601501 
9700 14 0.137225 45.195878 4.684560 42.843536 0.715237 1552.677155 
9750 14 0.164652 41.432666 4.880504 99.455879 0.758717 2022.441825 
9800 11 0.149737 38.544220 4.970127 52.029057 0.782760 1023.100832 
9850 14 0.388821 40.899257 4.577630 55.221370 0.661758 462.958448 
9900 16 0.363407 47.068420 4.812508 84.600124 0.527682 698.467960 
9950 13 0.381751 37.199639 4.844318 59.565549 0.439628 583.314821 
10000 13 0.527832 46.842706 4.912759 22.412802 0.652851 459.697641 
10050 13 0.427410 47.341058 4.830621 63.996675 0.307938 577.825664 
10100 16 0.386841 47.331311 4.775856 37.930533 0.344650 1773.255112 
10150 14 0.393300 48.650590 4.942443 39.142078 0.287480 5818.830774 
10200 13 0.491266 54.962225 4.784261 44.781693 0.295534 3946.571312 
10250 14 0.464904 53.087715 4.939798 44.953523 0.280518 2113.520844 
10300 15 0.495477 49.997766 4.440907 76.948633 0.367341 3136.753847 
10350 15 0.340694 43.163748 4.854778 93.677966 0.384936 1272.544844 
10400 9 0.482772 46.165192 4.528097 125.427387 0.641225 2096.574748 
10450 14 0.765038 49.532770 4.739033 55.639431 0.401128 2846.397794 
10500 12 0.575167 51.202749 5.051154 67.612921 0.342043 4149.972453 
10550 13 0.411646 54.090621 5.039127 48.752193 0.633890 1411.554423 
10600 14 0.429370 49.764167 5.024430 65.412174 0.424196 1121.237362 
10650 15 0.302617 52.345933 4.411974 112.439277 0.476726 979.794222 
10700 14 0.560646 52.485603 4.853254 78.146817 0.409785 1313.440646 
10750 14 0.535507 47.107731 4.692001 49.970687 0.491125 1180.956444 
10800 14 0.405453 42.720465 4.873402 67.957789 0.412906 2857.593029 
10850 14 0.475838 43.726888 4.636490 61.448437 0.374501 1275.490101 
10900 14 0.133955 46.902206 4.847600 35.759930 0.901300 791.923652 
10950 13 0.200142 46.469036 4.959431 56.530811 0.275849 483.911075 
11000 16 0.301862 42.277512 4.911169 37.459927 0.259192 497.698518 
11050 13 0.311669 44.665506 4.939040 41.075672 0.501170 661.459837 
11100 12 0.604663 41.082572 4.876211 41.394175 0.678886 2274.141875 
11150 14 0.738354 44.629558 4.876211 41.394175 0.544542 2303.478783 
11200 15 0.712743 45.755949 4.849501 40.707803 0.395042 1898.246329 
11250 11 0.816120 43.501038 4.849501 40.707803 0.591372 5916.785070 
11300 13 0.258319 43.088348 4.849501 40.707803 0.528268 3682.363658 
11350 12 0.446293 36.044603 5.067526 39.539347 0.499011 4200.508954 
11400 13 0.334015 35.542440 5.211909 43.630703 0.195988 4718.864877 
11450 13 0.290460 32.250297 5.237300 56.601268 0.316809 4806.886383 
11500 15 0.299503 26.868999 4.820586 54.214970 0.286283 9823.721867 
11550 11 0.341120 30.370968 4.909806 66.370661 0.322050 19895.636386 
11600 14 0.342218 35.508314 4.703855 53.469423 0.732533 25505.301267 
11650 13 0.355505 36.898835 5.092273 58.207807 0.508477 15380.294390 
11700 14 0.418872 37.024593 4.723270 130.150595 0.573054 8110.074801 
11750 15 0.385924 32.780012 4.853875 79.855439 0.935586 16041.244611 
11800 12 0.525384 29.728111 4.597818 73.726998 0.937067 23105.271529 
11850 13 0.232540 32.818692 5.147317 52.148777 0.859898 9401.746693 
11900 13 0.202024 30.606001 5.073191 43.307493 0.754701 3273.187766 
11950 13 0.169133 34.904849 5.026568 41.452334 0.613811 2288.534066 
12000 13 0.280724 32.057284 4.888040 57.369944 0.701273 4843.870975 
12050 14 0.421956 36.872243 4.585653 54.428961 0.790347 15963.359304 
12100 13 0.413541 38.821857 4.395149 110.982253 0.607739 10769.191236 
12150 16 0.234728 36.143556 4.690088 58.459538 1.005517 8623.213911 
12200 11 0.109987 39.309577 4.659211 77.927820 0.838361 8345.593865 
12250 12 0.275871 34.916027 4.649333 57.313082 0.864510 4992.489581 
12300 11 0.078195 34.230544 4.835040 82.282114 0.401421 2444.022495 
12350 12 0.195428 37.694379 4.959425 163.246047 0.506902 1544.205766 
12400 14 0.180259 44.382645 4.780853 56.080122 0.682961 2688.835043 
12450 16 0.033908 46.268312 4.940957 41.694412 1.235654 2707.103159 
12500 12 0.239587 44.782774 5.109842 31.550699 0.948950 5575.236983 
12550 12 0.501642 44.655318 5.091425 21.142845 0.999392 4175.064157 
12600 13 0.519534 36.002579 4.959393 30.328814 1.215951 14607.420788 
12650 12 0.698879 39.834118 4.773146 64.459003 0.949541 6346.715925 
12700 14 0.823560 34.675075 4.716481 41.267656 0.668787 4257.318985 
12750 12 1.292725 37.699311 4.706465 28.104881 0.402886 4022.678403 
12800 14 1.350828 43.107563 4.447730 47.184997 0.525997 16172.711179 
12850 14 1.769272 43.537858 4.383641 49.480789 1.143126 20788.443926 
12900 15 2.211023 45.573312 4.594525 25.012139 0.669633 5583.804972 
12950 13 2.204351 44.067438 4.297232 47.313137 0.821440 9265.381848 
13000 14 2.200728 38.969242 4.389547 34.984906 0.790452 4000.798544 
13050 13 1.896544 46.430498 4.404913 33.870629 1.002538 9358.732446 
13100 15 2.203712 42.023174 4.350253 35.902433 0.498645 4713.645336 
13150 15 2.194168 43.295799 4.265152 36.043809 0.291516 2199.564892 
13200 14 1.870026 35.661215 4.544464 34.280151 0.469988 3946.328779 
13250 13 1.655456 45.776573 4.766037 22.776184 0.441746 6750.238303 
13300 15 1.797640 50.525002 4.304437 38.001243 0.293300 2596.354715 
13350 13 1.687064 48.171835 4.249429 47.463790 0.258680 6554.893512 
13400 13 1.712399 47.412542 4.632165 39.267098 0.326588 18143.269803 
13450 11 1.866997 52.822053 4.340268 54.197689 0.261968 21922.780454 
13500 14 1.469624 47.594763 4.421757 42.699469 0.297710 54820.920880 
13550 13 1.160872 43.290641 4.123230 60.382333 0.311152 32788.870650 
13600 14 1.330026 40.940658 4.291856 69.976409 0.471778 25987.671931 
13650 12 1.196182 35.230656 4.380038 66.047746 0.424874 14621.601311 
13700 12 1.339612 40.253478 4.477170 29.630264 0.340951 5307.400838 
13750 11 1.360428 47.642624 4.526536 43.453084 0.244265 7526.791315 
13800 14 1.193553 42.170490 4.509468 41.113023 0.641648 1356.220488 
13850 12 1.531118 35.136563 4.789134 11.551596 0.595375 788.728929 
13900 16 1.669858 35.518796 4.771516 22.960244 0.516687 950.168075 
13950 11 1.999633 42.496114 5.058719 6.076892 0.394166 1289.129571 
14000 14 1.771686 40.204048 4.673626 21.244931 0.589836 2088.005629 
14050 15 1.634799 31.060021 4.323683 44.940100 0.481162 2710.707057 
14100 15 1.371576 28.899025 4.470802 42.077849 0.603920 2860.084079 
14150 13 1.707647 35.759856 4.390569 46.252090 0.524912 3562.634413 
14200 17 1.996753 35.274385 4.635207 23.822799 0.429807 1214.557429 
14250 16 1.748711 41.477302 4.670063 22.281473 0.518304 990.921436 
14300 11 1.753907 42.964900 4.545630 27.637564 0.321775 700.378118 
14350 13 1.086953 28.601395 4.779341 5.605149 0.335140 2732.487159 
14400 13 1.058575 27.057692 4.970756 15.786131 0.384099 2984.944556 
14450 16 0.723739 31.367969 4.828104 29.919738 0.497525 9912.789252 
14500 15 0.336478 37.731516 5.072283 49.208474 0.455986 17282.386663 
14550 15 0.734754 38.614280 5.155756 13.146130 0.335734 12720.957104 
14600 14 1.095711 32.784719 4.866512 12.788664 0.415526 10287.035595 
14650 13 1.366089 21.434721 4.613331 40.447187 0.344151 6755.290252 
14700 14 1.150031 24.958509 4.559157 35.826559 0.312625 4672.950844 
14750 15 0.950499 28.316371 4.433039 53.820898 0.339705 4178.008392 
14800 14 0.897420 24.931800 4.379148 48.939153 0.501180 3817.902150 
14850 11 0.820541 26.675931 4.492390 66.305747 0.371313 5643.038048 
14900 15 0.765733 29.709736 4.494863 86.090978 0.527657 9143.001327 
14950 15 1.023104 29.982408 4.352109 62.543009 0.492540 3153.790244 
15000 13 0.836257 29.717817 4.588754 59.919966 0.647874 2397.957492 
15050 14 0.677570 34.701160 4.538073 53.256123 0.576109 2734.515013 
15100 15 0.752127 30.861990 4.310845 59.398217 0.553001 8063.351221 
15150 15 0.553289 30.217191 4.310669 108.861386 0.612314 15420.947930 
15200 13 0.961362 27.245620 4.310202 86.091649 0.238560 8153.904459 
15250 13 0.829368 23.442410 4.352737 57.765706 0.227123 12111.040899 
15300 13 1.197130 22.565412 4.367295 63.365897 0.664405 7171.175046 
15350 14 1.085597 21.906317 4.275844 81.170321 0.672360 11164.240604 
15400 14 1.507410 21.025685 4.199255 55.727060 0.872655 5829.213390 
15450 13 1.295176 25.286761 4.170137 59.766091 0.815508 2002.699125 
15500 13 1.119413 24.119557 4.240477 48.875658 0.896993 924.010606 
15550 11 1.105522 25.375189 4.304724 85.212041 0.451339 469.321414 
15600 13 1.076389 24.796593 4.464489 71.508807 0.556745 615.743331 
15650 13 1.188918 24.591958 4.341352 64.136841 0.288908 537.038760 
15700 12 1.278547 24.032425 4.321486 52.760752 0.480624 643.919849 
15750 12 1.652082 26.685338 4.244364 59.723701 0.257425 761.545070 
15800 14 1.628880 26.468799 4.588337 40.302428 0.374445 996.338430 
15850 14 1.188351 26.968956 4.730744 38.624349 0.345072 723.935630 
15900 12 1.021122 26.479851 4.481685 40.126668 0.442592 1744.945167 
15950 13 1.450647 26.766091 4.378400 34.938169 0.366190 959.553565 
16000 13 1.862126 26.523416 4.348838 35.741045 0.314563 798.927153 
16050 12 1.916291 25.845786 4.421322 43.788220 0.222411 1053.497345 
16100 13 1.591384 28.014330 4.367593 38.496350 0.273896 3241.616476 
16150 14 1.209638 27.472022 4.367593 38.496350 0.295173 6894.465063 
16200 15 1.305567 26.383278 4.355513 38.451433 0.464002 7407.436603 
16250 13 1.416902 25.740153 4.383341 37.875771 0.454316 1722.748033 
16300 13 1.297857 27.801303 4.383341 37.875771 0.484076 898.238215 
16350 13 1.075971 25.424315 4.383341 37.875771 0.591649 725.037090 
16400 17 1.298390 27.313110 4.383341 37.875771 0.558975 1089.690358 
16450 15 1.211717 28.549701 4.383341 37.875771 0.283250 1410.263394 
16500 15 1.276998 28.925531 4.455281 38.363000 0.342432 1237.265347 
16550 14 0.895183 25.239287 4.447936 38.602935 0.338740 1770.625424 
16600 15 0.372582 26.176714 4.546906 37.583231 0.402861 2635.118321 
16650 14 1.127128 29.288868 4.563647 39.516743 0.305814 1840.158071 
16700 14 0.959899 28.767133 4.488669 38.630355 0.346232 3756.860962 
16750 14 0.860129 30.006823 4.621248 38.464327 0.343922 2558.627633 
16800 12 0.804881 30.603537 4.598990 37.834006 0.245077 1015.985715 
16850 13 0.938901 28.378505 4.544571 38.008091 0.388410 1455.149865 
16900 11 1.136363 26.641989 4.544571 38.008091 0.420067 1576.046648 
16950 14 0.942678 26.950588 4.424279 38.119803 0.402819 3572.624791 
17000 14 0.876046 24.457113 4.436154 38.840860 0.305027 2243.940511 
17050 16 1.055601 28.633352 4.507167 35.807514 0.243688 3001.113254 
17100 12 1.387681 29.130556 4.429219 37.857080 0.244296 4599.615577 
17150 13 1.034548 31.023231 4.463555 40.295508 0.323007 2216.518438 
17200 15 1.371086 30.770094 4.653293 33.864416 0.254951 3016.014608 
17250 13 1.031922 29.067796 4.839179 34.010984 0.248410 1121.691133 
17300 10 1.080185 25.712384 4.671003 35.481676 0.187704 2787.518322 
17350 14 0.951266 26.706530 4.596088 35.614263 0.407646 3744.414649 
17400 15 0.970898 32.754259 4.653212 32.188979 0.303863 2530.386067 
17450 12 0.904683 30.106774 4.464752 36.400681 0.278247 2868.756875 
17500 15 0.793104 33.032184 4.445897 31.157352 0.313041 1417.423815 
17550 13 0.796511 30.174069 4.553181 41.910625 0.736382 2498.675526 
17600 14 0.735299 36.040050 4.667135 64.593917 0.950875 4352.387774 
17650 12 1.045417 36.867514 4.751475 49.590899 0.531271 5548.917712 
17700 15 1.336196 34.168601 4.841655 21.631955 0.361531 3347.900375 
17750 13 1.236592 31.228583 4.694744 41.259867 0.249697 812.858686 
17800 12 0.850973 31.649766 4.698965 45.671196 0.374119 724.276842 
17850 13 0.784122 27.049514 4.671543 53.705706 0.299840 401.652248 
17900 15 0.561033 20.075223 4.519300 80.207972 0.203383 356.766857 
17950 12 0.559329 25.222373 4.631988 96.157043 0.238698 547.663458 
18000 15 0.524867 17.335901 4.685819 72.919163 0.511117 259.754146 
18050 15 0.594928 17.410778 4.653864 53.858623 0.448777 214.617051 
18100 13 0.555684 19.133030 4.769504 24.448730 0.588646 345.567544 
18150 13 0.876158 22.330644 4.873942 32.334841 0.686593 548.123705 
18200 12 0.846435 24.060692 4.664616 64.649337 0.519672 256.649643 
18250 15 0.686794 30.670992 4.603375 28.656083 0.259421 93.013085 
18300 13 0.786000 27.014426 4.946038 65.123823 0.258490 72.860233 
18350 13 0.737851 33.361818 4.994265 58.714672 0.310543 174.067073 
18400 11 1.019081 32.415585 4.801013 66.898048 0.365610 201.980850 
18450 14 0.879958 30.913818 4.795089 58.408200 0.282891 454.535073 
18500 11 0.961059 28.636354 4.769170 30.792092 0.233975 133.335768 
18550 13 1.002242 26.798572 5.138167 14.523393 0.301753 61.711010 
18600 15 0.849895 19.294152 5.354429 7.283370 0.208125 94.380541 
18650 13 0.926471 20.512365 5.300288 29.883399 0.170369 65.319497 
18700 13 0.890010 24.417145 4.822836 33.568341 0.250365 142.333221 
18750 13 1.152781 33.985551 4.761514 37.702019 0.268495 123.155759 
18800 12 0.977977 24.553843 4.693561 38.983567 0.232347 125.765850 
18850 13 0.980208 41.093389 4.287026 32.848509 0.209827 135.179243 
18900 13 0.905976 39.033093 4.483420 52.754473 0.299053 152.290031 
18950 14 0.904271 36.437228 4.607178 46.644057 0.393057 286.162709 
19000 14 0.896298 36.607770 4.478785 62.015514 0.495562 424.980302 
19050 14 0.697899 33.170620 4.201840 87.567217 0.550730 466.793235 
19100 13 0.825021 33.470515 4.374955 69.754642 0.498928 522.608950 
19150 15 0.937542 31.089377 4.587954 46.253186 0.624901 593.602287 
19200 14 0.946180 37.904347 4.499811 63.190752 0.567628 249.930203 
19250 13 0.927471 43.979769 4.417695 67.114834 0.301350 160.705303 
19300 13 0.666172 31.358705 4.440637 57.499254 0.295396 513.390353 
19350 16 0.746784 33.139547 4.438342 64.735773 0.514083 729.030691 
19400 14 0.627305 33.081387 4.366806 76.175907 0.416701 620.140526 
19450 13 0.582207 31.167225 4.407737 93.293474 0.434568 335.839962 
19500 13 0.622193 31.846011 4.491096 67.588263 0.423763 920.654465 
19550 17 0.706579 36.261689 4.484796 51.798721 0.427218 1428.040741 
19600 14 0.363274 32.722265 4.621601 68.273856 0.513518 1026.335654 
19650 14 0.370276 27.955968 4.614387 95.205482 0.262718 1877.675059 
19700 13 0.481299 27.102551 4.802856 109.876755 0.221227 2588.898349 
19750 14 0.187996 28.383004 4.726410 105.462515 0.374265 1681.725302 
19800 16 0.225734 26.649150 4.742144 17.211591 0.750661 1493.956230 
19850 13 0.029789 27.344161 4.546096 47.745883 1.159184 3403.883823 
19900 12 0.100543 20.748431 4.842153 39.404464 1.028945 3549.773758 
19950 13 0.117809 33.913152 5.178036 50.116776 0.918148 1483.917739 
20000 11 0.328628 41.406305 5.254340 45.442690 0.783981 2465.366553 
20050 14 0.388151 33.475188 4.928723 29.036945 1.133760 2350.800302 
20100 12 0.484752 27.928065 4.956259 48.824966 0.879333 2984.141005 
20150 12 0.418091 27.777206 4.752578 72.847827 0.554133 977.629939 
20200 13 0.401096 29.986798 4.963931 77.950349 0.569928 949.728313 
20250 13 0.314886 35.568116 4.790854 42.568385 0.478946 529.982100 
20300 13 0.255232 26.728391 4.911131 59.523816 0.260293 1276.853261 
20350 12 0.290094 19.053383 4.898946 48.987572 0.217113 1351.137751 
20400 14 0.291423 30.649796 4.873960 30.782195 0.265088 1814.221682 
20450 13 0.444001 33.005118 5.015842 36.265888 0.247950 2841.939076 
20500 14 0.319612 32.557202 5.101677 30.848962 0.443793 4327.149109 
20550 12 0.229637 32.142697 5.170492 35.050401 0.203863 5948.974742 
20600 13 0.227044 35.532300 5.043339 46.252907 0.483299 6681.653500 
20650 14 0.195055 30.798104 5.082263 31.723918 0.321110 3772.595565 
20700 15 0.111598 33.764556 4.846841 76.663820 0.356654 4620.179621 
20750 16 0.165181 36.989873 4.854050 38.220226 0.347417 7744.674107 
20800 14 0.057392 31.231730 5.096631 65.199321 0.248041 3328.522959 
20850 13 0.200955 32.261879 4.799002 87.554438 0.362743 1829.189590 
20900 14 0.141104 32.191581 5.076245 49.765726 0.366698 1684.872016 
20950 13 0.216776 31.269057 4.795779 54.391427 0.431470 1662.841095 
21000 12 0.391179 33.589635 4.866786 44.773356 0.332452 1183.793683 
21050 14 0.688795 31.032695 4.771435 28.222255 0.213005 907.371139 
21100 12 0.541242 29.620114 4.521577 86.271883 0.232242 415.914817 
21150 13 0.504444 30.478848 4.714471 65.939577 0.183513 577.118652 
21200 15 0.612409 25.530457 4.882460 27.799324 0.187111 287.499074 
21250 9 0.544119 29.292295 4.866514 41.654537 0.166101 209.502628 
21300 13 0.344148 27.991904 4.690511 40.991249 0.261157 233.300608 
21350 12 0.257251 26.926157 4.726649 58.149571 0.213924 164.287172 
21400 14 0.302202 25.667355 4.812519 55.894777 0.175801 50.017625 
21450 12 0.381186 28.679229 4.684013 37.705891 0.368804 47.761245 
21500 14 0.221452 25.928451 4.660729 104.668293 0.398280 58.745588 
21550 15 0.364268 28.609095 4.596598 87.694721 0.296602 54.088847 
21600 14 0.397080 26.479851 4.562627 101.767053 0.176829 26.214984 
21650 12 0.379537 25.842117 4.655159 69.562072 0.183701 17.771014 
21700 12 0.408069 24.535683 4.544148 145.668895 0.217548 13.162310 
21750 11 0.509784 27.076244 4.414979 66.126926 0.224282 30.400474 
21800 14 0.519125 30.783941 4.505175 88.596283 0.151010 32.901494 
21850 13 0.602351 29.697045 4.445210 136.042746 0.197688 32.815424 
21900 15 0.541166 30.915757 4.345565 72.593640 0.119040 33.497520 
21950 13 0.623675 28.507739 4.567593 97.482737 0.248257 26.358971 
22000 15 0.695174 30.126034 4.660675 38.083250 0.387660 33.053096 
22050 16 0.604662 31.239085 4.492295 54.359259 0.398848 38.615208 
22100 11 0.730748 22.080508 4.545777 58.316994 0.347743 38.740341 
22150 13 0.513825 18.499996 4.373982 75.389585 0.428546 62.107238 
22200 13 0.482712 19.058552 4.394175 94.780691 0.281939 29.246794 
22250 14 0.309884 22.405047 4.548616 117.082556 0.386279 25.386898 
22300 11 0.352903 22.515805 4.563448 60.291975 0.330268 78.134760 
22350 13 0.503445 24.764620 4.477600 142.127308 0.224392 160.323091 
22400 13 0.282614 25.114783 4.651547 91.688272 0.229750 152.424768 
22450 11 0.335762 21.905311 4.774835 117.112364 0.348548 85.899102 
22500 11 0.192492 19.448696 5.069323 72.073032 0.214062 105.108166 
22550 14 0.306048 29.349607 4.891058 38.093713 0.337860 184.921458 
22600 12 0.436303 30.240566 4.667259 66.169775 0.391226 274.604094 
22650 15 0.546031 28.985392 4.741200 53.133282 0.382418 119.093355 
22700 10 0.532753 23.096988 4.814238 47.127064 0.346863 184.800493 
22750 14 0.234981 28.406598 4.946624 58.472046 0.369223 124.935080 
22800 14 0.175262 28.482358 5.169474 31.064663 0.315316 82.789320 
22850 15 0.142803 29.768587 5.185375 34.519163 0.297179 140.983722 
22900 14 0.175934 25.563214 4.721814 93.123705 0.261089 97.984326 
22950 13 0.376242 18.204262 4.808596 64.021630 0.143556 110.193063 
23000 12 0.331926 26.435817 4.952828 23.668748 0.246218 108.337485 
23050 14 0.236798 31.172923 4.949711 36.778492 0.257302 287.719020 
23100 12 0.190523 25.120115 4.813642 25.575838 0.258964 376.388500 
23150 13 0.224811 18.652699 4.943175 47.072224 0.206656 223.985344 
23200 13 0.243685 13.959173 4.717978 19.533934 0.197422 533.129217 
23250 13 0.056887 20.149129 5.109305 44.354787 0.279153 195.279024 
23300 15 0.224689 24.514600 4.846760 90.642781 0.237957 105.629930 
23350 13 0.182405 32.030599 4.875343 66.983096 0.238749 161.932098 
23400 11 0.090917 27.426232 4.947533 44.824420 0.329472 222.982456 
23450 14 0.091462 22.766611 4.931491 90.957033 0.293015 108.729724 
23500 10 0.086725 31.011817 5.154298 35.240380 0.229139 169.711138 
23550 13 0.096126 29.767545 5.066776 30.765610 0.221226 104.771516 
23600 13 0.130520 26.812619 4.963901 40.002042 0.194110 36.565484 
23650 14 0.139099 23.754905 4.976817 84.190872 0.246419 29.582530 
23700 13 0.115310 24.169804 4.810428 96.713109 0.123642 36.829997 
23750 12 0.175645 20.668466 5.114061 59.564778 0.168505 29.600274 
23800 12 0.082116 21.626381 4.779709 35.789461 0.266028 92.496345 
23850 13 0.135941 31.514077 4.992229 39.484389 0.204895 229.940375 
23900 14 0.220744 29.247471 4.713910 74.679627 0.232319 130.242449 
23950 16 0.138857 32.435711 4.839429 77.179361 0.293549 66.281495 
24000 12 0.248348 30.003701 4.726112 103.464527 0.325700 182.006437 
24050 14 0.365352 34.838119 4.685792 86.970022 0.297382 126.213041 
24100 14 0.314252 27.519540 4.835083 44.056332 0.277426 140.351160 
24150 15 0.081763 29.427441 4.834186 106.893228 0.269952 208.481775 
24200 14 0.086535 33.819424 5.117084 44.431042 0.322019 101.533186 
24250 11 0.110879 31.073169 4.808272 117.263209 0.314756 196.319541 
24300 13 0.216831 31.875340 5.069795 43.853921 0.329528 256.309095 
24350 13 0.387848 29.593334 4.819803 62.321059 0.270587 466.095948 
24400 12 0.443181 29.258229 4.747729 101.366340 0.286325 675.363148 
24450 14 0.190730 22.339929 4.994545 73.925202 0.217753 726.981217 
24500 10 0.323624 25.946021 4.953589 30.257254 0.402996 239.542079 
24550 14 0.273262 19.916911 4.731403 57.813950 0.245215 775.753420 
24600 14 0.370211 19.601969 4.760911 97.906394 0.448271 591.325177 
24650 12 0.452735 19.580655 4.568464 53.615677 0.322061 1027.743212 
24700 12 0.393764 23.488126 4.829302 80.988875 0.407207 713.325676 
24750 15 0.243056 21.993643 4.749962 88.308429 0.289117 827.724339 
24800 15 0.202131 21.856995 4.638165 117.907414 0.443835 489.472288 
24850 14 0.241382 29.576928 4.580893 72.072176 0.424323 927.625041 
24900 13 0.195237 28.932397 5.137197 84.685337 0.365234 1225.061662 
24950 12 0.301982 26.626072 4.972568 44.576520 0.310311 419.079644 
25000 14 0.232978 27.576216 4.922574 31.906762 0.353309 1134.804258 
25050 12 0.316290 28.432438 4.782801 108.129791 0.374825 1695.045858 
25100 11 0.316892 31.198993 4.838407 48.219982 0.211734 1681.071553 
25150 13 0.294491 28.255860 4.821029 28.467567 0.252945 1998.044871 
25200 11 0.241101 25.762505 4.844209 40.180234 0.242060 1590.738803 
25250 13 0.362496 26.805468 4.755507 32.854448 0.218220 3798.856408 
25300 15 0.277124 35.789728 5.078754 49.028174 0.221423 4939.285284 
25350 12 0.175171 35.402009 5.078754 49.028174 0.385104 8851.959538 
25400 14 0.239132 35.692741 5.105582 19.815677 0.239460 3814.458285 
25450 15 0.366398 30.756106 4.827826 43.063824 0.416526 5999.734069 
25500 13 0.302844 35.787338 4.851118 47.142250 0.376562 3534.565905 
25550 12 0.227391 28.958504 4.658772 77.389578 0.307343 4485.416189 
25600 12 0.415401 29.325776 4.595977 85.102449 0.326351 9236.760128 
25650 14 0.329011 27.676317 5.079277 41.693421 0.306560 8981.618869 
25700 12 0.073740 29.200093 4.891877 40.055615 0.312321 17694.506027 
25750 13 0.236346 30.925026 5.109479 40.812384 0.674739 28298.100101 
25800 9 0.227152 33.271367 4.917510 53.664401 0.360161 30069.107916 
25850 13 0.345332 37.271900 5.127030 47.344736 0.433083 13143.631404 
25900 14 0.305053 32.923870 5.139054 30.645130 0.343625 8874.559003 
25950 12 0.245382 35.064365 4.987670 58.211977 0.357255 4024.804171 
26000 12 0.458824 31.731260 5.057700 35.320432 0.445214 10719.671705 
26050 16 0.494094 40.237973 4.621950 49.088268 0.673876 13794.799750 
26100 11 0.441668 42.690516 4.693987 60.803792 0.543727 15102.566102 
26150 14 0.472994 37.198107 4.638503 73.683372 0.811288 10759.229431 
26200 16 0.424185 40.789434 5.035618 50.763109 0.931914 11883.748261 
26250 13 0.383816 40.132587 4.903015 53.647661 0.804200 16468.441538 
26300 13 0.505303 36.132504 4.870672 42.083957 0.450309 73211.302507 
26350 12 0.563355 47.522875 4.958288 42.381405 0.566988 26682.696607 
26400 11 0.623317 41.326851 4.841236 69.231367 0.621311 14374.860940 
26450 13 0.716366 39.669401 4.532801 57.563532 0.391451 14370.670528 
26500 15 0.783459 45.328427 4.487267 70.595070 0.364040 7818.230019 
26550 14 0.699512 39.956301 4.381270 64.083056 0.565905 8172.016062 
26600 14 0.522991 44.779911 4.708161 61.216434 0.558378 3085.775312 
26650 12 0.176403 41.351805 4.694665 50.001089 0.894773 3584.727413 
26700 12 0.592403 37.479037 4.763147 76.774024 0.860754 3802.115606 
26750 13 0.735192 32.163137 4.853561 48.528059 1.035129 4060.102326 
26800 13 0.731442 32.721900 4.478421 62.834720 1.296530 1733.272105 
26850 13 0.834644 29.901609 4.380827 68.264359 1.253744 2897.622061 
26900 13 1.297901 33.967698 4.380277 40.284612 0.944726 5269.601617 
26950 13 1.343523 27.560724 4.419092 71.598947 0.745573 3445.281436 
27000 16 1.210502 37.626493 4.017803 49.674548 0.785989 2561.066601 
27050 13 1.134825 32.492350 4.143620 84.176264 0.962799 3197.130932 
27100 9 1.436087 31.873775 4.232108 62.237451 0.684946 1214.325837 
27150 12 1.286694 31.591975 4.234881 63.119249 0.709079 746.440613 
27200 11 1.471834 33.031637 4.215909 72.414155 0.547673 833.449055 
27250 15 1.149650 27.841833 4.220144 69.796247 0.469939 574.982193 
27300 13 1.078302 25.063080 4.218509 72.269722 0.318466 176.494850 
27350 12 1.264862 28.188720 4.590745 48.113684 0.338835 105.757380 
27400 11 1.169961 29.274328 4.860339 44.326656 0.237385 87.815235 
27450 12 1.196517 27.227454 5.087526 57.600498 0.316886 101.882381 
27500 12 1.186703 24.454613 4.847049 42.122072 0.222774 74.323431 
27550 14 1.161607 30.264523 4.604630 33.109961 0.375738 55.669737 
27600 13 1.176392 26.140141 4.833661 20.214263 0.262637 119.472997 
27650 10 1.116078 27.320518 4.753864 38.937530 0.388846 108.111399 
27700 14 1.073810 33.588931 4.571521 68.363702 0.369850 160.676912 
27750 13 1.107007 31.121589 4.584033 36.432525 0.237070 276.224405 
27800 15 1.214981 42.809752 4.988818 31.099992 0.421630 528.759564 
27850 12 1.240426 36.547147 4.725952 33.194342 0.500380 513.500759 
27900 11 1.171185 31.178478 4.644533 65.836807 0.519471 500.210397 
27950 10 1.115026 38.080524 4.311950 51.912083 0.410722 355.993309 
28000 14 1.045780 35.319504 4.678304 60.223765 0.408065 241.338736 
28050 15 1.095323 41.054240 4.278314 68.576977 0.448023 135.054740 
28100 14 0.917985 39.024150 4.166985 91.945801 0.436633 368.843245 
28150 13 1.012281 40.616098 4.304094 58.435350 0.472941 978.021481 
28200 13 1.057214 36.557417 4.304807 55.456346 0.623354 1883.072599 
28250 13 1.387008 42.278613 4.161469 73.918443 0.493522 1748.690081 
28300 12 1.773517 43.012300 4.217865 54.467430 0.513975 1061.486644 
28350 13 1.514070 36.899008 4.179578 47.063365 0.753001 485.854955 
28400 11 1.467709 45.016579 4.266875 67.661951 0.581642 1131.176689 
28450 15 1.032706 36.981790 4.173950 47.660847 0.745195 1375.802082 
28500 16 0.965757 35.485379 4.174029 48.106358 0.677181 2786.580594 
28550 15 1.123643 40.101206 4.174029 48.106358 0.514342 4490.128227 
